03:39:07    0 ****************************************************
03:39:07    0 ** Dragonfly version 4.12 **
03:39:08    0 Hello, Network! (v1.2)
03:39:08    0 0339_client_txvu1.log
03:39:08    0 ResourceManager::loadSprite(): Loading sprite 'sprites/explosion-spr.txt'
03:39:08    0 ResourceManager::loadSprite(): Opened file 'sprites/explosion-spr.txt'
03:39:08    0 ResourceManager::loadSprite(): Sprite 'explosion' successfully loaded
03:39:08    0 ResourceManager::loadSprite(): Loading sprite 'sprites/level_select.txt'
03:39:08    0 ResourceManager::loadSprite(): Opened file 'sprites/level_select.txt'
03:39:08    0 ResourceManager::loadSprite(): Sprite 'level_select' successfully loaded
03:39:08    0 ResourceManager::loadSprite(): Loading sprite 'sprites/gamestart-spr.txt'
03:39:08    0 ResourceManager::loadSprite(): Opened file 'sprites/gamestart-spr.txt'
03:39:08    0 ResourceManager::loadSprite(): Sprite 'gamestart' successfully loaded
03:39:08    0 ResourceManager::loadSprite(): Loading sprite 'sprites/gameover-spr.txt'
03:39:08    0 ResourceManager::loadSprite(): Opened file 'sprites/gameover-spr.txt'
03:39:08    0 ResourceManager::loadSprite(): Sprite 'gameover' successfully loaded
03:39:08    0 ResourceManager::loadSprite(): Loading sprite 'sprites/level_won.txt'
03:39:08    0 ResourceManager::loadSprite(): Opened file 'sprites/level_won.txt'
03:39:08    0 ResourceManager::loadSprite(): Sprite 'level_won' successfully loaded
03:39:08    0 ResourceManager::loadSprite(): Loading sprite 'sprites/level_intro.txt'
03:39:08    0 ResourceManager::loadSprite(): Opened file 'sprites/level_intro.txt'
03:39:08    0 ResourceManager::loadSprite(): Sprite 'level_intro' successfully loaded
03:39:08    0 ResourceManager::loadSprite(): Loading sprite 'sprites/level_1.txt'
03:39:08    0 ResourceManager::loadSprite(): Opened file 'sprites/level_1.txt'
03:39:08    0 ResourceManager::loadSprite(): Sprite 'level_1' successfully loaded
03:39:08    0 ResourceManager::loadSprite(): Loading sprite 'sprites/saucer-spr.txt'
03:39:08    0 ResourceManager::loadSprite(): Opened file 'sprites/saucer-spr.txt'
03:39:08    0 ResourceManager::loadSprite(): Sprite 'saucer' successfully loaded
03:39:08    0 ResourceManager::loadSprite(): Loading sprite 'sprites/ship-spr.txt'
03:39:08    0 ResourceManager::loadSprite(): Opened file 'sprites/ship-spr.txt'
03:39:08    0 ResourceManager::loadSprite(): Sprite 'ship' successfully loaded
03:39:08    0 ResourceManager::loadSprite(): Loading sprite 'sprites/boss.txt'
03:39:08    0 ResourceManager::loadSprite(): Opened file 'sprites/boss.txt'
03:39:08    0 ResourceManager::loadSprite(): Sprite 'boss' successfully loaded
03:39:08    0 ResourceManager::loadSprite(): Loading sprite 'sprites/boss-weakpoint.txt'
03:39:08    0 ResourceManager::loadSprite(): Opened file 'sprites/boss-weakpoint.txt'
03:39:08    0 ResourceManager::loadSprite(): Sprite 'boss-weakpoint' successfully loaded
03:39:08    0 ResourceManager::loadSprite(): Loading sprite 'sprites/ak47_2.txt'
03:39:08    0 ResourceManager::loadSprite(): Opened file 'sprites/ak47_2.txt'
03:39:08    0 ResourceManager::loadSprite(): Sprite 'AK47' successfully loaded
03:39:08    0 ResourceManager::loadSprite(): Loading sprite 'sprites/awp.txt'
03:39:08    0 ResourceManager::loadSprite(): Opened file 'sprites/awp.txt'
03:39:08    0 ResourceManager::loadSprite(): Sprite 'AWP' successfully loaded
03:39:08    0 ResourceManager::loadSprite(): Loading sprite 'sprites/grenade-launcher.txt'
03:39:08    0 ResourceManager::loadSprite(): Opened file 'sprites/grenade-launcher.txt'
03:39:08    0 ResourceManager::loadSprite(): Sprite 'GrenadeLauncher' successfully loaded
03:39:08    0 ResourceManager::loadSprite(): Loading sprite 'sprites/ak47_bullet.txt'
03:39:08    0 ResourceManager::loadSprite(): Opened file 'sprites/ak47_bullet.txt'
03:39:08    0 ResourceManager::loadSprite(): Sprite 'AK47_bullet' successfully loaded
03:39:08    0 ResourceManager::loadSprite(): Loading sprite 'sprites/awp_bullet.txt'
03:39:08    0 ResourceManager::loadSprite(): Opened file 'sprites/awp_bullet.txt'
03:39:08    0 ResourceManager::loadSprite(): Sprite 'AWP_bullet' successfully loaded
03:39:08    0 ResourceManager::loadSprite(): Loading sprite 'sprites/grenade_bullet.txt'
03:39:08    0 ResourceManager::loadSprite(): Opened file 'sprites/grenade_bullet.txt'
03:39:08    0 ResourceManager::loadSprite(): Sprite 'GrenadeLauncher_bullet' successfully loaded
03:39:08    0 ResourceManager::loadSprite(): Loading sprite 'sprites/bullet_trail.txt'
03:39:08    0 ResourceManager::loadSprite(): Opened file 'sprites/bullet_trail.txt'
03:39:08    0 ResourceManager::loadSprite(): Sprite 'bullet_trail' successfully loaded
03:39:08    0 ResourceManager::loadSprite(): Loading sprite 'sprites/explosion-spr.txt'
03:39:08    0 ResourceManager::loadSprite(): Opened file 'sprites/explosion-spr.txt'
03:39:08    0 ResourceManager::loadSprite(): Sprite 'explosion' successfully loaded
03:39:08    0 ResourceManager::loadSprite(): Loading sprite 'sprites/nuke.txt'
03:39:08    0 ResourceManager::loadSprite(): Opened file 'sprites/nuke.txt'
03:39:08    0 ResourceManager::loadSprite(): Sprite 'nuke' successfully loaded
03:39:08    0 ResourceManager::loadSprite(): Loading sprite 'sprites/character-walk_2.txt'
03:39:08    0 ResourceManager::loadSprite(): Opened file 'sprites/character-walk_2.txt'
03:39:08    0 ResourceManager::loadSprite(): Sprite 'character-walk' successfully loaded
03:39:08    0 ResourceManager::loadSprite(): Loading sprite 'sprites/character-duck.txt'
03:39:08    0 ResourceManager::loadSprite(): Opened file 'sprites/character-duck.txt'
03:39:08    0 ResourceManager::loadSprite(): Sprite 'character-duck' successfully loaded
03:39:08    0 ResourceManager::loadSprite(): Loading sprite 'sprites/platform.txt'
03:39:08    0 ResourceManager::loadSprite(): Opened file 'sprites/platform.txt'
03:39:08    0 ResourceManager::loadSprite(): Sprite 'platform' successfully loaded
03:39:08    0 ResourceManager::loadSprite(): Loading sprite 'sprites/refill-ammo.txt'
03:39:08    0 ResourceManager::loadSprite(): Opened file 'sprites/refill-ammo.txt'
03:39:08    0 ResourceManager::loadSprite(): Sprite 'ammo-refill' successfully loaded
03:39:08    0 ResourceManager::loadSprite(): Loading sprite 'sprites/intro/1.txt'
03:39:08    0 ResourceManager::loadSprite(): Opened file 'sprites/intro/1.txt'
03:39:08    0 ResourceManager::loadSprite(): Sprite 'intro_1' successfully loaded
03:39:08    0 ResourceManager::loadSprite(): Loading sprite 'sprites/intro/2.txt'
03:39:08    0 ResourceManager::loadSprite(): Opened file 'sprites/intro/2.txt'
03:39:08    0 ResourceManager::loadSprite(): Sprite 'intro_2' successfully loaded
03:39:08    0 ResourceManager::loadSprite(): Loading sprite 'sprites/intro/3.txt'
03:39:08    0 ResourceManager::loadSprite(): Opened file 'sprites/intro/3.txt'
03:39:08    0 ResourceManager::loadSprite(): Sprite 'intro_3' successfully loaded
03:39:08    0 ResourceManager::loadSprite(): Loading sprite 'sprites/intro/4.txt'
03:39:08    0 ResourceManager::loadSprite(): Opened file 'sprites/intro/4.txt'
03:39:08    0 ResourceManager::loadSprite(): Sprite 'intro_4' successfully loaded
03:39:08    0 ResourceManager::loadSprite(): Loading sprite 'sprites/intro/5.txt'
03:39:08    0 ResourceManager::loadSprite(): Opened file 'sprites/intro/5.txt'
03:39:08    0 ResourceManager::loadSprite(): Sprite 'intro_5' successfully loaded
03:39:08    0 ResourceManager::loadSprite(): Loading sprite 'sprites/intro/6.txt'
03:39:08    0 ResourceManager::loadSprite(): Opened file 'sprites/intro/6.txt'
03:39:08    0 ResourceManager::loadSprite(): Sprite 'intro_6' successfully loaded
03:39:08    0 ResourceManager::loadSprite(): Loading sprite 'sprites/intro/7.txt'
03:39:08    0 ResourceManager::loadSprite(): Opened file 'sprites/intro/7.txt'
03:39:08    0 ResourceManager::loadSprite(): Sprite 'intro_7' successfully loaded
03:39:08    0 ResourceManager::loadSprite(): Loading sprite 'sprites/intro/small.txt'
03:39:08    0 ResourceManager::loadSprite(): Opened file 'sprites/intro/small.txt'
03:39:08    0 ResourceManager::loadSprite(): Sprite 'intro_small' successfully loaded
03:39:08    0 ResourceManager::loadSprite(): Loading sprite 'sprites/number_font/green_0.txt'
03:39:08    0 ResourceManager::loadSprite(): Opened file 'sprites/number_font/green_0.txt'
03:39:08    0 ResourceManager::loadSprite(): Sprite 'green_0' successfully loaded
03:39:08    0 ResourceManager::loadSprite(): Loading sprite 'sprites/number_font/green_1.txt'
03:39:08    0 ResourceManager::loadSprite(): Opened file 'sprites/number_font/green_1.txt'
03:39:08    0 ResourceManager::loadSprite(): Sprite 'green_1' successfully loaded
03:39:08    0 ResourceManager::loadSprite(): Loading sprite 'sprites/number_font/green_2.txt'
03:39:08    0 ResourceManager::loadSprite(): Opened file 'sprites/number_font/green_2.txt'
03:39:08    0 ResourceManager::loadSprite(): Sprite 'green_2' successfully loaded
03:39:08    0 ResourceManager::loadSprite(): Loading sprite 'sprites/number_font/green_3.txt'
03:39:08    0 ResourceManager::loadSprite(): Opened file 'sprites/number_font/green_3.txt'
03:39:08    0 ResourceManager::loadSprite(): Sprite 'green_3' successfully loaded
03:39:08    0 ResourceManager::loadSprite(): Loading sprite 'sprites/number_font/green_4.txt'
03:39:08    0 ResourceManager::loadSprite(): Opened file 'sprites/number_font/green_4.txt'
03:39:08    0 ResourceManager::loadSprite(): Sprite 'green_4' successfully loaded
03:39:08    0 ResourceManager::loadSprite(): Loading sprite 'sprites/number_font/green_5.txt'
03:39:08    0 ResourceManager::loadSprite(): Opened file 'sprites/number_font/green_5.txt'
03:39:08    0 ResourceManager::loadSprite(): Sprite 'green_5' successfully loaded
03:39:08    0 ResourceManager::loadSprite(): Loading sprite 'sprites/number_font/green_6.txt'
03:39:08    0 ResourceManager::loadSprite(): Opened file 'sprites/number_font/green_6.txt'
03:39:08    0 ResourceManager::loadSprite(): Sprite 'green_6' successfully loaded
03:39:08    0 ResourceManager::loadSprite(): Loading sprite 'sprites/number_font/green_7.txt'
03:39:08    0 ResourceManager::loadSprite(): Opened file 'sprites/number_font/green_7.txt'
03:39:08    0 ResourceManager::loadSprite(): Sprite 'green_7' successfully loaded
03:39:08    0 ResourceManager::loadSprite(): Loading sprite 'sprites/number_font/green_8.txt'
03:39:08    0 ResourceManager::loadSprite(): Opened file 'sprites/number_font/green_8.txt'
03:39:08    0 ResourceManager::loadSprite(): Sprite 'green_8' successfully loaded
03:39:08    0 ResourceManager::loadSprite(): Loading sprite 'sprites/number_font/green_9.txt'
03:39:08    0 ResourceManager::loadSprite(): Opened file 'sprites/number_font/green_9.txt'
03:39:08    0 ResourceManager::loadSprite(): Sprite 'green_9' successfully loaded
03:39:08    0 ResourceManager::loadSprite(): Loading sprite 'sprites/number_font/red_0.txt'
03:39:08    0 ResourceManager::loadSprite(): Opened file 'sprites/number_font/red_0.txt'
03:39:08    0 ResourceManager::loadSprite(): Sprite 'red_0' successfully loaded
03:39:08    0 ResourceManager::loadSprite(): Loading sprite 'sprites/number_font/red_1.txt'
03:39:08    0 ResourceManager::loadSprite(): Opened file 'sprites/number_font/red_1.txt'
03:39:08    0 ResourceManager::loadSprite(): Sprite 'red_1' successfully loaded
03:39:08    0 ResourceManager::loadSprite(): Loading sprite 'sprites/number_font/red_2.txt'
03:39:08    0 ResourceManager::loadSprite(): Opened file 'sprites/number_font/red_2.txt'
03:39:08    0 ResourceManager::loadSprite(): Sprite 'red_2' successfully loaded
03:39:08    0 ResourceManager::loadSprite(): Loading sprite 'sprites/number_font/red_3.txt'
03:39:08    0 ResourceManager::loadSprite(): Opened file 'sprites/number_font/red_3.txt'
03:39:08    0 ResourceManager::loadSprite(): Sprite 'red_3' successfully loaded
03:39:08    0 ResourceManager::loadSprite(): Loading sprite 'sprites/number_font/red_4.txt'
03:39:08    0 ResourceManager::loadSprite(): Opened file 'sprites/number_font/red_4.txt'
03:39:08    0 ResourceManager::loadSprite(): Sprite 'red_4' successfully loaded
03:39:08    0 ResourceManager::loadSprite(): Loading sprite 'sprites/number_font/red_5.txt'
03:39:08    0 ResourceManager::loadSprite(): Opened file 'sprites/number_font/red_5.txt'
03:39:08    0 ResourceManager::loadSprite(): Sprite 'red_5' successfully loaded
03:39:08    0 ResourceManager::loadSprite(): Loading sprite 'sprites/number_font/red_6.txt'
03:39:08    0 ResourceManager::loadSprite(): Opened file 'sprites/number_font/red_6.txt'
03:39:08    0 ResourceManager::loadSprite(): Sprite 'red_6' successfully loaded
03:39:08    0 ResourceManager::loadSprite(): Loading sprite 'sprites/number_font/red_7.txt'
03:39:08    0 ResourceManager::loadSprite(): Opened file 'sprites/number_font/red_7.txt'
03:39:08    0 ResourceManager::loadSprite(): Sprite 'red_7' successfully loaded
03:39:08    0 ResourceManager::loadSprite(): Loading sprite 'sprites/number_font/red_8.txt'
03:39:08    0 ResourceManager::loadSprite(): Opened file 'sprites/number_font/red_8.txt'
03:39:08    0 ResourceManager::loadSprite(): Sprite 'red_8' successfully loaded
03:39:08    0 ResourceManager::loadSprite(): Loading sprite 'sprites/number_font/red_9.txt'
03:39:08    0 ResourceManager::loadSprite(): Opened file 'sprites/number_font/red_9.txt'
03:39:08    0 ResourceManager::loadSprite(): Sprite 'red_9' successfully loaded
03:39:08    0 ResourceManager::loadSprite(): Loading sprite 'sprites/number_font/yellow_0.txt'
03:39:08    0 ResourceManager::loadSprite(): Opened file 'sprites/number_font/yellow_0.txt'
03:39:08    0 ResourceManager::loadSprite(): Sprite 'yellow_0' successfully loaded
03:39:08    0 ResourceManager::loadSprite(): Loading sprite 'sprites/number_font/yellow_1.txt'
03:39:08    0 ResourceManager::loadSprite(): Opened file 'sprites/number_font/yellow_1.txt'
03:39:08    0 ResourceManager::loadSprite(): Sprite 'yellow_1' successfully loaded
03:39:08    0 ResourceManager::loadSprite(): Loading sprite 'sprites/number_font/yellow_2.txt'
03:39:08    0 ResourceManager::loadSprite(): Opened file 'sprites/number_font/yellow_2.txt'
03:39:08    0 ResourceManager::loadSprite(): Sprite 'yellow_2' successfully loaded
03:39:08    0 ResourceManager::loadSprite(): Loading sprite 'sprites/number_font/yellow_3.txt'
03:39:08    0 ResourceManager::loadSprite(): Opened file 'sprites/number_font/yellow_3.txt'
03:39:08    0 ResourceManager::loadSprite(): Sprite 'yellow_3' successfully loaded
03:39:08    0 ResourceManager::loadSprite(): Loading sprite 'sprites/number_font/yellow_4.txt'
03:39:08    0 ResourceManager::loadSprite(): Opened file 'sprites/number_font/yellow_4.txt'
03:39:08    0 ResourceManager::loadSprite(): Sprite 'yellow_4' successfully loaded
03:39:08    0 ResourceManager::loadSprite(): Loading sprite 'sprites/number_font/yellow_5.txt'
03:39:08    0 ResourceManager::loadSprite(): Opened file 'sprites/number_font/yellow_5.txt'
03:39:08    0 ResourceManager::loadSprite(): Sprite 'yellow_5' successfully loaded
03:39:08    0 ResourceManager::loadSprite(): Loading sprite 'sprites/number_font/yellow_6.txt'
03:39:08    0 ResourceManager::loadSprite(): Opened file 'sprites/number_font/yellow_6.txt'
03:39:08    0 ResourceManager::loadSprite(): Sprite 'yellow_6' successfully loaded
03:39:08    0 ResourceManager::loadSprite(): Loading sprite 'sprites/number_font/yellow_7.txt'
03:39:08    0 ResourceManager::loadSprite(): Opened file 'sprites/number_font/yellow_7.txt'
03:39:08    0 ResourceManager::loadSprite(): Sprite 'yellow_7' successfully loaded
03:39:08    0 ResourceManager::loadSprite(): Loading sprite 'sprites/number_font/yellow_8.txt'
03:39:08    0 ResourceManager::loadSprite(): Opened file 'sprites/number_font/yellow_8.txt'
03:39:08    0 ResourceManager::loadSprite(): Sprite 'yellow_8' successfully loaded
03:39:08    0 ResourceManager::loadSprite(): Loading sprite 'sprites/number_font/yellow_9.txt'
03:39:08    0 ResourceManager::loadSprite(): Opened file 'sprites/number_font/yellow_9.txt'
03:39:08    0 ResourceManager::loadSprite(): Sprite 'yellow_9' successfully loaded
03:39:08    0 ResourceManager::loadSprite(): Loading sprite 'sprites/number_font/slash.txt'
03:39:08    0 ResourceManager::loadSprite(): Opened file 'sprites/number_font/slash.txt'
03:39:08    0 ResourceManager::loadSprite(): Sprite 'slash' successfully loaded
03:39:08    0 ResourceManager::loadSprite(): Loading sprite 'sprites/ammo_display.txt'
03:39:08    0 ResourceManager::loadSprite(): Opened file 'sprites/ammo_display.txt'
03:39:08    0 ResourceManager::loadSprite(): Sprite 'ammo_display' successfully loaded
03:39:08    0 ResourceManager::loadSound(): Sound 'AK47_fire' successfully loaded
03:39:08    0 ResourceManager::loadSound(): Sound 'AWP_fire' successfully loaded
03:39:08    0 ResourceManager::loadSound(): Sound 'GrenadeLauncher_fire' successfully loaded
03:39:09    0 ResourceManager::loadSound(): Sound 'ammo_empty' successfully loaded
03:39:09    0 ResourceManager::loadSound(): Sound 'AK47_reload' successfully loaded
03:39:09    0 ResourceManager::loadSound(): Sound 'AWP_reload' successfully loaded
03:39:09    0 ResourceManager::loadSound(): Sound 'GrenadeLauncher_reload' successfully loaded
03:39:09    0 ResourceManager::loadSound(): Sound 'awp_bolt' successfully loaded
03:39:09    0 ResourceManager::loadSound(): Sound 'pickup1' successfully loaded
03:39:09    0 ResourceManager::loadSound(): Sound 'pickup2' successfully loaded
03:39:09    0 ResourceManager::loadSound(): Sound 'explode' successfully loaded
03:39:10    0 ResourceManager::loadSound(): Sound 'nuke' successfully loaded
03:39:10    0 ResourceManager::loadSound(): Sound 'saucer_death' successfully loaded
03:39:10    0 ResourceManager::loadSound(): Sound 'game over' successfully loaded
03:39:10    0 ResourceManager::loadSound(): Sound 'level_won' successfully loaded
03:39:10    0 ResourceManager::loadMusic(): Music 'start music' successfully loaded
03:39:10    0 ResourceManager::loadMusic(): Music 'music_theme' successfully loaded
03:39:10    0 ResourceManager::loadMusic(): Music 'music_boss' successfully loaded
03:39:10    0 Client::Client(): Connecting to localhost at port 9876.
03:39:10    0 NetworkManager::connect(): Connecting to localhost, port 9876.
03:39:10    0 NetworkManager::connect(): Connection established.
03:39:10    0 Client::handleConnect(): Client connected!
03:39:10    0 Client::Client(): Client started.
03:39:10    0 GameManager::run(): starting game loop
03:39:10    0 Client::eventHandler(): sending mouse input to server.
03:39:10    0 Client::eventHandler(): received custom network event.
03:39:10    0 	message: 20
03:39:10    0 Client::createObject(): creating object type 'GameStart'
03:39:10    1 Client::eventHandler(): sending mouse input to server.
03:39:10    3 Client::eventHandler(): sending mouse input to server.
03:39:10    5 Client::eventHandler(): sending mouse input to server.
03:39:10    6 Client::eventHandler(): sending mouse input to server.
03:39:10    7 Client::eventHandler(): sending mouse input to server.
03:39:11    8 Client::eventHandler(): sending mouse input to server.
03:39:11    9 Client::eventHandler(): sending mouse input to server.
03:39:11   13 Client::eventHandler(): sending mouse input to server.
03:39:11   14 Client::eventHandler(): sending mouse input to server.
03:39:11   15 Client::eventHandler(): sending mouse input to server.
03:39:11   15 Client::eventHandler(): sending mouse input to server.
03:39:11   16 Client::eventHandler(): sending mouse input to server.
03:39:11   17 Client::eventHandler(): sending mouse input to server.
03:39:11   18 Client::eventHandler(): sending mouse input to server.
03:39:11   19 Client::eventHandler(): sending mouse input to server.
03:39:11   21 Client::eventHandler(): sending mouse input to server.
03:39:11   22 Client::eventHandler(): sending mouse input to server.
03:39:11   22 Client::eventHandler(): sending mouse input to server.
03:39:11   23 Client::eventHandler(): sending mouse input to server.
03:39:11   23 Client::eventHandler(): sending mouse input to server.
03:39:11   24 Client::eventHandler(): sending mouse input to server.
03:39:11   25 Client::eventHandler(): sending mouse input to server.
03:39:11   26 Client::eventHandler(): sending mouse input to server.
03:39:11   27 Client::eventHandler(): sending mouse input to server.
03:39:11   28 Client::eventHandler(): sending mouse input to server.
03:39:11   29 Client::eventHandler(): sending mouse input to server.
03:39:11   30 Client::eventHandler(): sending mouse input to server.
03:39:11   31 Client::eventHandler(): sending mouse input to server.
03:39:11   32 Client::eventHandler(): sending mouse input to server.
03:39:11   33 Client::eventHandler(): sending mouse input to server.
03:39:11   34 Client::eventHandler(): sending mouse input to server.
03:39:11   35 Client::eventHandler(): sending mouse input to server.
03:39:14   80 Client::eventHandler(): sending mouse input to server.
03:39:14   81 Client::eventHandler(): sending mouse input to server.
03:39:14   82 Client::eventHandler(): sending mouse input to server.
03:39:14   82 Client::eventHandler(): sending mouse input to server.
03:39:14   83 Client::eventHandler(): sending mouse input to server.
03:39:14   84 Client::eventHandler(): sending mouse input to server.
03:39:14   85 Client::eventHandler(): sending mouse input to server.
03:39:14   85 Client::eventHandler(): sending mouse input to server.
03:39:14   86 Client::eventHandler(): sending mouse input to server.
03:39:14   86 Client::eventHandler(): sending mouse input to server.
03:39:14   87 Client::eventHandler(): sending mouse input to server.
03:39:14   87 Client::eventHandler(): sending mouse input to server.
03:39:14   87 Client::eventHandler(): sending mouse input to server.
03:39:15  137 Client::eventHandler(): sending mouse input to server.
03:39:15  138 Client::eventHandler(): sending mouse input to server.
03:39:16  139 Client::eventHandler(): sending mouse input to server.
03:39:16  140 Client::eventHandler(): sending mouse input to server.
03:39:16  141 Client::eventHandler(): sending mouse input to server.
03:39:16  142 Client::eventHandler(): sending mouse input to server.
03:39:16  144 Client::eventHandler(): sending mouse input to server.
03:39:16  147 Client::eventHandler(): sending mouse input to server.
03:39:16  148 Client::eventHandler(): sending mouse input to server.
03:39:16  157 Client::eventHandler(): sending mouse input to server.
03:39:16  158 Client::eventHandler(): sending mouse input to server.
03:39:16  166 Client::eventHandler(): sending mouse input to server.
03:39:16  167 Client::eventHandler(): sending mouse input to server.
03:39:16  168 Client::eventHandler(): sending mouse input to server.
03:39:17  169 Client::eventHandler(): sending mouse input to server.
03:39:17  170 Client::eventHandler(): sending mouse input to server.
03:39:17  171 Client::eventHandler(): sending mouse input to server.
03:39:17  172 Client::eventHandler(): sending mouse input to server.
03:39:17  180 Client::eventHandler(): sending mouse input to server.
03:39:17  181 Client::eventHandler(): sending mouse input to server.
03:39:17  182 Client::eventHandler(): sending mouse input to server.
03:39:17  183 Client::eventHandler(): sending mouse input to server.
03:39:17  184 Client::eventHandler(): sending mouse input to server.
03:39:17  185 Client::eventHandler(): sending mouse input to server.
03:39:17  186 Client::eventHandler(): sending mouse input to server.
03:39:19  249 Client::eventHandler(): sending mouse input to server.
03:39:19  249 Client::eventHandler(): sending mouse input to server.
03:39:19  249 Client::eventHandler(): sending mouse input to server.
03:39:19  250 Client::eventHandler(): sending mouse input to server.
03:39:19  250 Client::eventHandler(): sending mouse input to server.
03:39:19  250 Client::eventHandler(): sending mouse input to server.
03:39:19  251 Client::eventHandler(): sending mouse input to server.
03:39:19  253 Client::eventHandler(): sending mouse input to server.
03:39:19  254 Client::eventHandler(): sending mouse input to server.
03:39:19  255 Client::eventHandler(): sending mouse input to server.
03:39:19  256 Client::eventHandler(): sending mouse input to server.
03:39:19  257 Client::eventHandler(): sending mouse input to server.
03:39:19  258 Client::eventHandler(): sending mouse input to server.
03:39:19  258 Client::eventHandler(): sending mouse input to server.
03:39:20  264 Client::eventHandler(): sending mouse input to server.
03:39:20  265 Client::eventHandler(): sending mouse input to server.
03:39:21  293 Client::eventHandler(): sending mouse input to server.
03:39:21  294 Client::eventHandler(): sending mouse input to server.
03:39:21  295 Client::eventHandler(): sending mouse input to server.
03:39:21  295 Client::eventHandler(): sending mouse input to server.
03:39:21  296 Client::eventHandler(): sending mouse input to server.
03:39:21  297 Client::eventHandler(): sending mouse input to server.
03:39:21  298 Client::eventHandler(): sending mouse input to server.
03:39:21  299 Client::eventHandler(): sending mouse input to server.
03:39:22  300 Client::eventHandler(): sending mouse input to server.
03:39:22  300 Client::eventHandler(): sending mouse input to server.
03:39:22  301 Client::eventHandler(): sending mouse input to server.
03:39:22  301 Client::eventHandler(): sending mouse input to server.
03:39:22  301 Client::eventHandler(): sending mouse input to server.
03:39:22  301 Client::eventHandler(): sending mouse input to server.
03:39:22  302 Client::eventHandler(): sending mouse input to server.
03:39:22  303 Client::eventHandler(): sending mouse input to server.
03:39:22  303 Client::eventHandler(): sending mouse input to server.
03:39:22  304 Client::eventHandler(): sending mouse input to server.
03:39:22  305 Client::eventHandler(): sending mouse input to server.
03:39:22  306 Client::eventHandler(): sending mouse input to server.
03:39:22  307 Client::eventHandler(): sending mouse input to server.
03:39:22  310 Client::eventHandler(): sending mouse input to server.
03:39:22  310 Client::eventHandler(): sending mouse input to server.
03:39:22  311 Client::eventHandler(): sending mouse input to server.
03:39:22  312 Client::eventHandler(): sending mouse input to server.
03:39:22  316 Client::eventHandler(): sending mouse input to server.
03:39:22  316 Client::eventHandler(): sending mouse input to server.
03:39:22  317 Client::eventHandler(): sending mouse input to server.
03:39:22  317 Client::eventHandler(): sending mouse input to server.
03:39:22  318 Client::eventHandler(): sending mouse input to server.
03:39:22  318 Client::eventHandler(): sending mouse input to server.
03:39:22  319 Client::eventHandler(): sending mouse input to server.
03:39:22  320 Client::eventHandler(): sending mouse input to server.
03:39:22  321 Client::eventHandler(): sending mouse input to server.
03:39:22  321 Client::eventHandler(): sending mouse input to server.
03:39:22  322 Client::eventHandler(): sending mouse input to server.
03:39:22  322 Client::eventHandler(): sending mouse input to server.
03:39:22  323 Client::eventHandler(): sending mouse input to server.
03:39:22  324 Client::eventHandler(): sending mouse input to server.
03:39:22  326 Client::eventHandler(): sending mouse input to server.
03:39:22  327 Client::eventHandler(): sending mouse input to server.
03:39:22  328 Client::eventHandler(): sending mouse input to server.
03:39:23  335 Client::eventHandler(): sending mouse input to server.
03:39:23  336 Client::eventHandler(): sending mouse input to server.
03:39:23  337 Client::eventHandler(): sending mouse input to server.
03:39:23  338 Client::eventHandler(): sending mouse input to server.
03:39:23  339 Client::eventHandler(): sending mouse input to server.
03:39:23  340 Client::eventHandler(): sending mouse input to server.
03:39:23  341 Client::eventHandler(): sending mouse input to server.
03:39:23  342 Client::eventHandler(): sending mouse input to server.
03:39:23  343 Client::eventHandler(): sending mouse input to server.
03:39:23  344 Client::eventHandler(): sending mouse input to server.
03:39:23  345 Client::eventHandler(): sending mouse input to server.
03:39:23  346 Client::eventHandler(): sending mouse input to server.
03:39:23  347 Client::eventHandler(): sending mouse input to server.
03:39:23  348 Client::eventHandler(): sending mouse input to server.
03:39:23  349 Client::eventHandler(): sending mouse input to server.
03:39:23  350 Client::eventHandler(): sending mouse input to server.
03:39:23  350 Client::eventHandler(): sending mouse input to server.
03:39:23  351 Client::eventHandler(): sending mouse input to server.
03:39:23  352 Client::eventHandler(): sending mouse input to server.
03:39:23  353 Client::eventHandler(): sending mouse input to server.
03:39:23  354 Client::eventHandler(): sending mouse input to server.
03:39:23  354 Client::eventHandler(): sending mouse input to server.
03:39:23  355 Client::eventHandler(): sending mouse input to server.
03:39:23  355 Client::eventHandler(): sending mouse input to server.
03:39:23  356 Client::eventHandler(): sending mouse input to server.
03:39:23  356 Client::eventHandler(): sending mouse input to server.
03:39:23  357 Client::eventHandler(): sending mouse input to server.
03:39:23  358 Client::eventHandler(): sending mouse input to server.
03:39:23  359 Client::eventHandler(): sending mouse input to server.
03:39:23  360 Client::eventHandler(): sending mouse input to server.
03:39:24  361 Client::eventHandler(): sending mouse input to server.
03:39:24  362 Client::eventHandler(): sending mouse input to server.
03:39:24  362 Client::eventHandler(): sending mouse input to server.
03:39:24  363 Client::eventHandler(): sending mouse input to server.
03:39:24  363 Client::eventHandler(): sending mouse input to server.
03:39:24  364 Client::eventHandler(): sending mouse input to server.
03:39:24  365 Client::eventHandler(): sending mouse input to server.
03:39:24  366 Client::eventHandler(): sending mouse input to server.
03:39:24  367 Client::eventHandler(): sending mouse input to server.
03:39:24  368 Client::eventHandler(): sending mouse input to server.
03:39:24  369 Client::eventHandler(): sending mouse input to server.
03:39:24  376 Client::eventHandler(): sending mouse input to server.
03:39:24  377 Client::eventHandler(): sending mouse input to server.
03:39:24  377 Client::eventHandler(): sending mouse input to server.
03:39:24  378 Client::eventHandler(): sending mouse input to server.
03:39:24  379 Client::eventHandler(): sending mouse input to server.
03:39:24  380 Client::eventHandler(): sending mouse input to server.
03:39:24  381 Client::eventHandler(): sending mouse input to server.
03:39:24  382 Client::eventHandler(): sending mouse input to server.
03:39:24  383 Client::eventHandler(): sending mouse input to server.
03:39:24  384 Client::eventHandler(): sending mouse input to server.
03:39:24  385 Client::eventHandler(): sending mouse input to server.
03:39:24  386 Client::eventHandler(): sending mouse input to server.
03:39:24  387 Client::eventHandler(): sending mouse input to server.
03:39:25  392 Client::eventHandler(): sending mouse input to server.
03:39:29  539 Client::eventHandler(): sending mouse input to server.
03:39:29  540 Client::eventHandler(): sending mouse input to server.
03:39:29  540 Client::eventHandler(): sending mouse input to server.
03:39:29  541 Client::eventHandler(): sending mouse input to server.
03:39:29  542 Client::eventHandler(): sending mouse input to server.
03:39:30  546 Client::eventHandler(): sending mouse input to server.
03:39:30  546 Client::eventHandler(): sending mouse input to server.
03:39:30  547 Client::eventHandler(): sending mouse input to server.
03:39:30  548 Client::eventHandler(): sending mouse input to server.
03:39:30  555 Client::eventHandler(): sending mouse input to server.
03:39:30  556 Client::eventHandler(): sending mouse input to server.
03:39:30  557 Client::eventHandler(): sending mouse input to server.
03:39:30  558 Client::eventHandler(): sending mouse input to server.
03:39:30  568 Client::eventHandler(): sending mouse input to server.
03:39:30  568 Client::eventHandler(): sending mouse input to server.
03:39:30  568 Client::eventHandler(): sending mouse input to server.
03:39:30  569 Client::eventHandler(): sending mouse input to server.
03:39:30  569 Client::eventHandler(): sending mouse input to server.
03:39:30  570 Client::eventHandler(): sending mouse input to server.
03:39:30  571 Client::eventHandler(): sending mouse input to server.
03:39:30  572 Client::eventHandler(): sending mouse input to server.
03:39:31  573 Client::eventHandler(): sending mouse input to server.
03:39:31  574 Client::eventHandler(): sending mouse input to server.
03:39:31  575 Client::eventHandler(): sending mouse input to server.
03:39:31  576 Client::eventHandler(): sending mouse input to server.
03:39:31  577 Client::eventHandler(): sending mouse input to server.
03:39:31  577 Client::eventHandler(): sending mouse input to server.
03:39:31  578 Client::eventHandler(): sending mouse input to server.
03:39:31  578 Client::eventHandler(): sending mouse input to server.
03:39:31  579 Client::eventHandler(): sending mouse input to server.
03:39:31  580 Client::eventHandler(): sending mouse input to server.
03:39:31  581 Client::eventHandler(): sending mouse input to server.
03:39:31  582 Client::eventHandler(): sending mouse input to server.
03:39:31  583 Client::eventHandler(): sending mouse input to server.
03:39:31  584 Client::eventHandler(): sending mouse input to server.
03:39:31  585 Client::eventHandler(): sending mouse input to server.
03:39:31  586 Client::eventHandler(): sending mouse input to server.
03:39:31  587 Client::eventHandler(): sending mouse input to server.
03:39:31  590 Client::eventHandler(): sending mouse input to server.
03:39:31  591 Client::eventHandler(): sending mouse input to server.
03:39:32  606 Client::eventHandler(): sending mouse input to server.
03:39:32  607 Client::eventHandler(): sending mouse input to server.
03:39:32  608 Client::eventHandler(): sending mouse input to server.
03:39:32  609 Client::eventHandler(): sending mouse input to server.
03:39:32  610 Client::eventHandler(): sending mouse input to server.
03:39:32  611 Client::eventHandler(): sending mouse input to server.
03:39:32  612 Client::eventHandler(): sending mouse input to server.
03:39:32  613 Client::eventHandler(): sending mouse input to server.
03:39:32  613 Client::eventHandler(): sending mouse input to server.
03:39:32  614 Client::eventHandler(): sending mouse input to server.
03:39:32  615 Client::eventHandler(): sending mouse input to server.
03:39:32  616 Client::eventHandler(): sending mouse input to server.
03:39:32  618 Client::eventHandler(): sending mouse input to server.
03:39:32  619 Client::eventHandler(): sending mouse input to server.
03:39:32  620 Client::eventHandler(): sending mouse input to server.
03:39:32  624 Client::eventHandler(): sending mouse input to server.
03:39:32  624 Client::eventHandler(): sending mouse input to server.
03:39:32  625 Client::eventHandler(): sending mouse input to server.
03:39:32  626 Client::eventHandler(): sending mouse input to server.
03:39:32  627 Client::eventHandler(): sending mouse input to server.
03:39:32  627 Client::eventHandler(): sending mouse input to server.
03:39:32  628 Client::eventHandler(): sending mouse input to server.
03:39:58 1399 InputManager::getInput(): Window close event. Setting game over.
03:39:58 1400 GameManager::run(): end of game loop
03:39:58 1400 PathManager::shutDown(): successfully stopped.
03:39:58 1400 Path manager stopped
03:39:58 1400 WorldManager::shutDown(): Successfully stopped.
03:39:58 1400 World manager stopped
03:39:58 1400 ResourceManager::shutDown(): successfully stopped.
03:39:58 1400 Resource manager stopped
03:39:58 1400 NetworkManager::shutDown(): successfully stopped.
03:39:58 1400 Network manager stopped
03:39:58 1400 InputManager::shutDown(): successfully stopped.
03:39:58 1400 Input manager stopped
03:39:58 1400 DisplayManager::shutDown(): successfully stopped.
03:39:58 1400 Display manager stopped
03:39:58 1400 ** Game stopped **
03:39:58 1400 ****************************************************
03:39:58 1400 LogManager::shutDown(): successfully stopped.
