03:43:17    0 ****************************************************
03:43:17    0 ** Dragonfly version 4.12 **
03:43:17    0 Hello, Network! (v1.2)
03:43:17    0 0343_client_txvu1.log
03:43:17    0 ResourceManager::loadSprite(): Loading sprite 'sprites/explosion-spr.txt'
03:43:17    0 ResourceManager::loadSprite(): Opened file 'sprites/explosion-spr.txt'
03:43:17    0 ResourceManager::loadSprite(): Sprite 'explosion' successfully loaded
03:43:17    0 ResourceManager::loadSprite(): Loading sprite 'sprites/level_select.txt'
03:43:17    0 ResourceManager::loadSprite(): Opened file 'sprites/level_select.txt'
03:43:17    0 ResourceManager::loadSprite(): Sprite 'level_select' successfully loaded
03:43:17    0 ResourceManager::loadSprite(): Loading sprite 'sprites/gamestart-spr.txt'
03:43:17    0 ResourceManager::loadSprite(): Opened file 'sprites/gamestart-spr.txt'
03:43:17    0 ResourceManager::loadSprite(): Sprite 'gamestart' successfully loaded
03:43:17    0 ResourceManager::loadSprite(): Loading sprite 'sprites/gameover-spr.txt'
03:43:17    0 ResourceManager::loadSprite(): Opened file 'sprites/gameover-spr.txt'
03:43:17    0 ResourceManager::loadSprite(): Sprite 'gameover' successfully loaded
03:43:17    0 ResourceManager::loadSprite(): Loading sprite 'sprites/level_won.txt'
03:43:17    0 ResourceManager::loadSprite(): Opened file 'sprites/level_won.txt'
03:43:17    0 ResourceManager::loadSprite(): Sprite 'level_won' successfully loaded
03:43:17    0 ResourceManager::loadSprite(): Loading sprite 'sprites/level_intro.txt'
03:43:17    0 ResourceManager::loadSprite(): Opened file 'sprites/level_intro.txt'
03:43:17    0 ResourceManager::loadSprite(): Sprite 'level_intro' successfully loaded
03:43:17    0 ResourceManager::loadSprite(): Loading sprite 'sprites/level_1.txt'
03:43:17    0 ResourceManager::loadSprite(): Opened file 'sprites/level_1.txt'
03:43:17    0 ResourceManager::loadSprite(): Sprite 'level_1' successfully loaded
03:43:17    0 ResourceManager::loadSprite(): Loading sprite 'sprites/saucer-spr.txt'
03:43:17    0 ResourceManager::loadSprite(): Opened file 'sprites/saucer-spr.txt'
03:43:17    0 ResourceManager::loadSprite(): Sprite 'saucer' successfully loaded
03:43:17    0 ResourceManager::loadSprite(): Loading sprite 'sprites/ship-spr.txt'
03:43:17    0 ResourceManager::loadSprite(): Opened file 'sprites/ship-spr.txt'
03:43:17    0 ResourceManager::loadSprite(): Sprite 'ship' successfully loaded
03:43:17    0 ResourceManager::loadSprite(): Loading sprite 'sprites/boss.txt'
03:43:17    0 ResourceManager::loadSprite(): Opened file 'sprites/boss.txt'
03:43:17    0 ResourceManager::loadSprite(): Sprite 'boss' successfully loaded
03:43:17    0 ResourceManager::loadSprite(): Loading sprite 'sprites/boss-weakpoint.txt'
03:43:17    0 ResourceManager::loadSprite(): Opened file 'sprites/boss-weakpoint.txt'
03:43:17    0 ResourceManager::loadSprite(): Sprite 'boss-weakpoint' successfully loaded
03:43:17    0 ResourceManager::loadSprite(): Loading sprite 'sprites/ak47_2.txt'
03:43:17    0 ResourceManager::loadSprite(): Opened file 'sprites/ak47_2.txt'
03:43:17    0 ResourceManager::loadSprite(): Sprite 'AK47' successfully loaded
03:43:17    0 ResourceManager::loadSprite(): Loading sprite 'sprites/awp.txt'
03:43:17    0 ResourceManager::loadSprite(): Opened file 'sprites/awp.txt'
03:43:17    0 ResourceManager::loadSprite(): Sprite 'AWP' successfully loaded
03:43:17    0 ResourceManager::loadSprite(): Loading sprite 'sprites/grenade-launcher.txt'
03:43:17    0 ResourceManager::loadSprite(): Opened file 'sprites/grenade-launcher.txt'
03:43:17    0 ResourceManager::loadSprite(): Sprite 'GrenadeLauncher' successfully loaded
03:43:17    0 ResourceManager::loadSprite(): Loading sprite 'sprites/ak47_bullet.txt'
03:43:17    0 ResourceManager::loadSprite(): Opened file 'sprites/ak47_bullet.txt'
03:43:17    0 ResourceManager::loadSprite(): Sprite 'AK47_bullet' successfully loaded
03:43:17    0 ResourceManager::loadSprite(): Loading sprite 'sprites/awp_bullet.txt'
03:43:17    0 ResourceManager::loadSprite(): Opened file 'sprites/awp_bullet.txt'
03:43:17    0 ResourceManager::loadSprite(): Sprite 'AWP_bullet' successfully loaded
03:43:17    0 ResourceManager::loadSprite(): Loading sprite 'sprites/grenade_bullet.txt'
03:43:17    0 ResourceManager::loadSprite(): Opened file 'sprites/grenade_bullet.txt'
03:43:17    0 ResourceManager::loadSprite(): Sprite 'GrenadeLauncher_bullet' successfully loaded
03:43:17    0 ResourceManager::loadSprite(): Loading sprite 'sprites/bullet_trail.txt'
03:43:17    0 ResourceManager::loadSprite(): Opened file 'sprites/bullet_trail.txt'
03:43:17    0 ResourceManager::loadSprite(): Sprite 'bullet_trail' successfully loaded
03:43:17    0 ResourceManager::loadSprite(): Loading sprite 'sprites/explosion-spr.txt'
03:43:17    0 ResourceManager::loadSprite(): Opened file 'sprites/explosion-spr.txt'
03:43:17    0 ResourceManager::loadSprite(): Sprite 'explosion' successfully loaded
03:43:17    0 ResourceManager::loadSprite(): Loading sprite 'sprites/nuke.txt'
03:43:17    0 ResourceManager::loadSprite(): Opened file 'sprites/nuke.txt'
03:43:17    0 ResourceManager::loadSprite(): Sprite 'nuke' successfully loaded
03:43:17    0 ResourceManager::loadSprite(): Loading sprite 'sprites/character-walk_2.txt'
03:43:17    0 ResourceManager::loadSprite(): Opened file 'sprites/character-walk_2.txt'
03:43:17    0 ResourceManager::loadSprite(): Sprite 'character-walk' successfully loaded
03:43:17    0 ResourceManager::loadSprite(): Loading sprite 'sprites/character-duck.txt'
03:43:17    0 ResourceManager::loadSprite(): Opened file 'sprites/character-duck.txt'
03:43:17    0 ResourceManager::loadSprite(): Sprite 'character-duck' successfully loaded
03:43:17    0 ResourceManager::loadSprite(): Loading sprite 'sprites/platform.txt'
03:43:17    0 ResourceManager::loadSprite(): Opened file 'sprites/platform.txt'
03:43:17    0 ResourceManager::loadSprite(): Sprite 'platform' successfully loaded
03:43:17    0 ResourceManager::loadSprite(): Loading sprite 'sprites/refill-ammo.txt'
03:43:17    0 ResourceManager::loadSprite(): Opened file 'sprites/refill-ammo.txt'
03:43:17    0 ResourceManager::loadSprite(): Sprite 'ammo-refill' successfully loaded
03:43:17    0 ResourceManager::loadSprite(): Loading sprite 'sprites/intro/1.txt'
03:43:17    0 ResourceManager::loadSprite(): Opened file 'sprites/intro/1.txt'
03:43:17    0 ResourceManager::loadSprite(): Sprite 'intro_1' successfully loaded
03:43:17    0 ResourceManager::loadSprite(): Loading sprite 'sprites/intro/2.txt'
03:43:17    0 ResourceManager::loadSprite(): Opened file 'sprites/intro/2.txt'
03:43:17    0 ResourceManager::loadSprite(): Sprite 'intro_2' successfully loaded
03:43:17    0 ResourceManager::loadSprite(): Loading sprite 'sprites/intro/3.txt'
03:43:17    0 ResourceManager::loadSprite(): Opened file 'sprites/intro/3.txt'
03:43:17    0 ResourceManager::loadSprite(): Sprite 'intro_3' successfully loaded
03:43:17    0 ResourceManager::loadSprite(): Loading sprite 'sprites/intro/4.txt'
03:43:17    0 ResourceManager::loadSprite(): Opened file 'sprites/intro/4.txt'
03:43:17    0 ResourceManager::loadSprite(): Sprite 'intro_4' successfully loaded
03:43:17    0 ResourceManager::loadSprite(): Loading sprite 'sprites/intro/5.txt'
03:43:17    0 ResourceManager::loadSprite(): Opened file 'sprites/intro/5.txt'
03:43:17    0 ResourceManager::loadSprite(): Sprite 'intro_5' successfully loaded
03:43:17    0 ResourceManager::loadSprite(): Loading sprite 'sprites/intro/6.txt'
03:43:17    0 ResourceManager::loadSprite(): Opened file 'sprites/intro/6.txt'
03:43:17    0 ResourceManager::loadSprite(): Sprite 'intro_6' successfully loaded
03:43:17    0 ResourceManager::loadSprite(): Loading sprite 'sprites/intro/7.txt'
03:43:17    0 ResourceManager::loadSprite(): Opened file 'sprites/intro/7.txt'
03:43:17    0 ResourceManager::loadSprite(): Sprite 'intro_7' successfully loaded
03:43:17    0 ResourceManager::loadSprite(): Loading sprite 'sprites/intro/small.txt'
03:43:17    0 ResourceManager::loadSprite(): Opened file 'sprites/intro/small.txt'
03:43:17    0 ResourceManager::loadSprite(): Sprite 'intro_small' successfully loaded
03:43:17    0 ResourceManager::loadSprite(): Loading sprite 'sprites/number_font/green_0.txt'
03:43:17    0 ResourceManager::loadSprite(): Opened file 'sprites/number_font/green_0.txt'
03:43:17    0 ResourceManager::loadSprite(): Sprite 'green_0' successfully loaded
03:43:17    0 ResourceManager::loadSprite(): Loading sprite 'sprites/number_font/green_1.txt'
03:43:17    0 ResourceManager::loadSprite(): Opened file 'sprites/number_font/green_1.txt'
03:43:17    0 ResourceManager::loadSprite(): Sprite 'green_1' successfully loaded
03:43:17    0 ResourceManager::loadSprite(): Loading sprite 'sprites/number_font/green_2.txt'
03:43:17    0 ResourceManager::loadSprite(): Opened file 'sprites/number_font/green_2.txt'
03:43:17    0 ResourceManager::loadSprite(): Sprite 'green_2' successfully loaded
03:43:17    0 ResourceManager::loadSprite(): Loading sprite 'sprites/number_font/green_3.txt'
03:43:17    0 ResourceManager::loadSprite(): Opened file 'sprites/number_font/green_3.txt'
03:43:17    0 ResourceManager::loadSprite(): Sprite 'green_3' successfully loaded
03:43:17    0 ResourceManager::loadSprite(): Loading sprite 'sprites/number_font/green_4.txt'
03:43:17    0 ResourceManager::loadSprite(): Opened file 'sprites/number_font/green_4.txt'
03:43:17    0 ResourceManager::loadSprite(): Sprite 'green_4' successfully loaded
03:43:17    0 ResourceManager::loadSprite(): Loading sprite 'sprites/number_font/green_5.txt'
03:43:17    0 ResourceManager::loadSprite(): Opened file 'sprites/number_font/green_5.txt'
03:43:17    0 ResourceManager::loadSprite(): Sprite 'green_5' successfully loaded
03:43:17    0 ResourceManager::loadSprite(): Loading sprite 'sprites/number_font/green_6.txt'
03:43:17    0 ResourceManager::loadSprite(): Opened file 'sprites/number_font/green_6.txt'
03:43:17    0 ResourceManager::loadSprite(): Sprite 'green_6' successfully loaded
03:43:17    0 ResourceManager::loadSprite(): Loading sprite 'sprites/number_font/green_7.txt'
03:43:17    0 ResourceManager::loadSprite(): Opened file 'sprites/number_font/green_7.txt'
03:43:17    0 ResourceManager::loadSprite(): Sprite 'green_7' successfully loaded
03:43:17    0 ResourceManager::loadSprite(): Loading sprite 'sprites/number_font/green_8.txt'
03:43:17    0 ResourceManager::loadSprite(): Opened file 'sprites/number_font/green_8.txt'
03:43:17    0 ResourceManager::loadSprite(): Sprite 'green_8' successfully loaded
03:43:17    0 ResourceManager::loadSprite(): Loading sprite 'sprites/number_font/green_9.txt'
03:43:17    0 ResourceManager::loadSprite(): Opened file 'sprites/number_font/green_9.txt'
03:43:17    0 ResourceManager::loadSprite(): Sprite 'green_9' successfully loaded
03:43:17    0 ResourceManager::loadSprite(): Loading sprite 'sprites/number_font/red_0.txt'
03:43:17    0 ResourceManager::loadSprite(): Opened file 'sprites/number_font/red_0.txt'
03:43:17    0 ResourceManager::loadSprite(): Sprite 'red_0' successfully loaded
03:43:17    0 ResourceManager::loadSprite(): Loading sprite 'sprites/number_font/red_1.txt'
03:43:17    0 ResourceManager::loadSprite(): Opened file 'sprites/number_font/red_1.txt'
03:43:17    0 ResourceManager::loadSprite(): Sprite 'red_1' successfully loaded
03:43:17    0 ResourceManager::loadSprite(): Loading sprite 'sprites/number_font/red_2.txt'
03:43:17    0 ResourceManager::loadSprite(): Opened file 'sprites/number_font/red_2.txt'
03:43:17    0 ResourceManager::loadSprite(): Sprite 'red_2' successfully loaded
03:43:17    0 ResourceManager::loadSprite(): Loading sprite 'sprites/number_font/red_3.txt'
03:43:17    0 ResourceManager::loadSprite(): Opened file 'sprites/number_font/red_3.txt'
03:43:17    0 ResourceManager::loadSprite(): Sprite 'red_3' successfully loaded
03:43:17    0 ResourceManager::loadSprite(): Loading sprite 'sprites/number_font/red_4.txt'
03:43:17    0 ResourceManager::loadSprite(): Opened file 'sprites/number_font/red_4.txt'
03:43:17    0 ResourceManager::loadSprite(): Sprite 'red_4' successfully loaded
03:43:17    0 ResourceManager::loadSprite(): Loading sprite 'sprites/number_font/red_5.txt'
03:43:17    0 ResourceManager::loadSprite(): Opened file 'sprites/number_font/red_5.txt'
03:43:17    0 ResourceManager::loadSprite(): Sprite 'red_5' successfully loaded
03:43:17    0 ResourceManager::loadSprite(): Loading sprite 'sprites/number_font/red_6.txt'
03:43:17    0 ResourceManager::loadSprite(): Opened file 'sprites/number_font/red_6.txt'
03:43:17    0 ResourceManager::loadSprite(): Sprite 'red_6' successfully loaded
03:43:17    0 ResourceManager::loadSprite(): Loading sprite 'sprites/number_font/red_7.txt'
03:43:17    0 ResourceManager::loadSprite(): Opened file 'sprites/number_font/red_7.txt'
03:43:17    0 ResourceManager::loadSprite(): Sprite 'red_7' successfully loaded
03:43:17    0 ResourceManager::loadSprite(): Loading sprite 'sprites/number_font/red_8.txt'
03:43:17    0 ResourceManager::loadSprite(): Opened file 'sprites/number_font/red_8.txt'
03:43:17    0 ResourceManager::loadSprite(): Sprite 'red_8' successfully loaded
03:43:17    0 ResourceManager::loadSprite(): Loading sprite 'sprites/number_font/red_9.txt'
03:43:17    0 ResourceManager::loadSprite(): Opened file 'sprites/number_font/red_9.txt'
03:43:17    0 ResourceManager::loadSprite(): Sprite 'red_9' successfully loaded
03:43:17    0 ResourceManager::loadSprite(): Loading sprite 'sprites/number_font/yellow_0.txt'
03:43:17    0 ResourceManager::loadSprite(): Opened file 'sprites/number_font/yellow_0.txt'
03:43:17    0 ResourceManager::loadSprite(): Sprite 'yellow_0' successfully loaded
03:43:17    0 ResourceManager::loadSprite(): Loading sprite 'sprites/number_font/yellow_1.txt'
03:43:17    0 ResourceManager::loadSprite(): Opened file 'sprites/number_font/yellow_1.txt'
03:43:17    0 ResourceManager::loadSprite(): Sprite 'yellow_1' successfully loaded
03:43:17    0 ResourceManager::loadSprite(): Loading sprite 'sprites/number_font/yellow_2.txt'
03:43:17    0 ResourceManager::loadSprite(): Opened file 'sprites/number_font/yellow_2.txt'
03:43:17    0 ResourceManager::loadSprite(): Sprite 'yellow_2' successfully loaded
03:43:17    0 ResourceManager::loadSprite(): Loading sprite 'sprites/number_font/yellow_3.txt'
03:43:17    0 ResourceManager::loadSprite(): Opened file 'sprites/number_font/yellow_3.txt'
03:43:17    0 ResourceManager::loadSprite(): Sprite 'yellow_3' successfully loaded
03:43:17    0 ResourceManager::loadSprite(): Loading sprite 'sprites/number_font/yellow_4.txt'
03:43:17    0 ResourceManager::loadSprite(): Opened file 'sprites/number_font/yellow_4.txt'
03:43:17    0 ResourceManager::loadSprite(): Sprite 'yellow_4' successfully loaded
03:43:17    0 ResourceManager::loadSprite(): Loading sprite 'sprites/number_font/yellow_5.txt'
03:43:17    0 ResourceManager::loadSprite(): Opened file 'sprites/number_font/yellow_5.txt'
03:43:17    0 ResourceManager::loadSprite(): Sprite 'yellow_5' successfully loaded
03:43:17    0 ResourceManager::loadSprite(): Loading sprite 'sprites/number_font/yellow_6.txt'
03:43:17    0 ResourceManager::loadSprite(): Opened file 'sprites/number_font/yellow_6.txt'
03:43:17    0 ResourceManager::loadSprite(): Sprite 'yellow_6' successfully loaded
03:43:17    0 ResourceManager::loadSprite(): Loading sprite 'sprites/number_font/yellow_7.txt'
03:43:17    0 ResourceManager::loadSprite(): Opened file 'sprites/number_font/yellow_7.txt'
03:43:17    0 ResourceManager::loadSprite(): Sprite 'yellow_7' successfully loaded
03:43:17    0 ResourceManager::loadSprite(): Loading sprite 'sprites/number_font/yellow_8.txt'
03:43:17    0 ResourceManager::loadSprite(): Opened file 'sprites/number_font/yellow_8.txt'
03:43:17    0 ResourceManager::loadSprite(): Sprite 'yellow_8' successfully loaded
03:43:17    0 ResourceManager::loadSprite(): Loading sprite 'sprites/number_font/yellow_9.txt'
03:43:17    0 ResourceManager::loadSprite(): Opened file 'sprites/number_font/yellow_9.txt'
03:43:17    0 ResourceManager::loadSprite(): Sprite 'yellow_9' successfully loaded
03:43:17    0 ResourceManager::loadSprite(): Loading sprite 'sprites/number_font/slash.txt'
03:43:17    0 ResourceManager::loadSprite(): Opened file 'sprites/number_font/slash.txt'
03:43:17    0 ResourceManager::loadSprite(): Sprite 'slash' successfully loaded
03:43:17    0 ResourceManager::loadSprite(): Loading sprite 'sprites/ammo_display.txt'
03:43:17    0 ResourceManager::loadSprite(): Opened file 'sprites/ammo_display.txt'
03:43:17    0 ResourceManager::loadSprite(): Sprite 'ammo_display' successfully loaded
03:43:17    0 ResourceManager::loadSound(): Sound 'AK47_fire' successfully loaded
03:43:18    0 ResourceManager::loadSound(): Sound 'AWP_fire' successfully loaded
03:43:18    0 ResourceManager::loadSound(): Sound 'GrenadeLauncher_fire' successfully loaded
03:43:18    0 ResourceManager::loadSound(): Sound 'ammo_empty' successfully loaded
03:43:18    0 ResourceManager::loadSound(): Sound 'AK47_reload' successfully loaded
03:43:18    0 ResourceManager::loadSound(): Sound 'AWP_reload' successfully loaded
03:43:19    0 ResourceManager::loadSound(): Sound 'GrenadeLauncher_reload' successfully loaded
03:43:19    0 ResourceManager::loadSound(): Sound 'awp_bolt' successfully loaded
03:43:19    0 ResourceManager::loadSound(): Sound 'pickup1' successfully loaded
03:43:19    0 ResourceManager::loadSound(): Sound 'pickup2' successfully loaded
03:43:19    0 ResourceManager::loadSound(): Sound 'explode' successfully loaded
03:43:19    0 ResourceManager::loadSound(): Sound 'nuke' successfully loaded
03:43:19    0 ResourceManager::loadSound(): Sound 'saucer_death' successfully loaded
03:43:19    0 ResourceManager::loadSound(): Sound 'game over' successfully loaded
03:43:19    0 ResourceManager::loadSound(): Sound 'level_won' successfully loaded
03:43:19    0 ResourceManager::loadMusic(): Music 'start music' successfully loaded
03:43:19    0 ResourceManager::loadMusic(): Music 'music_theme' successfully loaded
03:43:19    0 ResourceManager::loadMusic(): Music 'music_boss' successfully loaded
03:43:19    0 Client::Client(): Connecting to localhost at port 9876.
03:43:19    0 NetworkManager::connect(): Connecting to localhost, port 9876.
03:43:19    0 NetworkManager::connect(): Connection established.
03:43:19    0 Client::handleConnect(): Client connected!
03:43:19    0 Client::Client(): Client started.
03:43:19    0 GameManager::run(): starting game loop
03:43:20    0 Client::eventHandler(): received custom network event.
03:43:20    0 	message: 20
03:43:21   37 Client::eventHandler(): sending mouse input to server.
03:43:21   38 Client::eventHandler(): sending mouse input to server.
03:43:21   39 Client::eventHandler(): sending mouse input to server.
03:43:21   40 Client::eventHandler(): sending mouse input to server.
03:43:21   42 Client::eventHandler(): sending mouse input to server.
03:43:21   42 Client::eventHandler(): sending mouse input to server.
03:43:21   43 Client::eventHandler(): sending mouse input to server.
03:43:21   44 Client::eventHandler(): sending mouse input to server.
03:43:21   45 Client::eventHandler(): sending mouse input to server.
03:43:21   45 Client::eventHandler(): sending mouse input to server.
03:43:21   46 Client::eventHandler(): sending mouse input to server.
03:43:21   46 Client::eventHandler(): sending mouse input to server.
03:43:21   47 Client::eventHandler(): sending mouse input to server.
03:43:21   47 Client::eventHandler(): sending mouse input to server.
03:43:21   48 Client::eventHandler(): sending mouse input to server.
03:43:21   48 Client::eventHandler(): sending mouse input to server.
03:43:21   48 Client::eventHandler(): sending mouse input to server.
03:43:21   49 Client::eventHandler(): sending mouse input to server.
03:43:21   49 Client::eventHandler(): sending mouse input to server.
03:43:21   50 Client::eventHandler(): sending mouse input to server.
03:43:21   50 Client::eventHandler(): sending mouse input to server.
03:43:21   51 Client::eventHandler(): sending mouse input to server.
03:43:21   51 Client::eventHandler(): sending mouse input to server.
03:43:21   52 Client::eventHandler(): sending mouse input to server.
03:43:21   52 Client::eventHandler(): sending mouse input to server.
03:43:21   53 Client::eventHandler(): sending mouse input to server.
03:43:21   53 Client::eventHandler(): sending mouse input to server.
03:43:21   54 Client::eventHandler(): sending mouse input to server.
03:43:21   54 Client::eventHandler(): sending mouse input to server.
03:43:21   55 Client::eventHandler(): sending mouse input to server.
03:43:21   56 Client::eventHandler(): sending mouse input to server.
03:43:21   57 Client::eventHandler(): sending mouse input to server.
03:43:21   59 Client::eventHandler(): sending mouse input to server.
03:43:22   80 Client::eventHandler(): sending mouse input to server.
03:43:22   81 Client::eventHandler(): sending mouse input to server.
03:43:22   84 Client::eventHandler(): sending mouse input to server.
03:43:22   84 Client::eventHandler(): sending mouse input to server.
03:43:22   85 Client::eventHandler(): sending mouse input to server.
03:43:22   86 Client::eventHandler(): sending mouse input to server.
03:43:22   86 Client::eventHandler(): sending mouse input to server.
03:43:22   87 Client::eventHandler(): sending mouse input to server.
03:43:22   87 Client::eventHandler(): sending mouse input to server.
03:43:22   88 Client::eventHandler(): sending mouse input to server.
03:43:22   88 Client::eventHandler(): sending mouse input to server.
03:43:22   89 Client::eventHandler(): sending mouse input to server.
03:43:22   89 Client::eventHandler(): sending mouse input to server.
03:43:23   90 Client::eventHandler(): sending mouse input to server.
03:43:23   90 Client::eventHandler(): sending mouse input to server.
03:43:23   91 Client::eventHandler(): sending mouse input to server.
03:43:23   91 Client::eventHandler(): sending mouse input to server.
03:43:23   92 Client::eventHandler(): sending mouse input to server.
03:43:23   92 Client::eventHandler(): sending mouse input to server.
03:43:23   93 Client::eventHandler(): sending mouse input to server.
03:43:23   94 Client::eventHandler(): sending mouse input to server.
03:43:23   94 Client::eventHandler(): sending mouse input to server.
03:43:23   95 Client::eventHandler(): sending mouse input to server.
03:43:23   96 Client::eventHandler(): sending mouse input to server.
03:43:24  120 Client::eventHandler(): sending mouse input to server.
03:43:24  120 Client::eventHandler(): sending mouse input to server.
03:43:24  121 Client::eventHandler(): sending mouse input to server.
03:43:24  122 Client::eventHandler(): sending mouse input to server.
03:43:24  127 Client::eventHandler(): sending mouse input to server.
03:43:24  127 Client::eventHandler(): sending mouse input to server.
03:43:24  128 Client::eventHandler(): sending mouse input to server.
03:43:24  129 Client::eventHandler(): sending mouse input to server.
03:43:24  130 Client::eventHandler(): sending mouse input to server.
03:43:24  130 Client::eventHandler(): sending mouse input to server.
03:43:24  131 Client::eventHandler(): sending mouse input to server.
03:43:24  131 Client::eventHandler(): sending mouse input to server.
03:43:24  132 Client::eventHandler(): sending mouse input to server.
03:43:24  132 Client::eventHandler(): sending mouse input to server.
03:43:24  133 Client::eventHandler(): sending mouse input to server.
03:43:24  133 Client::eventHandler(): sending mouse input to server.
03:43:24  134 Client::eventHandler(): sending mouse input to server.
03:43:24  134 Client::eventHandler(): sending mouse input to server.
03:43:24  135 Client::eventHandler(): sending mouse input to server.
03:43:24  136 Client::eventHandler(): sending mouse input to server.
03:43:24  137 Client::eventHandler(): sending mouse input to server.
03:43:24  138 Client::eventHandler(): sending mouse input to server.
03:43:24  139 Client::eventHandler(): sending mouse input to server.
03:43:25  160 Client::eventHandler(): sending mouse input to server.
03:43:25  166 Client::eventHandler(): sending mouse input to server.
03:43:25  166 Client::eventHandler(): sending mouse input to server.
03:43:25  167 Client::eventHandler(): sending mouse input to server.
03:43:25  168 Client::eventHandler(): sending mouse input to server.
03:43:25  168 Client::eventHandler(): sending mouse input to server.
03:43:25  169 Client::eventHandler(): sending mouse input to server.
03:43:25  169 Client::eventHandler(): sending mouse input to server.
03:43:25  170 Client::eventHandler(): sending mouse input to server.
03:43:25  170 Client::eventHandler(): sending mouse input to server.
03:43:25  171 Client::eventHandler(): sending mouse input to server.
03:43:25  171 Client::eventHandler(): sending mouse input to server.
03:43:25  172 Client::eventHandler(): sending mouse input to server.
03:43:25  172 Client::eventHandler(): sending mouse input to server.
03:43:25  173 Client::eventHandler(): sending mouse input to server.
03:43:25  173 Client::eventHandler(): sending mouse input to server.
03:43:25  174 Client::eventHandler(): sending mouse input to server.
03:43:25  174 Client::eventHandler(): sending mouse input to server.
03:43:25  175 Client::eventHandler(): sending mouse input to server.
03:43:25  175 Client::eventHandler(): sending mouse input to server.
03:43:25  176 Client::eventHandler(): sending mouse input to server.
03:43:25  177 Client::eventHandler(): sending mouse input to server.
03:43:25  180 Client::eventHandler(): sending mouse input to server.
03:43:26  181 Client::eventHandler(): sending mouse input to server.
03:43:26  182 Client::eventHandler(): sending mouse input to server.
03:43:26  182 Client::eventHandler(): sending mouse input to server.
03:43:26  183 Client::eventHandler(): sending mouse input to server.
03:43:26  183 Client::eventHandler(): sending mouse input to server.
03:43:26  184 Client::eventHandler(): sending mouse input to server.
03:43:26  184 Client::eventHandler(): sending mouse input to server.
03:43:26  185 Client::eventHandler(): sending mouse input to server.
03:43:28  244 Client::eventHandler(): sending mouse input to server.
03:43:30  298 Client::eventHandler(): sending mouse input to server.
03:43:30  299 Client::eventHandler(): sending mouse input to server.
03:43:30  299 Client::eventHandler(): sending mouse input to server.
03:43:30  300 Client::eventHandler(): sending mouse input to server.
03:43:30  301 Client::eventHandler(): sending mouse input to server.
03:43:30  302 Client::eventHandler(): sending mouse input to server.
03:43:30  303 Client::eventHandler(): sending mouse input to server.
03:43:30  304 Client::eventHandler(): sending mouse input to server.
03:43:30  305 Client::eventHandler(): sending mouse input to server.
03:43:31  332 Client::eventHandler(): sending mouse input to server.
03:43:31  332 Client::eventHandler(): sending mouse input to server.
03:43:31  333 Client::eventHandler(): sending mouse input to server.
03:43:31  333 Client::eventHandler(): sending mouse input to server.
03:43:31  334 Client::eventHandler(): sending mouse input to server.
03:43:31  334 Client::eventHandler(): sending mouse input to server.
03:43:31  335 Client::eventHandler(): sending mouse input to server.
03:43:31  336 Client::eventHandler(): sending mouse input to server.
03:43:31  336 Client::eventHandler(): sending mouse input to server.
03:43:31  337 Client::eventHandler(): sending mouse input to server.
03:43:31  337 Client::eventHandler(): sending mouse input to server.
03:43:31  338 Client::eventHandler(): sending mouse input to server.
03:43:32  339 Client::eventHandler(): sending mouse input to server.
03:43:32  339 Client::eventHandler(): sending mouse input to server.
03:43:32  340 Client::eventHandler(): sending mouse input to server.
03:43:32  340 Client::eventHandler(): sending mouse input to server.
03:43:32  341 Client::eventHandler(): sending mouse input to server.
03:43:32  342 Client::eventHandler(): sending mouse input to server.
03:43:32  342 Client::eventHandler(): sending mouse input to server.
03:43:32  343 Client::eventHandler(): sending mouse input to server.
03:43:32  344 Client::eventHandler(): sending mouse input to server.
03:43:32  345 Client::eventHandler(): sending mouse input to server.
03:43:32  345 Client::eventHandler(): sending mouse input to server.
03:43:32  346 Client::eventHandler(): sending mouse input to server.
03:43:32  346 Client::eventHandler(): sending mouse input to server.
03:43:32  347 Client::eventHandler(): sending mouse input to server.
03:43:32  347 Client::eventHandler(): sending mouse input to server.
03:43:32  348 Client::eventHandler(): sending mouse input to server.
03:43:32  348 Client::eventHandler(): sending mouse input to server.
03:43:32  349 Client::eventHandler(): sending mouse input to server.
03:43:32  349 Client::eventHandler(): sending mouse input to server.
03:43:32  350 Client::eventHandler(): sending mouse input to server.
03:43:32  350 Client::eventHandler(): sending mouse input to server.
03:43:32  351 Client::eventHandler(): sending mouse input to server.
03:43:32  352 Client::eventHandler(): sending mouse input to server.
03:43:32  353 Client::eventHandler(): sending mouse input to server.
03:43:32  353 Client::eventHandler(): sending mouse input to server.
03:43:32  353 Client::eventHandler(): sending mouse input to server.
03:43:32  354 Client::eventHandler(): sending mouse input to server.
03:43:32  354 Client::eventHandler(): sending mouse input to server.
03:43:33  371 Client::eventHandler(): sending mouse input to server.
03:43:33  371 Client::eventHandler(): sending mouse input to server.
03:43:33  372 Client::eventHandler(): sending mouse input to server.
03:43:33  372 Client::eventHandler(): sending mouse input to server.
03:43:33  376 Client::eventHandler(): sending mouse input to server.
03:43:33  376 Client::eventHandler(): sending mouse input to server.
03:43:33  376 Client::eventHandler(): sending mouse input to server.
03:43:33  377 Client::eventHandler(): sending mouse input to server.
03:43:33  377 Client::eventHandler(): sending mouse input to server.
03:43:33  378 Client::eventHandler(): sending mouse input to server.
03:43:33  378 Client::eventHandler(): sending mouse input to server.
03:43:33  379 Client::eventHandler(): sending mouse input to server.
03:43:33  379 Client::eventHandler(): sending mouse input to server.
03:43:33  380 Client::eventHandler(): sending mouse input to server.
03:43:33  380 Client::eventHandler(): sending mouse input to server.
03:43:33  381 Client::eventHandler(): sending mouse input to server.
03:43:33  381 Client::eventHandler(): sending mouse input to server.
03:43:33  382 Client::eventHandler(): sending mouse input to server.
03:43:33  382 Client::eventHandler(): sending mouse input to server.
03:43:33  383 Client::eventHandler(): sending mouse input to server.
03:43:33  384 Client::eventHandler(): sending mouse input to server.
03:43:33  385 Client::eventHandler(): sending mouse input to server.
03:43:33  386 Client::eventHandler(): sending mouse input to server.
03:43:33  386 Client::eventHandler(): sending mouse input to server.
03:43:33  387 Client::eventHandler(): sending mouse input to server.
03:43:33  387 Client::eventHandler(): sending mouse input to server.
03:43:33  387 Client::eventHandler(): sending mouse input to server.
03:43:33  388 Client::eventHandler(): sending mouse input to server.
03:43:33  388 Client::eventHandler(): sending mouse input to server.
03:43:33  389 Client::eventHandler(): sending mouse input to server.
03:43:33  389 Client::eventHandler(): sending mouse input to server.
03:43:33  390 Client::eventHandler(): sending mouse input to server.
03:43:33  390 Client::eventHandler(): sending mouse input to server.
03:43:36  415 GameManager::run(): Can't keep up! frame_time 33 ms, split 2060 ms
03:43:38  450 Client::eventHandler(): sending mouse input to server.
03:43:38  451 Client::eventHandler(): sending mouse input to server.
03:43:38  451 Client::eventHandler(): sending mouse input to server.
03:43:38  452 Client::eventHandler(): sending mouse input to server.
03:43:38  453 Client::eventHandler(): sending mouse input to server.
03:43:38  453 Client::eventHandler(): sending mouse input to server.
03:43:38  453 Client::eventHandler(): sending mouse input to server.
03:43:38  453 Client::eventHandler(): sending mouse input to server.
03:43:38  454 Client::eventHandler(): sending mouse input to server.
03:43:38  455 Client::eventHandler(): sending mouse input to server.
03:43:38  456 Client::eventHandler(): sending mouse input to server.
03:43:38  457 Client::eventHandler(): sending mouse input to server.
03:43:38  458 Client::eventHandler(): sending mouse input to server.
03:43:38  462 Client::eventHandler(): sending mouse input to server.
03:43:38  462 Client::eventHandler(): sending mouse input to server.
03:43:39  463 Client::eventHandler(): sending mouse input to server.
03:43:39  464 Client::eventHandler(): sending mouse input to server.
03:43:39  465 Client::eventHandler(): sending mouse input to server.
03:43:39  469 Client::eventHandler(): sending mouse input to server.
03:43:39  470 Client::eventHandler(): sending mouse input to server.
03:43:39  471 Client::eventHandler(): sending mouse input to server.
03:43:39  472 Client::eventHandler(): sending mouse input to server.
03:43:53  784 Client::eventHandler(): sending mouse input to server.
03:43:53  785 Client::eventHandler(): sending mouse input to server.
03:43:53  793 Client::eventHandler(): sending mouse input to server.
03:43:53  794 Client::eventHandler(): sending mouse input to server.
03:43:53  795 Client::eventHandler(): sending mouse input to server.
03:43:53  796 Client::eventHandler(): sending mouse input to server.
03:43:53  796 Client::eventHandler(): sending mouse input to server.
03:43:53  797 Client::eventHandler(): sending mouse input to server.
03:43:53  797 Client::eventHandler(): sending mouse input to server.
03:43:53  799 Client::eventHandler(): sending mouse input to server.
03:43:53  800 Client::eventHandler(): sending mouse input to server.
03:43:53  803 Client::eventHandler(): sending mouse input to server.
03:43:53  804 Client::eventHandler(): sending mouse input to server.
03:43:53  805 Client::eventHandler(): sending mouse input to server.
03:43:53  806 Client::eventHandler(): sending mouse input to server.
03:43:53  806 Client::eventHandler(): sending mouse input to server.
03:43:53  806 Client::eventHandler(): sending mouse input to server.
03:43:53  807 Client::eventHandler(): sending mouse input to server.
03:43:53  808 Client::eventHandler(): sending mouse input to server.
03:43:53  809 Client::eventHandler(): sending mouse input to server.
03:43:53  809 Client::eventHandler(): sending mouse input to server.
03:43:53  810 Client::eventHandler(): sending mouse input to server.
03:43:53  811 Client::eventHandler(): sending mouse input to server.
03:43:53  812 Client::eventHandler(): sending mouse input to server.
03:43:54  814 Client::eventHandler(): sending mouse input to server.
03:43:54  815 Client::eventHandler(): sending mouse input to server.
03:43:54  816 Client::eventHandler(): sending mouse input to server.
03:43:54  817 Client::eventHandler(): sending mouse input to server.
03:43:54  818 Client::eventHandler(): sending mouse input to server.
03:43:54  826 Client::eventHandler(): sending mouse input to server.
03:43:54  826 Client::eventHandler(): sending mouse input to server.
03:43:54  827 Client::eventHandler(): sending mouse input to server.
03:43:54  840 Client::eventHandler(): sending mouse input to server.
03:43:54  841 Client::eventHandler(): sending mouse input to server.
03:43:54  842 Client::eventHandler(): sending mouse input to server.
03:43:54  843 Client::eventHandler(): sending mouse input to server.
03:43:55  844 Client::eventHandler(): sending mouse input to server.
03:43:55  845 Client::eventHandler(): sending mouse input to server.
03:43:55  846 Client::eventHandler(): sending mouse input to server.
03:44:13 1415 GameManager::run(): end of game loop
03:44:13 1415 PathManager::shutDown(): successfully stopped.
03:44:13 1415 Path manager stopped
03:44:13 1415 WorldManager::shutDown(): Successfully stopped.
03:44:13 1415 World manager stopped
03:44:13 1415 ResourceManager::shutDown(): successfully stopped.
03:44:13 1415 Resource manager stopped
03:44:13 1415 NetworkManager::shutDown(): successfully stopped.
03:44:13 1415 Network manager stopped
03:44:13 1415 InputManager::shutDown(): successfully stopped.
03:44:13 1415 Input manager stopped
03:44:13 1415 DisplayManager::shutDown(): successfully stopped.
03:44:13 1415 Display manager stopped
03:44:13 1415 ** Game stopped **
03:44:13 1415 ****************************************************
03:44:13 1415 LogManager::shutDown(): successfully stopped.
