03:53:40    0 ****************************************************
03:53:40    0 ** Dragonfly version 4.12 **
03:53:40    0 Hello, Network! (v1.2)
03:53:40    0 0353_client_txvu1.log
03:53:40    0 ResourceManager::loadSprite(): Loading sprite 'sprites/explosion-spr.txt'
03:53:40    0 ResourceManager::loadSprite(): Opened file 'sprites/explosion-spr.txt'
03:53:40    0 ResourceManager::loadSprite(): Sprite 'explosion' successfully loaded
03:53:40    0 ResourceManager::loadSprite(): Loading sprite 'sprites/level_select.txt'
03:53:40    0 ResourceManager::loadSprite(): Opened file 'sprites/level_select.txt'
03:53:40    0 ResourceManager::loadSprite(): Sprite 'level_select' successfully loaded
03:53:40    0 ResourceManager::loadSprite(): Loading sprite 'sprites/gamestart-spr.txt'
03:53:40    0 ResourceManager::loadSprite(): Opened file 'sprites/gamestart-spr.txt'
03:53:40    0 ResourceManager::loadSprite(): Sprite 'gamestart' successfully loaded
03:53:40    0 ResourceManager::loadSprite(): Loading sprite 'sprites/gameover-spr.txt'
03:53:40    0 ResourceManager::loadSprite(): Opened file 'sprites/gameover-spr.txt'
03:53:40    0 ResourceManager::loadSprite(): Sprite 'gameover' successfully loaded
03:53:40    0 ResourceManager::loadSprite(): Loading sprite 'sprites/level_won.txt'
03:53:40    0 ResourceManager::loadSprite(): Opened file 'sprites/level_won.txt'
03:53:40    0 ResourceManager::loadSprite(): Sprite 'level_won' successfully loaded
03:53:40    0 ResourceManager::loadSprite(): Loading sprite 'sprites/level_intro.txt'
03:53:40    0 ResourceManager::loadSprite(): Opened file 'sprites/level_intro.txt'
03:53:40    0 ResourceManager::loadSprite(): Sprite 'level_intro' successfully loaded
03:53:40    0 ResourceManager::loadSprite(): Loading sprite 'sprites/level_1.txt'
03:53:40    0 ResourceManager::loadSprite(): Opened file 'sprites/level_1.txt'
03:53:40    0 ResourceManager::loadSprite(): Sprite 'level_1' successfully loaded
03:53:40    0 ResourceManager::loadSprite(): Loading sprite 'sprites/saucer-spr.txt'
03:53:40    0 ResourceManager::loadSprite(): Opened file 'sprites/saucer-spr.txt'
03:53:40    0 ResourceManager::loadSprite(): Sprite 'saucer' successfully loaded
03:53:40    0 ResourceManager::loadSprite(): Loading sprite 'sprites/ship-spr.txt'
03:53:40    0 ResourceManager::loadSprite(): Opened file 'sprites/ship-spr.txt'
03:53:40    0 ResourceManager::loadSprite(): Sprite 'ship' successfully loaded
03:53:40    0 ResourceManager::loadSprite(): Loading sprite 'sprites/boss.txt'
03:53:40    0 ResourceManager::loadSprite(): Opened file 'sprites/boss.txt'
03:53:40    0 ResourceManager::loadSprite(): Sprite 'boss' successfully loaded
03:53:40    0 ResourceManager::loadSprite(): Loading sprite 'sprites/boss-weakpoint.txt'
03:53:40    0 ResourceManager::loadSprite(): Opened file 'sprites/boss-weakpoint.txt'
03:53:40    0 ResourceManager::loadSprite(): Sprite 'boss-weakpoint' successfully loaded
03:53:40    0 ResourceManager::loadSprite(): Loading sprite 'sprites/ak47_2.txt'
03:53:40    0 ResourceManager::loadSprite(): Opened file 'sprites/ak47_2.txt'
03:53:40    0 ResourceManager::loadSprite(): Sprite 'AK47' successfully loaded
03:53:40    0 ResourceManager::loadSprite(): Loading sprite 'sprites/awp.txt'
03:53:40    0 ResourceManager::loadSprite(): Opened file 'sprites/awp.txt'
03:53:40    0 ResourceManager::loadSprite(): Sprite 'AWP' successfully loaded
03:53:40    0 ResourceManager::loadSprite(): Loading sprite 'sprites/grenade-launcher.txt'
03:53:40    0 ResourceManager::loadSprite(): Opened file 'sprites/grenade-launcher.txt'
03:53:40    0 ResourceManager::loadSprite(): Sprite 'GrenadeLauncher' successfully loaded
03:53:40    0 ResourceManager::loadSprite(): Loading sprite 'sprites/ak47_bullet.txt'
03:53:40    0 ResourceManager::loadSprite(): Opened file 'sprites/ak47_bullet.txt'
03:53:40    0 ResourceManager::loadSprite(): Sprite 'AK47_bullet' successfully loaded
03:53:40    0 ResourceManager::loadSprite(): Loading sprite 'sprites/awp_bullet.txt'
03:53:40    0 ResourceManager::loadSprite(): Opened file 'sprites/awp_bullet.txt'
03:53:40    0 ResourceManager::loadSprite(): Sprite 'AWP_bullet' successfully loaded
03:53:40    0 ResourceManager::loadSprite(): Loading sprite 'sprites/grenade_bullet.txt'
03:53:40    0 ResourceManager::loadSprite(): Opened file 'sprites/grenade_bullet.txt'
03:53:40    0 ResourceManager::loadSprite(): Sprite 'GrenadeLauncher_bullet' successfully loaded
03:53:40    0 ResourceManager::loadSprite(): Loading sprite 'sprites/bullet_trail.txt'
03:53:40    0 ResourceManager::loadSprite(): Opened file 'sprites/bullet_trail.txt'
03:53:40    0 ResourceManager::loadSprite(): Sprite 'bullet_trail' successfully loaded
03:53:40    0 ResourceManager::loadSprite(): Loading sprite 'sprites/explosion-spr.txt'
03:53:40    0 ResourceManager::loadSprite(): Opened file 'sprites/explosion-spr.txt'
03:53:40    0 ResourceManager::loadSprite(): Sprite 'explosion' successfully loaded
03:53:40    0 ResourceManager::loadSprite(): Loading sprite 'sprites/nuke.txt'
03:53:40    0 ResourceManager::loadSprite(): Opened file 'sprites/nuke.txt'
03:53:40    0 ResourceManager::loadSprite(): Sprite 'nuke' successfully loaded
03:53:40    0 ResourceManager::loadSprite(): Loading sprite 'sprites/character-walk_2.txt'
03:53:40    0 ResourceManager::loadSprite(): Opened file 'sprites/character-walk_2.txt'
03:53:40    0 ResourceManager::loadSprite(): Sprite 'character-walk' successfully loaded
03:53:40    0 ResourceManager::loadSprite(): Loading sprite 'sprites/character-duck.txt'
03:53:40    0 ResourceManager::loadSprite(): Opened file 'sprites/character-duck.txt'
03:53:40    0 ResourceManager::loadSprite(): Sprite 'character-duck' successfully loaded
03:53:40    0 ResourceManager::loadSprite(): Loading sprite 'sprites/platform.txt'
03:53:40    0 ResourceManager::loadSprite(): Opened file 'sprites/platform.txt'
03:53:40    0 ResourceManager::loadSprite(): Sprite 'platform' successfully loaded
03:53:40    0 ResourceManager::loadSprite(): Loading sprite 'sprites/refill-ammo.txt'
03:53:40    0 ResourceManager::loadSprite(): Opened file 'sprites/refill-ammo.txt'
03:53:40    0 ResourceManager::loadSprite(): Sprite 'ammo-refill' successfully loaded
03:53:40    0 ResourceManager::loadSprite(): Loading sprite 'sprites/intro/1.txt'
03:53:40    0 ResourceManager::loadSprite(): Opened file 'sprites/intro/1.txt'
03:53:40    0 ResourceManager::loadSprite(): Sprite 'intro_1' successfully loaded
03:53:40    0 ResourceManager::loadSprite(): Loading sprite 'sprites/intro/2.txt'
03:53:40    0 ResourceManager::loadSprite(): Opened file 'sprites/intro/2.txt'
03:53:40    0 ResourceManager::loadSprite(): Sprite 'intro_2' successfully loaded
03:53:40    0 ResourceManager::loadSprite(): Loading sprite 'sprites/intro/3.txt'
03:53:40    0 ResourceManager::loadSprite(): Opened file 'sprites/intro/3.txt'
03:53:40    0 ResourceManager::loadSprite(): Sprite 'intro_3' successfully loaded
03:53:40    0 ResourceManager::loadSprite(): Loading sprite 'sprites/intro/4.txt'
03:53:40    0 ResourceManager::loadSprite(): Opened file 'sprites/intro/4.txt'
03:53:40    0 ResourceManager::loadSprite(): Sprite 'intro_4' successfully loaded
03:53:40    0 ResourceManager::loadSprite(): Loading sprite 'sprites/intro/5.txt'
03:53:40    0 ResourceManager::loadSprite(): Opened file 'sprites/intro/5.txt'
03:53:40    0 ResourceManager::loadSprite(): Sprite 'intro_5' successfully loaded
03:53:40    0 ResourceManager::loadSprite(): Loading sprite 'sprites/intro/6.txt'
03:53:40    0 ResourceManager::loadSprite(): Opened file 'sprites/intro/6.txt'
03:53:40    0 ResourceManager::loadSprite(): Sprite 'intro_6' successfully loaded
03:53:40    0 ResourceManager::loadSprite(): Loading sprite 'sprites/intro/7.txt'
03:53:40    0 ResourceManager::loadSprite(): Opened file 'sprites/intro/7.txt'
03:53:40    0 ResourceManager::loadSprite(): Sprite 'intro_7' successfully loaded
03:53:40    0 ResourceManager::loadSprite(): Loading sprite 'sprites/intro/small.txt'
03:53:40    0 ResourceManager::loadSprite(): Opened file 'sprites/intro/small.txt'
03:53:40    0 ResourceManager::loadSprite(): Sprite 'intro_small' successfully loaded
03:53:40    0 ResourceManager::loadSprite(): Loading sprite 'sprites/number_font/green_0.txt'
03:53:40    0 ResourceManager::loadSprite(): Opened file 'sprites/number_font/green_0.txt'
03:53:40    0 ResourceManager::loadSprite(): Sprite 'green_0' successfully loaded
03:53:40    0 ResourceManager::loadSprite(): Loading sprite 'sprites/number_font/green_1.txt'
03:53:40    0 ResourceManager::loadSprite(): Opened file 'sprites/number_font/green_1.txt'
03:53:40    0 ResourceManager::loadSprite(): Sprite 'green_1' successfully loaded
03:53:40    0 ResourceManager::loadSprite(): Loading sprite 'sprites/number_font/green_2.txt'
03:53:40    0 ResourceManager::loadSprite(): Opened file 'sprites/number_font/green_2.txt'
03:53:40    0 ResourceManager::loadSprite(): Sprite 'green_2' successfully loaded
03:53:40    0 ResourceManager::loadSprite(): Loading sprite 'sprites/number_font/green_3.txt'
03:53:40    0 ResourceManager::loadSprite(): Opened file 'sprites/number_font/green_3.txt'
03:53:40    0 ResourceManager::loadSprite(): Sprite 'green_3' successfully loaded
03:53:40    0 ResourceManager::loadSprite(): Loading sprite 'sprites/number_font/green_4.txt'
03:53:40    0 ResourceManager::loadSprite(): Opened file 'sprites/number_font/green_4.txt'
03:53:40    0 ResourceManager::loadSprite(): Sprite 'green_4' successfully loaded
03:53:40    0 ResourceManager::loadSprite(): Loading sprite 'sprites/number_font/green_5.txt'
03:53:40    0 ResourceManager::loadSprite(): Opened file 'sprites/number_font/green_5.txt'
03:53:40    0 ResourceManager::loadSprite(): Sprite 'green_5' successfully loaded
03:53:40    0 ResourceManager::loadSprite(): Loading sprite 'sprites/number_font/green_6.txt'
03:53:40    0 ResourceManager::loadSprite(): Opened file 'sprites/number_font/green_6.txt'
03:53:40    0 ResourceManager::loadSprite(): Sprite 'green_6' successfully loaded
03:53:40    0 ResourceManager::loadSprite(): Loading sprite 'sprites/number_font/green_7.txt'
03:53:40    0 ResourceManager::loadSprite(): Opened file 'sprites/number_font/green_7.txt'
03:53:40    0 ResourceManager::loadSprite(): Sprite 'green_7' successfully loaded
03:53:40    0 ResourceManager::loadSprite(): Loading sprite 'sprites/number_font/green_8.txt'
03:53:40    0 ResourceManager::loadSprite(): Opened file 'sprites/number_font/green_8.txt'
03:53:40    0 ResourceManager::loadSprite(): Sprite 'green_8' successfully loaded
03:53:40    0 ResourceManager::loadSprite(): Loading sprite 'sprites/number_font/green_9.txt'
03:53:40    0 ResourceManager::loadSprite(): Opened file 'sprites/number_font/green_9.txt'
03:53:40    0 ResourceManager::loadSprite(): Sprite 'green_9' successfully loaded
03:53:40    0 ResourceManager::loadSprite(): Loading sprite 'sprites/number_font/red_0.txt'
03:53:40    0 ResourceManager::loadSprite(): Opened file 'sprites/number_font/red_0.txt'
03:53:40    0 ResourceManager::loadSprite(): Sprite 'red_0' successfully loaded
03:53:40    0 ResourceManager::loadSprite(): Loading sprite 'sprites/number_font/red_1.txt'
03:53:40    0 ResourceManager::loadSprite(): Opened file 'sprites/number_font/red_1.txt'
03:53:40    0 ResourceManager::loadSprite(): Sprite 'red_1' successfully loaded
03:53:40    0 ResourceManager::loadSprite(): Loading sprite 'sprites/number_font/red_2.txt'
03:53:40    0 ResourceManager::loadSprite(): Opened file 'sprites/number_font/red_2.txt'
03:53:40    0 ResourceManager::loadSprite(): Sprite 'red_2' successfully loaded
03:53:40    0 ResourceManager::loadSprite(): Loading sprite 'sprites/number_font/red_3.txt'
03:53:40    0 ResourceManager::loadSprite(): Opened file 'sprites/number_font/red_3.txt'
03:53:40    0 ResourceManager::loadSprite(): Sprite 'red_3' successfully loaded
03:53:40    0 ResourceManager::loadSprite(): Loading sprite 'sprites/number_font/red_4.txt'
03:53:40    0 ResourceManager::loadSprite(): Opened file 'sprites/number_font/red_4.txt'
03:53:40    0 ResourceManager::loadSprite(): Sprite 'red_4' successfully loaded
03:53:40    0 ResourceManager::loadSprite(): Loading sprite 'sprites/number_font/red_5.txt'
03:53:40    0 ResourceManager::loadSprite(): Opened file 'sprites/number_font/red_5.txt'
03:53:40    0 ResourceManager::loadSprite(): Sprite 'red_5' successfully loaded
03:53:40    0 ResourceManager::loadSprite(): Loading sprite 'sprites/number_font/red_6.txt'
03:53:40    0 ResourceManager::loadSprite(): Opened file 'sprites/number_font/red_6.txt'
03:53:40    0 ResourceManager::loadSprite(): Sprite 'red_6' successfully loaded
03:53:40    0 ResourceManager::loadSprite(): Loading sprite 'sprites/number_font/red_7.txt'
03:53:40    0 ResourceManager::loadSprite(): Opened file 'sprites/number_font/red_7.txt'
03:53:40    0 ResourceManager::loadSprite(): Sprite 'red_7' successfully loaded
03:53:40    0 ResourceManager::loadSprite(): Loading sprite 'sprites/number_font/red_8.txt'
03:53:40    0 ResourceManager::loadSprite(): Opened file 'sprites/number_font/red_8.txt'
03:53:40    0 ResourceManager::loadSprite(): Sprite 'red_8' successfully loaded
03:53:40    0 ResourceManager::loadSprite(): Loading sprite 'sprites/number_font/red_9.txt'
03:53:40    0 ResourceManager::loadSprite(): Opened file 'sprites/number_font/red_9.txt'
03:53:40    0 ResourceManager::loadSprite(): Sprite 'red_9' successfully loaded
03:53:40    0 ResourceManager::loadSprite(): Loading sprite 'sprites/number_font/yellow_0.txt'
03:53:40    0 ResourceManager::loadSprite(): Opened file 'sprites/number_font/yellow_0.txt'
03:53:40    0 ResourceManager::loadSprite(): Sprite 'yellow_0' successfully loaded
03:53:40    0 ResourceManager::loadSprite(): Loading sprite 'sprites/number_font/yellow_1.txt'
03:53:40    0 ResourceManager::loadSprite(): Opened file 'sprites/number_font/yellow_1.txt'
03:53:40    0 ResourceManager::loadSprite(): Sprite 'yellow_1' successfully loaded
03:53:40    0 ResourceManager::loadSprite(): Loading sprite 'sprites/number_font/yellow_2.txt'
03:53:40    0 ResourceManager::loadSprite(): Opened file 'sprites/number_font/yellow_2.txt'
03:53:40    0 ResourceManager::loadSprite(): Sprite 'yellow_2' successfully loaded
03:53:40    0 ResourceManager::loadSprite(): Loading sprite 'sprites/number_font/yellow_3.txt'
03:53:40    0 ResourceManager::loadSprite(): Opened file 'sprites/number_font/yellow_3.txt'
03:53:40    0 ResourceManager::loadSprite(): Sprite 'yellow_3' successfully loaded
03:53:40    0 ResourceManager::loadSprite(): Loading sprite 'sprites/number_font/yellow_4.txt'
03:53:40    0 ResourceManager::loadSprite(): Opened file 'sprites/number_font/yellow_4.txt'
03:53:40    0 ResourceManager::loadSprite(): Sprite 'yellow_4' successfully loaded
03:53:40    0 ResourceManager::loadSprite(): Loading sprite 'sprites/number_font/yellow_5.txt'
03:53:40    0 ResourceManager::loadSprite(): Opened file 'sprites/number_font/yellow_5.txt'
03:53:40    0 ResourceManager::loadSprite(): Sprite 'yellow_5' successfully loaded
03:53:40    0 ResourceManager::loadSprite(): Loading sprite 'sprites/number_font/yellow_6.txt'
03:53:40    0 ResourceManager::loadSprite(): Opened file 'sprites/number_font/yellow_6.txt'
03:53:40    0 ResourceManager::loadSprite(): Sprite 'yellow_6' successfully loaded
03:53:40    0 ResourceManager::loadSprite(): Loading sprite 'sprites/number_font/yellow_7.txt'
03:53:40    0 ResourceManager::loadSprite(): Opened file 'sprites/number_font/yellow_7.txt'
03:53:40    0 ResourceManager::loadSprite(): Sprite 'yellow_7' successfully loaded
03:53:40    0 ResourceManager::loadSprite(): Loading sprite 'sprites/number_font/yellow_8.txt'
03:53:40    0 ResourceManager::loadSprite(): Opened file 'sprites/number_font/yellow_8.txt'
03:53:40    0 ResourceManager::loadSprite(): Sprite 'yellow_8' successfully loaded
03:53:40    0 ResourceManager::loadSprite(): Loading sprite 'sprites/number_font/yellow_9.txt'
03:53:40    0 ResourceManager::loadSprite(): Opened file 'sprites/number_font/yellow_9.txt'
03:53:40    0 ResourceManager::loadSprite(): Sprite 'yellow_9' successfully loaded
03:53:40    0 ResourceManager::loadSprite(): Loading sprite 'sprites/number_font/slash.txt'
03:53:40    0 ResourceManager::loadSprite(): Opened file 'sprites/number_font/slash.txt'
03:53:40    0 ResourceManager::loadSprite(): Sprite 'slash' successfully loaded
03:53:40    0 ResourceManager::loadSprite(): Loading sprite 'sprites/ammo_display.txt'
03:53:40    0 ResourceManager::loadSprite(): Opened file 'sprites/ammo_display.txt'
03:53:40    0 ResourceManager::loadSprite(): Sprite 'ammo_display' successfully loaded
03:53:40    0 ResourceManager::loadSound(): Sound 'AK47_fire' successfully loaded
03:53:41    0 ResourceManager::loadSound(): Sound 'AWP_fire' successfully loaded
03:53:41    0 ResourceManager::loadSound(): Sound 'GrenadeLauncher_fire' successfully loaded
03:53:41    0 ResourceManager::loadSound(): Sound 'ammo_empty' successfully loaded
03:53:41    0 ResourceManager::loadSound(): Sound 'AK47_reload' successfully loaded
03:53:41    0 ResourceManager::loadSound(): Sound 'AWP_reload' successfully loaded
03:53:42    0 ResourceManager::loadSound(): Sound 'GrenadeLauncher_reload' successfully loaded
03:53:42    0 ResourceManager::loadSound(): Sound 'awp_bolt' successfully loaded
03:53:42    0 ResourceManager::loadSound(): Sound 'pickup1' successfully loaded
03:53:42    0 ResourceManager::loadSound(): Sound 'pickup2' successfully loaded
03:53:42    0 ResourceManager::loadSound(): Sound 'explode' successfully loaded
03:53:42    0 ResourceManager::loadSound(): Sound 'nuke' successfully loaded
03:53:42    0 ResourceManager::loadSound(): Sound 'saucer_death' successfully loaded
03:53:42    0 ResourceManager::loadSound(): Sound 'game over' successfully loaded
03:53:43    0 ResourceManager::loadSound(): Sound 'level_won' successfully loaded
03:53:43    0 ResourceManager::loadMusic(): Music 'start music' successfully loaded
03:53:43    0 ResourceManager::loadMusic(): Music 'music_theme' successfully loaded
03:53:43    0 ResourceManager::loadMusic(): Music 'music_boss' successfully loaded
03:53:43    0 Client::Client(): Connecting to localhost at port 9876.
03:53:43    0 NetworkManager::connect(): Connecting to localhost, port 9876.
03:53:43    0 NetworkManager::connect(): Connection established.
03:53:43    0 Client::handleConnect(): Client connected!
03:53:43    0 Client::Client(): Client started.
03:53:43    0 GameManager::run(): starting game loop
03:53:43    0 Client::eventHandler(): sending mouse input to server.
03:53:43    0 Client::eventHandler(): sending mouse input to server.
03:53:43    0 Client::eventHandler(): received custom network event.
03:53:43    0 	message: 20
03:53:43    2 Client::eventHandler(): sending mouse input to server.
03:53:43    3 Client::eventHandler(): sending mouse input to server.
03:53:43    4 Client::eventHandler(): sending mouse input to server.
03:53:43    5 Client::eventHandler(): sending mouse input to server.
03:53:43    6 Client::eventHandler(): sending mouse input to server.
03:53:43    7 Client::eventHandler(): sending mouse input to server.
03:53:43    8 Client::eventHandler(): sending mouse input to server.
03:53:43    9 Client::eventHandler(): sending mouse input to server.
03:53:43   10 Client::eventHandler(): sending mouse input to server.
03:53:43   11 Client::eventHandler(): sending mouse input to server.
03:53:43   12 Client::eventHandler(): sending mouse input to server.
03:53:43   13 Client::eventHandler(): sending mouse input to server.
03:53:43   14 Client::eventHandler(): sending mouse input to server.
03:53:43   15 Client::eventHandler(): sending mouse input to server.
03:53:43   17 Client::eventHandler(): sending mouse input to server.
03:53:43   18 Client::eventHandler(): sending mouse input to server.
03:53:43   22 Client::eventHandler(): sending mouse input to server.
03:53:43   23 Client::eventHandler(): sending mouse input to server.
03:53:43   24 Client::eventHandler(): sending mouse input to server.
03:53:43   25 Client::eventHandler(): sending mouse input to server.
03:53:47  124 Client::eventHandler(): sending mouse input to server.
03:53:47  125 Client::eventHandler(): sending mouse input to server.
03:53:51  227 Client::eventHandler(): sending mouse input to server.
03:53:51  228 Client::eventHandler(): sending mouse input to server.
03:53:51  229 Client::eventHandler(): sending mouse input to server.
03:53:51  230 Client::eventHandler(): sending mouse input to server.
03:53:51  253 Client::eventHandler(): sending mouse input to server.
03:53:51  253 Client::eventHandler(): sending mouse input to server.
03:53:52  254 Client::eventHandler(): sending mouse input to server.
03:53:52  254 Client::eventHandler(): sending mouse input to server.
03:53:52  255 Client::eventHandler(): sending mouse input to server.
03:53:52  256 Client::eventHandler(): sending mouse input to server.
03:53:52  257 Client::eventHandler(): sending mouse input to server.
03:53:52  258 Client::eventHandler(): sending mouse input to server.
03:53:52  258 Client::eventHandler(): sending mouse input to server.
03:53:52  258 Client::eventHandler(): sending mouse input to server.
03:53:52  259 Client::eventHandler(): sending mouse input to server.
03:53:52  260 Client::eventHandler(): sending mouse input to server.
03:53:52  260 Client::eventHandler(): sending mouse input to server.
03:53:52  261 Client::eventHandler(): sending mouse input to server.
03:53:52  261 Client::eventHandler(): sending mouse input to server.
03:53:52  262 Client::eventHandler(): sending mouse input to server.
03:53:52  263 Client::eventHandler(): sending mouse input to server.
03:53:52  264 Client::eventHandler(): sending mouse input to server.
03:53:52  264 Client::eventHandler(): sending mouse input to server.
03:53:52  264 Client::eventHandler(): sending mouse input to server.
03:53:52  265 Client::eventHandler(): sending mouse input to server.
03:53:52  265 Client::eventHandler(): sending mouse input to server.
03:53:52  265 Client::eventHandler(): sending mouse input to server.
03:53:52  265 Client::eventHandler(): sending mouse input to server.
03:53:52  266 Client::eventHandler(): sending mouse input to server.
03:53:52  267 Client::eventHandler(): sending mouse input to server.
03:53:52  268 Client::eventHandler(): sending mouse input to server.
03:53:52  268 Client::eventHandler(): sending mouse input to server.
03:53:52  269 Client::eventHandler(): sending mouse input to server.
03:53:52  269 Client::eventHandler(): sending mouse input to server.
03:53:52  269 Client::eventHandler(): sending mouse input to server.
03:53:52  270 Client::eventHandler(): sending mouse input to server.
03:53:52  271 Client::eventHandler(): sending mouse input to server.
03:53:52  272 Client::eventHandler(): sending mouse input to server.
03:53:52  279 Client::eventHandler(): sending mouse input to server.
03:53:52  281 Client::eventHandler(): sending mouse input to server.
03:53:52  281 Client::eventHandler(): sending mouse input to server.
03:53:52  282 Client::eventHandler(): sending mouse input to server.
03:53:52  283 Client::eventHandler(): sending mouse input to server.
03:53:53  289 Client::eventHandler(): sending mouse input to server.
03:53:53  290 Client::eventHandler(): sending mouse input to server.
03:53:53  290 Client::eventHandler(): sending mouse input to server.
03:53:53  291 Client::eventHandler(): sending mouse input to server.
03:53:53  292 Client::eventHandler(): sending mouse input to server.
03:53:53  293 Client::eventHandler(): sending mouse input to server.
03:53:53  293 Client::eventHandler(): sending mouse input to server.
03:53:53  294 Client::eventHandler(): sending mouse input to server.
03:53:53  295 Client::eventHandler(): sending mouse input to server.
03:53:53  302 Client::eventHandler(): sending mouse input to server.
03:53:53  302 Client::eventHandler(): sending mouse input to server.
03:53:53  303 Client::eventHandler(): sending mouse input to server.
03:53:53  304 Client::eventHandler(): sending mouse input to server.
03:53:53  305 Client::eventHandler(): sending mouse input to server.
03:53:53  306 Client::eventHandler(): sending mouse input to server.
03:53:53  307 Client::eventHandler(): sending mouse input to server.
03:53:53  310 Client::eventHandler(): sending mouse input to server.
03:53:53  311 Client::eventHandler(): sending mouse input to server.
03:53:53  312 Client::eventHandler(): sending mouse input to server.
03:53:53  313 Client::eventHandler(): sending mouse input to server.
03:53:53  314 Client::eventHandler(): sending mouse input to server.
03:53:54  315 Client::eventHandler(): sending mouse input to server.
03:53:54  315 Client::eventHandler(): sending mouse input to server.
03:53:54  315 Client::eventHandler(): sending mouse input to server.
03:53:58  415 GameManager::run(): Can't keep up! frame_time 33 ms, split 879 ms
03:53:58  423 Client::eventHandler(): sending mouse input to server.
03:53:58  424 Client::eventHandler(): sending mouse input to server.
03:53:58  425 Client::eventHandler(): sending mouse input to server.
03:53:58  426 Client::eventHandler(): sending mouse input to server.
03:53:58  427 Client::eventHandler(): sending mouse input to server.
03:53:58  427 Client::eventHandler(): sending mouse input to server.
03:53:58  428 Client::eventHandler(): sending mouse input to server.
03:53:58  429 Client::eventHandler(): sending mouse input to server.
03:53:58  432 Client::eventHandler(): sending mouse input to server.
03:53:58  432 Client::eventHandler(): sending mouse input to server.
03:53:58  433 Client::eventHandler(): sending mouse input to server.
03:53:58  435 Client::eventHandler(): sending mouse input to server.
03:53:58  436 Client::eventHandler(): sending mouse input to server.
03:53:58  437 Client::eventHandler(): sending mouse input to server.
03:53:58  437 Client::eventHandler(): sending mouse input to server.
03:53:58  437 Client::eventHandler(): sending mouse input to server.
03:53:58  438 Client::eventHandler(): sending mouse input to server.
03:53:58  438 Client::eventHandler(): sending mouse input to server.
03:53:58  439 Client::eventHandler(): sending mouse input to server.
03:53:58  440 Client::eventHandler(): sending mouse input to server.
03:53:58  440 Client::eventHandler(): sending mouse input to server.
03:53:59  441 Client::eventHandler(): sending mouse input to server.
03:53:59  442 Client::eventHandler(): sending mouse input to server.
03:53:59  442 Client::eventHandler(): sending mouse input to server.
03:53:59  443 Client::eventHandler(): sending mouse input to server.
03:53:59  445 Client::eventHandler(): sending mouse input to server.
03:53:59  445 Client::eventHandler(): sending mouse input to server.
03:53:59  446 Client::eventHandler(): sending mouse input to server.
03:53:59  450 Client::eventHandler(): sending mouse input to server.
03:53:59  451 Client::eventHandler(): sending mouse input to server.
03:53:59  451 Client::eventHandler(): sending mouse input to server.
03:53:59  452 Client::eventHandler(): sending mouse input to server.
03:53:59  453 Client::eventHandler(): sending mouse input to server.
03:53:59  454 Client::eventHandler(): sending mouse input to server.
03:53:59  455 Client::eventHandler(): sending mouse input to server.
03:53:59  458 Client::eventHandler(): sending mouse input to server.
03:53:59  459 Client::eventHandler(): sending mouse input to server.
03:53:59  460 Client::eventHandler(): sending mouse input to server.
03:53:59  461 Client::eventHandler(): sending mouse input to server.
03:53:59  461 Client::eventHandler(): sending mouse input to server.
03:53:59  461 Client::eventHandler(): sending mouse input to server.
03:53:59  462 Client::eventHandler(): sending mouse input to server.
03:53:59  462 Client::eventHandler(): sending mouse input to server.
03:53:59  463 Client::eventHandler(): sending mouse input to server.
03:53:59  463 Client::eventHandler(): sending mouse input to server.
03:53:59  468 Client::eventHandler(): sending mouse input to server.
03:53:59  469 Client::eventHandler(): sending mouse input to server.
03:53:59  470 Client::eventHandler(): sending mouse input to server.
03:54:00  472 Client::eventHandler(): sending mouse input to server.
03:54:00  489 Client::eventHandler(): sending mouse input to server.
03:54:00  490 Client::eventHandler(): sending mouse input to server.
03:54:00  491 Client::eventHandler(): sending mouse input to server.
03:54:00  492 Client::eventHandler(): sending mouse input to server.
03:54:00  492 Client::eventHandler(): sending mouse input to server.
03:54:00  493 Client::eventHandler(): sending mouse input to server.
03:54:00  494 Client::eventHandler(): sending mouse input to server.
03:54:00  495 Client::eventHandler(): sending mouse input to server.
03:54:00  496 Client::eventHandler(): sending mouse input to server.
03:54:00  497 Client::eventHandler(): sending mouse input to server.
03:54:00  498 Client::eventHandler(): sending mouse input to server.
03:54:00  498 Client::eventHandler(): sending mouse input to server.
03:54:00  499 Client::eventHandler(): sending mouse input to server.
03:54:00  500 Client::eventHandler(): sending mouse input to server.
03:54:01  503 Client::eventHandler(): sending mouse input to server.
03:54:01  505 Client::eventHandler(): sending mouse input to server.
03:54:01  505 Client::eventHandler(): sending mouse input to server.
03:54:01  506 Client::eventHandler(): sending mouse input to server.
03:54:01  507 Client::eventHandler(): sending mouse input to server.
03:54:01  508 Client::eventHandler(): sending mouse input to server.
03:54:01  509 Client::eventHandler(): sending mouse input to server.
03:54:01  509 Client::eventHandler(): sending mouse input to server.
03:54:01  510 Client::eventHandler(): sending mouse input to server.
03:54:01  510 Client::eventHandler(): sending mouse input to server.
03:54:01  511 Client::eventHandler(): sending mouse input to server.
03:54:01  511 Client::eventHandler(): sending mouse input to server.
03:54:01  512 Client::eventHandler(): sending mouse input to server.
03:54:01  512 Client::eventHandler(): sending mouse input to server.
03:54:01  513 Client::eventHandler(): sending mouse input to server.
03:54:01  513 Client::eventHandler(): sending mouse input to server.
03:54:01  514 Client::eventHandler(): sending mouse input to server.
03:54:01  514 Client::eventHandler(): sending mouse input to server.
03:54:01  515 Client::eventHandler(): sending mouse input to server.
03:54:01  515 Client::eventHandler(): sending mouse input to server.
03:54:01  516 Client::eventHandler(): sending mouse input to server.
03:54:01  516 Client::eventHandler(): sending mouse input to server.
03:54:01  517 Client::eventHandler(): sending mouse input to server.
03:54:01  517 Client::eventHandler(): sending mouse input to server.
03:54:01  518 Client::eventHandler(): sending mouse input to server.
03:54:01  519 Client::eventHandler(): sending mouse input to server.
03:54:01  519 Client::eventHandler(): sending mouse input to server.
03:54:03  540 Client::eventHandler(): sending mouse input to server.
03:54:03  541 Client::eventHandler(): sending mouse input to server.
03:54:03  541 Client::eventHandler(): sending mouse input to server.
03:54:03  542 Client::eventHandler(): sending mouse input to server.
03:54:03  544 Client::eventHandler(): sending mouse input to server.
03:54:03  545 Client::eventHandler(): sending mouse input to server.
03:54:03  546 Client::eventHandler(): sending mouse input to server.
03:54:06  629 Client::eventHandler(): sending mouse input to server.
03:54:06  630 Client::eventHandler(): sending mouse input to server.
03:54:06  631 Client::eventHandler(): sending mouse input to server.
03:54:06  632 Client::eventHandler(): sending mouse input to server.
03:54:06  633 Client::eventHandler(): sending mouse input to server.
03:54:06  634 Client::eventHandler(): sending mouse input to server.
03:54:06  636 Client::eventHandler(): sending mouse input to server.
03:54:06  637 Client::eventHandler(): sending mouse input to server.
03:54:06  638 Client::eventHandler(): sending mouse input to server.
03:54:06  638 Client::eventHandler(): sending mouse input to server.
03:54:06  638 Client::eventHandler(): sending mouse input to server.
03:54:06  639 Client::eventHandler(): sending mouse input to server.
03:54:06  639 Client::eventHandler(): sending mouse input to server.
03:54:06  640 Client::eventHandler(): sending mouse input to server.
03:54:06  641 Client::eventHandler(): sending mouse input to server.
03:54:06  642 Client::eventHandler(): sending mouse input to server.
03:54:06  642 Client::eventHandler(): sending mouse input to server.
03:54:06  643 Client::eventHandler(): sending mouse input to server.
03:54:06  644 Client::eventHandler(): sending mouse input to server.
03:54:06  645 Client::eventHandler(): sending mouse input to server.
03:54:07  648 Client::eventHandler(): sending mouse input to server.
03:54:07  648 Client::eventHandler(): sending mouse input to server.
03:54:07  649 Client::eventHandler(): sending mouse input to server.
03:54:07  652 Client::eventHandler(): sending mouse input to server.
03:54:07  653 Client::eventHandler(): sending mouse input to server.
03:54:07  654 Client::eventHandler(): sending mouse input to server.
03:54:07  655 Client::eventHandler(): sending mouse input to server.
03:54:07  656 Client::eventHandler(): sending mouse input to server.
03:54:07  657 Client::eventHandler(): sending mouse input to server.
03:54:07  657 Client::eventHandler(): sending mouse input to server.
03:54:07  658 Client::eventHandler(): sending mouse input to server.
03:54:07  659 Client::eventHandler(): sending mouse input to server.
03:54:07  667 Client::eventHandler(): sending mouse input to server.
03:54:07  669 Client::eventHandler(): sending mouse input to server.
03:54:07  671 Client::eventHandler(): sending mouse input to server.
03:54:07  672 Client::eventHandler(): sending mouse input to server.
03:54:07  675 Client::eventHandler(): sending mouse input to server.
03:54:07  676 Client::eventHandler(): sending mouse input to server.
03:54:07  677 Client::eventHandler(): sending mouse input to server.
03:54:12  805 Client::eventHandler(): sending mouse input to server.
03:54:12  806 Client::eventHandler(): sending mouse input to server.
03:54:13  852 Client::eventHandler(): sending mouse input to server.
03:54:13  852 Client::eventHandler(): sending mouse input to server.
03:54:13  853 Client::eventHandler(): sending mouse input to server.
03:54:13  853 Client::eventHandler(): sending mouse input to server.
03:54:13  854 Client::eventHandler(): sending mouse input to server.
03:54:13  855 Client::eventHandler(): sending mouse input to server.
03:54:13  856 Client::eventHandler(): sending mouse input to server.
03:54:13  857 Client::eventHandler(): sending mouse input to server.
03:54:13  858 Client::eventHandler(): sending mouse input to server.
03:54:13  859 Client::eventHandler(): sending mouse input to server.
03:54:14  860 Client::eventHandler(): sending mouse input to server.
03:54:14  860 Client::eventHandler(): sending mouse input to server.
03:54:14  861 Client::eventHandler(): sending mouse input to server.
03:54:14  862 Client::eventHandler(): sending mouse input to server.
03:54:14  862 Client::eventHandler(): sending mouse input to server.
03:54:14  862 Client::eventHandler(): sending mouse input to server.
03:54:15  889 InputManager::getInput(): Window close event. Setting game over.
03:54:15  890 GameManager::run(): end of game loop
03:54:15  890 PathManager::shutDown(): successfully stopped.
03:54:15  890 Path manager stopped
03:54:15  890 WorldManager::shutDown(): Successfully stopped.
03:54:15  890 World manager stopped
03:54:15  890 ResourceManager::shutDown(): successfully stopped.
03:54:15  890 Resource manager stopped
03:54:15  890 NetworkManager::shutDown(): successfully stopped.
03:54:15  890 Network manager stopped
03:54:15  890 InputManager::shutDown(): successfully stopped.
03:54:15  890 Input manager stopped
03:54:15  890 DisplayManager::shutDown(): successfully stopped.
03:54:15  890 Display manager stopped
03:54:15  890 ** Game stopped **
03:54:15  890 ****************************************************
03:54:15  890 LogManager::shutDown(): successfully stopped.
