03:58:07    0 ****************************************************
03:58:07    0 ** Dragonfly version 4.12 **
03:58:08    0 Hello, Network! (v1.2)
03:58:08    0 0358_client_txvu1.log
03:58:08    0 ResourceManager::loadSprite(): Loading sprite 'sprites/explosion-spr.txt'
03:58:08    0 ResourceManager::loadSprite(): Opened file 'sprites/explosion-spr.txt'
03:58:08    0 ResourceManager::loadSprite(): Sprite 'explosion' successfully loaded
03:58:08    0 ResourceManager::loadSprite(): Loading sprite 'sprites/level_select.txt'
03:58:08    0 ResourceManager::loadSprite(): Opened file 'sprites/level_select.txt'
03:58:08    0 ResourceManager::loadSprite(): Sprite 'level_select' successfully loaded
03:58:08    0 ResourceManager::loadSprite(): Loading sprite 'sprites/gamestart-spr.txt'
03:58:08    0 ResourceManager::loadSprite(): Opened file 'sprites/gamestart-spr.txt'
03:58:08    0 ResourceManager::loadSprite(): Sprite 'gamestart' successfully loaded
03:58:08    0 ResourceManager::loadSprite(): Loading sprite 'sprites/gameover-spr.txt'
03:58:08    0 ResourceManager::loadSprite(): Opened file 'sprites/gameover-spr.txt'
03:58:08    0 ResourceManager::loadSprite(): Sprite 'gameover' successfully loaded
03:58:08    0 ResourceManager::loadSprite(): Loading sprite 'sprites/level_won.txt'
03:58:08    0 ResourceManager::loadSprite(): Opened file 'sprites/level_won.txt'
03:58:08    0 ResourceManager::loadSprite(): Sprite 'level_won' successfully loaded
03:58:08    0 ResourceManager::loadSprite(): Loading sprite 'sprites/level_intro.txt'
03:58:08    0 ResourceManager::loadSprite(): Opened file 'sprites/level_intro.txt'
03:58:08    0 ResourceManager::loadSprite(): Sprite 'level_intro' successfully loaded
03:58:08    0 ResourceManager::loadSprite(): Loading sprite 'sprites/level_1.txt'
03:58:08    0 ResourceManager::loadSprite(): Opened file 'sprites/level_1.txt'
03:58:08    0 ResourceManager::loadSprite(): Sprite 'level_1' successfully loaded
03:58:08    0 ResourceManager::loadSprite(): Loading sprite 'sprites/saucer-spr.txt'
03:58:08    0 ResourceManager::loadSprite(): Opened file 'sprites/saucer-spr.txt'
03:58:08    0 ResourceManager::loadSprite(): Sprite 'saucer' successfully loaded
03:58:08    0 ResourceManager::loadSprite(): Loading sprite 'sprites/ship-spr.txt'
03:58:08    0 ResourceManager::loadSprite(): Opened file 'sprites/ship-spr.txt'
03:58:08    0 ResourceManager::loadSprite(): Sprite 'ship' successfully loaded
03:58:08    0 ResourceManager::loadSprite(): Loading sprite 'sprites/boss.txt'
03:58:08    0 ResourceManager::loadSprite(): Opened file 'sprites/boss.txt'
03:58:08    0 ResourceManager::loadSprite(): Sprite 'boss' successfully loaded
03:58:08    0 ResourceManager::loadSprite(): Loading sprite 'sprites/boss-weakpoint.txt'
03:58:08    0 ResourceManager::loadSprite(): Opened file 'sprites/boss-weakpoint.txt'
03:58:08    0 ResourceManager::loadSprite(): Sprite 'boss-weakpoint' successfully loaded
03:58:08    0 ResourceManager::loadSprite(): Loading sprite 'sprites/ak47_2.txt'
03:58:08    0 ResourceManager::loadSprite(): Opened file 'sprites/ak47_2.txt'
03:58:08    0 ResourceManager::loadSprite(): Sprite 'AK47' successfully loaded
03:58:08    0 ResourceManager::loadSprite(): Loading sprite 'sprites/awp.txt'
03:58:08    0 ResourceManager::loadSprite(): Opened file 'sprites/awp.txt'
03:58:08    0 ResourceManager::loadSprite(): Sprite 'AWP' successfully loaded
03:58:08    0 ResourceManager::loadSprite(): Loading sprite 'sprites/grenade-launcher.txt'
03:58:08    0 ResourceManager::loadSprite(): Opened file 'sprites/grenade-launcher.txt'
03:58:08    0 ResourceManager::loadSprite(): Sprite 'GrenadeLauncher' successfully loaded
03:58:08    0 ResourceManager::loadSprite(): Loading sprite 'sprites/ak47_bullet.txt'
03:58:08    0 ResourceManager::loadSprite(): Opened file 'sprites/ak47_bullet.txt'
03:58:08    0 ResourceManager::loadSprite(): Sprite 'AK47_bullet' successfully loaded
03:58:08    0 ResourceManager::loadSprite(): Loading sprite 'sprites/awp_bullet.txt'
03:58:08    0 ResourceManager::loadSprite(): Opened file 'sprites/awp_bullet.txt'
03:58:08    0 ResourceManager::loadSprite(): Sprite 'AWP_bullet' successfully loaded
03:58:08    0 ResourceManager::loadSprite(): Loading sprite 'sprites/grenade_bullet.txt'
03:58:08    0 ResourceManager::loadSprite(): Opened file 'sprites/grenade_bullet.txt'
03:58:08    0 ResourceManager::loadSprite(): Sprite 'GrenadeLauncher_bullet' successfully loaded
03:58:08    0 ResourceManager::loadSprite(): Loading sprite 'sprites/bullet_trail.txt'
03:58:08    0 ResourceManager::loadSprite(): Opened file 'sprites/bullet_trail.txt'
03:58:08    0 ResourceManager::loadSprite(): Sprite 'bullet_trail' successfully loaded
03:58:08    0 ResourceManager::loadSprite(): Loading sprite 'sprites/explosion-spr.txt'
03:58:08    0 ResourceManager::loadSprite(): Opened file 'sprites/explosion-spr.txt'
03:58:08    0 ResourceManager::loadSprite(): Sprite 'explosion' successfully loaded
03:58:08    0 ResourceManager::loadSprite(): Loading sprite 'sprites/nuke.txt'
03:58:08    0 ResourceManager::loadSprite(): Opened file 'sprites/nuke.txt'
03:58:08    0 ResourceManager::loadSprite(): Sprite 'nuke' successfully loaded
03:58:08    0 ResourceManager::loadSprite(): Loading sprite 'sprites/character-walk_2.txt'
03:58:08    0 ResourceManager::loadSprite(): Opened file 'sprites/character-walk_2.txt'
03:58:08    0 ResourceManager::loadSprite(): Sprite 'character-walk' successfully loaded
03:58:08    0 ResourceManager::loadSprite(): Loading sprite 'sprites/character-duck.txt'
03:58:08    0 ResourceManager::loadSprite(): Opened file 'sprites/character-duck.txt'
03:58:08    0 ResourceManager::loadSprite(): Sprite 'character-duck' successfully loaded
03:58:08    0 ResourceManager::loadSprite(): Loading sprite 'sprites/platform.txt'
03:58:08    0 ResourceManager::loadSprite(): Opened file 'sprites/platform.txt'
03:58:08    0 ResourceManager::loadSprite(): Sprite 'platform' successfully loaded
03:58:08    0 ResourceManager::loadSprite(): Loading sprite 'sprites/refill-ammo.txt'
03:58:08    0 ResourceManager::loadSprite(): Opened file 'sprites/refill-ammo.txt'
03:58:08    0 ResourceManager::loadSprite(): Sprite 'ammo-refill' successfully loaded
03:58:08    0 ResourceManager::loadSprite(): Loading sprite 'sprites/intro/1.txt'
03:58:08    0 ResourceManager::loadSprite(): Opened file 'sprites/intro/1.txt'
03:58:08    0 ResourceManager::loadSprite(): Sprite 'intro_1' successfully loaded
03:58:08    0 ResourceManager::loadSprite(): Loading sprite 'sprites/intro/2.txt'
03:58:08    0 ResourceManager::loadSprite(): Opened file 'sprites/intro/2.txt'
03:58:08    0 ResourceManager::loadSprite(): Sprite 'intro_2' successfully loaded
03:58:08    0 ResourceManager::loadSprite(): Loading sprite 'sprites/intro/3.txt'
03:58:08    0 ResourceManager::loadSprite(): Opened file 'sprites/intro/3.txt'
03:58:08    0 ResourceManager::loadSprite(): Sprite 'intro_3' successfully loaded
03:58:08    0 ResourceManager::loadSprite(): Loading sprite 'sprites/intro/4.txt'
03:58:08    0 ResourceManager::loadSprite(): Opened file 'sprites/intro/4.txt'
03:58:08    0 ResourceManager::loadSprite(): Sprite 'intro_4' successfully loaded
03:58:08    0 ResourceManager::loadSprite(): Loading sprite 'sprites/intro/5.txt'
03:58:08    0 ResourceManager::loadSprite(): Opened file 'sprites/intro/5.txt'
03:58:08    0 ResourceManager::loadSprite(): Sprite 'intro_5' successfully loaded
03:58:08    0 ResourceManager::loadSprite(): Loading sprite 'sprites/intro/6.txt'
03:58:08    0 ResourceManager::loadSprite(): Opened file 'sprites/intro/6.txt'
03:58:08    0 ResourceManager::loadSprite(): Sprite 'intro_6' successfully loaded
03:58:08    0 ResourceManager::loadSprite(): Loading sprite 'sprites/intro/7.txt'
03:58:08    0 ResourceManager::loadSprite(): Opened file 'sprites/intro/7.txt'
03:58:08    0 ResourceManager::loadSprite(): Sprite 'intro_7' successfully loaded
03:58:08    0 ResourceManager::loadSprite(): Loading sprite 'sprites/intro/small.txt'
03:58:08    0 ResourceManager::loadSprite(): Opened file 'sprites/intro/small.txt'
03:58:08    0 ResourceManager::loadSprite(): Sprite 'intro_small' successfully loaded
03:58:08    0 ResourceManager::loadSprite(): Loading sprite 'sprites/number_font/green_0.txt'
03:58:08    0 ResourceManager::loadSprite(): Opened file 'sprites/number_font/green_0.txt'
03:58:08    0 ResourceManager::loadSprite(): Sprite 'green_0' successfully loaded
03:58:08    0 ResourceManager::loadSprite(): Loading sprite 'sprites/number_font/green_1.txt'
03:58:08    0 ResourceManager::loadSprite(): Opened file 'sprites/number_font/green_1.txt'
03:58:08    0 ResourceManager::loadSprite(): Sprite 'green_1' successfully loaded
03:58:08    0 ResourceManager::loadSprite(): Loading sprite 'sprites/number_font/green_2.txt'
03:58:08    0 ResourceManager::loadSprite(): Opened file 'sprites/number_font/green_2.txt'
03:58:08    0 ResourceManager::loadSprite(): Sprite 'green_2' successfully loaded
03:58:08    0 ResourceManager::loadSprite(): Loading sprite 'sprites/number_font/green_3.txt'
03:58:08    0 ResourceManager::loadSprite(): Opened file 'sprites/number_font/green_3.txt'
03:58:08    0 ResourceManager::loadSprite(): Sprite 'green_3' successfully loaded
03:58:08    0 ResourceManager::loadSprite(): Loading sprite 'sprites/number_font/green_4.txt'
03:58:08    0 ResourceManager::loadSprite(): Opened file 'sprites/number_font/green_4.txt'
03:58:08    0 ResourceManager::loadSprite(): Sprite 'green_4' successfully loaded
03:58:08    0 ResourceManager::loadSprite(): Loading sprite 'sprites/number_font/green_5.txt'
03:58:08    0 ResourceManager::loadSprite(): Opened file 'sprites/number_font/green_5.txt'
03:58:08    0 ResourceManager::loadSprite(): Sprite 'green_5' successfully loaded
03:58:08    0 ResourceManager::loadSprite(): Loading sprite 'sprites/number_font/green_6.txt'
03:58:08    0 ResourceManager::loadSprite(): Opened file 'sprites/number_font/green_6.txt'
03:58:08    0 ResourceManager::loadSprite(): Sprite 'green_6' successfully loaded
03:58:08    0 ResourceManager::loadSprite(): Loading sprite 'sprites/number_font/green_7.txt'
03:58:08    0 ResourceManager::loadSprite(): Opened file 'sprites/number_font/green_7.txt'
03:58:08    0 ResourceManager::loadSprite(): Sprite 'green_7' successfully loaded
03:58:08    0 ResourceManager::loadSprite(): Loading sprite 'sprites/number_font/green_8.txt'
03:58:08    0 ResourceManager::loadSprite(): Opened file 'sprites/number_font/green_8.txt'
03:58:08    0 ResourceManager::loadSprite(): Sprite 'green_8' successfully loaded
03:58:08    0 ResourceManager::loadSprite(): Loading sprite 'sprites/number_font/green_9.txt'
03:58:08    0 ResourceManager::loadSprite(): Opened file 'sprites/number_font/green_9.txt'
03:58:08    0 ResourceManager::loadSprite(): Sprite 'green_9' successfully loaded
03:58:08    0 ResourceManager::loadSprite(): Loading sprite 'sprites/number_font/red_0.txt'
03:58:08    0 ResourceManager::loadSprite(): Opened file 'sprites/number_font/red_0.txt'
03:58:08    0 ResourceManager::loadSprite(): Sprite 'red_0' successfully loaded
03:58:08    0 ResourceManager::loadSprite(): Loading sprite 'sprites/number_font/red_1.txt'
03:58:08    0 ResourceManager::loadSprite(): Opened file 'sprites/number_font/red_1.txt'
03:58:08    0 ResourceManager::loadSprite(): Sprite 'red_1' successfully loaded
03:58:08    0 ResourceManager::loadSprite(): Loading sprite 'sprites/number_font/red_2.txt'
03:58:08    0 ResourceManager::loadSprite(): Opened file 'sprites/number_font/red_2.txt'
03:58:08    0 ResourceManager::loadSprite(): Sprite 'red_2' successfully loaded
03:58:08    0 ResourceManager::loadSprite(): Loading sprite 'sprites/number_font/red_3.txt'
03:58:08    0 ResourceManager::loadSprite(): Opened file 'sprites/number_font/red_3.txt'
03:58:08    0 ResourceManager::loadSprite(): Sprite 'red_3' successfully loaded
03:58:08    0 ResourceManager::loadSprite(): Loading sprite 'sprites/number_font/red_4.txt'
03:58:08    0 ResourceManager::loadSprite(): Opened file 'sprites/number_font/red_4.txt'
03:58:08    0 ResourceManager::loadSprite(): Sprite 'red_4' successfully loaded
03:58:08    0 ResourceManager::loadSprite(): Loading sprite 'sprites/number_font/red_5.txt'
03:58:08    0 ResourceManager::loadSprite(): Opened file 'sprites/number_font/red_5.txt'
03:58:08    0 ResourceManager::loadSprite(): Sprite 'red_5' successfully loaded
03:58:08    0 ResourceManager::loadSprite(): Loading sprite 'sprites/number_font/red_6.txt'
03:58:08    0 ResourceManager::loadSprite(): Opened file 'sprites/number_font/red_6.txt'
03:58:08    0 ResourceManager::loadSprite(): Sprite 'red_6' successfully loaded
03:58:08    0 ResourceManager::loadSprite(): Loading sprite 'sprites/number_font/red_7.txt'
03:58:08    0 ResourceManager::loadSprite(): Opened file 'sprites/number_font/red_7.txt'
03:58:08    0 ResourceManager::loadSprite(): Sprite 'red_7' successfully loaded
03:58:08    0 ResourceManager::loadSprite(): Loading sprite 'sprites/number_font/red_8.txt'
03:58:08    0 ResourceManager::loadSprite(): Opened file 'sprites/number_font/red_8.txt'
03:58:08    0 ResourceManager::loadSprite(): Sprite 'red_8' successfully loaded
03:58:08    0 ResourceManager::loadSprite(): Loading sprite 'sprites/number_font/red_9.txt'
03:58:08    0 ResourceManager::loadSprite(): Opened file 'sprites/number_font/red_9.txt'
03:58:08    0 ResourceManager::loadSprite(): Sprite 'red_9' successfully loaded
03:58:08    0 ResourceManager::loadSprite(): Loading sprite 'sprites/number_font/yellow_0.txt'
03:58:08    0 ResourceManager::loadSprite(): Opened file 'sprites/number_font/yellow_0.txt'
03:58:08    0 ResourceManager::loadSprite(): Sprite 'yellow_0' successfully loaded
03:58:08    0 ResourceManager::loadSprite(): Loading sprite 'sprites/number_font/yellow_1.txt'
03:58:08    0 ResourceManager::loadSprite(): Opened file 'sprites/number_font/yellow_1.txt'
03:58:08    0 ResourceManager::loadSprite(): Sprite 'yellow_1' successfully loaded
03:58:08    0 ResourceManager::loadSprite(): Loading sprite 'sprites/number_font/yellow_2.txt'
03:58:08    0 ResourceManager::loadSprite(): Opened file 'sprites/number_font/yellow_2.txt'
03:58:08    0 ResourceManager::loadSprite(): Sprite 'yellow_2' successfully loaded
03:58:08    0 ResourceManager::loadSprite(): Loading sprite 'sprites/number_font/yellow_3.txt'
03:58:08    0 ResourceManager::loadSprite(): Opened file 'sprites/number_font/yellow_3.txt'
03:58:08    0 ResourceManager::loadSprite(): Sprite 'yellow_3' successfully loaded
03:58:08    0 ResourceManager::loadSprite(): Loading sprite 'sprites/number_font/yellow_4.txt'
03:58:08    0 ResourceManager::loadSprite(): Opened file 'sprites/number_font/yellow_4.txt'
03:58:08    0 ResourceManager::loadSprite(): Sprite 'yellow_4' successfully loaded
03:58:08    0 ResourceManager::loadSprite(): Loading sprite 'sprites/number_font/yellow_5.txt'
03:58:08    0 ResourceManager::loadSprite(): Opened file 'sprites/number_font/yellow_5.txt'
03:58:08    0 ResourceManager::loadSprite(): Sprite 'yellow_5' successfully loaded
03:58:08    0 ResourceManager::loadSprite(): Loading sprite 'sprites/number_font/yellow_6.txt'
03:58:08    0 ResourceManager::loadSprite(): Opened file 'sprites/number_font/yellow_6.txt'
03:58:08    0 ResourceManager::loadSprite(): Sprite 'yellow_6' successfully loaded
03:58:08    0 ResourceManager::loadSprite(): Loading sprite 'sprites/number_font/yellow_7.txt'
03:58:08    0 ResourceManager::loadSprite(): Opened file 'sprites/number_font/yellow_7.txt'
03:58:08    0 ResourceManager::loadSprite(): Sprite 'yellow_7' successfully loaded
03:58:08    0 ResourceManager::loadSprite(): Loading sprite 'sprites/number_font/yellow_8.txt'
03:58:08    0 ResourceManager::loadSprite(): Opened file 'sprites/number_font/yellow_8.txt'
03:58:08    0 ResourceManager::loadSprite(): Sprite 'yellow_8' successfully loaded
03:58:08    0 ResourceManager::loadSprite(): Loading sprite 'sprites/number_font/yellow_9.txt'
03:58:08    0 ResourceManager::loadSprite(): Opened file 'sprites/number_font/yellow_9.txt'
03:58:08    0 ResourceManager::loadSprite(): Sprite 'yellow_9' successfully loaded
03:58:08    0 ResourceManager::loadSprite(): Loading sprite 'sprites/number_font/slash.txt'
03:58:08    0 ResourceManager::loadSprite(): Opened file 'sprites/number_font/slash.txt'
03:58:08    0 ResourceManager::loadSprite(): Sprite 'slash' successfully loaded
03:58:08    0 ResourceManager::loadSprite(): Loading sprite 'sprites/ammo_display.txt'
03:58:08    0 ResourceManager::loadSprite(): Opened file 'sprites/ammo_display.txt'
03:58:08    0 ResourceManager::loadSprite(): Sprite 'ammo_display' successfully loaded
03:58:08    0 ResourceManager::loadSound(): Sound 'AK47_fire' successfully loaded
03:58:09    0 ResourceManager::loadSound(): Sound 'AWP_fire' successfully loaded
03:58:09    0 ResourceManager::loadSound(): Sound 'GrenadeLauncher_fire' successfully loaded
03:58:09    0 ResourceManager::loadSound(): Sound 'ammo_empty' successfully loaded
03:58:09    0 ResourceManager::loadSound(): Sound 'AK47_reload' successfully loaded
03:58:09    0 ResourceManager::loadSound(): Sound 'AWP_reload' successfully loaded
03:58:09    0 ResourceManager::loadSound(): Sound 'GrenadeLauncher_reload' successfully loaded
03:58:09    0 ResourceManager::loadSound(): Sound 'awp_bolt' successfully loaded
03:58:10    0 ResourceManager::loadSound(): Sound 'pickup1' successfully loaded
03:58:10    0 ResourceManager::loadSound(): Sound 'pickup2' successfully loaded
03:58:10    0 ResourceManager::loadSound(): Sound 'explode' successfully loaded
03:58:10    0 ResourceManager::loadSound(): Sound 'nuke' successfully loaded
03:58:10    0 ResourceManager::loadSound(): Sound 'saucer_death' successfully loaded
03:58:10    0 ResourceManager::loadSound(): Sound 'game over' successfully loaded
03:58:10    0 ResourceManager::loadSound(): Sound 'level_won' successfully loaded
03:58:10    0 ResourceManager::loadMusic(): Music 'start music' successfully loaded
03:58:10    0 ResourceManager::loadMusic(): Music 'music_theme' successfully loaded
03:58:10    0 ResourceManager::loadMusic(): Music 'music_boss' successfully loaded
03:58:10    0 Client::Client(): Connecting to localhost at port 9876.
03:58:10    0 NetworkManager::connect(): Connecting to localhost, port 9876.
03:58:10    0 NetworkManager::connect(): Connection established.
03:58:10    0 Client::handleConnect(): Client connected!
03:58:10    0 Client::Client(): Client started.
03:58:10    0 GameManager::run(): starting game loop
03:58:10    0 Client::eventHandler(): sending mouse input to server.
03:58:10    0 Client::eventHandler(): received custom network event.
03:58:10    0 	message: 20
03:58:10    0 Client::createObject(): creating object type 'ReadyButton'
03:58:10    1 Client::eventHandler(): sending mouse input to server.
03:58:11    2 Client::eventHandler(): sending mouse input to server.
03:58:11    2 Client::eventHandler(): sending mouse input to server.
03:58:11    2 Client::eventHandler(): sending mouse input to server.
03:58:11    3 Client::eventHandler(): sending mouse input to server.
03:58:11    3 Client::eventHandler(): sending mouse input to server.
03:58:11    4 Client::eventHandler(): sending mouse input to server.
03:58:12   44 Client::eventHandler(): sending mouse input to server.
03:58:12   44 Client::eventHandler(): sending mouse input to server.
03:58:12   45 Client::eventHandler(): sending mouse input to server.
03:58:12   46 Client::eventHandler(): sending mouse input to server.
03:58:12   47 Client::eventHandler(): sending mouse input to server.
03:58:12   47 Client::eventHandler(): sending mouse input to server.
03:58:13   48 Client::eventHandler(): sending mouse input to server.
03:58:13   49 Client::eventHandler(): sending mouse input to server.
03:58:13   50 Client::eventHandler(): sending mouse input to server.
03:58:13   51 Client::eventHandler(): sending mouse input to server.
03:58:13   51 Client::eventHandler(): sending mouse input to server.
03:58:13   52 Client::eventHandler(): sending mouse input to server.
03:58:13   53 Client::eventHandler(): sending mouse input to server.
03:58:13   53 Client::eventHandler(): sending mouse input to server.
03:58:13   54 Client::eventHandler(): sending mouse input to server.
03:58:13   55 Client::eventHandler(): sending mouse input to server.
03:58:13   55 Client::eventHandler(): sending mouse input to server.
03:58:13   56 Client::eventHandler(): sending mouse input to server.
03:58:13   56 Client::eventHandler(): sending mouse input to server.
03:58:13   56 Client::eventHandler(): sending mouse input to server.
03:58:13   56 Client::eventHandler(): sending mouse input to server.
03:58:13   57 Client::eventHandler(): sending mouse input to server.
03:58:13   58 Client::eventHandler(): sending mouse input to server.
03:58:13   59 Client::eventHandler(): sending mouse input to server.
03:58:13   60 Client::eventHandler(): sending mouse input to server.
03:58:13   61 Client::eventHandler(): sending mouse input to server.
03:58:13   62 Client::eventHandler(): sending mouse input to server.
03:58:13   63 Client::eventHandler(): sending mouse input to server.
03:58:13   70 Client::eventHandler(): sending mouse input to server.
03:58:13   71 Client::eventHandler(): sending mouse input to server.
03:58:13   72 Client::eventHandler(): sending mouse input to server.
03:58:13   73 Client::eventHandler(): sending mouse input to server.
03:58:13   74 Client::eventHandler(): sending mouse input to server.
03:58:13   75 Client::eventHandler(): sending mouse input to server.
03:58:13   76 Client::eventHandler(): sending mouse input to server.
03:58:13   77 Client::eventHandler(): sending mouse input to server.
03:58:13   78 Client::eventHandler(): sending mouse input to server.
03:58:14   79 Client::eventHandler(): sending mouse input to server.
03:58:14   80 Client::eventHandler(): sending mouse input to server.
03:58:14   80 Client::eventHandler(): sending mouse input to server.
03:58:14   81 Client::eventHandler(): sending mouse input to server.
03:58:14   82 Client::eventHandler(): sending mouse input to server.
03:58:14   82 Client::eventHandler(): sending mouse input to server.
03:58:14   83 Client::eventHandler(): sending mouse input to server.
03:58:14   84 Client::eventHandler(): sending mouse input to server.
03:58:14   85 Client::eventHandler(): sending mouse input to server.
03:58:14   85 Client::eventHandler(): sending mouse input to server.
03:58:14   86 Client::eventHandler(): sending mouse input to server.
03:58:14   87 Client::eventHandler(): sending mouse input to server.
03:58:14   88 Client::eventHandler(): sending mouse input to server.
03:58:14   89 Client::eventHandler(): sending mouse input to server.
03:58:14   93 Client::eventHandler(): sending mouse input to server.
03:58:14   93 Client::eventHandler(): sending mouse input to server.
03:58:14   94 Client::eventHandler(): sending mouse input to server.
03:58:14   95 Client::eventHandler(): sending mouse input to server.
03:58:14   95 Client::eventHandler(): sending mouse input to server.
03:58:14   96 Client::eventHandler(): sending mouse input to server.
03:58:14   97 Client::eventHandler(): sending mouse input to server.
03:58:14   98 Client::eventHandler(): sending mouse input to server.
03:58:14   99 Client::eventHandler(): sending mouse input to server.
03:58:14  100 Client::eventHandler(): sending mouse input to server.
03:58:14  101 Client::eventHandler(): sending mouse input to server.
03:58:14  102 Client::eventHandler(): sending mouse input to server.
03:58:14  103 Client::eventHandler(): sending mouse input to server.
03:58:14  104 Client::eventHandler(): sending mouse input to server.
03:58:15  114 Client::eventHandler(): sending mouse input to server.
03:58:15  115 Client::eventHandler(): sending mouse input to server.
03:58:15  116 Client::eventHandler(): sending mouse input to server.
03:58:15  117 Client::eventHandler(): sending mouse input to server.
03:58:15  118 Client::eventHandler(): sending mouse input to server.
03:58:15  119 Client::eventHandler(): sending mouse input to server.
03:58:15  120 Client::eventHandler(): sending mouse input to server.
03:58:15  121 Client::eventHandler(): sending mouse input to server.
03:58:15  122 Client::eventHandler(): sending mouse input to server.
03:58:15  123 Client::eventHandler(): sending mouse input to server.
03:58:15  124 Client::eventHandler(): sending mouse input to server.
03:58:15  125 Client::eventHandler(): sending mouse input to server.
03:58:15  126 Client::eventHandler(): sending mouse input to server.
03:58:15  127 Client::eventHandler(): sending mouse input to server.
03:58:15  128 Client::eventHandler(): sending mouse input to server.
03:58:15  129 Client::eventHandler(): sending mouse input to server.
03:58:15  130 Client::eventHandler(): sending mouse input to server.
03:58:15  131 Client::eventHandler(): sending mouse input to server.
03:58:15  132 Client::eventHandler(): sending mouse input to server.
03:58:15  133 Client::eventHandler(): sending mouse input to server.
03:58:15  134 Client::eventHandler(): sending mouse input to server.
03:58:15  135 Client::eventHandler(): sending mouse input to server.
03:58:15  136 Client::eventHandler(): sending mouse input to server.
03:58:15  136 Client::eventHandler(): sending mouse input to server.
03:58:15  137 Client::eventHandler(): sending mouse input to server.
03:58:16  141 Client::eventHandler(): sending mouse input to server.
03:58:16  142 Client::eventHandler(): sending mouse input to server.
03:58:16  143 Client::eventHandler(): sending mouse input to server.
03:58:16  144 Client::eventHandler(): sending mouse input to server.
03:58:16  144 Client::eventHandler(): sending mouse input to server.
03:58:16  145 Client::eventHandler(): sending mouse input to server.
03:58:16  146 Client::eventHandler(): sending mouse input to server.
03:58:16  147 Client::eventHandler(): sending mouse input to server.
03:58:16  148 Client::eventHandler(): sending mouse input to server.
03:58:16  149 Client::eventHandler(): sending mouse input to server.
03:58:16  150 Client::eventHandler(): sending mouse input to server.
03:58:16  150 Client::eventHandler(): sending mouse input to server.
03:58:16  151 Client::eventHandler(): sending mouse input to server.
03:58:16  152 Client::eventHandler(): sending mouse input to server.
03:58:16  157 Client::eventHandler(): sending mouse input to server.
03:58:16  157 Client::eventHandler(): sending mouse input to server.
03:58:16  158 Client::eventHandler(): sending mouse input to server.
03:58:16  159 Client::eventHandler(): sending mouse input to server.
03:58:16  161 Client::eventHandler(): sending mouse input to server.
03:58:16  162 Client::eventHandler(): sending mouse input to server.
03:58:16  162 Client::eventHandler(): sending mouse input to server.
03:58:16  163 Client::eventHandler(): sending mouse input to server.
03:58:16  163 Client::eventHandler(): sending mouse input to server.
03:58:16  163 Client::eventHandler(): sending mouse input to server.
03:58:16  163 Client::eventHandler(): sending mouse input to server.
03:58:17  173 Client::eventHandler(): sending mouse input to server.
03:58:17  174 Client::eventHandler(): sending mouse input to server.
03:58:17  175 Client::eventHandler(): sending mouse input to server.
03:58:17  175 Client::eventHandler(): sending mouse input to server.
03:58:17  175 Client::eventHandler(): sending mouse input to server.
03:58:17  176 Client::eventHandler(): sending mouse input to server.
03:58:17  177 Client::eventHandler(): sending mouse input to server.
03:58:17  178 Client::eventHandler(): sending mouse input to server.
03:58:17  179 Client::eventHandler(): sending mouse input to server.
03:58:17  180 Client::eventHandler(): sending mouse input to server.
03:58:17  191 Client::eventHandler(): sending mouse input to server.
03:58:17  191 Client::eventHandler(): sending mouse input to server.
03:58:17  192 Client::eventHandler(): sending mouse input to server.
03:58:18  200 Client::eventHandler(): sending mouse input to server.
03:58:18  200 Client::eventHandler(): sending mouse input to server.
03:58:18  201 Client::eventHandler(): sending mouse input to server.
03:58:18  202 Client::eventHandler(): sending mouse input to server.
03:58:18  203 Client::eventHandler(): sending mouse input to server.
03:58:18  203 Client::eventHandler(): sending mouse input to server.
03:58:18  204 Client::eventHandler(): sending mouse input to server.
03:58:18  205 Client::eventHandler(): sending mouse input to server.
03:58:18  206 Client::eventHandler(): sending mouse input to server.
03:58:18  206 Client::eventHandler(): sending mouse input to server.
03:58:18  206 Client::eventHandler(): sending mouse input to server.
03:58:18  207 Client::eventHandler(): sending mouse input to server.
03:58:18  208 Client::eventHandler(): sending mouse input to server.
03:58:18  209 Client::eventHandler(): sending mouse input to server.
03:58:18  210 Client::eventHandler(): sending mouse input to server.
03:58:18  210 Client::eventHandler(): sending mouse input to server.
03:58:18  210 Client::eventHandler(): sending mouse input to server.
03:58:18  211 Client::eventHandler(): sending mouse input to server.
03:58:18  211 Client::eventHandler(): sending mouse input to server.
03:58:18  212 Client::eventHandler(): sending mouse input to server.
03:58:18  213 Client::eventHandler(): sending mouse input to server.
03:58:18  214 Client::eventHandler(): sending mouse input to server.
03:58:18  215 Client::eventHandler(): sending mouse input to server.
03:58:18  216 Client::eventHandler(): sending mouse input to server.
03:58:18  216 Client::eventHandler(): sending mouse input to server.
03:58:18  217 Client::eventHandler(): sending mouse input to server.
03:58:18  218 Client::eventHandler(): sending mouse input to server.
03:58:18  219 Client::eventHandler(): sending mouse input to server.
03:58:18  219 Client::eventHandler(): sending mouse input to server.
03:58:18  220 Client::eventHandler(): sending mouse input to server.
03:58:19  235 Client::eventHandler(): sending mouse input to server.
03:58:19  236 Client::eventHandler(): sending mouse input to server.
03:58:19  237 Client::eventHandler(): sending mouse input to server.
03:58:19  238 Client::eventHandler(): sending mouse input to server.
03:58:19  239 Client::eventHandler(): sending mouse input to server.
03:58:19  240 Client::eventHandler(): sending mouse input to server.
03:58:19  241 Client::eventHandler(): sending mouse input to server.
03:58:19  242 Client::eventHandler(): sending mouse input to server.
03:58:19  243 Client::eventHandler(): sending mouse input to server.
03:58:19  244 Client::eventHandler(): sending mouse input to server.
03:58:19  245 Client::eventHandler(): sending mouse input to server.
03:58:19  246 Client::eventHandler(): sending mouse input to server.
03:58:19  247 Client::eventHandler(): sending mouse input to server.
03:58:19  248 Client::eventHandler(): sending mouse input to server.
03:58:19  249 Client::eventHandler(): sending mouse input to server.
03:58:19  249 Client::eventHandler(): sending mouse input to server.
03:58:19  250 Client::eventHandler(): sending mouse input to server.
03:58:19  250 Client::eventHandler(): sending mouse input to server.
03:58:19  251 Client::eventHandler(): sending mouse input to server.
03:58:19  251 Client::eventHandler(): sending mouse input to server.
03:58:19  252 Client::eventHandler(): sending mouse input to server.
03:58:19  252 Client::eventHandler(): sending mouse input to server.
03:58:19  253 Client::eventHandler(): sending mouse input to server.
03:58:22  322 Client::eventHandler(): sending mouse input to server.
03:58:22  322 Client::eventHandler(): sending mouse input to server.
03:58:22  323 Client::eventHandler(): sending mouse input to server.
03:58:22  324 Client::eventHandler(): sending mouse input to server.
03:58:22  324 Client::eventHandler(): sending mouse input to server.
03:58:22  325 Client::eventHandler(): sending mouse input to server.
03:58:22  334 Client::eventHandler(): sending mouse input to server.
03:58:22  335 Client::eventHandler(): sending mouse input to server.
03:58:22  335 Client::eventHandler(): sending mouse input to server.
03:58:22  336 Client::eventHandler(): sending mouse input to server.
03:58:22  337 Client::eventHandler(): sending mouse input to server.
03:58:22  338 Client::eventHandler(): sending mouse input to server.
03:58:22  339 Client::eventHandler(): sending mouse input to server.
03:58:22  340 Client::eventHandler(): sending mouse input to server.
03:58:22  341 Client::eventHandler(): sending mouse input to server.
03:58:22  342 Client::eventHandler(): sending mouse input to server.
03:58:22  342 Client::eventHandler(): sending mouse input to server.
03:58:22  342 Client::eventHandler(): sending mouse input to server.
03:58:22  343 Client::eventHandler(): sending mouse input to server.
03:58:22  344 Client::eventHandler(): sending mouse input to server.
03:58:22  344 Client::eventHandler(): sending mouse input to server.
03:58:22  344 Client::eventHandler(): sending mouse input to server.
03:58:22  345 Client::eventHandler(): sending mouse input to server.
03:58:22  346 Client::eventHandler(): sending mouse input to server.
03:58:22  347 Client::eventHandler(): sending mouse input to server.
03:58:22  348 Client::eventHandler(): sending mouse input to server.
03:58:22  349 Client::eventHandler(): sending mouse input to server.
03:58:22  350 Client::eventHandler(): sending mouse input to server.
03:58:23  353 Client::eventHandler(): sending mouse input to server.
03:58:23  354 Client::eventHandler(): sending mouse input to server.
03:58:23  354 Client::eventHandler(): sending mouse input to server.
03:58:23  355 Client::eventHandler(): sending mouse input to server.
03:58:23  356 Client::eventHandler(): sending mouse input to server.
03:58:23  357 Client::eventHandler(): sending mouse input to server.
03:58:25  440 Client::eventHandler(): sending mouse input to server.
03:58:25  440 Client::eventHandler(): sending mouse input to server.
03:58:25  440 Client::eventHandler(): sending mouse input to server.
03:58:25  441 Client::eventHandler(): sending mouse input to server.
03:58:25  441 Client::eventHandler(): sending mouse input to server.
03:58:26  442 Client::eventHandler(): sending mouse input to server.
03:58:26  442 Client::eventHandler(): sending mouse input to server.
03:58:26  442 Client::eventHandler(): sending mouse input to server.
03:58:26  442 Client::eventHandler(): sending mouse input to server.
03:58:26  443 Client::eventHandler(): sending mouse input to server.
03:58:26  443 Client::eventHandler(): sending mouse input to server.
03:58:26  444 Client::eventHandler(): sending mouse input to server.
03:58:26  445 Client::eventHandler(): sending mouse input to server.
03:58:26  446 Client::eventHandler(): sending mouse input to server.
03:58:26  447 Client::eventHandler(): sending mouse input to server.
03:58:26  448 Client::eventHandler(): sending mouse input to server.
03:58:26  449 Client::eventHandler(): sending mouse input to server.
03:58:26  452 Client::eventHandler(): sending mouse input to server.
03:58:26  453 Client::eventHandler(): sending mouse input to server.
03:58:26  454 Client::eventHandler(): sending mouse input to server.
03:58:26  466 Client::eventHandler(): sending mouse input to server.
03:58:26  467 Client::eventHandler(): sending mouse input to server.
03:58:26  468 Client::eventHandler(): sending mouse input to server.
03:58:26  469 Client::eventHandler(): sending mouse input to server.
03:58:26  470 Client::eventHandler(): sending mouse input to server.
03:58:26  471 Client::eventHandler(): sending mouse input to server.
03:58:26  472 Client::eventHandler(): sending mouse input to server.
03:58:27  475 Client::eventHandler(): sending mouse input to server.
03:58:27  475 Client::eventHandler(): sending mouse input to server.
03:58:27  476 Client::eventHandler(): sending mouse input to server.
03:58:27  476 Client::eventHandler(): sending mouse input to server.
03:58:27  477 Client::eventHandler(): sending mouse input to server.
03:58:27  478 Client::eventHandler(): sending mouse input to server.
03:58:27  483 Client::eventHandler(): sending mouse input to server.
03:58:27  484 Client::eventHandler(): sending mouse input to server.
03:58:27  485 Client::eventHandler(): sending mouse input to server.
03:58:27  485 Client::eventHandler(): sending mouse input to server.
03:58:27  485 Client::eventHandler(): sending mouse input to server.
03:58:27  485 Client::eventHandler(): sending mouse input to server.
03:58:27  485 Client::eventHandler(): sending mouse input to server.
03:58:27  486 Client::eventHandler(): sending mouse input to server.
03:58:27  487 Client::eventHandler(): sending mouse input to server.
03:58:27  487 Client::eventHandler(): sending mouse input to server.
03:58:27  501 Client::eventHandler(): sending mouse input to server.
03:58:27  502 Client::eventHandler(): sending mouse input to server.
03:58:27  502 Client::eventHandler(): sending mouse input to server.
03:58:28  503 Client::eventHandler(): sending mouse input to server.
03:58:28  506 Client::eventHandler(): sending mouse input to server.
03:58:28  507 Client::eventHandler(): sending mouse input to server.
03:58:28  508 Client::eventHandler(): sending mouse input to server.
03:58:28  509 Client::eventHandler(): sending mouse input to server.
03:58:28  510 Client::eventHandler(): sending mouse input to server.
03:58:28  510 Client::eventHandler(): sending mouse input to server.
03:58:28  511 Client::eventHandler(): sending mouse input to server.
03:58:28  511 Client::eventHandler(): sending mouse input to server.
03:58:28  512 Client::eventHandler(): sending mouse input to server.
03:58:28  515 Client::eventHandler(): sending mouse input to server.
03:58:28  516 Client::eventHandler(): sending mouse input to server.
03:58:28  517 Client::eventHandler(): sending mouse input to server.
03:58:28  518 Client::eventHandler(): sending mouse input to server.
03:58:28  528 Client::eventHandler(): sending mouse input to server.
03:58:28  529 Client::eventHandler(): sending mouse input to server.
03:58:28  530 Client::eventHandler(): sending mouse input to server.
03:58:28  531 Client::eventHandler(): sending mouse input to server.
03:58:29  535 Client::eventHandler(): sending mouse input to server.
03:58:29  536 Client::eventHandler(): sending mouse input to server.
03:58:29  536 Client::eventHandler(): sending mouse input to server.
03:58:29  546 Client::eventHandler(): sending mouse input to server.
03:58:29  546 Client::eventHandler(): sending mouse input to server.
03:58:29  546 Client::eventHandler(): sending mouse input to server.
03:58:29  547 Client::eventHandler(): sending mouse input to server.
03:58:29  548 Client::eventHandler(): sending mouse input to server.
03:58:29  549 Client::eventHandler(): sending mouse input to server.
03:58:29  550 Client::eventHandler(): sending mouse input to server.
03:58:29  550 Client::eventHandler(): sending mouse input to server.
03:58:29  551 Client::eventHandler(): sending mouse input to server.
03:58:33  656 Client::eventHandler(): sending mouse input to server.
03:58:33  657 Client::eventHandler(): sending mouse input to server.
03:58:33  658 Client::eventHandler(): sending mouse input to server.
03:58:33  659 Client::eventHandler(): sending mouse input to server.
03:58:33  660 Client::eventHandler(): sending mouse input to server.
03:58:33  661 Client::eventHandler(): sending mouse input to server.
03:58:33  662 Client::eventHandler(): sending mouse input to server.
03:58:33  662 Client::eventHandler(): sending mouse input to server.
03:58:33  662 Client::eventHandler(): sending mouse input to server.
03:58:33  663 Client::eventHandler(): sending mouse input to server.
03:58:33  664 Client::eventHandler(): sending mouse input to server.
03:58:33  665 Client::eventHandler(): sending mouse input to server.
03:58:33  667 Client::eventHandler(): sending mouse input to server.
03:58:33  668 Client::eventHandler(): sending mouse input to server.
03:58:33  681 Client::eventHandler(): sending mouse input to server.
03:58:33  681 Client::eventHandler(): sending mouse input to server.
03:58:33  681 Client::eventHandler(): sending mouse input to server.
03:58:33  682 Client::eventHandler(): sending mouse input to server.
03:58:33  683 Client::eventHandler(): sending mouse input to server.
03:58:33  684 Client::eventHandler(): sending mouse input to server.
03:58:34  685 Client::eventHandler(): sending mouse input to server.
03:58:34  686 Client::eventHandler(): sending mouse input to server.
03:58:34  687 Client::eventHandler(): sending mouse input to server.
03:58:34  688 Client::eventHandler(): sending mouse input to server.
03:58:34  689 Client::eventHandler(): sending mouse input to server.
03:58:34  690 Client::eventHandler(): sending mouse input to server.
03:58:34  690 Client::eventHandler(): sending mouse input to server.
03:58:34  690 Client::eventHandler(): sending mouse input to server.
03:58:34  691 Client::eventHandler(): sending mouse input to server.
03:58:34  692 Client::eventHandler(): sending mouse input to server.
03:58:34  692 Client::eventHandler(): sending mouse input to server.
03:58:34  692 Client::eventHandler(): sending mouse input to server.
03:58:34  692 Client::eventHandler(): sending mouse input to server.
03:58:34  693 Client::eventHandler(): sending mouse input to server.
03:58:34  694 Client::eventHandler(): sending mouse input to server.
03:58:34  695 Client::eventHandler(): sending mouse input to server.
03:58:34  696 Client::eventHandler(): sending mouse input to server.
03:58:34  700 Client::eventHandler(): sending mouse input to server.
03:58:34  700 Client::eventHandler(): sending mouse input to server.
03:58:34  701 Client::eventHandler(): sending mouse input to server.
03:58:34  702 Client::eventHandler(): sending mouse input to server.
03:58:34  703 Client::eventHandler(): sending mouse input to server.
03:58:34  703 Client::eventHandler(): sending mouse input to server.
03:58:34  705 Client::eventHandler(): sending mouse input to server.
03:58:34  706 Client::eventHandler(): sending mouse input to server.
03:58:34  707 Client::eventHandler(): sending mouse input to server.
03:58:34  708 Client::eventHandler(): sending mouse input to server.
03:58:34  709 Client::eventHandler(): sending mouse input to server.
03:58:34  710 Client::eventHandler(): sending mouse input to server.
03:58:36  763 InputManager::getInput(): Window close event. Setting game over.
03:58:36  764 GameManager::run(): end of game loop
03:58:36  764 PathManager::shutDown(): successfully stopped.
03:58:36  764 Path manager stopped
03:58:36  764 WorldManager::shutDown(): Successfully stopped.
03:58:36  764 World manager stopped
03:58:36  764 ResourceManager::shutDown(): successfully stopped.
03:58:36  764 Resource manager stopped
03:58:36  764 NetworkManager::shutDown(): successfully stopped.
03:58:36  764 Network manager stopped
03:58:36  764 InputManager::shutDown(): successfully stopped.
03:58:36  764 Input manager stopped
03:58:36  764 DisplayManager::shutDown(): successfully stopped.
03:58:36  764 Display manager stopped
03:58:36  764 ** Game stopped **
03:58:36  764 ****************************************************
03:58:36  764 LogManager::shutDown(): successfully stopped.
