04:11:05    0 ****************************************************
04:11:05    0 ** Dragonfly version 4.12 **
04:11:06    0 Hello, Network! (v1.2)
04:11:06    0 0411_client_txvu1.log
04:11:06    0 ResourceManager::loadSprite(): Loading sprite 'sprites/explosion-spr.txt'
04:11:06    0 ResourceManager::loadSprite(): Opened file 'sprites/explosion-spr.txt'
04:11:06    0 ResourceManager::loadSprite(): Sprite 'explosion' successfully loaded
04:11:06    0 ResourceManager::loadSprite(): Loading sprite 'sprites/level_select.txt'
04:11:06    0 ResourceManager::loadSprite(): Opened file 'sprites/level_select.txt'
04:11:06    0 ResourceManager::loadSprite(): Sprite 'level_select' successfully loaded
04:11:06    0 ResourceManager::loadSprite(): Loading sprite 'sprites/gamestart-spr.txt'
04:11:06    0 ResourceManager::loadSprite(): Opened file 'sprites/gamestart-spr.txt'
04:11:06    0 ResourceManager::loadSprite(): Sprite 'gamestart' successfully loaded
04:11:06    0 ResourceManager::loadSprite(): Loading sprite 'sprites/gameover-spr.txt'
04:11:06    0 ResourceManager::loadSprite(): Opened file 'sprites/gameover-spr.txt'
04:11:06    0 ResourceManager::loadSprite(): Sprite 'gameover' successfully loaded
04:11:06    0 ResourceManager::loadSprite(): Loading sprite 'sprites/level_won.txt'
04:11:06    0 ResourceManager::loadSprite(): Opened file 'sprites/level_won.txt'
04:11:06    0 ResourceManager::loadSprite(): Sprite 'level_won' successfully loaded
04:11:06    0 ResourceManager::loadSprite(): Loading sprite 'sprites/level_intro.txt'
04:11:06    0 ResourceManager::loadSprite(): Opened file 'sprites/level_intro.txt'
04:11:06    0 ResourceManager::loadSprite(): Sprite 'level_intro' successfully loaded
04:11:06    0 ResourceManager::loadSprite(): Loading sprite 'sprites/level_1.txt'
04:11:06    0 ResourceManager::loadSprite(): Opened file 'sprites/level_1.txt'
04:11:06    0 ResourceManager::loadSprite(): Sprite 'level_1' successfully loaded
04:11:06    0 ResourceManager::loadSprite(): Loading sprite 'sprites/saucer-spr.txt'
04:11:06    0 ResourceManager::loadSprite(): Opened file 'sprites/saucer-spr.txt'
04:11:06    0 ResourceManager::loadSprite(): Sprite 'saucer' successfully loaded
04:11:06    0 ResourceManager::loadSprite(): Loading sprite 'sprites/ship-spr.txt'
04:11:06    0 ResourceManager::loadSprite(): Opened file 'sprites/ship-spr.txt'
04:11:06    0 ResourceManager::loadSprite(): Sprite 'ship' successfully loaded
04:11:06    0 ResourceManager::loadSprite(): Loading sprite 'sprites/boss.txt'
04:11:06    0 ResourceManager::loadSprite(): Opened file 'sprites/boss.txt'
04:11:06    0 ResourceManager::loadSprite(): Sprite 'boss' successfully loaded
04:11:06    0 ResourceManager::loadSprite(): Loading sprite 'sprites/boss-weakpoint.txt'
04:11:06    0 ResourceManager::loadSprite(): Opened file 'sprites/boss-weakpoint.txt'
04:11:06    0 ResourceManager::loadSprite(): Sprite 'boss-weakpoint' successfully loaded
04:11:06    0 ResourceManager::loadSprite(): Loading sprite 'sprites/ak47_2.txt'
04:11:06    0 ResourceManager::loadSprite(): Opened file 'sprites/ak47_2.txt'
04:11:06    0 ResourceManager::loadSprite(): Sprite 'AK47' successfully loaded
04:11:06    0 ResourceManager::loadSprite(): Loading sprite 'sprites/awp.txt'
04:11:06    0 ResourceManager::loadSprite(): Opened file 'sprites/awp.txt'
04:11:06    0 ResourceManager::loadSprite(): Sprite 'AWP' successfully loaded
04:11:06    0 ResourceManager::loadSprite(): Loading sprite 'sprites/grenade-launcher.txt'
04:11:06    0 ResourceManager::loadSprite(): Opened file 'sprites/grenade-launcher.txt'
04:11:06    0 ResourceManager::loadSprite(): Sprite 'GrenadeLauncher' successfully loaded
04:11:06    0 ResourceManager::loadSprite(): Loading sprite 'sprites/ak47_bullet.txt'
04:11:06    0 ResourceManager::loadSprite(): Opened file 'sprites/ak47_bullet.txt'
04:11:06    0 ResourceManager::loadSprite(): Sprite 'AK47_bullet' successfully loaded
04:11:06    0 ResourceManager::loadSprite(): Loading sprite 'sprites/awp_bullet.txt'
04:11:06    0 ResourceManager::loadSprite(): Opened file 'sprites/awp_bullet.txt'
04:11:06    0 ResourceManager::loadSprite(): Sprite 'AWP_bullet' successfully loaded
04:11:06    0 ResourceManager::loadSprite(): Loading sprite 'sprites/grenade_bullet.txt'
04:11:06    0 ResourceManager::loadSprite(): Opened file 'sprites/grenade_bullet.txt'
04:11:06    0 ResourceManager::loadSprite(): Sprite 'GrenadeLauncher_bullet' successfully loaded
04:11:06    0 ResourceManager::loadSprite(): Loading sprite 'sprites/bullet_trail.txt'
04:11:06    0 ResourceManager::loadSprite(): Opened file 'sprites/bullet_trail.txt'
04:11:06    0 ResourceManager::loadSprite(): Sprite 'bullet_trail' successfully loaded
04:11:06    0 ResourceManager::loadSprite(): Loading sprite 'sprites/explosion-spr.txt'
04:11:06    0 ResourceManager::loadSprite(): Opened file 'sprites/explosion-spr.txt'
04:11:06    0 ResourceManager::loadSprite(): Sprite 'explosion' successfully loaded
04:11:06    0 ResourceManager::loadSprite(): Loading sprite 'sprites/nuke.txt'
04:11:06    0 ResourceManager::loadSprite(): Opened file 'sprites/nuke.txt'
04:11:06    0 ResourceManager::loadSprite(): Sprite 'nuke' successfully loaded
04:11:06    0 ResourceManager::loadSprite(): Loading sprite 'sprites/character-walk_2.txt'
04:11:06    0 ResourceManager::loadSprite(): Opened file 'sprites/character-walk_2.txt'
04:11:06    0 ResourceManager::loadSprite(): Sprite 'character-walk' successfully loaded
04:11:06    0 ResourceManager::loadSprite(): Loading sprite 'sprites/character-duck.txt'
04:11:06    0 ResourceManager::loadSprite(): Opened file 'sprites/character-duck.txt'
04:11:06    0 ResourceManager::loadSprite(): Sprite 'character-duck' successfully loaded
04:11:06    0 ResourceManager::loadSprite(): Loading sprite 'sprites/platform.txt'
04:11:06    0 ResourceManager::loadSprite(): Opened file 'sprites/platform.txt'
04:11:06    0 ResourceManager::loadSprite(): Sprite 'platform' successfully loaded
04:11:06    0 ResourceManager::loadSprite(): Loading sprite 'sprites/refill-ammo.txt'
04:11:06    0 ResourceManager::loadSprite(): Opened file 'sprites/refill-ammo.txt'
04:11:06    0 ResourceManager::loadSprite(): Sprite 'ammo-refill' successfully loaded
04:11:06    0 ResourceManager::loadSprite(): Loading sprite 'sprites/intro/1.txt'
04:11:06    0 ResourceManager::loadSprite(): Opened file 'sprites/intro/1.txt'
04:11:06    0 ResourceManager::loadSprite(): Sprite 'intro_1' successfully loaded
04:11:06    0 ResourceManager::loadSprite(): Loading sprite 'sprites/intro/2.txt'
04:11:06    0 ResourceManager::loadSprite(): Opened file 'sprites/intro/2.txt'
04:11:06    0 ResourceManager::loadSprite(): Sprite 'intro_2' successfully loaded
04:11:06    0 ResourceManager::loadSprite(): Loading sprite 'sprites/intro/3.txt'
04:11:06    0 ResourceManager::loadSprite(): Opened file 'sprites/intro/3.txt'
04:11:06    0 ResourceManager::loadSprite(): Sprite 'intro_3' successfully loaded
04:11:06    0 ResourceManager::loadSprite(): Loading sprite 'sprites/intro/4.txt'
04:11:06    0 ResourceManager::loadSprite(): Opened file 'sprites/intro/4.txt'
04:11:06    0 ResourceManager::loadSprite(): Sprite 'intro_4' successfully loaded
04:11:06    0 ResourceManager::loadSprite(): Loading sprite 'sprites/intro/5.txt'
04:11:06    0 ResourceManager::loadSprite(): Opened file 'sprites/intro/5.txt'
04:11:06    0 ResourceManager::loadSprite(): Sprite 'intro_5' successfully loaded
04:11:06    0 ResourceManager::loadSprite(): Loading sprite 'sprites/intro/6.txt'
04:11:06    0 ResourceManager::loadSprite(): Opened file 'sprites/intro/6.txt'
04:11:06    0 ResourceManager::loadSprite(): Sprite 'intro_6' successfully loaded
04:11:06    0 ResourceManager::loadSprite(): Loading sprite 'sprites/intro/7.txt'
04:11:06    0 ResourceManager::loadSprite(): Opened file 'sprites/intro/7.txt'
04:11:06    0 ResourceManager::loadSprite(): Sprite 'intro_7' successfully loaded
04:11:06    0 ResourceManager::loadSprite(): Loading sprite 'sprites/intro/small.txt'
04:11:06    0 ResourceManager::loadSprite(): Opened file 'sprites/intro/small.txt'
04:11:06    0 ResourceManager::loadSprite(): Sprite 'intro_small' successfully loaded
04:11:06    0 ResourceManager::loadSprite(): Loading sprite 'sprites/number_font/green_0.txt'
04:11:06    0 ResourceManager::loadSprite(): Opened file 'sprites/number_font/green_0.txt'
04:11:06    0 ResourceManager::loadSprite(): Sprite 'green_0' successfully loaded
04:11:06    0 ResourceManager::loadSprite(): Loading sprite 'sprites/number_font/green_1.txt'
04:11:06    0 ResourceManager::loadSprite(): Opened file 'sprites/number_font/green_1.txt'
04:11:06    0 ResourceManager::loadSprite(): Sprite 'green_1' successfully loaded
04:11:06    0 ResourceManager::loadSprite(): Loading sprite 'sprites/number_font/green_2.txt'
04:11:06    0 ResourceManager::loadSprite(): Opened file 'sprites/number_font/green_2.txt'
04:11:06    0 ResourceManager::loadSprite(): Sprite 'green_2' successfully loaded
04:11:06    0 ResourceManager::loadSprite(): Loading sprite 'sprites/number_font/green_3.txt'
04:11:06    0 ResourceManager::loadSprite(): Opened file 'sprites/number_font/green_3.txt'
04:11:06    0 ResourceManager::loadSprite(): Sprite 'green_3' successfully loaded
04:11:06    0 ResourceManager::loadSprite(): Loading sprite 'sprites/number_font/green_4.txt'
04:11:06    0 ResourceManager::loadSprite(): Opened file 'sprites/number_font/green_4.txt'
04:11:06    0 ResourceManager::loadSprite(): Sprite 'green_4' successfully loaded
04:11:06    0 ResourceManager::loadSprite(): Loading sprite 'sprites/number_font/green_5.txt'
04:11:06    0 ResourceManager::loadSprite(): Opened file 'sprites/number_font/green_5.txt'
04:11:06    0 ResourceManager::loadSprite(): Sprite 'green_5' successfully loaded
04:11:06    0 ResourceManager::loadSprite(): Loading sprite 'sprites/number_font/green_6.txt'
04:11:06    0 ResourceManager::loadSprite(): Opened file 'sprites/number_font/green_6.txt'
04:11:06    0 ResourceManager::loadSprite(): Sprite 'green_6' successfully loaded
04:11:06    0 ResourceManager::loadSprite(): Loading sprite 'sprites/number_font/green_7.txt'
04:11:06    0 ResourceManager::loadSprite(): Opened file 'sprites/number_font/green_7.txt'
04:11:06    0 ResourceManager::loadSprite(): Sprite 'green_7' successfully loaded
04:11:06    0 ResourceManager::loadSprite(): Loading sprite 'sprites/number_font/green_8.txt'
04:11:06    0 ResourceManager::loadSprite(): Opened file 'sprites/number_font/green_8.txt'
04:11:06    0 ResourceManager::loadSprite(): Sprite 'green_8' successfully loaded
04:11:06    0 ResourceManager::loadSprite(): Loading sprite 'sprites/number_font/green_9.txt'
04:11:06    0 ResourceManager::loadSprite(): Opened file 'sprites/number_font/green_9.txt'
04:11:06    0 ResourceManager::loadSprite(): Sprite 'green_9' successfully loaded
04:11:06    0 ResourceManager::loadSprite(): Loading sprite 'sprites/number_font/red_0.txt'
04:11:06    0 ResourceManager::loadSprite(): Opened file 'sprites/number_font/red_0.txt'
04:11:06    0 ResourceManager::loadSprite(): Sprite 'red_0' successfully loaded
04:11:06    0 ResourceManager::loadSprite(): Loading sprite 'sprites/number_font/red_1.txt'
04:11:06    0 ResourceManager::loadSprite(): Opened file 'sprites/number_font/red_1.txt'
04:11:06    0 ResourceManager::loadSprite(): Sprite 'red_1' successfully loaded
04:11:06    0 ResourceManager::loadSprite(): Loading sprite 'sprites/number_font/red_2.txt'
04:11:06    0 ResourceManager::loadSprite(): Opened file 'sprites/number_font/red_2.txt'
04:11:06    0 ResourceManager::loadSprite(): Sprite 'red_2' successfully loaded
04:11:06    0 ResourceManager::loadSprite(): Loading sprite 'sprites/number_font/red_3.txt'
04:11:06    0 ResourceManager::loadSprite(): Opened file 'sprites/number_font/red_3.txt'
04:11:06    0 ResourceManager::loadSprite(): Sprite 'red_3' successfully loaded
04:11:06    0 ResourceManager::loadSprite(): Loading sprite 'sprites/number_font/red_4.txt'
04:11:06    0 ResourceManager::loadSprite(): Opened file 'sprites/number_font/red_4.txt'
04:11:06    0 ResourceManager::loadSprite(): Sprite 'red_4' successfully loaded
04:11:06    0 ResourceManager::loadSprite(): Loading sprite 'sprites/number_font/red_5.txt'
04:11:06    0 ResourceManager::loadSprite(): Opened file 'sprites/number_font/red_5.txt'
04:11:06    0 ResourceManager::loadSprite(): Sprite 'red_5' successfully loaded
04:11:06    0 ResourceManager::loadSprite(): Loading sprite 'sprites/number_font/red_6.txt'
04:11:06    0 ResourceManager::loadSprite(): Opened file 'sprites/number_font/red_6.txt'
04:11:06    0 ResourceManager::loadSprite(): Sprite 'red_6' successfully loaded
04:11:06    0 ResourceManager::loadSprite(): Loading sprite 'sprites/number_font/red_7.txt'
04:11:06    0 ResourceManager::loadSprite(): Opened file 'sprites/number_font/red_7.txt'
04:11:06    0 ResourceManager::loadSprite(): Sprite 'red_7' successfully loaded
04:11:06    0 ResourceManager::loadSprite(): Loading sprite 'sprites/number_font/red_8.txt'
04:11:06    0 ResourceManager::loadSprite(): Opened file 'sprites/number_font/red_8.txt'
04:11:06    0 ResourceManager::loadSprite(): Sprite 'red_8' successfully loaded
04:11:06    0 ResourceManager::loadSprite(): Loading sprite 'sprites/number_font/red_9.txt'
04:11:06    0 ResourceManager::loadSprite(): Opened file 'sprites/number_font/red_9.txt'
04:11:06    0 ResourceManager::loadSprite(): Sprite 'red_9' successfully loaded
04:11:06    0 ResourceManager::loadSprite(): Loading sprite 'sprites/number_font/yellow_0.txt'
04:11:06    0 ResourceManager::loadSprite(): Opened file 'sprites/number_font/yellow_0.txt'
04:11:06    0 ResourceManager::loadSprite(): Sprite 'yellow_0' successfully loaded
04:11:06    0 ResourceManager::loadSprite(): Loading sprite 'sprites/number_font/yellow_1.txt'
04:11:06    0 ResourceManager::loadSprite(): Opened file 'sprites/number_font/yellow_1.txt'
04:11:06    0 ResourceManager::loadSprite(): Sprite 'yellow_1' successfully loaded
04:11:06    0 ResourceManager::loadSprite(): Loading sprite 'sprites/number_font/yellow_2.txt'
04:11:06    0 ResourceManager::loadSprite(): Opened file 'sprites/number_font/yellow_2.txt'
04:11:06    0 ResourceManager::loadSprite(): Sprite 'yellow_2' successfully loaded
04:11:06    0 ResourceManager::loadSprite(): Loading sprite 'sprites/number_font/yellow_3.txt'
04:11:06    0 ResourceManager::loadSprite(): Opened file 'sprites/number_font/yellow_3.txt'
04:11:06    0 ResourceManager::loadSprite(): Sprite 'yellow_3' successfully loaded
04:11:06    0 ResourceManager::loadSprite(): Loading sprite 'sprites/number_font/yellow_4.txt'
04:11:06    0 ResourceManager::loadSprite(): Opened file 'sprites/number_font/yellow_4.txt'
04:11:06    0 ResourceManager::loadSprite(): Sprite 'yellow_4' successfully loaded
04:11:06    0 ResourceManager::loadSprite(): Loading sprite 'sprites/number_font/yellow_5.txt'
04:11:06    0 ResourceManager::loadSprite(): Opened file 'sprites/number_font/yellow_5.txt'
04:11:06    0 ResourceManager::loadSprite(): Sprite 'yellow_5' successfully loaded
04:11:06    0 ResourceManager::loadSprite(): Loading sprite 'sprites/number_font/yellow_6.txt'
04:11:06    0 ResourceManager::loadSprite(): Opened file 'sprites/number_font/yellow_6.txt'
04:11:06    0 ResourceManager::loadSprite(): Sprite 'yellow_6' successfully loaded
04:11:06    0 ResourceManager::loadSprite(): Loading sprite 'sprites/number_font/yellow_7.txt'
04:11:06    0 ResourceManager::loadSprite(): Opened file 'sprites/number_font/yellow_7.txt'
04:11:06    0 ResourceManager::loadSprite(): Sprite 'yellow_7' successfully loaded
04:11:06    0 ResourceManager::loadSprite(): Loading sprite 'sprites/number_font/yellow_8.txt'
04:11:06    0 ResourceManager::loadSprite(): Opened file 'sprites/number_font/yellow_8.txt'
04:11:06    0 ResourceManager::loadSprite(): Sprite 'yellow_8' successfully loaded
04:11:06    0 ResourceManager::loadSprite(): Loading sprite 'sprites/number_font/yellow_9.txt'
04:11:06    0 ResourceManager::loadSprite(): Opened file 'sprites/number_font/yellow_9.txt'
04:11:06    0 ResourceManager::loadSprite(): Sprite 'yellow_9' successfully loaded
04:11:06    0 ResourceManager::loadSprite(): Loading sprite 'sprites/number_font/slash.txt'
04:11:06    0 ResourceManager::loadSprite(): Opened file 'sprites/number_font/slash.txt'
04:11:06    0 ResourceManager::loadSprite(): Sprite 'slash' successfully loaded
04:11:06    0 ResourceManager::loadSprite(): Loading sprite 'sprites/ammo_display.txt'
04:11:06    0 ResourceManager::loadSprite(): Opened file 'sprites/ammo_display.txt'
04:11:06    0 ResourceManager::loadSprite(): Sprite 'ammo_display' successfully loaded
04:11:06    0 ResourceManager::loadSound(): Sound 'AK47_fire' successfully loaded
04:11:06    0 ResourceManager::loadSound(): Sound 'AWP_fire' successfully loaded
04:11:06    0 ResourceManager::loadSound(): Sound 'GrenadeLauncher_fire' successfully loaded
04:11:06    0 ResourceManager::loadSound(): Sound 'ammo_empty' successfully loaded
04:11:07    0 ResourceManager::loadSound(): Sound 'AK47_reload' successfully loaded
04:11:07    0 ResourceManager::loadSound(): Sound 'AWP_reload' successfully loaded
04:11:07    0 ResourceManager::loadSound(): Sound 'GrenadeLauncher_reload' successfully loaded
04:11:07    0 ResourceManager::loadSound(): Sound 'awp_bolt' successfully loaded
04:11:07    0 ResourceManager::loadSound(): Sound 'pickup1' successfully loaded
04:11:07    0 ResourceManager::loadSound(): Sound 'pickup2' successfully loaded
04:11:07    0 ResourceManager::loadSound(): Sound 'explode' successfully loaded
04:11:07    0 ResourceManager::loadSound(): Sound 'nuke' successfully loaded
04:11:07    0 ResourceManager::loadSound(): Sound 'saucer_death' successfully loaded
04:11:07    0 ResourceManager::loadSound(): Sound 'game over' successfully loaded
04:11:08    0 ResourceManager::loadSound(): Sound 'level_won' successfully loaded
04:11:08    0 ResourceManager::loadMusic(): Music 'start music' successfully loaded
04:11:08    0 ResourceManager::loadMusic(): Music 'music_theme' successfully loaded
04:11:08    0 ResourceManager::loadMusic(): Music 'music_boss' successfully loaded
04:11:08    0 Client::Client(): Connecting to localhost at port 9876.
04:11:08    0 NetworkManager::connect(): Connecting to localhost, port 9876.
04:11:08    0 NetworkManager::connect(): Connection established.
04:11:08    0 Client::handleConnect(): Client connected!
04:11:08    0 Client::Client(): Client started.
04:11:08    0 GameManager::run(): starting game loop
04:11:08    0 Client::eventHandler(): sending mouse input to server.
04:11:08    0 Client::eventHandler(): sending mouse input to server.
04:11:08    0 Client::eventHandler(): received custom network event.
04:11:08    0 	message: 20
04:11:08    0 Client::createObject(): creating object type 'ReadyButton'
04:11:08    1 Client::eventHandler(): sending mouse input to server.
04:11:08    2 Client::eventHandler(): sending mouse input to server.
04:11:08    2 Client::eventHandler(): sending mouse input to server.
04:11:08    3 Client::eventHandler(): sending mouse input to server.
04:11:10   30 Client::eventHandler(): sending mouse input to server.
04:11:10   31 Client::eventHandler(): sending mouse input to server.
04:11:10   31 Client::eventHandler(): sending mouse input to server.
04:11:10   31 Client::eventHandler(): sending mouse input to server.
04:11:10   32 Client::eventHandler(): sending mouse input to server.
04:11:10   33 Client::eventHandler(): sending mouse input to server.
04:11:10   34 Client::eventHandler(): sending mouse input to server.
04:11:10   34 Client::eventHandler(): sending mouse input to server.
04:11:10   34 Client::eventHandler(): sending mouse input to server.
04:11:10   35 Client::eventHandler(): sending mouse input to server.
04:11:10   35 Client::eventHandler(): sending mouse input to server.
04:11:10   35 Client::eventHandler(): sending mouse input to server.
04:11:10   36 Client::eventHandler(): sending mouse input to server.
04:11:10   37 Client::eventHandler(): sending mouse input to server.
04:11:10   37 Client::eventHandler(): sending mouse input to server.
04:11:10   38 Client::eventHandler(): sending mouse input to server.
04:11:10   41 Client::eventHandler(): sending mouse input to server.
04:11:10   41 Client::eventHandler(): sending mouse input to server.
04:11:10   42 Client::eventHandler(): sending mouse input to server.
04:11:10   42 Client::eventHandler(): sending mouse input to server.
04:11:10   43 Client::eventHandler(): sending mouse input to server.
04:11:10   43 Client::eventHandler(): sending mouse input to server.
04:11:10   47 Client::eventHandler(): sending mouse input to server.
04:11:10   47 Client::eventHandler(): sending mouse input to server.
04:11:10   50 Client::eventHandler(): sending mouse input to server.
04:11:10   50 Client::eventHandler(): sending mouse input to server.
04:11:10   50 Client::eventHandler(): sending mouse input to server.
04:11:10   51 Client::eventHandler(): sending mouse input to server.
04:11:10   52 Client::eventHandler(): sending mouse input to server.
04:11:10   52 Client::eventHandler(): sending mouse input to server.
04:11:10   53 Client::eventHandler(): sending mouse input to server.
04:11:10   54 Client::eventHandler(): sending mouse input to server.
04:11:10   54 Client::eventHandler(): sending mouse input to server.
04:11:10   55 Client::eventHandler(): sending mouse input to server.
04:11:10   56 Client::eventHandler(): sending mouse input to server.
04:11:10   57 Client::eventHandler(): sending mouse input to server.
04:11:10   57 Client::eventHandler(): sending mouse input to server.
04:11:10   58 Client::eventHandler(): sending mouse input to server.
04:11:10   59 Client::eventHandler(): sending mouse input to server.
04:11:10   60 Client::eventHandler(): sending mouse input to server.
04:11:11   61 Client::eventHandler(): sending mouse input to server.
04:11:11   62 Client::eventHandler(): sending mouse input to server.
04:11:11   62 Client::eventHandler(): sending mouse input to server.
04:11:11   62 Client::eventHandler(): sending mouse input to server.
04:11:11   63 Client::eventHandler(): sending mouse input to server.
04:11:11   64 Client::eventHandler(): sending mouse input to server.
04:11:11   65 Client::eventHandler(): sending mouse input to server.
04:11:11   66 Client::eventHandler(): sending mouse input to server.
04:11:11   67 Client::eventHandler(): sending mouse input to server.
04:11:11   73 Client::eventHandler(): sending mouse input to server.
04:11:11   73 Client::eventHandler(): sending mouse input to server.
04:11:11   74 Client::eventHandler(): sending mouse input to server.
04:11:11   75 Client::eventHandler(): sending mouse input to server.
04:11:11   76 Client::eventHandler(): sending mouse input to server.
04:11:11   76 Client::eventHandler(): sending mouse input to server.
04:11:11   77 Client::eventHandler(): sending mouse input to server.
04:11:11   79 Client::eventHandler(): sending mouse input to server.
04:11:11   80 Client::eventHandler(): sending mouse input to server.
04:11:11   80 Client::eventHandler(): sending mouse input to server.
04:11:12   92 Client::eventHandler(): sending mouse input to server.
04:11:12   93 Client::eventHandler(): sending mouse input to server.
04:11:12   94 Client::eventHandler(): sending mouse input to server.
04:11:12   95 Client::eventHandler(): sending mouse input to server.
04:11:12   96 Client::eventHandler(): sending mouse input to server.
04:11:12   97 Client::eventHandler(): sending mouse input to server.
04:11:12   98 Client::eventHandler(): sending mouse input to server.
04:11:12   99 Client::eventHandler(): sending mouse input to server.
04:11:12  100 Client::eventHandler(): sending mouse input to server.
04:11:12  101 Client::eventHandler(): sending mouse input to server.
04:11:12  101 Client::eventHandler(): sending mouse input to server.
04:11:12  102 Client::eventHandler(): sending mouse input to server.
04:11:12  103 Client::eventHandler(): sending mouse input to server.
04:11:12  104 Client::eventHandler(): sending mouse input to server.
04:11:12  105 Client::eventHandler(): sending mouse input to server.
04:11:12  106 Client::eventHandler(): sending mouse input to server.
04:11:12  107 Client::eventHandler(): sending mouse input to server.
04:11:12  108 Client::eventHandler(): sending mouse input to server.
04:11:12  108 Client::eventHandler(): sending mouse input to server.
04:11:12  109 Client::eventHandler(): sending mouse input to server.
04:11:12  110 Client::eventHandler(): sending mouse input to server.
04:11:12  111 Client::eventHandler(): sending mouse input to server.
04:11:12  112 Client::eventHandler(): sending mouse input to server.
04:11:12  112 Client::eventHandler(): sending mouse input to server.
04:11:12  113 Client::eventHandler(): sending mouse input to server.
04:11:12  114 Client::eventHandler(): sending mouse input to server.
04:11:12  115 Client::eventHandler(): sending mouse input to server.
04:11:13  126 Client::eventHandler(): sending mouse input to server.
04:11:13  127 Client::eventHandler(): sending mouse input to server.
04:11:13  128 Client::eventHandler(): sending mouse input to server.
04:11:13  129 Client::eventHandler(): sending mouse input to server.
04:11:13  137 Client::eventHandler(): sending mouse input to server.
04:11:13  138 Client::eventHandler(): sending mouse input to server.
04:11:13  139 Client::eventHandler(): sending mouse input to server.
04:11:13  139 Client::eventHandler(): sending mouse input to server.
04:11:13  140 Client::eventHandler(): sending mouse input to server.
04:11:13  140 Client::eventHandler(): sending mouse input to server.
04:11:13  140 Client::eventHandler(): sending mouse input to server.
04:11:13  140 Client::eventHandler(): sending mouse input to server.
04:11:13  141 Client::eventHandler(): sending mouse input to server.
04:11:13  141 Client::eventHandler(): sending mouse input to server.
04:11:13  141 Client::eventHandler(): sending mouse input to server.
04:11:13  142 Client::eventHandler(): sending mouse input to server.
04:11:13  142 Client::eventHandler(): sending mouse input to server.
04:11:13  142 Client::eventHandler(): sending mouse input to server.
04:11:13  142 Client::eventHandler(): sending mouse input to server.
04:11:13  143 Client::eventHandler(): sending mouse input to server.
04:11:13  144 Client::eventHandler(): sending mouse input to server.
04:11:13  145 Client::eventHandler(): sending mouse input to server.
04:11:13  146 Client::eventHandler(): sending mouse input to server.
04:11:13  147 Client::eventHandler(): sending mouse input to server.
04:11:13  147 Client::eventHandler(): sending mouse input to server.
04:11:13  148 Client::eventHandler(): sending mouse input to server.
04:11:13  149 Client::eventHandler(): sending mouse input to server.
04:11:13  150 Client::eventHandler(): sending mouse input to server.
04:11:14  151 Client::eventHandler(): sending mouse input to server.
04:11:14  151 Client::eventHandler(): sending mouse input to server.
04:11:14  151 Client::eventHandler(): sending mouse input to server.
04:11:14  152 Client::eventHandler(): sending mouse input to server.
04:11:14  153 Client::eventHandler(): sending mouse input to server.
04:11:14  154 Client::eventHandler(): sending mouse input to server.
04:11:14  155 Client::eventHandler(): sending mouse input to server.
04:11:14  156 Client::eventHandler(): sending mouse input to server.
04:11:14  157 Client::eventHandler(): sending mouse input to server.
04:11:14  157 Client::eventHandler(): sending mouse input to server.
04:11:14  158 Client::eventHandler(): sending mouse input to server.
04:11:14  159 Client::eventHandler(): sending mouse input to server.
04:11:14  160 Client::eventHandler(): sending mouse input to server.
04:11:14  161 Client::eventHandler(): sending mouse input to server.
04:11:14  161 Client::eventHandler(): sending mouse input to server.
04:11:14  162 Client::eventHandler(): sending mouse input to server.
04:11:14  164 Client::eventHandler(): sending mouse input to server.
04:11:14  165 Client::eventHandler(): sending mouse input to server.
04:11:14  166 Client::eventHandler(): sending mouse input to server.
04:11:14  167 Client::eventHandler(): sending mouse input to server.
04:11:14  167 Client::eventHandler(): sending mouse input to server.
04:11:14  168 Client::eventHandler(): sending mouse input to server.
04:11:14  169 Client::eventHandler(): sending mouse input to server.
04:11:14  170 Client::eventHandler(): sending mouse input to server.
04:11:14  172 Client::eventHandler(): sending mouse input to server.
04:11:14  173 Client::eventHandler(): sending mouse input to server.
04:11:14  174 Client::eventHandler(): sending mouse input to server.
04:11:14  174 Client::eventHandler(): sending mouse input to server.
04:11:14  174 Client::eventHandler(): sending mouse input to server.
04:11:14  174 Client::eventHandler(): sending mouse input to server.
04:11:14  175 Client::eventHandler(): sending mouse input to server.
04:11:14  177 Client::eventHandler(): sending mouse input to server.
04:11:14  178 Client::eventHandler(): sending mouse input to server.
04:11:14  178 Client::eventHandler(): sending mouse input to server.
04:11:14  178 Client::eventHandler(): sending mouse input to server.
04:11:14  178 Client::eventHandler(): sending mouse input to server.
04:11:14  179 Client::eventHandler(): sending mouse input to server.
04:11:14  179 Client::eventHandler(): sending mouse input to server.
04:11:14  180 Client::eventHandler(): sending mouse input to server.
04:11:14  181 Client::eventHandler(): sending mouse input to server.
04:11:15  182 Client::eventHandler(): sending mouse input to server.
04:11:15  182 Client::eventHandler(): sending mouse input to server.
04:11:15  188 Client::eventHandler(): sending mouse input to server.
04:11:15  188 Client::eventHandler(): sending mouse input to server.
04:11:15  189 Client::eventHandler(): sending mouse input to server.
04:11:15  190 Client::eventHandler(): sending mouse input to server.
04:11:15  191 Client::eventHandler(): sending mouse input to server.
04:11:15  192 Client::eventHandler(): sending mouse input to server.
04:11:15  193 Client::eventHandler(): sending mouse input to server.
04:11:15  193 Client::eventHandler(): sending mouse input to server.
04:11:15  198 Client::eventHandler(): sending mouse input to server.
04:11:15  198 Client::eventHandler(): sending mouse input to server.
04:11:15  198 Client::eventHandler(): sending mouse input to server.
04:11:15  199 Client::eventHandler(): sending mouse input to server.
04:11:15  200 Client::eventHandler(): sending mouse input to server.
04:11:15  205 Client::eventHandler(): sending mouse input to server.
04:11:15  206 Client::eventHandler(): sending mouse input to server.
04:11:15  207 Client::eventHandler(): sending mouse input to server.
04:11:15  211 Client::eventHandler(): sending mouse input to server.
04:11:17  240 InputManager::getInput(): Window close event. Setting game over.
04:11:17  241 GameManager::run(): end of game loop
04:11:17  241 PathManager::shutDown(): successfully stopped.
04:11:17  241 Path manager stopped
04:11:17  241 WorldManager::shutDown(): Successfully stopped.
04:11:17  241 World manager stopped
04:11:17  241 ResourceManager::shutDown(): successfully stopped.
04:11:17  241 Resource manager stopped
04:11:17  241 NetworkManager::shutDown(): successfully stopped.
04:11:17  241 Network manager stopped
04:11:17  241 InputManager::shutDown(): successfully stopped.
04:11:17  241 Input manager stopped
04:11:17  241 DisplayManager::shutDown(): successfully stopped.
04:11:17  241 Display manager stopped
04:11:17  241 ** Game stopped **
04:11:17  241 ****************************************************
04:11:17  241 LogManager::shutDown(): successfully stopped.
