12:03:50    0 ****************************************************
12:03:50    0 ** Dragonfly version 4.12 **
12:03:50    0 Hello, Network! (v1.2)
12:03:50    0 1203_server_p.log
12:03:50    0 ResourceManager::loadSprite(): Loading sprite 'sprites/explosion-spr.txt'
12:03:50    0 ResourceManager::loadSprite(): Opened file 'sprites/explosion-spr.txt'
12:03:50    0 ResourceManager::loadSprite(): Sprite 'explosion' successfully loaded
12:03:50    0 ResourceManager::loadSprite(): Loading sprite 'sprites/level_select.txt'
12:03:50    0 ResourceManager::loadSprite(): Opened file 'sprites/level_select.txt'
12:03:50    0 ResourceManager::loadSprite(): Sprite 'level_select' successfully loaded
12:03:50    0 ResourceManager::loadSprite(): Loading sprite 'sprites/gamestart-spr.txt'
12:03:50    0 ResourceManager::loadSprite(): Opened file 'sprites/gamestart-spr.txt'
12:03:50    0 ResourceManager::loadSprite(): Sprite 'gamestart' successfully loaded
12:03:50    0 ResourceManager::loadSprite(): Loading sprite 'sprites/gameover-spr.txt'
12:03:50    0 ResourceManager::loadSprite(): Opened file 'sprites/gameover-spr.txt'
12:03:50    0 ResourceManager::loadSprite(): Sprite 'gameover' successfully loaded
12:03:50    0 ResourceManager::loadSprite(): Loading sprite 'sprites/level_won.txt'
12:03:50    0 ResourceManager::loadSprite(): Opened file 'sprites/level_won.txt'
12:03:50    0 ResourceManager::loadSprite(): Sprite 'level_won' successfully loaded
12:03:50    0 ResourceManager::loadSprite(): Loading sprite 'sprites/level_intro.txt'
12:03:50    0 ResourceManager::loadSprite(): Opened file 'sprites/level_intro.txt'
12:03:50    0 ResourceManager::loadSprite(): Sprite 'level_intro' successfully loaded
12:03:50    0 ResourceManager::loadSprite(): Loading sprite 'sprites/level_1.txt'
12:03:50    0 ResourceManager::loadSprite(): Opened file 'sprites/level_1.txt'
12:03:50    0 ResourceManager::loadSprite(): Sprite 'level_1' successfully loaded
12:03:50    0 ResourceManager::loadSprite(): Loading sprite 'sprites/saucer-spr.txt'
12:03:50    0 ResourceManager::loadSprite(): Opened file 'sprites/saucer-spr.txt'
12:03:50    0 ResourceManager::loadSprite(): Sprite 'saucer' successfully loaded
12:03:50    0 ResourceManager::loadSprite(): Loading sprite 'sprites/ship-spr.txt'
12:03:50    0 ResourceManager::loadSprite(): Opened file 'sprites/ship-spr.txt'
12:03:50    0 ResourceManager::loadSprite(): Sprite 'ship' successfully loaded
12:03:50    0 ResourceManager::loadSprite(): Loading sprite 'sprites/boss.txt'
12:03:50    0 ResourceManager::loadSprite(): Opened file 'sprites/boss.txt'
12:03:50    0 ResourceManager::loadSprite(): Sprite 'boss' successfully loaded
12:03:50    0 ResourceManager::loadSprite(): Loading sprite 'sprites/boss-weakpoint.txt'
12:03:50    0 ResourceManager::loadSprite(): Opened file 'sprites/boss-weakpoint.txt'
12:03:50    0 ResourceManager::loadSprite(): Sprite 'boss-weakpoint' successfully loaded
12:03:50    0 ResourceManager::loadSprite(): Loading sprite 'sprites/ak47_2.txt'
12:03:50    0 ResourceManager::loadSprite(): Opened file 'sprites/ak47_2.txt'
12:03:50    0 ResourceManager::loadSprite(): Sprite 'AK47' successfully loaded
12:03:50    0 ResourceManager::loadSprite(): Loading sprite 'sprites/awp.txt'
12:03:50    0 ResourceManager::loadSprite(): Opened file 'sprites/awp.txt'
12:03:50    0 ResourceManager::loadSprite(): Sprite 'AWP' successfully loaded
12:03:50    0 ResourceManager::loadSprite(): Loading sprite 'sprites/grenade-launcher.txt'
12:03:50    0 ResourceManager::loadSprite(): Opened file 'sprites/grenade-launcher.txt'
12:03:50    0 ResourceManager::loadSprite(): Sprite 'GrenadeLauncher' successfully loaded
12:03:50    0 ResourceManager::loadSprite(): Loading sprite 'sprites/ak47_bullet.txt'
12:03:50    0 ResourceManager::loadSprite(): Opened file 'sprites/ak47_bullet.txt'
12:03:50    0 ResourceManager::loadSprite(): Sprite 'AK47_bullet' successfully loaded
12:03:50    0 ResourceManager::loadSprite(): Loading sprite 'sprites/awp_bullet.txt'
12:03:50    0 ResourceManager::loadSprite(): Opened file 'sprites/awp_bullet.txt'
12:03:50    0 ResourceManager::loadSprite(): Sprite 'AWP_bullet' successfully loaded
12:03:50    0 ResourceManager::loadSprite(): Loading sprite 'sprites/grenade_bullet.txt'
12:03:50    0 ResourceManager::loadSprite(): Opened file 'sprites/grenade_bullet.txt'
12:03:50    0 ResourceManager::loadSprite(): Sprite 'GrenadeLauncher_bullet' successfully loaded
12:03:50    0 ResourceManager::loadSprite(): Loading sprite 'sprites/bullet_trail.txt'
12:03:50    0 ResourceManager::loadSprite(): Opened file 'sprites/bullet_trail.txt'
12:03:50    0 ResourceManager::loadSprite(): Sprite 'bullet_trail' successfully loaded
12:03:50    0 ResourceManager::loadSprite(): Loading sprite 'sprites/explosion-spr.txt'
12:03:50    0 ResourceManager::loadSprite(): Opened file 'sprites/explosion-spr.txt'
12:03:50    0 ResourceManager::loadSprite(): Sprite 'explosion' successfully loaded
12:03:50    0 ResourceManager::loadSprite(): Loading sprite 'sprites/nuke.txt'
12:03:50    0 ResourceManager::loadSprite(): Opened file 'sprites/nuke.txt'
12:03:50    0 ResourceManager::loadSprite(): Sprite 'nuke' successfully loaded
12:03:50    0 ResourceManager::loadSprite(): Loading sprite 'sprites/character-walk_2.txt'
12:03:50    0 ResourceManager::loadSprite(): Opened file 'sprites/character-walk_2.txt'
12:03:50    0 ResourceManager::loadSprite(): Sprite 'character-walk' successfully loaded
12:03:50    0 ResourceManager::loadSprite(): Loading sprite 'sprites/character-duck.txt'
12:03:50    0 ResourceManager::loadSprite(): Opened file 'sprites/character-duck.txt'
12:03:50    0 ResourceManager::loadSprite(): Sprite 'character-duck' successfully loaded
12:03:50    0 ResourceManager::loadSprite(): Loading sprite 'sprites/platform.txt'
12:03:50    0 ResourceManager::loadSprite(): Opened file 'sprites/platform.txt'
12:03:50    0 ResourceManager::loadSprite(): Sprite 'platform' successfully loaded
12:03:50    0 ResourceManager::loadSprite(): Loading sprite 'sprites/refill-ammo.txt'
12:03:50    0 ResourceManager::loadSprite(): Opened file 'sprites/refill-ammo.txt'
12:03:50    0 ResourceManager::loadSprite(): Sprite 'ammo-refill' successfully loaded
12:03:50    0 ResourceManager::loadSprite(): Loading sprite 'sprites/intro/1.txt'
12:03:50    0 ResourceManager::loadSprite(): Opened file 'sprites/intro/1.txt'
12:03:50    0 ResourceManager::loadSprite(): Sprite 'intro_1' successfully loaded
12:03:50    0 ResourceManager::loadSprite(): Loading sprite 'sprites/intro/2.txt'
12:03:50    0 ResourceManager::loadSprite(): Opened file 'sprites/intro/2.txt'
12:03:50    0 ResourceManager::loadSprite(): Sprite 'intro_2' successfully loaded
12:03:50    0 ResourceManager::loadSprite(): Loading sprite 'sprites/intro/3.txt'
12:03:50    0 ResourceManager::loadSprite(): Opened file 'sprites/intro/3.txt'
12:03:50    0 ResourceManager::loadSprite(): Sprite 'intro_3' successfully loaded
12:03:50    0 ResourceManager::loadSprite(): Loading sprite 'sprites/intro/4.txt'
12:03:50    0 ResourceManager::loadSprite(): Opened file 'sprites/intro/4.txt'
12:03:50    0 ResourceManager::loadSprite(): Sprite 'intro_4' successfully loaded
12:03:50    0 ResourceManager::loadSprite(): Loading sprite 'sprites/intro/5.txt'
12:03:50    0 ResourceManager::loadSprite(): Opened file 'sprites/intro/5.txt'
12:03:50    0 ResourceManager::loadSprite(): Sprite 'intro_5' successfully loaded
12:03:50    0 ResourceManager::loadSprite(): Loading sprite 'sprites/intro/6.txt'
12:03:50    0 ResourceManager::loadSprite(): Opened file 'sprites/intro/6.txt'
12:03:50    0 ResourceManager::loadSprite(): Sprite 'intro_6' successfully loaded
12:03:50    0 ResourceManager::loadSprite(): Loading sprite 'sprites/intro/7.txt'
12:03:50    0 ResourceManager::loadSprite(): Opened file 'sprites/intro/7.txt'
12:03:50    0 ResourceManager::loadSprite(): Sprite 'intro_7' successfully loaded
12:03:50    0 ResourceManager::loadSprite(): Loading sprite 'sprites/intro/small.txt'
12:03:50    0 ResourceManager::loadSprite(): Opened file 'sprites/intro/small.txt'
12:03:50    0 ResourceManager::loadSprite(): Sprite 'intro_small' successfully loaded
12:03:50    0 ResourceManager::loadSprite(): Loading sprite 'sprites/number_font/green_0.txt'
12:03:50    0 ResourceManager::loadSprite(): Opened file 'sprites/number_font/green_0.txt'
12:03:50    0 ResourceManager::loadSprite(): Sprite 'green_0' successfully loaded
12:03:50    0 ResourceManager::loadSprite(): Loading sprite 'sprites/number_font/green_1.txt'
12:03:50    0 ResourceManager::loadSprite(): Opened file 'sprites/number_font/green_1.txt'
12:03:50    0 ResourceManager::loadSprite(): Sprite 'green_1' successfully loaded
12:03:50    0 ResourceManager::loadSprite(): Loading sprite 'sprites/number_font/green_2.txt'
12:03:50    0 ResourceManager::loadSprite(): Opened file 'sprites/number_font/green_2.txt'
12:03:50    0 ResourceManager::loadSprite(): Sprite 'green_2' successfully loaded
12:03:50    0 ResourceManager::loadSprite(): Loading sprite 'sprites/number_font/green_3.txt'
12:03:50    0 ResourceManager::loadSprite(): Opened file 'sprites/number_font/green_3.txt'
12:03:50    0 ResourceManager::loadSprite(): Sprite 'green_3' successfully loaded
12:03:50    0 ResourceManager::loadSprite(): Loading sprite 'sprites/number_font/green_4.txt'
12:03:50    0 ResourceManager::loadSprite(): Opened file 'sprites/number_font/green_4.txt'
12:03:50    0 ResourceManager::loadSprite(): Sprite 'green_4' successfully loaded
12:03:50    0 ResourceManager::loadSprite(): Loading sprite 'sprites/number_font/green_5.txt'
12:03:50    0 ResourceManager::loadSprite(): Opened file 'sprites/number_font/green_5.txt'
12:03:50    0 ResourceManager::loadSprite(): Sprite 'green_5' successfully loaded
12:03:50    0 ResourceManager::loadSprite(): Loading sprite 'sprites/number_font/green_6.txt'
12:03:50    0 ResourceManager::loadSprite(): Opened file 'sprites/number_font/green_6.txt'
12:03:50    0 ResourceManager::loadSprite(): Sprite 'green_6' successfully loaded
12:03:50    0 ResourceManager::loadSprite(): Loading sprite 'sprites/number_font/green_7.txt'
12:03:50    0 ResourceManager::loadSprite(): Opened file 'sprites/number_font/green_7.txt'
12:03:50    0 ResourceManager::loadSprite(): Sprite 'green_7' successfully loaded
12:03:50    0 ResourceManager::loadSprite(): Loading sprite 'sprites/number_font/green_8.txt'
12:03:50    0 ResourceManager::loadSprite(): Opened file 'sprites/number_font/green_8.txt'
12:03:50    0 ResourceManager::loadSprite(): Sprite 'green_8' successfully loaded
12:03:50    0 ResourceManager::loadSprite(): Loading sprite 'sprites/number_font/green_9.txt'
12:03:50    0 ResourceManager::loadSprite(): Opened file 'sprites/number_font/green_9.txt'
12:03:50    0 ResourceManager::loadSprite(): Sprite 'green_9' successfully loaded
12:03:50    0 ResourceManager::loadSprite(): Loading sprite 'sprites/number_font/red_0.txt'
12:03:50    0 ResourceManager::loadSprite(): Opened file 'sprites/number_font/red_0.txt'
12:03:50    0 ResourceManager::loadSprite(): Sprite 'red_0' successfully loaded
12:03:50    0 ResourceManager::loadSprite(): Loading sprite 'sprites/number_font/red_1.txt'
12:03:50    0 ResourceManager::loadSprite(): Opened file 'sprites/number_font/red_1.txt'
12:03:50    0 ResourceManager::loadSprite(): Sprite 'red_1' successfully loaded
12:03:50    0 ResourceManager::loadSprite(): Loading sprite 'sprites/number_font/red_2.txt'
12:03:50    0 ResourceManager::loadSprite(): Opened file 'sprites/number_font/red_2.txt'
12:03:50    0 ResourceManager::loadSprite(): Sprite 'red_2' successfully loaded
12:03:50    0 ResourceManager::loadSprite(): Loading sprite 'sprites/number_font/red_3.txt'
12:03:50    0 ResourceManager::loadSprite(): Opened file 'sprites/number_font/red_3.txt'
12:03:50    0 ResourceManager::loadSprite(): Sprite 'red_3' successfully loaded
12:03:50    0 ResourceManager::loadSprite(): Loading sprite 'sprites/number_font/red_4.txt'
12:03:50    0 ResourceManager::loadSprite(): Opened file 'sprites/number_font/red_4.txt'
12:03:50    0 ResourceManager::loadSprite(): Sprite 'red_4' successfully loaded
12:03:50    0 ResourceManager::loadSprite(): Loading sprite 'sprites/number_font/red_5.txt'
12:03:50    0 ResourceManager::loadSprite(): Opened file 'sprites/number_font/red_5.txt'
12:03:50    0 ResourceManager::loadSprite(): Sprite 'red_5' successfully loaded
12:03:50    0 ResourceManager::loadSprite(): Loading sprite 'sprites/number_font/red_6.txt'
12:03:50    0 ResourceManager::loadSprite(): Opened file 'sprites/number_font/red_6.txt'
12:03:50    0 ResourceManager::loadSprite(): Sprite 'red_6' successfully loaded
12:03:50    0 ResourceManager::loadSprite(): Loading sprite 'sprites/number_font/red_7.txt'
12:03:50    0 ResourceManager::loadSprite(): Opened file 'sprites/number_font/red_7.txt'
12:03:50    0 ResourceManager::loadSprite(): Sprite 'red_7' successfully loaded
12:03:50    0 ResourceManager::loadSprite(): Loading sprite 'sprites/number_font/red_8.txt'
12:03:50    0 ResourceManager::loadSprite(): Opened file 'sprites/number_font/red_8.txt'
12:03:50    0 ResourceManager::loadSprite(): Sprite 'red_8' successfully loaded
12:03:50    0 ResourceManager::loadSprite(): Loading sprite 'sprites/number_font/red_9.txt'
12:03:50    0 ResourceManager::loadSprite(): Opened file 'sprites/number_font/red_9.txt'
12:03:50    0 ResourceManager::loadSprite(): Sprite 'red_9' successfully loaded
12:03:50    0 ResourceManager::loadSprite(): Loading sprite 'sprites/number_font/yellow_0.txt'
12:03:50    0 ResourceManager::loadSprite(): Opened file 'sprites/number_font/yellow_0.txt'
12:03:50    0 ResourceManager::loadSprite(): Sprite 'yellow_0' successfully loaded
12:03:50    0 ResourceManager::loadSprite(): Loading sprite 'sprites/number_font/yellow_1.txt'
12:03:50    0 ResourceManager::loadSprite(): Opened file 'sprites/number_font/yellow_1.txt'
12:03:50    0 ResourceManager::loadSprite(): Sprite 'yellow_1' successfully loaded
12:03:50    0 ResourceManager::loadSprite(): Loading sprite 'sprites/number_font/yellow_2.txt'
12:03:50    0 ResourceManager::loadSprite(): Opened file 'sprites/number_font/yellow_2.txt'
12:03:50    0 ResourceManager::loadSprite(): Sprite 'yellow_2' successfully loaded
12:03:50    0 ResourceManager::loadSprite(): Loading sprite 'sprites/number_font/yellow_3.txt'
12:03:50    0 ResourceManager::loadSprite(): Opened file 'sprites/number_font/yellow_3.txt'
12:03:50    0 ResourceManager::loadSprite(): Sprite 'yellow_3' successfully loaded
12:03:50    0 ResourceManager::loadSprite(): Loading sprite 'sprites/number_font/yellow_4.txt'
12:03:50    0 ResourceManager::loadSprite(): Opened file 'sprites/number_font/yellow_4.txt'
12:03:50    0 ResourceManager::loadSprite(): Sprite 'yellow_4' successfully loaded
12:03:50    0 ResourceManager::loadSprite(): Loading sprite 'sprites/number_font/yellow_5.txt'
12:03:50    0 ResourceManager::loadSprite(): Opened file 'sprites/number_font/yellow_5.txt'
12:03:50    0 ResourceManager::loadSprite(): Sprite 'yellow_5' successfully loaded
12:03:50    0 ResourceManager::loadSprite(): Loading sprite 'sprites/number_font/yellow_6.txt'
12:03:50    0 ResourceManager::loadSprite(): Opened file 'sprites/number_font/yellow_6.txt'
12:03:50    0 ResourceManager::loadSprite(): Sprite 'yellow_6' successfully loaded
12:03:50    0 ResourceManager::loadSprite(): Loading sprite 'sprites/number_font/yellow_7.txt'
12:03:50    0 ResourceManager::loadSprite(): Opened file 'sprites/number_font/yellow_7.txt'
12:03:50    0 ResourceManager::loadSprite(): Sprite 'yellow_7' successfully loaded
12:03:50    0 ResourceManager::loadSprite(): Loading sprite 'sprites/number_font/yellow_8.txt'
12:03:50    0 ResourceManager::loadSprite(): Opened file 'sprites/number_font/yellow_8.txt'
12:03:50    0 ResourceManager::loadSprite(): Sprite 'yellow_8' successfully loaded
12:03:50    0 ResourceManager::loadSprite(): Loading sprite 'sprites/number_font/yellow_9.txt'
12:03:50    0 ResourceManager::loadSprite(): Opened file 'sprites/number_font/yellow_9.txt'
12:03:50    0 ResourceManager::loadSprite(): Sprite 'yellow_9' successfully loaded
12:03:50    0 ResourceManager::loadSprite(): Loading sprite 'sprites/number_font/slash.txt'
12:03:50    0 ResourceManager::loadSprite(): Opened file 'sprites/number_font/slash.txt'
12:03:50    0 ResourceManager::loadSprite(): Sprite 'slash' successfully loaded
12:03:50    0 ResourceManager::loadSprite(): Loading sprite 'sprites/ammo_display.txt'
12:03:50    0 ResourceManager::loadSprite(): Opened file 'sprites/ammo_display.txt'
12:03:50    0 ResourceManager::loadSprite(): Sprite 'ammo_display' successfully loaded
12:03:50    0 ResourceManager::loadSound(): Sound 'AK47_fire' successfully loaded
12:03:51    0 ResourceManager::loadSound(): Sound 'AWP_fire' successfully loaded
12:03:51    0 ResourceManager::loadSound(): Sound 'GrenadeLauncher_fire' successfully loaded
12:03:51    0 ResourceManager::loadSound(): Sound 'ammo_empty' successfully loaded
12:03:51    0 ResourceManager::loadSound(): Sound 'AK47_reload' successfully loaded
12:03:51    0 ResourceManager::loadSound(): Sound 'AWP_reload' successfully loaded
12:03:51    0 ResourceManager::loadSound(): Sound 'GrenadeLauncher_reload' successfully loaded
12:03:52    0 ResourceManager::loadSound(): Sound 'awp_bolt' successfully loaded
12:03:52    0 ResourceManager::loadSound(): Sound 'pickup1' successfully loaded
12:03:52    0 ResourceManager::loadSound(): Sound 'pickup2' successfully loaded
12:03:52    0 ResourceManager::loadSound(): Sound 'explode' successfully loaded
12:03:52    0 ResourceManager::loadSound(): Sound 'nuke' successfully loaded
12:03:52    0 ResourceManager::loadSound(): Sound 'saucer_death' successfully loaded
12:03:52    0 ResourceManager::loadSound(): Sound 'game over' successfully loaded
12:03:52    0 ResourceManager::loadSound(): Sound 'level_won' successfully loaded
12:03:52    0 ResourceManager::loadMusic(): Music 'start music' successfully loaded
12:03:52    0 ResourceManager::loadMusic(): Music 'music_theme' successfully loaded
12:03:52    0 ResourceManager::loadMusic(): Music 'music_boss' successfully loaded
12:03:52    0 GameManager::run(): starting game loop
12:03:56   90 GameManager::run(): end of game loop
12:03:56   90 NetworkManager::setServer(): Ready for connections on port 9876.
12:03:56   90 Server::Server(): Setup for 3 connections.
12:03:56   90 Server::Server(): Server started
12:03:56   90 GameManager::run(): starting game loop
12:04:52 1699 NetworkManager::accept(): New connection.
12:04:52 1699 main(): OLD socket buffer is 65536
12:04:52 1699 main(): NEW socket buffer is 1048576
12:04:52 1699 Server::handleAccept(): server now connected socket: 0
12:04:52 1699 Server::eventHandler(): sending hero id message: '20'
12:04:52 1700 There are currently 0 saucers
12:04:52 1701 There are currently 0 saucers
12:04:52 1702 There are currently 0 saucers
12:04:53 1703 There are currently 0 saucers
12:04:53 1704 There are currently 0 saucers
12:04:53 1705 There are currently 0 saucers
12:04:53 1706 There are currently 0 saucers
12:04:53 1707 There are currently 0 saucers
12:04:53 1708 There are currently 0 saucers
12:04:53 1709 There are currently 0 saucers
12:04:53 1710 There are currently 0 saucers
12:04:53 1711 There are currently 0 saucers
12:04:53 1712 There are currently 0 saucers
12:04:53 1713 There are currently 0 saucers
12:04:53 1714 There are currently 0 saucers
12:04:53 1715 There are currently 0 saucers
12:04:53 1716 There are currently 0 saucers
12:04:53 1717 There are currently 0 saucers
12:04:53 1718 There are currently 0 saucers
12:04:53 1719 There are currently 0 saucers
12:04:53 1720 There are currently 0 saucers
12:04:53 1721 There are currently 0 saucers
12:04:53 1722 There are currently 0 saucers
12:04:53 1723 There are currently 0 saucers
12:04:53 1724 There are currently 0 saucers
12:04:53 1725 There are currently 0 saucers
12:04:53 1726 There are currently 0 saucers
12:04:53 1727 There are currently 0 saucers
12:04:53 1728 There are currently 0 saucers
12:04:53 1729 There are currently 0 saucers
12:04:53 1730 There are currently 0 saucers
12:04:53 1731 There are currently 0 saucers
12:04:53 1732 There are currently 0 saucers
12:04:54 1733 There are currently 0 saucers
12:04:54 1734 There are currently 0 saucers
12:04:54 1735 There are currently 0 saucers
12:04:54 1736 There are currently 0 saucers
12:04:54 1737 There are currently 0 saucers
12:04:54 1738 There are currently 0 saucers
12:04:54 1739 There are currently 0 saucers
12:04:54 1740 There are currently 0 saucers
12:04:54 1741 There are currently 0 saucers
12:04:54 1742 There are currently 0 saucers
12:04:54 1743 There are currently 0 saucers
12:04:54 1744 There are currently 0 saucers
12:04:54 1745 There are currently 0 saucers
12:04:54 1746 There are currently 0 saucers
12:04:54 1747 There are currently 0 saucers
12:04:54 1748 There are currently 0 saucers
12:04:54 1749 There are currently 0 saucers
12:04:54 1750 There are currently 0 saucers
12:04:54 1751 There are currently 0 saucers
12:04:54 1752 There are currently 0 saucers
12:04:54 1753 There are currently 0 saucers
12:04:54 1754 There are currently 0 saucers
12:04:54 1755 There are currently 0 saucers
12:04:54 1756 There are currently 0 saucers
12:04:54 1757 There are currently 0 saucers
12:04:54 1758 There are currently 0 saucers
12:04:54 1759 There are currently 0 saucers
12:04:54 1760 There are currently 0 saucers
12:04:54 1761 There are currently 0 saucers
12:04:54 1762 There are currently 0 saucers
12:04:55 1763 There are currently 0 saucers
12:04:55 1764 There are currently 0 saucers
12:04:55 1765 There are currently 0 saucers
12:04:55 1766 There are currently 0 saucers
12:04:55 1767 There are currently 0 saucers
12:04:55 1768 There are currently 0 saucers
12:04:55 1769 There are currently 0 saucers
12:04:55 1770 There are currently 0 saucers
12:04:55 1771 There are currently 0 saucers
12:04:55 1772 There are currently 0 saucers
12:04:55 1773 There are currently 0 saucers
12:04:55 1774 There are currently 0 saucers
12:04:55 1775 There are currently 0 saucers
12:04:55 1776 There are currently 0 saucers
12:04:55 1777 There are currently 0 saucers
12:04:55 1778 There are currently 0 saucers
12:04:55 1779 There are currently 0 saucers
12:04:55 1780 There are currently 0 saucers
12:04:55 1781 There are currently 0 saucers
12:04:55 1782 There are currently 0 saucers
12:04:55 1783 There are currently 0 saucers
12:04:55 1784 There are currently 0 saucers
12:04:55 1785 There are currently 0 saucers
12:04:55 1786 There are currently 0 saucers
12:04:55 1787 There are currently 0 saucers
12:04:55 1788 There are currently 0 saucers
12:04:55 1789 There are currently 0 saucers
12:04:55 1790 There are currently 0 saucers
12:04:55 1791 There are currently 0 saucers
12:04:55 1792 There are currently 0 saucers
12:04:55 1793 There are currently 0 saucers
12:04:56 1794 There are currently 0 saucers
12:04:56 1795 There are currently 0 saucers
12:04:56 1796 There are currently 0 saucers
12:04:56 1797 There are currently 0 saucers
12:04:56 1798 There are currently 0 saucers
12:04:56 1799 There are currently 0 saucers
12:04:56 1800 There are currently 0 saucers
12:04:56 1801 There are currently 0 saucers
12:04:56 1802 There are currently 0 saucers
12:04:56 1803 There are currently 0 saucers
12:04:56 1804 There are currently 0 saucers
12:04:56 1805 There are currently 0 saucers
12:04:56 1806 There are currently 0 saucers
12:04:56 1807 There are currently 0 saucers
12:04:56 1808 There are currently 0 saucers
12:04:56 1809 There are currently 0 saucers
12:04:56 1810 There are currently 0 saucers
12:04:56 1811 There are currently 0 saucers
12:04:56 1812 There are currently 0 saucers
12:04:56 1813 There are currently 0 saucers
12:04:56 1814 There are currently 0 saucers
12:04:56 1815 There are currently 0 saucers
12:04:56 1816 There are currently 0 saucers
12:04:56 1817 There are currently 0 saucers
12:04:56 1818 There are currently 0 saucers
12:04:56 1819 There are currently 0 saucers
12:04:56 1820 There are currently 0 saucers
12:04:56 1821 There are currently 0 saucers
12:04:56 1822 There are currently 0 saucers
12:04:56 1823 There are currently 0 saucers
12:04:57 1824 There are currently 0 saucers
12:04:57 1825 There are currently 0 saucers
12:04:57 1826 There are currently 0 saucers
12:04:57 1827 There are currently 0 saucers
12:04:57 1828 There are currently 0 saucers
12:04:57 1829 There are currently 0 saucers
12:04:57 1830 There are currently 0 saucers
12:04:57 1831 There are currently 0 saucers
12:04:57 1832 There are currently 0 saucers
12:04:57 1833 There are currently 0 saucers
12:04:57 1834 There are currently 0 saucers
12:04:57 1835 There are currently 0 saucers
12:04:57 1836 There are currently 0 saucers
12:04:57 1837 There are currently 0 saucers
12:04:57 1838 There are currently 0 saucers
12:04:57 1839 There are currently 0 saucers
12:04:57 1840 There are currently 0 saucers
12:04:57 1841 There are currently 0 saucers
12:04:57 1842 There are currently 0 saucers
12:04:57 1843 There are currently 0 saucers
12:04:57 1844 There are currently 0 saucers
12:04:57 1845 There are currently 0 saucers
12:04:57 1846 There are currently 0 saucers
12:04:57 1847 There are currently 0 saucers
12:04:57 1848 There are currently 0 saucers
12:04:57 1849 There are currently 0 saucers
12:04:57 1850 There are currently 0 saucers
12:04:57 1851 There are currently 0 saucers
12:04:57 1852 There are currently 0 saucers
12:04:57 1853 There are currently 0 saucers
12:04:58 1854 There are currently 0 saucers
12:04:58 1855 There are currently 0 saucers
12:04:58 1856 There are currently 0 saucers
12:04:58 1857 There are currently 0 saucers
12:04:58 1858 There are currently 0 saucers
12:04:58 1859 There are currently 0 saucers
12:04:58 1860 There are currently 0 saucers
12:04:58 1861 There are currently 0 saucers
12:04:58 1862 There are currently 0 saucers
12:04:58 1863 There are currently 0 saucers
12:04:58 1864 There are currently 0 saucers
12:04:58 1865 There are currently 0 saucers
12:04:58 1866 There are currently 0 saucers
12:04:58 1867 There are currently 0 saucers
12:04:58 1868 There are currently 0 saucers
12:04:58 1869 There are currently 0 saucers
12:04:58 1870 There are currently 0 saucers
12:04:58 1871 There are currently 0 saucers
12:04:58 1872 There are currently 0 saucers
12:04:58 1873 There are currently 0 saucers
12:04:58 1874 There are currently 0 saucers
12:04:58 1875 There are currently 0 saucers
12:04:58 1876 There are currently 0 saucers
12:04:58 1877 There are currently 0 saucers
12:04:58 1878 There are currently 0 saucers
12:04:58 1879 There are currently 0 saucers
12:04:58 1880 There are currently 0 saucers
12:04:58 1881 There are currently 0 saucers
12:04:58 1882 There are currently 0 saucers
12:04:58 1883 There are currently 0 saucers
12:04:58 1884 There are currently 0 saucers
12:04:59 1885 There are currently 0 saucers
12:04:59 1886 There are currently 0 saucers
12:04:59 1887 There are currently 0 saucers
12:04:59 1888 There are currently 0 saucers
12:04:59 1889 There are currently 0 saucers
12:04:59 1890 There are currently 0 saucers
12:04:59 1891 There are currently 0 saucers
12:04:59 1892 There are currently 0 saucers
12:04:59 1893 There are currently 0 saucers
12:04:59 1894 There are currently 0 saucers
12:04:59 1895 There are currently 0 saucers
12:04:59 1896 There are currently 0 saucers
12:04:59 1897 There are currently 0 saucers
12:04:59 1898 There are currently 0 saucers
12:04:59 1899 There are currently 0 saucers
12:04:59 1900 There are currently 0 saucers
12:04:59 1901 There are currently 0 saucers
12:04:59 1902 There are currently 0 saucers
12:04:59 1903 There are currently 0 saucers
12:04:59 1904 There are currently 0 saucers
12:04:59 1905 There are currently 0 saucers
12:04:59 1906 There are currently 0 saucers
12:04:59 1907 There are currently 0 saucers
12:04:59 1908 There are currently 0 saucers
12:04:59 1909 There are currently 0 saucers
12:04:59 1910 There are currently 0 saucers
12:04:59 1911 There are currently 0 saucers
12:04:59 1912 There are currently 0 saucers
12:04:59 1913 There are currently 0 saucers
12:04:59 1914 There are currently 0 saucers
12:05:00 1915 There are currently 0 saucers
12:05:00 1916 There are currently 0 saucers
12:05:00 1917 There are currently 0 saucers
12:05:00 1918 There are currently 0 saucers
12:05:00 1919 There are currently 0 saucers
12:05:00 1920 There are currently 0 saucers
12:05:00 1921 There are currently 0 saucers
12:05:00 1922 There are currently 0 saucers
12:05:00 1923 There are currently 0 saucers
12:05:00 1924 There are currently 0 saucers
12:05:00 1925 There are currently 0 saucers
12:05:00 1926 There are currently 0 saucers
12:05:00 1927 There are currently 0 saucers
12:05:00 1928 There are currently 0 saucers
12:05:00 1929 There are currently 0 saucers
12:05:00 1930 There are currently 0 saucers
12:05:00 1931 There are currently 0 saucers
12:05:00 1932 There are currently 0 saucers
12:05:00 1933 There are currently 0 saucers
12:05:00 1934 There are currently 0 saucers
12:05:00 1935 There are currently 0 saucers
12:05:00 1936 There are currently 0 saucers
12:05:00 1937 There are currently 0 saucers
12:05:00 1938 There are currently 0 saucers
12:05:00 1939 There are currently 0 saucers
12:05:00 1940 There are currently 0 saucers
12:05:00 1941 There are currently 0 saucers
12:05:00 1942 There are currently 0 saucers
12:05:00 1943 There are currently 0 saucers
12:05:00 1944 There are currently 0 saucers
12:05:01 1945 There are currently 0 saucers
12:05:01 1946 There are currently 0 saucers
12:05:01 1947 There are currently 0 saucers
12:05:01 1948 There are currently 0 saucers
12:05:01 1949 There are currently 0 saucers
12:05:01 1950 There are currently 0 saucers
12:05:01 1951 There are currently 0 saucers
12:05:01 1952 There are currently 0 saucers
12:05:01 1953 There are currently 0 saucers
12:05:01 1954 There are currently 0 saucers
12:05:01 1955 There are currently 0 saucers
12:05:01 1956 There are currently 0 saucers
12:05:01 1957 There are currently 0 saucers
12:05:01 1958 There are currently 0 saucers
12:05:01 1959 There are currently 0 saucers
12:05:01 1960 There are currently 0 saucers
12:05:01 1961 There are currently 0 saucers
12:05:01 1962 There are currently 0 saucers
12:05:01 1963 There are currently 0 saucers
12:05:01 1964 There are currently 0 saucers
12:05:01 1965 There are currently 0 saucers
12:05:01 1966 There are currently 0 saucers
12:05:01 1967 There are currently 0 saucers
12:05:01 1968 There are currently 0 saucers
12:05:01 1969 There are currently 0 saucers
12:05:01 1970 There are currently 0 saucers
12:05:01 1971 There are currently 0 saucers
12:05:01 1972 There are currently 0 saucers
12:05:01 1973 There are currently 0 saucers
12:05:01 1974 There are currently 0 saucers
12:05:01 1975 There are currently 0 saucers
12:05:02 1976 There are currently 0 saucers
12:05:02 1977 There are currently 0 saucers
12:05:02 1978 There are currently 0 saucers
12:05:02 1979 There are currently 0 saucers
12:05:02 1980 There are currently 0 saucers
12:05:02 1981 There are currently 0 saucers
12:05:02 1982 There are currently 0 saucers
12:05:02 1983 There are currently 0 saucers
12:05:02 1984 There are currently 0 saucers
12:05:02 1985 There are currently 0 saucers
12:05:02 1986 There are currently 0 saucers
12:05:02 1987 There are currently 0 saucers
12:05:02 1988 There are currently 0 saucers
12:05:02 1989 There are currently 0 saucers
12:05:02 1990 There are currently 0 saucers
12:05:02 1991 There are currently 0 saucers
12:05:02 1992 There are currently 0 saucers
12:05:02 1993 There are currently 0 saucers
12:05:02 1994 There are currently 0 saucers
12:05:02 1995 There are currently 0 saucers
12:05:02 1996 There are currently 0 saucers
12:05:02 1997 There are currently 0 saucers
12:05:02 1998 There are currently 0 saucers
12:05:02 1999 There are currently 0 saucers
12:05:02 2000 There are currently 0 saucers
12:05:02 2001 There are currently 0 saucers
12:05:02 2002 There are currently 0 saucers
12:05:02 2003 There are currently 0 saucers
12:05:02 2004 There are currently 0 saucers
12:05:02 2005 There are currently 0 saucers
12:05:03 2006 There are currently 0 saucers
12:05:03 2007 There are currently 0 saucers
12:05:03 2008 There are currently 0 saucers
12:05:03 2009 There are currently 0 saucers
12:05:03 2010 There are currently 0 saucers
12:05:03 2011 There are currently 0 saucers
12:05:03 2012 There are currently 0 saucers
12:05:03 2013 There are currently 0 saucers
12:05:03 2014 There are currently 0 saucers
12:05:03 2015 There are currently 0 saucers
12:05:03 2016 There are currently 0 saucers
12:05:03 2017 There are currently 0 saucers
12:05:03 2018 There are currently 0 saucers
12:05:03 2019 There are currently 0 saucers
12:05:03 2020 There are currently 0 saucers
12:05:03 2021 There are currently 0 saucers
12:05:03 2022 There are currently 0 saucers
12:05:03 2023 There are currently 0 saucers
12:05:03 2024 There are currently 0 saucers
12:05:03 2025 There are currently 0 saucers
12:05:03 2026 There are currently 0 saucers
12:05:03 2027 There are currently 0 saucers
12:05:03 2028 There are currently 0 saucers
12:05:03 2029 There are currently 0 saucers
12:05:03 2030 There are currently 0 saucers
12:05:03 2031 There are currently 0 saucers
12:05:03 2032 There are currently 0 saucers
12:05:03 2033 There are currently 0 saucers
12:05:03 2034 There are currently 0 saucers
12:05:03 2035 There are currently 0 saucers
12:05:04 2036 There are currently 0 saucers
12:05:04 2037 There are currently 0 saucers
12:05:04 2038 There are currently 0 saucers
12:05:04 2039 There are currently 0 saucers
12:05:04 2040 There are currently 0 saucers
12:05:04 2041 There are currently 0 saucers
12:05:04 2042 There are currently 0 saucers
12:05:04 2043 GameManager::run(): end of game loop
12:05:04 2043 PathManager::shutDown(): successfully stopped.
12:05:04 2043 Path manager stopped
