13:54:40    0 ****************************************************
13:54:40    0 ** Dragonfly version 4.9 **
13:54:41    0 Hello, Network! (v1.2)
13:54:41    0 ResourceManager::loadSprite(): Loading sprite 'sprites/explosion-spr.txt'
13:54:41    0 ResourceManager::loadSprite(): Opened file 'sprites/explosion-spr.txt'
13:54:41    0 ResourceManager::loadSprite(): Sprite 'explosion' successfully loaded
13:54:41    0 ResourceManager::loadSprite(): Loading sprite 'sprites/level_select.txt'
13:54:41    0 ResourceManager::loadSprite(): Opened file 'sprites/level_select.txt'
13:54:41    0 ResourceManager::loadSprite(): Sprite 'level_select' successfully loaded
13:54:41    0 ResourceManager::loadSprite(): Loading sprite 'sprites/gamestart-spr.txt'
13:54:41    0 ResourceManager::loadSprite(): Opened file 'sprites/gamestart-spr.txt'
13:54:41    0 ResourceManager::loadSprite(): Sprite 'gamestart' successfully loaded
13:54:41    0 ResourceManager::loadSprite(): Loading sprite 'sprites/gameover-spr.txt'
13:54:41    0 ResourceManager::loadSprite(): Opened file 'sprites/gameover-spr.txt'
13:54:41    0 ResourceManager::loadSprite(): Sprite 'gameover' successfully loaded
13:54:41    0 ResourceManager::loadSprite(): Loading sprite 'sprites/level_won.txt'
13:54:41    0 ResourceManager::loadSprite(): Opened file 'sprites/level_won.txt'
13:54:41    0 ResourceManager::loadSprite(): Sprite 'level_won' successfully loaded
13:54:41    0 ResourceManager::loadSprite(): Loading sprite 'sprites/level_intro.txt'
13:54:41    0 ResourceManager::loadSprite(): Opened file 'sprites/level_intro.txt'
13:54:41    0 ResourceManager::loadSprite(): Sprite 'level_intro' successfully loaded
13:54:41    0 ResourceManager::loadSprite(): Loading sprite 'sprites/level_1.txt'
13:54:41    0 ResourceManager::loadSprite(): Opened file 'sprites/level_1.txt'
13:54:41    0 ResourceManager::loadSprite(): Sprite 'level_1' successfully loaded
13:54:41    0 ResourceManager::loadSprite(): Loading sprite 'sprites/saucer-spr.txt'
13:54:41    0 ResourceManager::loadSprite(): Opened file 'sprites/saucer-spr.txt'
13:54:41    0 ResourceManager::loadSprite(): Sprite 'saucer' successfully loaded
13:54:41    0 ResourceManager::loadSprite(): Loading sprite 'sprites/ship-spr.txt'
13:54:41    0 ResourceManager::loadSprite(): Opened file 'sprites/ship-spr.txt'
13:54:41    0 ResourceManager::loadSprite(): Sprite 'ship' successfully loaded
13:54:41    0 ResourceManager::loadSprite(): Loading sprite 'sprites/boss.txt'
13:54:41    0 ResourceManager::loadSprite(): Opened file 'sprites/boss.txt'
13:54:41    0 ResourceManager::loadSprite(): Sprite 'boss' successfully loaded
13:54:41    0 ResourceManager::loadSprite(): Loading sprite 'sprites/boss-weakpoint.txt'
13:54:41    0 ResourceManager::loadSprite(): Opened file 'sprites/boss-weakpoint.txt'
13:54:41    0 ResourceManager::loadSprite(): Sprite 'boss-weakpoint' successfully loaded
13:54:41    0 ResourceManager::loadSprite(): Loading sprite 'sprites/ak47_2.txt'
13:54:41    0 ResourceManager::loadSprite(): Opened file 'sprites/ak47_2.txt'
13:54:41    0 ResourceManager::loadSprite(): Sprite 'AK47' successfully loaded
13:54:41    0 ResourceManager::loadSprite(): Loading sprite 'sprites/awp.txt'
13:54:41    0 ResourceManager::loadSprite(): Opened file 'sprites/awp.txt'
13:54:41    0 ResourceManager::loadSprite(): Sprite 'AWP' successfully loaded
13:54:41    0 ResourceManager::loadSprite(): Loading sprite 'sprites/grenade-launcher.txt'
13:54:41    0 ResourceManager::loadSprite(): Opened file 'sprites/grenade-launcher.txt'
13:54:41    0 ResourceManager::loadSprite(): Sprite 'GrenadeLauncher' successfully loaded
13:54:41    0 ResourceManager::loadSprite(): Loading sprite 'sprites/ak47_bullet.txt'
13:54:41    0 ResourceManager::loadSprite(): Opened file 'sprites/ak47_bullet.txt'
13:54:41    0 ResourceManager::loadSprite(): Sprite 'AK47_bullet' successfully loaded
13:54:41    0 ResourceManager::loadSprite(): Loading sprite 'sprites/awp_bullet.txt'
13:54:41    0 ResourceManager::loadSprite(): Opened file 'sprites/awp_bullet.txt'
13:54:41    0 ResourceManager::loadSprite(): Sprite 'AWP_bullet' successfully loaded
13:54:41    0 ResourceManager::loadSprite(): Loading sprite 'sprites/grenade_bullet.txt'
13:54:41    0 ResourceManager::loadSprite(): Opened file 'sprites/grenade_bullet.txt'
13:54:41    0 ResourceManager::loadSprite(): Sprite 'GrenadeLauncher_bullet' successfully loaded
13:54:41    0 ResourceManager::loadSprite(): Loading sprite 'sprites/bullet_trail.txt'
13:54:41    0 ResourceManager::loadSprite(): Opened file 'sprites/bullet_trail.txt'
13:54:41    0 ResourceManager::loadSprite(): Sprite 'bullet_trail' successfully loaded
13:54:41    0 ResourceManager::loadSprite(): Loading sprite 'sprites/explosion-spr.txt'
13:54:41    0 ResourceManager::loadSprite(): Opened file 'sprites/explosion-spr.txt'
13:54:41    0 ResourceManager::loadSprite(): Sprite 'explosion' successfully loaded
13:54:41    0 ResourceManager::loadSprite(): Loading sprite 'sprites/nuke.txt'
13:54:41    0 ResourceManager::loadSprite(): Opened file 'sprites/nuke.txt'
13:54:41    0 ResourceManager::loadSprite(): Sprite 'nuke' successfully loaded
13:54:41    0 ResourceManager::loadSprite(): Loading sprite 'sprites/character-walk_2.txt'
13:54:41    0 ResourceManager::loadSprite(): Opened file 'sprites/character-walk_2.txt'
13:54:41    0 ResourceManager::loadSprite(): Sprite 'character-walk' successfully loaded
13:54:41    0 ResourceManager::loadSprite(): Loading sprite 'sprites/character-duck.txt'
13:54:41    0 ResourceManager::loadSprite(): Opened file 'sprites/character-duck.txt'
13:54:41    0 ResourceManager::loadSprite(): Sprite 'character-duck' successfully loaded
13:54:41    0 ResourceManager::loadSprite(): Loading sprite 'sprites/platform.txt'
13:54:41    0 ResourceManager::loadSprite(): Opened file 'sprites/platform.txt'
13:54:41    0 ResourceManager::loadSprite(): Sprite 'platform' successfully loaded
13:54:41    0 ResourceManager::loadSprite(): Loading sprite 'sprites/refill-ammo.txt'
13:54:41    0 ResourceManager::loadSprite(): Opened file 'sprites/refill-ammo.txt'
13:54:41    0 ResourceManager::loadSprite(): Sprite 'ammo-refill' successfully loaded
13:54:41    0 ResourceManager::loadSprite(): Loading sprite 'sprites/intro/1.txt'
13:54:41    0 ResourceManager::loadSprite(): Opened file 'sprites/intro/1.txt'
13:54:41    0 ResourceManager::loadSprite(): Sprite 'intro_1' successfully loaded
13:54:41    0 ResourceManager::loadSprite(): Loading sprite 'sprites/intro/2.txt'
13:54:41    0 ResourceManager::loadSprite(): Opened file 'sprites/intro/2.txt'
13:54:41    0 ResourceManager::loadSprite(): Sprite 'intro_2' successfully loaded
13:54:41    0 ResourceManager::loadSprite(): Loading sprite 'sprites/intro/3.txt'
13:54:41    0 ResourceManager::loadSprite(): Opened file 'sprites/intro/3.txt'
13:54:41    0 ResourceManager::loadSprite(): Sprite 'intro_3' successfully loaded
13:54:41    0 ResourceManager::loadSprite(): Loading sprite 'sprites/intro/4.txt'
13:54:41    0 ResourceManager::loadSprite(): Opened file 'sprites/intro/4.txt'
13:54:41    0 ResourceManager::loadSprite(): Sprite 'intro_4' successfully loaded
13:54:41    0 ResourceManager::loadSprite(): Loading sprite 'sprites/intro/5.txt'
13:54:41    0 ResourceManager::loadSprite(): Opened file 'sprites/intro/5.txt'
13:54:41    0 ResourceManager::loadSprite(): Sprite 'intro_5' successfully loaded
13:54:41    0 ResourceManager::loadSprite(): Loading sprite 'sprites/intro/6.txt'
13:54:41    0 ResourceManager::loadSprite(): Opened file 'sprites/intro/6.txt'
13:54:41    0 ResourceManager::loadSprite(): Sprite 'intro_6' successfully loaded
13:54:41    0 ResourceManager::loadSprite(): Loading sprite 'sprites/intro/7.txt'
13:54:41    0 ResourceManager::loadSprite(): Opened file 'sprites/intro/7.txt'
13:54:41    0 ResourceManager::loadSprite(): Sprite 'intro_7' successfully loaded
13:54:41    0 ResourceManager::loadSprite(): Loading sprite 'sprites/intro/small.txt'
13:54:41    0 ResourceManager::loadSprite(): Opened file 'sprites/intro/small.txt'
13:54:41    0 ResourceManager::loadSprite(): Sprite 'intro_small' successfully loaded
13:54:41    0 ResourceManager::loadSprite(): Loading sprite 'sprites/number_font/green_0.txt'
13:54:41    0 ResourceManager::loadSprite(): Opened file 'sprites/number_font/green_0.txt'
13:54:41    0 ResourceManager::loadSprite(): Sprite 'green_0' successfully loaded
13:54:41    0 ResourceManager::loadSprite(): Loading sprite 'sprites/number_font/green_1.txt'
13:54:41    0 ResourceManager::loadSprite(): Opened file 'sprites/number_font/green_1.txt'
13:54:41    0 ResourceManager::loadSprite(): Sprite 'green_1' successfully loaded
13:54:41    0 ResourceManager::loadSprite(): Loading sprite 'sprites/number_font/green_2.txt'
13:54:41    0 ResourceManager::loadSprite(): Opened file 'sprites/number_font/green_2.txt'
13:54:41    0 ResourceManager::loadSprite(): Sprite 'green_2' successfully loaded
13:54:41    0 ResourceManager::loadSprite(): Loading sprite 'sprites/number_font/green_3.txt'
13:54:41    0 ResourceManager::loadSprite(): Opened file 'sprites/number_font/green_3.txt'
13:54:41    0 ResourceManager::loadSprite(): Sprite 'green_3' successfully loaded
13:54:41    0 ResourceManager::loadSprite(): Loading sprite 'sprites/number_font/green_4.txt'
13:54:41    0 ResourceManager::loadSprite(): Opened file 'sprites/number_font/green_4.txt'
13:54:41    0 ResourceManager::loadSprite(): Sprite 'green_4' successfully loaded
13:54:41    0 ResourceManager::loadSprite(): Loading sprite 'sprites/number_font/green_5.txt'
13:54:41    0 ResourceManager::loadSprite(): Opened file 'sprites/number_font/green_5.txt'
13:54:41    0 ResourceManager::loadSprite(): Sprite 'green_5' successfully loaded
13:54:41    0 ResourceManager::loadSprite(): Loading sprite 'sprites/number_font/green_6.txt'
13:54:41    0 ResourceManager::loadSprite(): Opened file 'sprites/number_font/green_6.txt'
13:54:41    0 ResourceManager::loadSprite(): Sprite 'green_6' successfully loaded
13:54:41    0 ResourceManager::loadSprite(): Loading sprite 'sprites/number_font/green_7.txt'
13:54:41    0 ResourceManager::loadSprite(): Opened file 'sprites/number_font/green_7.txt'
13:54:41    0 ResourceManager::loadSprite(): Sprite 'green_7' successfully loaded
13:54:41    0 ResourceManager::loadSprite(): Loading sprite 'sprites/number_font/green_8.txt'
13:54:41    0 ResourceManager::loadSprite(): Opened file 'sprites/number_font/green_8.txt'
13:54:41    0 ResourceManager::loadSprite(): Sprite 'green_8' successfully loaded
13:54:41    0 ResourceManager::loadSprite(): Loading sprite 'sprites/number_font/green_9.txt'
13:54:41    0 ResourceManager::loadSprite(): Opened file 'sprites/number_font/green_9.txt'
13:54:41    0 ResourceManager::loadSprite(): Sprite 'green_9' successfully loaded
13:54:41    0 ResourceManager::loadSprite(): Loading sprite 'sprites/number_font/red_0.txt'
13:54:41    0 ResourceManager::loadSprite(): Opened file 'sprites/number_font/red_0.txt'
13:54:41    0 ResourceManager::loadSprite(): Sprite 'red_0' successfully loaded
13:54:41    0 ResourceManager::loadSprite(): Loading sprite 'sprites/number_font/red_1.txt'
13:54:41    0 ResourceManager::loadSprite(): Opened file 'sprites/number_font/red_1.txt'
13:54:41    0 ResourceManager::loadSprite(): Sprite 'red_1' successfully loaded
13:54:41    0 ResourceManager::loadSprite(): Loading sprite 'sprites/number_font/red_2.txt'
13:54:41    0 ResourceManager::loadSprite(): Opened file 'sprites/number_font/red_2.txt'
13:54:41    0 ResourceManager::loadSprite(): Sprite 'red_2' successfully loaded
13:54:41    0 ResourceManager::loadSprite(): Loading sprite 'sprites/number_font/red_3.txt'
13:54:41    0 ResourceManager::loadSprite(): Opened file 'sprites/number_font/red_3.txt'
13:54:41    0 ResourceManager::loadSprite(): Sprite 'red_3' successfully loaded
13:54:41    0 ResourceManager::loadSprite(): Loading sprite 'sprites/number_font/red_4.txt'
13:54:41    0 ResourceManager::loadSprite(): Opened file 'sprites/number_font/red_4.txt'
13:54:41    0 ResourceManager::loadSprite(): Sprite 'red_4' successfully loaded
13:54:41    0 ResourceManager::loadSprite(): Loading sprite 'sprites/number_font/red_5.txt'
13:54:41    0 ResourceManager::loadSprite(): Opened file 'sprites/number_font/red_5.txt'
13:54:41    0 ResourceManager::loadSprite(): Sprite 'red_5' successfully loaded
13:54:41    0 ResourceManager::loadSprite(): Loading sprite 'sprites/number_font/red_6.txt'
13:54:41    0 ResourceManager::loadSprite(): Opened file 'sprites/number_font/red_6.txt'
13:54:41    0 ResourceManager::loadSprite(): Sprite 'red_6' successfully loaded
13:54:41    0 ResourceManager::loadSprite(): Loading sprite 'sprites/number_font/red_7.txt'
13:54:41    0 ResourceManager::loadSprite(): Opened file 'sprites/number_font/red_7.txt'
13:54:41    0 ResourceManager::loadSprite(): Sprite 'red_7' successfully loaded
13:54:41    0 ResourceManager::loadSprite(): Loading sprite 'sprites/number_font/red_8.txt'
13:54:41    0 ResourceManager::loadSprite(): Opened file 'sprites/number_font/red_8.txt'
13:54:41    0 ResourceManager::loadSprite(): Sprite 'red_8' successfully loaded
13:54:41    0 ResourceManager::loadSprite(): Loading sprite 'sprites/number_font/red_9.txt'
13:54:41    0 ResourceManager::loadSprite(): Opened file 'sprites/number_font/red_9.txt'
13:54:41    0 ResourceManager::loadSprite(): Sprite 'red_9' successfully loaded
13:54:41    0 ResourceManager::loadSprite(): Loading sprite 'sprites/number_font/yellow_0.txt'
13:54:41    0 ResourceManager::loadSprite(): Opened file 'sprites/number_font/yellow_0.txt'
13:54:41    0 ResourceManager::loadSprite(): Sprite 'yellow_0' successfully loaded
13:54:41    0 ResourceManager::loadSprite(): Loading sprite 'sprites/number_font/yellow_1.txt'
13:54:41    0 ResourceManager::loadSprite(): Opened file 'sprites/number_font/yellow_1.txt'
13:54:41    0 ResourceManager::loadSprite(): Sprite 'yellow_1' successfully loaded
13:54:41    0 ResourceManager::loadSprite(): Loading sprite 'sprites/number_font/yellow_2.txt'
13:54:41    0 ResourceManager::loadSprite(): Opened file 'sprites/number_font/yellow_2.txt'
13:54:41    0 ResourceManager::loadSprite(): Sprite 'yellow_2' successfully loaded
13:54:41    0 ResourceManager::loadSprite(): Loading sprite 'sprites/number_font/yellow_3.txt'
13:54:41    0 ResourceManager::loadSprite(): Opened file 'sprites/number_font/yellow_3.txt'
13:54:41    0 ResourceManager::loadSprite(): Sprite 'yellow_3' successfully loaded
13:54:41    0 ResourceManager::loadSprite(): Loading sprite 'sprites/number_font/yellow_4.txt'
13:54:41    0 ResourceManager::loadSprite(): Opened file 'sprites/number_font/yellow_4.txt'
13:54:41    0 ResourceManager::loadSprite(): Sprite 'yellow_4' successfully loaded
13:54:41    0 ResourceManager::loadSprite(): Loading sprite 'sprites/number_font/yellow_5.txt'
13:54:41    0 ResourceManager::loadSprite(): Opened file 'sprites/number_font/yellow_5.txt'
13:54:41    0 ResourceManager::loadSprite(): Sprite 'yellow_5' successfully loaded
13:54:41    0 ResourceManager::loadSprite(): Loading sprite 'sprites/number_font/yellow_6.txt'
13:54:41    0 ResourceManager::loadSprite(): Opened file 'sprites/number_font/yellow_6.txt'
13:54:41    0 ResourceManager::loadSprite(): Sprite 'yellow_6' successfully loaded
13:54:41    0 ResourceManager::loadSprite(): Loading sprite 'sprites/number_font/yellow_7.txt'
13:54:41    0 ResourceManager::loadSprite(): Opened file 'sprites/number_font/yellow_7.txt'
13:54:41    0 ResourceManager::loadSprite(): Sprite 'yellow_7' successfully loaded
13:54:41    0 ResourceManager::loadSprite(): Loading sprite 'sprites/number_font/yellow_8.txt'
13:54:41    0 ResourceManager::loadSprite(): Opened file 'sprites/number_font/yellow_8.txt'
13:54:41    0 ResourceManager::loadSprite(): Sprite 'yellow_8' successfully loaded
13:54:41    0 ResourceManager::loadSprite(): Loading sprite 'sprites/number_font/yellow_9.txt'
13:54:41    0 ResourceManager::loadSprite(): Opened file 'sprites/number_font/yellow_9.txt'
13:54:41    0 ResourceManager::loadSprite(): Sprite 'yellow_9' successfully loaded
13:54:41    0 ResourceManager::loadSprite(): Loading sprite 'sprites/number_font/slash.txt'
13:54:41    0 ResourceManager::loadSprite(): Opened file 'sprites/number_font/slash.txt'
13:54:41    0 ResourceManager::loadSprite(): Sprite 'slash' successfully loaded
13:54:41    0 ResourceManager::loadSprite(): Loading sprite 'sprites/ammo_display.txt'
13:54:41    0 ResourceManager::loadSprite(): Opened file 'sprites/ammo_display.txt'
13:54:41    0 ResourceManager::loadSprite(): Sprite 'ammo_display' successfully loaded
13:54:41    0 ResourceManager::loadSound(): Sound 'AK47_fire' successfully loaded
13:54:41    0 ResourceManager::loadSound(): Sound 'AWP_fire' successfully loaded
13:54:41    0 ResourceManager::loadSound(): Sound 'GrenadeLauncher_fire' successfully loaded
13:54:41    0 ResourceManager::loadSound(): Sound 'ammo_empty' successfully loaded
13:54:42    0 ResourceManager::loadSound(): Sound 'AK47_reload' successfully loaded
13:54:42    0 ResourceManager::loadSound(): Sound 'AWP_reload' successfully loaded
13:54:42    0 ResourceManager::loadSound(): Sound 'GrenadeLauncher_reload' successfully loaded
13:54:42    0 ResourceManager::loadSound(): Sound 'awp_bolt' successfully loaded
13:54:42    0 ResourceManager::loadSound(): Sound 'pickup1' successfully loaded
13:54:42    0 ResourceManager::loadSound(): Sound 'pickup2' successfully loaded
13:54:42    0 ResourceManager::loadSound(): Sound 'explode' successfully loaded
13:54:42    0 ResourceManager::loadSound(): Sound 'nuke' successfully loaded
13:54:42    0 ResourceManager::loadSound(): Sound 'saucer_death' successfully loaded
13:54:43    0 ResourceManager::loadSound(): Sound 'game over' successfully loaded
13:54:43    0 ResourceManager::loadSound(): Sound 'level_won' successfully loaded
13:54:43    0 ResourceManager::loadMusic(): Music 'start music' successfully loaded
13:54:43    0 ResourceManager::loadMusic(): Music 'music_theme' successfully loaded
13:54:43    0 ResourceManager::loadMusic(): Music 'music_boss' successfully loaded
13:54:43    0 Client::Client(): Connecting to localhost at port 9876.
13:54:43    0 NetworkManager::connect(): Connecting to localhost, port 9876.
13:54:43    0 NetworkManager::connect(): Connection established.
13:54:43    0 Client::handleConnect(): Client connected!
13:54:43    0 Client::Client(): Client started.
13:54:43    0 GameManager::run(): starting game loop
13:54:43    0 Client::eventHandler(): sending mouse input to server.
13:54:43    0 Client following hero id 0
13:54:43    1 Client following hero id 0
13:54:43    2 Client following hero id 0
13:54:43    3 Client following hero id 0
13:54:43    4 Client following hero id 0
13:54:43    5 Client following hero id 0
13:54:43    6 Client following hero id 0
13:54:43    6 Client::eventHandler(): received custom network event.
13:54:43    6 	message: 0
13:54:43    6 Client::createObject(): creating object type 'Level'
13:54:43    6 Client::createObject(): creating object type 'Platform'
13:54:43    6 Client::createObject(): creating object type 'Platform'
13:54:43    6 Client::createObject(): creating object type 'Platform'
13:54:43    6 Client::createObject(): creating object type 'Platform'
13:54:43    6 Client::createObject(): creating object type 'Platform'
13:54:43    6 Client::createObject(): creating object type 'Platform'
13:54:43    6 Client::createObject(): creating object type 'Platform'
13:54:43    6 Client::createObject(): creating object type 'Platform'
13:54:43    6 Client::createObject(): creating object type 'Platform'
13:54:43    6 Client::createObject(): creating object type 'Platform'
13:54:43    6 Client::createObject(): creating object type 'Platform'
13:54:43    6 Client::createObject(): creating object type 'Platform'
13:54:43    6 Client::createObject(): creating object type 'Platform'
13:54:43    6 Client::createObject(): creating object type 'Platform'
13:54:43    6 Client::createObject(): creating object type 'Platform'
13:54:43    6 Client::createObject(): creating object type 'Platform'
13:54:43    6 Client::createObject(): creating object type 'Platform'
13:54:43    6 Client::createObject(): creating object type 'Saucer'
13:54:43    6 Client::createObject(): creating object type 'Saucer'
13:54:43    6 Client::createObject(): creating object type 'Saucer'
13:54:43    6 Client::createObject(): creating object type 'Saucer'
13:54:43    6 Client::createObject(): creating object type 'Saucer'
13:54:43    6 Client::createObject(): creating object type 'Saucer'
13:54:43    6 Client::createObject(): creating object type 'Saucer'
13:54:43    6 Client::createObject(): creating object type 'Saucer'
13:54:43    6 Client::createObject(): creating object type 'Saucer'
13:54:43    6 Client::createObject(): creating object type 'Saucer'
13:54:43    7 Client following hero id 0
13:54:44    8 Client following hero id 0
13:54:44    9 Client following hero id 0
13:54:44   10 Client following hero id 0
13:54:44   11 Client::eventHandler(): sending mouse input to server.
13:54:44   11 Client following hero id 0
13:54:44   12 Client::eventHandler(): sending mouse input to server.
13:54:44   12 Client following hero id 0
13:54:44   13 Client::eventHandler(): sending mouse input to server.
13:54:44   13 Client following hero id 0
13:54:44   13 Client::createObject(): creating object type 'Saucer'
13:54:44   13 Client::createObject(): creating object type 'Saucer'
13:54:44   13 Client::createObject(): creating object type 'Saucer'
13:54:44   13 Client::createObject(): creating object type 'Saucer'
13:54:44   13 Client::createObject(): creating object type 'Saucer'
13:54:44   13 Client::createObject(): creating object type 'Saucer'
13:54:44   13 Client::createObject(): creating object type 'Weapon'
13:54:44   13 Client::createObject(): uknown object type 'Weapon'
13:54:44   13 NetworkNode::handleData(): Error! p_obj is NULL.
13:54:44   13 Client::createObject(): creating object type 'Weapon'
13:54:44   13 Client::createObject(): uknown object type 'Weapon'
13:54:44   13 NetworkNode::handleData(): Error! p_obj is NULL.
13:54:44   13 Client::createObject(): creating object type 'Weapon'
13:54:44   13 Client::createObject(): uknown object type 'Weapon'
13:54:44   13 NetworkNode::handleData(): Error! p_obj is NULL.
13:54:44   13 Client::createObject(): creating object type 'Weapon'
13:54:44   13 Client::createObject(): uknown object type 'Weapon'
13:54:44   13 NetworkNode::handleData(): Error! p_obj is NULL.
13:54:44   13 Client::createObject(): creating object type 'Weapon'
13:54:44   13 Client::createObject(): uknown object type 'Weapon'
13:54:44   13 NetworkNode::handleData(): Error! p_obj is NULL.
13:54:44   13 Client::createObject(): creating object type 'Weapon'
13:54:44   13 Client::createObject(): uknown object type 'Weapon'
13:54:44   13 NetworkNode::handleData(): Error! p_obj is NULL.
13:54:44   13 Client::createObject(): creating object type 'Weapon'
13:54:44   13 Client::createObject(): uknown object type 'Weapon'
13:54:44   13 NetworkNode::handleData(): Error! p_obj is NULL.
13:54:44   13 Client::createObject(): creating object type 'Weapon'
13:54:44   13 Client::createObject(): uknown object type 'Weapon'
13:54:44   13 NetworkNode::handleData(): Error! p_obj is NULL.
13:54:44   13 Client::createObject(): creating object type 'Weapon'
13:54:44   13 Client::createObject(): uknown object type 'Weapon'
13:54:44   13 NetworkNode::handleData(): Error! p_obj is NULL.
13:54:44   13 Client::createObject(): creating object type 'Weapon'
13:54:44   13 Client::createObject(): uknown object type 'Weapon'
13:54:44   13 NetworkNode::handleData(): Error! p_obj is NULL.
13:54:44   13 Client::createObject(): creating object type 'Weapon'
13:54:44   13 Client::createObject(): uknown object type 'Weapon'
13:54:44   13 NetworkNode::handleData(): Error! p_obj is NULL.
13:54:44   13 Client::createObject(): creating object type 'Weapon'
13:54:44   13 Client::createObject(): uknown object type 'Weapon'
13:54:44   13 NetworkNode::handleData(): Error! p_obj is NULL.
13:54:44   13 Client::createObject(): creating object type 'Weapon'
13:54:44   13 Client::createObject(): uknown object type 'Weapon'
13:54:44   13 NetworkNode::handleData(): Error! p_obj is NULL.
13:54:44   13 Client::createObject(): creating object type 'Weapon'
13:54:44   13 Client::createObject(): uknown object type 'Weapon'
13:54:44   13 NetworkNode::handleData(): Error! p_obj is NULL.
13:54:44   14 Client::eventHandler(): sending mouse input to server.
13:54:44   14 Client following hero id 0
13:54:44   14 Client::createObject(): creating object type 'Weapon'
13:54:44   14 Client::createObject(): uknown object type 'Weapon'
13:54:44   14 NetworkNode::handleData(): Error! p_obj is NULL.
13:54:44   14 Client::createObject(): creating object type 'Weapon'
13:54:44   14 Client::createObject(): uknown object type 'Weapon'
13:54:44   14 NetworkNode::handleData(): Error! p_obj is NULL.
13:54:44   14 Client::createObject(): creating object type 'Weapon'
13:54:44   14 Client::createObject(): uknown object type 'Weapon'
13:54:44   14 NetworkNode::handleData(): Error! p_obj is NULL.
13:54:44   15 Client::eventHandler(): sending mouse input to server.
13:54:44   15 Client following hero id 0
13:54:44   16 Client::eventHandler(): sending mouse input to server.
13:54:44   16 Client following hero id 0
13:54:44   16 Client::createObject(): creating object type 'Weapon'
13:54:44   16 Client::createObject(): uknown object type 'Weapon'
13:54:44   16 NetworkNode::handleData(): Error! p_obj is NULL.
13:54:44   16 Client::createObject(): creating object type 'Weapon'
13:54:44   16 Client::createObject(): uknown object type 'Weapon'
13:54:44   16 NetworkNode::handleData(): Error! p_obj is NULL.
13:54:44   16 Client::createObject(): creating object type 'Weapon'
13:54:44   16 Client::createObject(): uknown object type 'Weapon'
13:54:44   16 NetworkNode::handleData(): Error! p_obj is NULL.
13:54:44   17 Client::eventHandler(): sending mouse input to server.
13:54:44   17 Client following hero id 0
13:54:44   18 Client::eventHandler(): sending keyboard input to server.
13:54:44   18 Client::eventHandler(): sending mouse input to server.
13:54:44   18 Client::eventHandler(): sending keyboard input to server.
13:54:44   18 Client following hero id 0
13:54:44   18 Client::createObject(): creating object type 'Weapon'
13:54:44   18 Client::createObject(): uknown object type 'Weapon'
13:54:44   18 NetworkNode::handleData(): Error! p_obj is NULL.
13:54:44   18 Client::createObject(): creating object type 'Weapon'
13:54:44   18 Client::createObject(): uknown object type 'Weapon'
13:54:44   18 NetworkNode::handleData(): Error! p_obj is NULL.
13:54:44   18 Client::createObject(): creating object type 'Weapon'
13:54:44   18 Client::createObject(): uknown object type 'Weapon'
13:54:44   18 NetworkNode::handleData(): Error! p_obj is NULL.
13:54:44   19 Client::eventHandler(): sending mouse input to server.
13:54:44   19 Client::eventHandler(): sending keyboard input to server.
13:54:44   19 Client following hero id 0
13:54:44   19 Client::createObject(): creating object type 'Weapon'
13:54:44   19 Client::createObject(): uknown object type 'Weapon'
13:54:44   19 NetworkNode::handleData(): Error! p_obj is NULL.
13:54:44   19 Client::createObject(): creating object type 'Weapon'
13:54:44   19 Client::createObject(): uknown object type 'Weapon'
13:54:44   19 NetworkNode::handleData(): Error! p_obj is NULL.
13:54:44   19 Client::createObject(): creating object type 'Weapon'
13:54:44   19 Client::createObject(): uknown object type 'Weapon'
13:54:44   19 NetworkNode::handleData(): Error! p_obj is NULL.
13:54:44   19 Client::createObject(): creating object type 'Weapon'
13:54:44   19 Client::createObject(): uknown object type 'Weapon'
13:54:44   19 NetworkNode::handleData(): Error! p_obj is NULL.
13:54:44   19 Client::createObject(): creating object type 'Weapon'
13:54:44   19 Client::createObject(): uknown object type 'Weapon'
13:54:44   19 NetworkNode::handleData(): Error! p_obj is NULL.
13:54:44   20 Client::eventHandler(): sending mouse input to server.
13:54:44   20 Client::eventHandler(): sending keyboard input to server.
13:54:44   20 Client following hero id 0
13:54:44   21 Client::eventHandler(): sending mouse input to server.
13:54:44   21 Client::eventHandler(): sending keyboard input to server.
13:54:44   21 Client following hero id 0
13:54:44   22 Client::eventHandler(): sending mouse input to server.
13:54:44   22 Client::eventHandler(): sending keyboard input to server.
13:54:44   22 Client following hero id 0
13:54:44   22 Client::createObject(): creating object type 'Weapon'
13:54:44   22 Client::createObject(): uknown object type 'Weapon'
13:54:44   22 NetworkNode::handleData(): Error! p_obj is NULL.
13:54:44   22 Client::createObject(): creating object type 'Weapon'
13:54:44   22 Client::createObject(): uknown object type 'Weapon'
13:54:44   22 NetworkNode::handleData(): Error! p_obj is NULL.
13:54:44   23 Client::eventHandler(): sending keyboard input to server.
13:54:44   23 Client::eventHandler(): sending mouse input to server.
13:54:44   23 Client following hero id 0
13:54:44   23 Client::createObject(): creating object type 'Weapon'
13:54:44   23 Client::createObject(): uknown object type 'Weapon'
13:54:44   23 NetworkNode::handleData(): Error! p_obj is NULL.
13:54:44   23 Client::createObject(): creating object type 'Weapon'
13:54:44   23 Client::createObject(): uknown object type 'Weapon'
13:54:44   23 NetworkNode::handleData(): Error! p_obj is NULL.
13:54:44   23 Client::createObject(): creating object type 'Weapon'
13:54:44   23 Client::createObject(): uknown object type 'Weapon'
13:54:44   23 NetworkNode::handleData(): Error! p_obj is NULL.
13:54:44   24 Client following hero id 0
13:54:44   24 Client::createObject(): creating object type 'Weapon'
13:54:44   24 Client::createObject(): uknown object type 'Weapon'
13:54:44   24 NetworkNode::handleData(): Error! p_obj is NULL.
13:54:44   24 Client::createObject(): creating object type 'Weapon'
13:54:44   24 Client::createObject(): uknown object type 'Weapon'
13:54:44   24 NetworkNode::handleData(): Error! p_obj is NULL.
13:54:44   24 Client::createObject(): creating object type 'Weapon'
13:54:44   24 Client::createObject(): uknown object type 'Weapon'
13:54:44   24 NetworkNode::handleData(): Error! p_obj is NULL.
13:54:44   25 Client::eventHandler(): sending mouse input to server.
13:54:44   25 Client following hero id 0
13:54:44   25 Client::createObject(): creating object type 'Weapon'
13:54:44   25 Client::createObject(): uknown object type 'Weapon'
13:54:44   25 NetworkNode::handleData(): Error! p_obj is NULL.
13:54:44   25 Client::createObject(): creating object type 'Weapon'
13:54:44   25 Client::createObject(): uknown object type 'Weapon'
13:54:44   25 NetworkNode::handleData(): Error! p_obj is NULL.
13:54:44   26 Client following hero id 0
13:54:44   27 Client::eventHandler(): sending mouse input to server.
13:54:44   27 Client following hero id 0
13:54:44   27 Client::createObject(): creating object type 'Weapon'
13:54:44   27 Client::createObject(): uknown object type 'Weapon'
13:54:44   27 NetworkNode::handleData(): Error! p_obj is NULL.
13:54:44   27 Client::createObject(): creating object type 'Weapon'
13:54:44   27 Client::createObject(): uknown object type 'Weapon'
13:54:44   27 NetworkNode::handleData(): Error! p_obj is NULL.
13:54:44   28 Client following hero id 0
13:54:44   28 Client::createObject(): creating object type 'Weapon'
13:54:44   28 Client::createObject(): uknown object type 'Weapon'
13:54:44   28 NetworkNode::handleData(): Error! p_obj is NULL.
13:54:44   28 Client::createObject(): creating object type 'Weapon'
13:54:44   28 Client::createObject(): uknown object type 'Weapon'
13:54:44   28 NetworkNode::handleData(): Error! p_obj is NULL.
13:54:44   28 Client::createObject(): creating object type 'Weapon'
13:54:44   28 Client::createObject(): uknown object type 'Weapon'
13:54:44   28 NetworkNode::handleData(): Error! p_obj is NULL.
13:54:44   29 Client following hero id 0
13:54:44   29 Client::createObject(): creating object type 'Weapon'
13:54:44   29 Client::createObject(): uknown object type 'Weapon'
13:54:44   29 NetworkNode::handleData(): Error! p_obj is NULL.
13:54:44   29 Client::createObject(): creating object type 'Weapon'
13:54:44   29 Client::createObject(): uknown object type 'Weapon'
13:54:44   29 NetworkNode::handleData(): Error! p_obj is NULL.
13:54:44   29 Client::createObject(): creating object type 'Weapon'
13:54:44   29 Client::createObject(): uknown object type 'Weapon'
13:54:44   29 NetworkNode::handleData(): Error! p_obj is NULL.
13:54:44   30 Client following hero id 0
13:54:44   30 Client::createObject(): creating object type 'Weapon'
13:54:44   30 Client::createObject(): uknown object type 'Weapon'
13:54:44   30 NetworkNode::handleData(): Error! p_obj is NULL.
13:54:44   30 Client::createObject(): creating object type 'Weapon'
13:54:44   30 Client::createObject(): uknown object type 'Weapon'
13:54:44   30 NetworkNode::handleData(): Error! p_obj is NULL.
13:54:44   31 Client::eventHandler(): sending mouse input to server.
13:54:44   31 Client following hero id 0
13:54:44   31 Client::createObject(): creating object type 'Weapon'
13:54:44   31 Client::createObject(): uknown object type 'Weapon'
13:54:44   31 NetworkNode::handleData(): Error! p_obj is NULL.
13:54:44   31 Client::createObject(): creating object type 'Weapon'
13:54:44   31 Client::createObject(): uknown object type 'Weapon'
13:54:44   31 NetworkNode::handleData(): Error! p_obj is NULL.
13:54:44   32 Client::eventHandler(): sending mouse input to server.
13:54:44   32 Client following hero id 0
13:54:44   33 Client::eventHandler(): sending mouse input to server.
13:54:44   33 Client following hero id 0
13:54:44   33 Client::createObject(): creating object type 'Weapon'
13:54:44   33 Client::createObject(): uknown object type 'Weapon'
13:54:44   33 NetworkNode::handleData(): Error! p_obj is NULL.
13:54:44   33 Client::createObject(): creating object type 'Weapon'
13:54:44   33 Client::createObject(): uknown object type 'Weapon'
13:54:44   33 NetworkNode::handleData(): Error! p_obj is NULL.
13:54:44   34 Client::eventHandler(): sending mouse input to server.
13:54:44   34 Client following hero id 0
13:54:44   34 Client::createObject(): creating object type 'Weapon'
13:54:44   34 Client::createObject(): uknown object type 'Weapon'
13:54:44   34 NetworkNode::handleData(): Error! p_obj is NULL.
13:54:44   34 Client::createObject(): creating object type 'Weapon'
13:54:44   34 Client::createObject(): uknown object type 'Weapon'
13:54:44   34 NetworkNode::handleData(): Error! p_obj is NULL.
13:54:44   34 Client::createObject(): creating object type 'Weapon'
13:54:44   34 Client::createObject(): uknown object type 'Weapon'
13:54:44   34 NetworkNode::handleData(): Error! p_obj is NULL.
13:54:44   34 Client::createObject(): creating object type 'Weapon'
13:54:44   34 Client::createObject(): uknown object type 'Weapon'
13:54:44   34 NetworkNode::handleData(): Error! p_obj is NULL.
13:54:44   35 Client::eventHandler(): sending mouse input to server.
13:54:44   35 Client following hero id 0
13:54:44   35 Client::createObject(): creating object type 'Weapon'
13:54:44   35 Client::createObject(): uknown object type 'Weapon'
13:54:44   35 NetworkNode::handleData(): Error! p_obj is NULL.
13:54:44   35 Client::createObject(): creating object type 'Weapon'
13:54:44   35 Client::createObject(): uknown object type 'Weapon'
13:54:44   35 NetworkNode::handleData(): Error! p_obj is NULL.
13:54:44   36 Client::eventHandler(): sending mouse input to server.
13:54:44   36 Client following hero id 0
13:54:44   36 Client::createObject(): creating object type 'Weapon'
13:54:44   36 Client::createObject(): uknown object type 'Weapon'
13:54:44   36 NetworkNode::handleData(): Error! p_obj is NULL.
13:54:44   36 Client::createObject(): creating object type 'Weapon'
13:54:44   36 Client::createObject(): uknown object type 'Weapon'
13:54:44   36 NetworkNode::handleData(): Error! p_obj is NULL.
13:54:44   37 Client::eventHandler(): sending mouse input to server.
13:54:44   37 Client following hero id 0
13:54:45   38 Client::eventHandler(): sending mouse input to server.
13:54:45   38 Client following hero id 0
13:54:45   38 Client::createObject(): creating object type 'Weapon'
13:54:45   38 Client::createObject(): uknown object type 'Weapon'
13:54:45   38 NetworkNode::handleData(): Error! p_obj is NULL.
13:54:45   38 Client::createObject(): creating object type 'Weapon'
13:54:45   38 Client::createObject(): uknown object type 'Weapon'
13:54:45   38 NetworkNode::handleData(): Error! p_obj is NULL.
13:54:45   39 Client::eventHandler(): sending mouse input to server.
13:54:45   39 Client::eventHandler(): sending mouse input to server.
13:54:45   39 Client following hero id 0
13:54:45   39 Client::createObject(): creating object type 'Weapon'
13:54:45   39 Client::createObject(): uknown object type 'Weapon'
13:54:45   39 NetworkNode::handleData(): Error! p_obj is NULL.
13:54:45   39 Client::createObject(): creating object type 'Weapon'
13:54:45   39 Client::createObject(): uknown object type 'Weapon'
13:54:45   39 NetworkNode::handleData(): Error! p_obj is NULL.
13:54:45   39 Client::createObject(): creating object type 'Weapon'
13:54:45   39 Client::createObject(): uknown object type 'Weapon'
13:54:45   39 NetworkNode::handleData(): Error! p_obj is NULL.
13:54:45   40 Client::eventHandler(): sending mouse input to server.
13:54:45   40 Client following hero id 0
13:54:45   40 Client::createObject(): creating object type 'Weapon'
13:54:45   40 Client::createObject(): uknown object type 'Weapon'
13:54:45   40 NetworkNode::handleData(): Error! p_obj is NULL.
13:54:45   40 Client::createObject(): creating object type 'Weapon'
13:54:45   40 Client::createObject(): uknown object type 'Weapon'
13:54:45   40 NetworkNode::handleData(): Error! p_obj is NULL.
13:54:45   40 Client::createObject(): creating object type 'Weapon'
13:54:45   40 Client::createObject(): uknown object type 'Weapon'
13:54:45   40 NetworkNode::handleData(): Error! p_obj is NULL.
13:54:45   41 Client::eventHandler(): sending mouse input to server.
13:54:45   41 Client following hero id 0
13:54:45   41 Client::createObject(): creating object type 'Weapon'
13:54:45   41 Client::createObject(): uknown object type 'Weapon'
13:54:45   41 NetworkNode::handleData(): Error! p_obj is NULL.
13:54:45   41 Client::createObject(): creating object type 'Weapon'
13:54:45   41 Client::createObject(): uknown object type 'Weapon'
13:54:45   41 NetworkNode::handleData(): Error! p_obj is NULL.
13:54:45   42 Client::eventHandler(): sending mouse input to server.
13:54:45   42 Client following hero id 0
13:54:45   43 Client::eventHandler(): sending mouse input to server.
13:54:45   43 Client following hero id 0
13:54:45   43 Client::createObject(): creating object type 'Weapon'
13:54:45   43 Client::createObject(): uknown object type 'Weapon'
13:54:45   43 NetworkNode::handleData(): Error! p_obj is NULL.
13:54:45   43 Client::createObject(): creating object type 'Weapon'
13:54:45   43 Client::createObject(): uknown object type 'Weapon'
13:54:45   43 NetworkNode::handleData(): Error! p_obj is NULL.
13:54:45   44 Client following hero id 0
13:54:45   44 Client::createObject(): creating object type 'Weapon'
13:54:45   44 Client::createObject(): uknown object type 'Weapon'
13:54:45   44 NetworkNode::handleData(): Error! p_obj is NULL.
13:54:45   44 Client::createObject(): creating object type 'Weapon'
13:54:45   44 Client::createObject(): uknown object type 'Weapon'
13:54:45   44 NetworkNode::handleData(): Error! p_obj is NULL.
13:54:45   45 Client following hero id 0
13:54:45   45 Client::createObject(): creating object type 'Weapon'
13:54:45   45 Client::createObject(): uknown object type 'Weapon'
13:54:45   45 NetworkNode::handleData(): Error! p_obj is NULL.
13:54:45   45 Client::createObject(): creating object type 'Weapon'
13:54:45   45 Client::createObject(): uknown object type 'Weapon'
13:54:45   45 NetworkNode::handleData(): Error! p_obj is NULL.
13:54:45   45 Client::createObject(): creating object type 'Weapon'
13:54:45   45 Client::createObject(): uknown object type 'Weapon'
13:54:45   45 NetworkNode::handleData(): Error! p_obj is NULL.
13:54:45   46 Client following hero id 0
13:54:45   47 Client following hero id 0
13:54:45   47 Client::createObject(): creating object type 'Weapon'
13:54:45   47 Client::createObject(): uknown object type 'Weapon'
13:54:45   47 NetworkNode::handleData(): Error! p_obj is NULL.
13:54:45   47 Client::createObject(): creating object type 'Weapon'
13:54:45   47 Client::createObject(): uknown object type 'Weapon'
13:54:45   47 NetworkNode::handleData(): Error! p_obj is NULL.
13:54:45   47 Client::createObject(): creating object type 'Weapon'
13:54:45   47 Client::createObject(): uknown object type 'Weapon'
13:54:45   47 NetworkNode::handleData(): Error! p_obj is NULL.
13:54:45   48 Client following hero id 0
13:54:45   48 Client::createObject(): creating object type 'Weapon'
13:54:45   48 Client::createObject(): uknown object type 'Weapon'
13:54:45   48 NetworkNode::handleData(): Error! p_obj is NULL.
13:54:45   48 Client::createObject(): creating object type 'Weapon'
13:54:45   48 Client::createObject(): uknown object type 'Weapon'
13:54:45   48 NetworkNode::handleData(): Error! p_obj is NULL.
13:54:45   49 Client following hero id 0
13:54:45   49 Client::createObject(): creating object type 'Weapon'
13:54:45   49 Client::createObject(): uknown object type 'Weapon'
13:54:45   49 NetworkNode::handleData(): Error! p_obj is NULL.
13:54:45   49 Client::createObject(): creating object type 'Weapon'
13:54:45   49 Client::createObject(): uknown object type 'Weapon'
13:54:45   49 NetworkNode::handleData(): Error! p_obj is NULL.
13:54:45   50 Client following hero id 0
13:54:45   50 Client::createObject(): creating object type 'Weapon'
13:54:45   50 Client::createObject(): uknown object type 'Weapon'
13:54:45   50 NetworkNode::handleData(): Error! p_obj is NULL.
13:54:45   50 Client::createObject(): creating object type 'Weapon'
13:54:45   50 Client::createObject(): uknown object type 'Weapon'
13:54:45   50 NetworkNode::handleData(): Error! p_obj is NULL.
13:54:45   50 Client::createObject(): creating object type 'Weapon'
13:54:45   50 Client::createObject(): uknown object type 'Weapon'
13:54:45   50 NetworkNode::handleData(): Error! p_obj is NULL.
13:54:45   51 Client following hero id 0
13:54:45   51 Client::createObject(): creating object type 'Weapon'
13:54:45   51 Client::createObject(): uknown object type 'Weapon'
13:54:45   51 NetworkNode::handleData(): Error! p_obj is NULL.
13:54:45   51 Client::createObject(): creating object type 'Weapon'
13:54:45   51 Client::createObject(): uknown object type 'Weapon'
13:54:45   51 NetworkNode::handleData(): Error! p_obj is NULL.
13:54:45   51 Client::createObject(): creating object type 'Weapon'
13:54:45   51 Client::createObject(): uknown object type 'Weapon'
13:54:45   51 NetworkNode::handleData(): Error! p_obj is NULL.
13:54:45   52 Client following hero id 0
13:54:45   53 Client following hero id 0
13:54:45   53 Client::createObject(): creating object type 'Weapon'
13:54:45   53 Client::createObject(): uknown object type 'Weapon'
13:54:45   53 NetworkNode::handleData(): Error! p_obj is NULL.
13:54:45   53 Client::createObject(): creating object type 'Weapon'
13:54:45   53 Client::createObject(): uknown object type 'Weapon'
13:54:45   53 NetworkNode::handleData(): Error! p_obj is NULL.
13:54:45   54 Client following hero id 0
13:54:45   54 Client::createObject(): creating object type 'Weapon'
13:54:45   54 Client::createObject(): uknown object type 'Weapon'
13:54:45   54 NetworkNode::handleData(): Error! p_obj is NULL.
13:54:45   54 Client::createObject(): creating object type 'Weapon'
13:54:45   54 Client::createObject(): uknown object type 'Weapon'
13:54:45   54 NetworkNode::handleData(): Error! p_obj is NULL.
13:54:45   55 Client following hero id 0
13:54:45   55 Client::createObject(): creating object type 'Weapon'
13:54:45   55 Client::createObject(): uknown object type 'Weapon'
13:54:45   55 NetworkNode::handleData(): Error! p_obj is NULL.
13:54:45   55 Client::createObject(): creating object type 'Weapon'
13:54:45   55 Client::createObject(): uknown object type 'Weapon'
13:54:45   55 NetworkNode::handleData(): Error! p_obj is NULL.
13:54:45   56 Client following hero id 0
13:54:45   56 Client::createObject(): creating object type 'Weapon'
13:54:45   56 Client::createObject(): uknown object type 'Weapon'
13:54:45   56 NetworkNode::handleData(): Error! p_obj is NULL.
13:54:45   56 Client::createObject(): creating object type 'Weapon'
13:54:45   56 Client::createObject(): uknown object type 'Weapon'
13:54:45   56 NetworkNode::handleData(): Error! p_obj is NULL.
13:54:45   56 Client::createObject(): creating object type 'Weapon'
13:54:45   56 Client::createObject(): uknown object type 'Weapon'
13:54:45   56 NetworkNode::handleData(): Error! p_obj is NULL.
13:54:45   57 Client following hero id 0
13:54:45   57 Client::createObject(): creating object type 'Weapon'
13:54:45   57 Client::createObject(): uknown object type 'Weapon'
13:54:45   57 NetworkNode::handleData(): Error! p_obj is NULL.
13:54:45   57 Client::createObject(): creating object type 'Weapon'
13:54:45   57 Client::createObject(): uknown object type 'Weapon'
13:54:45   57 NetworkNode::handleData(): Error! p_obj is NULL.
13:54:45   57 Client::createObject(): creating object type 'Weapon'
13:54:45   57 Client::createObject(): uknown object type 'Weapon'
13:54:45   57 NetworkNode::handleData(): Error! p_obj is NULL.
13:54:45   58 Client following hero id 0
13:54:45   59 Client following hero id 0
13:54:45   59 Client::createObject(): creating object type 'Weapon'
13:54:45   59 Client::createObject(): uknown object type 'Weapon'
13:54:45   59 NetworkNode::handleData(): Error! p_obj is NULL.
13:54:45   59 Client::createObject(): creating object type 'Weapon'
13:54:45   59 Client::createObject(): uknown object type 'Weapon'
13:54:45   59 NetworkNode::handleData(): Error! p_obj is NULL.
13:54:45   60 Client following hero id 0
13:54:45   60 Client::createObject(): creating object type 'Weapon'
13:54:45   60 Client::createObject(): uknown object type 'Weapon'
13:54:45   60 NetworkNode::handleData(): Error! p_obj is NULL.
13:54:45   60 Client::createObject(): creating object type 'Weapon'
13:54:45   60 Client::createObject(): uknown object type 'Weapon'
13:54:45   60 NetworkNode::handleData(): Error! p_obj is NULL.
13:54:45   61 Client following hero id 0
13:54:45   61 Client::createObject(): creating object type 'Weapon'
13:54:45   61 Client::createObject(): uknown object type 'Weapon'
13:54:45   61 NetworkNode::handleData(): Error! p_obj is NULL.
13:54:45   61 Client::createObject(): creating object type 'Weapon'
13:54:45   61 Client::createObject(): uknown object type 'Weapon'
13:54:45   61 NetworkNode::handleData(): Error! p_obj is NULL.
13:54:45   62 Client following hero id 0
13:54:45   62 Client::createObject(): creating object type 'Weapon'
13:54:45   62 Client::createObject(): uknown object type 'Weapon'
13:54:45   62 NetworkNode::handleData(): Error! p_obj is NULL.
13:54:45   62 Client::createObject(): creating object type 'Weapon'
13:54:45   62 Client::createObject(): uknown object type 'Weapon'
13:54:45   62 NetworkNode::handleData(): Error! p_obj is NULL.
13:54:45   62 Client::createObject(): creating object type 'Weapon'
13:54:45   62 Client::createObject(): uknown object type 'Weapon'
13:54:45   62 NetworkNode::handleData(): Error! p_obj is NULL.
13:54:45   63 Client following hero id 0
13:54:45   64 Client following hero id 0
13:54:45   64 Client::createObject(): creating object type 'Weapon'
13:54:45   64 Client::createObject(): uknown object type 'Weapon'
13:54:45   64 NetworkNode::handleData(): Error! p_obj is NULL.
13:54:45   64 Client::createObject(): creating object type 'Weapon'
13:54:45   64 Client::createObject(): uknown object type 'Weapon'
13:54:45   64 NetworkNode::handleData(): Error! p_obj is NULL.
13:54:45   64 Client::createObject(): creating object type 'Weapon'
13:54:45   64 Client::createObject(): uknown object type 'Weapon'
13:54:45   64 NetworkNode::handleData(): Error! p_obj is NULL.
13:54:45   65 Client following hero id 0
13:54:45   65 Client::createObject(): creating object type 'Weapon'
13:54:45   65 Client::createObject(): uknown object type 'Weapon'
13:54:45   65 NetworkNode::handleData(): Error! p_obj is NULL.
13:54:45   65 Client::createObject(): creating object type 'Weapon'
13:54:45   65 Client::createObject(): uknown object type 'Weapon'
13:54:45   65 NetworkNode::handleData(): Error! p_obj is NULL.
13:54:45   66 Client following hero id 0
13:54:45   66 Client::createObject(): creating object type 'Weapon'
13:54:45   66 Client::createObject(): uknown object type 'Weapon'
13:54:45   66 NetworkNode::handleData(): Error! p_obj is NULL.
13:54:45   66 Client::createObject(): creating object type 'Weapon'
13:54:45   66 Client::createObject(): uknown object type 'Weapon'
13:54:45   66 NetworkNode::handleData(): Error! p_obj is NULL.
13:54:45   67 Client following hero id 0
13:54:45   67 Client::createObject(): creating object type 'Weapon'
13:54:45   67 Client::createObject(): uknown object type 'Weapon'
13:54:45   67 NetworkNode::handleData(): Error! p_obj is NULL.
13:54:45   67 Client::createObject(): creating object type 'Weapon'
13:54:45   67 Client::createObject(): uknown object type 'Weapon'
13:54:45   67 NetworkNode::handleData(): Error! p_obj is NULL.
13:54:45   67 Client::createObject(): creating object type 'Weapon'
13:54:45   67 Client::createObject(): uknown object type 'Weapon'
13:54:45   67 NetworkNode::handleData(): Error! p_obj is NULL.
13:54:46   68 Client following hero id 0
13:54:46   68 Client::createObject(): creating object type 'Weapon'
13:54:46   68 Client::createObject(): uknown object type 'Weapon'
13:54:46   68 NetworkNode::handleData(): Error! p_obj is NULL.
13:54:46   68 Client::createObject(): creating object type 'Weapon'
13:54:46   68 Client::createObject(): uknown object type 'Weapon'
13:54:46   68 NetworkNode::handleData(): Error! p_obj is NULL.
13:54:46   68 Client::createObject(): creating object type 'Weapon'
13:54:46   68 Client::createObject(): uknown object type 'Weapon'
13:54:46   68 NetworkNode::handleData(): Error! p_obj is NULL.
13:54:46   69 Client following hero id 0
13:54:46   70 Client following hero id 0
13:54:46   70 Client::createObject(): creating object type 'Weapon'
13:54:46   70 Client::createObject(): uknown object type 'Weapon'
13:54:46   70 NetworkNode::handleData(): Error! p_obj is NULL.
13:54:46   70 Client::createObject(): creating object type 'Weapon'
13:54:46   70 Client::createObject(): uknown object type 'Weapon'
13:54:46   70 NetworkNode::handleData(): Error! p_obj is NULL.
13:54:46   71 Client following hero id 0
13:54:46   71 Client::createObject(): creating object type 'Weapon'
13:54:46   71 Client::createObject(): uknown object type 'Weapon'
13:54:46   71 NetworkNode::handleData(): Error! p_obj is NULL.
13:54:46   71 Client::createObject(): creating object type 'Weapon'
13:54:46   71 Client::createObject(): uknown object type 'Weapon'
13:54:46   71 NetworkNode::handleData(): Error! p_obj is NULL.
13:54:46   72 Client following hero id 0
13:54:46   72 Client::createObject(): creating object type 'Weapon'
13:54:46   72 Client::createObject(): uknown object type 'Weapon'
13:54:46   72 NetworkNode::handleData(): Error! p_obj is NULL.
13:54:46   72 Client::createObject(): creating object type 'Weapon'
13:54:46   72 Client::createObject(): uknown object type 'Weapon'
13:54:46   72 NetworkNode::handleData(): Error! p_obj is NULL.
13:54:46   73 Client following hero id 0
13:54:46   73 Client::createObject(): creating object type 'Weapon'
13:54:46   73 Client::createObject(): uknown object type 'Weapon'
13:54:46   73 NetworkNode::handleData(): Error! p_obj is NULL.
13:54:46   73 Client::createObject(): creating object type 'Weapon'
13:54:46   73 Client::createObject(): uknown object type 'Weapon'
13:54:46   73 NetworkNode::handleData(): Error! p_obj is NULL.
13:54:46   73 Client::createObject(): creating object type 'Weapon'
13:54:46   73 Client::createObject(): uknown object type 'Weapon'
13:54:46   73 NetworkNode::handleData(): Error! p_obj is NULL.
13:54:46   74 Client following hero id 0
13:54:46   74 Client::createObject(): creating object type 'Weapon'
13:54:46   74 Client::createObject(): uknown object type 'Weapon'
13:54:46   74 NetworkNode::handleData(): Error! p_obj is NULL.
13:54:46   74 Client::createObject(): creating object type 'Weapon'
13:54:46   74 Client::createObject(): uknown object type 'Weapon'
13:54:46   74 NetworkNode::handleData(): Error! p_obj is NULL.
13:54:46   74 Client::createObject(): creating object type 'Weapon'
13:54:46   74 Client::createObject(): uknown object type 'Weapon'
13:54:46   74 NetworkNode::handleData(): Error! p_obj is NULL.
13:54:46   75 Client following hero id 0
13:54:46   76 InputManager::getInput(): Window close event. Setting game over.
13:54:46   76 Client following hero id 0
13:54:46   76 Client::createObject(): creating object type 'Weapon'
13:54:46   76 Client::createObject(): uknown object type 'Weapon'
13:54:46   76 NetworkNode::handleData(): Error! p_obj is NULL.
13:54:46   76 Client::createObject(): creating object type 'Weapon'
13:54:46   76 Client::createObject(): uknown object type 'Weapon'
13:54:46   76 NetworkNode::handleData(): Error! p_obj is NULL.
13:54:46   76 Client::createObject(): creating object type 'Weapon'
13:54:46   76 Client::createObject(): uknown object type 'Weapon'
13:54:46   76 NetworkNode::handleData(): Error! p_obj is NULL.
13:54:46   76 Client::createObject(): creating object type 'Weapon'
13:54:46   76 Client::createObject(): uknown object type 'Weapon'
13:54:46   76 NetworkNode::handleData(): Error! p_obj is NULL.
13:54:46   76 Client::createObject(): creating object type 'Weapon'
13:54:46   76 Client::createObject(): uknown object type 'Weapon'
13:54:46   76 NetworkNode::handleData(): Error! p_obj is NULL.
13:54:46   76 Client::createObject(): creating object type 'Weapon'
13:54:46   76 Client::createObject(): uknown object type 'Weapon'
13:54:46   76 NetworkNode::handleData(): Error! p_obj is NULL.
13:54:46   76 Client::createObject(): creating object type 'Weapon'
13:54:46   76 Client::createObject(): uknown object type 'Weapon'
13:54:46   76 NetworkNode::handleData(): Error! p_obj is NULL.
13:54:46   76 Client::createObject(): creating object type 'Weapon'
13:54:46   76 Client::createObject(): uknown object type 'Weapon'
13:54:46   76 NetworkNode::handleData(): Error! p_obj is NULL.
13:54:46   76 Client::createObject(): creating object type 'Weapon'
13:54:46   76 Client::createObject(): uknown object type 'Weapon'
13:54:46   76 NetworkNode::handleData(): Error! p_obj is NULL.
13:54:46   76 Client::createObject(): creating object type 'Weapon'
13:54:46   76 Client::createObject(): uknown object type 'Weapon'
13:54:46   76 NetworkNode::handleData(): Error! p_obj is NULL.
13:54:46   76 Client::createObject(): creating object type 'Weapon'
13:54:46   76 Client::createObject(): uknown object type 'Weapon'
13:54:46   76 NetworkNode::handleData(): Error! p_obj is NULL.
13:54:46   76 Client::createObject(): creating object type 'Weapon'
13:54:46   76 Client::createObject(): uknown object type 'Weapon'
13:54:46   76 NetworkNode::handleData(): Error! p_obj is NULL.
13:54:46   76 Client::createObject(): creating object type 'Weapon'
13:54:46   76 Client::createObject(): uknown object type 'Weapon'
13:54:46   76 NetworkNode::handleData(): Error! p_obj is NULL.
13:54:46   76 Client::createObject(): creating object type 'Weapon'
13:54:46   76 Client::createObject(): uknown object type 'Weapon'
13:54:46   76 NetworkNode::handleData(): Error! p_obj is NULL.
13:54:46   77 GameManager::run(): end of game loop
13:54:46   77 PathManager::shutDown(): successfully stopped.
13:54:46   77 Path manager stopped
13:54:46   77 WorldManager::shutDown(): Successfully stopped.
13:54:46   77 World manager stopped
13:54:46   77 ResourceManager::shutDown(): successfully stopped.
13:54:46   77 Resource manager stopped
13:54:46   77 NetworkManager::shutDown(): successfully stopped.
13:54:46   77 Network manager stopped
13:54:46   77 InputManager::shutDown(): successfully stopped.
13:54:46   77 Input manager stopped
13:54:46   77 DisplayManager::shutDown(): successfully stopped.
13:54:46   77 Display manager stopped
13:54:46   77 ** Game stopped **
13:54:46   77 ****************************************************
13:54:46   77 LogManager::shutDown(): successfully stopped.
