16:35:49    0 ****************************************************
16:35:49    0 ** Dragonfly version 4.9 **
16:35:49    0 Hello, Network! (v1.2)
16:35:49    0 ResourceManager::loadSprite(): Loading sprite 'sprites/explosion-spr.txt'
16:35:49    0 ResourceManager::loadSprite(): Opened file 'sprites/explosion-spr.txt'
16:35:49    0 ResourceManager::loadSprite(): Sprite 'explosion' successfully loaded
16:35:49    0 ResourceManager::loadSprite(): Loading sprite 'sprites/level_select.txt'
16:35:49    0 ResourceManager::loadSprite(): Opened file 'sprites/level_select.txt'
16:35:49    0 ResourceManager::loadSprite(): Sprite 'level_select' successfully loaded
16:35:49    0 ResourceManager::loadSprite(): Loading sprite 'sprites/gamestart-spr.txt'
16:35:49    0 ResourceManager::loadSprite(): Opened file 'sprites/gamestart-spr.txt'
16:35:49    0 ResourceManager::loadSprite(): Sprite 'gamestart' successfully loaded
16:35:49    0 ResourceManager::loadSprite(): Loading sprite 'sprites/gameover-spr.txt'
16:35:49    0 ResourceManager::loadSprite(): Opened file 'sprites/gameover-spr.txt'
16:35:49    0 ResourceManager::loadSprite(): Sprite 'gameover' successfully loaded
16:35:49    0 ResourceManager::loadSprite(): Loading sprite 'sprites/level_won.txt'
16:35:49    0 ResourceManager::loadSprite(): Opened file 'sprites/level_won.txt'
16:35:49    0 ResourceManager::loadSprite(): Sprite 'level_won' successfully loaded
16:35:49    0 ResourceManager::loadSprite(): Loading sprite 'sprites/level_intro.txt'
16:35:49    0 ResourceManager::loadSprite(): Opened file 'sprites/level_intro.txt'
16:35:49    0 ResourceManager::loadSprite(): Sprite 'level_intro' successfully loaded
16:35:49    0 ResourceManager::loadSprite(): Loading sprite 'sprites/level_1.txt'
16:35:49    0 ResourceManager::loadSprite(): Opened file 'sprites/level_1.txt'
16:35:49    0 ResourceManager::loadSprite(): Sprite 'level_1' successfully loaded
16:35:49    0 ResourceManager::loadSprite(): Loading sprite 'sprites/saucer-spr.txt'
16:35:49    0 ResourceManager::loadSprite(): Opened file 'sprites/saucer-spr.txt'
16:35:49    0 ResourceManager::loadSprite(): Sprite 'saucer' successfully loaded
16:35:49    0 ResourceManager::loadSprite(): Loading sprite 'sprites/ship-spr.txt'
16:35:49    0 ResourceManager::loadSprite(): Opened file 'sprites/ship-spr.txt'
16:35:49    0 ResourceManager::loadSprite(): Sprite 'ship' successfully loaded
16:35:49    0 ResourceManager::loadSprite(): Loading sprite 'sprites/boss.txt'
16:35:49    0 ResourceManager::loadSprite(): Opened file 'sprites/boss.txt'
16:35:49    0 ResourceManager::loadSprite(): Sprite 'boss' successfully loaded
16:35:49    0 ResourceManager::loadSprite(): Loading sprite 'sprites/boss-weakpoint.txt'
16:35:49    0 ResourceManager::loadSprite(): Opened file 'sprites/boss-weakpoint.txt'
16:35:49    0 ResourceManager::loadSprite(): Sprite 'boss-weakpoint' successfully loaded
16:35:49    0 ResourceManager::loadSprite(): Loading sprite 'sprites/ak47_2.txt'
16:35:49    0 ResourceManager::loadSprite(): Opened file 'sprites/ak47_2.txt'
16:35:49    0 ResourceManager::loadSprite(): Sprite 'AK47' successfully loaded
16:35:49    0 ResourceManager::loadSprite(): Loading sprite 'sprites/awp.txt'
16:35:49    0 ResourceManager::loadSprite(): Opened file 'sprites/awp.txt'
16:35:49    0 ResourceManager::loadSprite(): Sprite 'AWP' successfully loaded
16:35:49    0 ResourceManager::loadSprite(): Loading sprite 'sprites/grenade-launcher.txt'
16:35:49    0 ResourceManager::loadSprite(): Opened file 'sprites/grenade-launcher.txt'
16:35:49    0 ResourceManager::loadSprite(): Sprite 'GrenadeLauncher' successfully loaded
16:35:49    0 ResourceManager::loadSprite(): Loading sprite 'sprites/ak47_bullet.txt'
16:35:49    0 ResourceManager::loadSprite(): Opened file 'sprites/ak47_bullet.txt'
16:35:49    0 ResourceManager::loadSprite(): Sprite 'AK47_bullet' successfully loaded
16:35:49    0 ResourceManager::loadSprite(): Loading sprite 'sprites/awp_bullet.txt'
16:35:49    0 ResourceManager::loadSprite(): Opened file 'sprites/awp_bullet.txt'
16:35:49    0 ResourceManager::loadSprite(): Sprite 'AWP_bullet' successfully loaded
16:35:49    0 ResourceManager::loadSprite(): Loading sprite 'sprites/grenade_bullet.txt'
16:35:49    0 ResourceManager::loadSprite(): Opened file 'sprites/grenade_bullet.txt'
16:35:49    0 ResourceManager::loadSprite(): Sprite 'GrenadeLauncher_bullet' successfully loaded
16:35:49    0 ResourceManager::loadSprite(): Loading sprite 'sprites/bullet_trail.txt'
16:35:49    0 ResourceManager::loadSprite(): Opened file 'sprites/bullet_trail.txt'
16:35:49    0 ResourceManager::loadSprite(): Sprite 'bullet_trail' successfully loaded
16:35:49    0 ResourceManager::loadSprite(): Loading sprite 'sprites/explosion-spr.txt'
16:35:49    0 ResourceManager::loadSprite(): Opened file 'sprites/explosion-spr.txt'
16:35:49    0 ResourceManager::loadSprite(): Sprite 'explosion' successfully loaded
16:35:49    0 ResourceManager::loadSprite(): Loading sprite 'sprites/nuke.txt'
16:35:49    0 ResourceManager::loadSprite(): Opened file 'sprites/nuke.txt'
16:35:49    0 ResourceManager::loadSprite(): Sprite 'nuke' successfully loaded
16:35:49    0 ResourceManager::loadSprite(): Loading sprite 'sprites/character-walk_2.txt'
16:35:49    0 ResourceManager::loadSprite(): Opened file 'sprites/character-walk_2.txt'
16:35:49    0 ResourceManager::loadSprite(): Sprite 'character-walk' successfully loaded
16:35:49    0 ResourceManager::loadSprite(): Loading sprite 'sprites/character-duck.txt'
16:35:49    0 ResourceManager::loadSprite(): Opened file 'sprites/character-duck.txt'
16:35:49    0 ResourceManager::loadSprite(): Sprite 'character-duck' successfully loaded
16:35:49    0 ResourceManager::loadSprite(): Loading sprite 'sprites/platform.txt'
16:35:49    0 ResourceManager::loadSprite(): Opened file 'sprites/platform.txt'
16:35:49    0 ResourceManager::loadSprite(): Sprite 'platform' successfully loaded
16:35:49    0 ResourceManager::loadSprite(): Loading sprite 'sprites/refill-ammo.txt'
16:35:49    0 ResourceManager::loadSprite(): Opened file 'sprites/refill-ammo.txt'
16:35:49    0 ResourceManager::loadSprite(): Sprite 'ammo-refill' successfully loaded
16:35:49    0 ResourceManager::loadSprite(): Loading sprite 'sprites/intro/1.txt'
16:35:49    0 ResourceManager::loadSprite(): Opened file 'sprites/intro/1.txt'
16:35:49    0 ResourceManager::loadSprite(): Sprite 'intro_1' successfully loaded
16:35:49    0 ResourceManager::loadSprite(): Loading sprite 'sprites/intro/2.txt'
16:35:49    0 ResourceManager::loadSprite(): Opened file 'sprites/intro/2.txt'
16:35:49    0 ResourceManager::loadSprite(): Sprite 'intro_2' successfully loaded
16:35:49    0 ResourceManager::loadSprite(): Loading sprite 'sprites/intro/3.txt'
16:35:49    0 ResourceManager::loadSprite(): Opened file 'sprites/intro/3.txt'
16:35:49    0 ResourceManager::loadSprite(): Sprite 'intro_3' successfully loaded
16:35:49    0 ResourceManager::loadSprite(): Loading sprite 'sprites/intro/4.txt'
16:35:49    0 ResourceManager::loadSprite(): Opened file 'sprites/intro/4.txt'
16:35:49    0 ResourceManager::loadSprite(): Sprite 'intro_4' successfully loaded
16:35:49    0 ResourceManager::loadSprite(): Loading sprite 'sprites/intro/5.txt'
16:35:49    0 ResourceManager::loadSprite(): Opened file 'sprites/intro/5.txt'
16:35:49    0 ResourceManager::loadSprite(): Sprite 'intro_5' successfully loaded
16:35:49    0 ResourceManager::loadSprite(): Loading sprite 'sprites/intro/6.txt'
16:35:49    0 ResourceManager::loadSprite(): Opened file 'sprites/intro/6.txt'
16:35:49    0 ResourceManager::loadSprite(): Sprite 'intro_6' successfully loaded
16:35:49    0 ResourceManager::loadSprite(): Loading sprite 'sprites/intro/7.txt'
16:35:49    0 ResourceManager::loadSprite(): Opened file 'sprites/intro/7.txt'
16:35:49    0 ResourceManager::loadSprite(): Sprite 'intro_7' successfully loaded
16:35:49    0 ResourceManager::loadSprite(): Loading sprite 'sprites/intro/small.txt'
16:35:49    0 ResourceManager::loadSprite(): Opened file 'sprites/intro/small.txt'
16:35:49    0 ResourceManager::loadSprite(): Sprite 'intro_small' successfully loaded
16:35:49    0 ResourceManager::loadSprite(): Loading sprite 'sprites/number_font/green_0.txt'
16:35:49    0 ResourceManager::loadSprite(): Opened file 'sprites/number_font/green_0.txt'
16:35:49    0 ResourceManager::loadSprite(): Sprite 'green_0' successfully loaded
16:35:49    0 ResourceManager::loadSprite(): Loading sprite 'sprites/number_font/green_1.txt'
16:35:49    0 ResourceManager::loadSprite(): Opened file 'sprites/number_font/green_1.txt'
16:35:49    0 ResourceManager::loadSprite(): Sprite 'green_1' successfully loaded
16:35:49    0 ResourceManager::loadSprite(): Loading sprite 'sprites/number_font/green_2.txt'
16:35:49    0 ResourceManager::loadSprite(): Opened file 'sprites/number_font/green_2.txt'
16:35:49    0 ResourceManager::loadSprite(): Sprite 'green_2' successfully loaded
16:35:49    0 ResourceManager::loadSprite(): Loading sprite 'sprites/number_font/green_3.txt'
16:35:49    0 ResourceManager::loadSprite(): Opened file 'sprites/number_font/green_3.txt'
16:35:49    0 ResourceManager::loadSprite(): Sprite 'green_3' successfully loaded
16:35:49    0 ResourceManager::loadSprite(): Loading sprite 'sprites/number_font/green_4.txt'
16:35:49    0 ResourceManager::loadSprite(): Opened file 'sprites/number_font/green_4.txt'
16:35:49    0 ResourceManager::loadSprite(): Sprite 'green_4' successfully loaded
16:35:49    0 ResourceManager::loadSprite(): Loading sprite 'sprites/number_font/green_5.txt'
16:35:49    0 ResourceManager::loadSprite(): Opened file 'sprites/number_font/green_5.txt'
16:35:49    0 ResourceManager::loadSprite(): Sprite 'green_5' successfully loaded
16:35:49    0 ResourceManager::loadSprite(): Loading sprite 'sprites/number_font/green_6.txt'
16:35:49    0 ResourceManager::loadSprite(): Opened file 'sprites/number_font/green_6.txt'
16:35:49    0 ResourceManager::loadSprite(): Sprite 'green_6' successfully loaded
16:35:49    0 ResourceManager::loadSprite(): Loading sprite 'sprites/number_font/green_7.txt'
16:35:49    0 ResourceManager::loadSprite(): Opened file 'sprites/number_font/green_7.txt'
16:35:49    0 ResourceManager::loadSprite(): Sprite 'green_7' successfully loaded
16:35:49    0 ResourceManager::loadSprite(): Loading sprite 'sprites/number_font/green_8.txt'
16:35:49    0 ResourceManager::loadSprite(): Opened file 'sprites/number_font/green_8.txt'
16:35:49    0 ResourceManager::loadSprite(): Sprite 'green_8' successfully loaded
16:35:49    0 ResourceManager::loadSprite(): Loading sprite 'sprites/number_font/green_9.txt'
16:35:49    0 ResourceManager::loadSprite(): Opened file 'sprites/number_font/green_9.txt'
16:35:49    0 ResourceManager::loadSprite(): Sprite 'green_9' successfully loaded
16:35:49    0 ResourceManager::loadSprite(): Loading sprite 'sprites/number_font/red_0.txt'
16:35:49    0 ResourceManager::loadSprite(): Opened file 'sprites/number_font/red_0.txt'
16:35:49    0 ResourceManager::loadSprite(): Sprite 'red_0' successfully loaded
16:35:49    0 ResourceManager::loadSprite(): Loading sprite 'sprites/number_font/red_1.txt'
16:35:49    0 ResourceManager::loadSprite(): Opened file 'sprites/number_font/red_1.txt'
16:35:49    0 ResourceManager::loadSprite(): Sprite 'red_1' successfully loaded
16:35:49    0 ResourceManager::loadSprite(): Loading sprite 'sprites/number_font/red_2.txt'
16:35:49    0 ResourceManager::loadSprite(): Opened file 'sprites/number_font/red_2.txt'
16:35:49    0 ResourceManager::loadSprite(): Sprite 'red_2' successfully loaded
16:35:49    0 ResourceManager::loadSprite(): Loading sprite 'sprites/number_font/red_3.txt'
16:35:49    0 ResourceManager::loadSprite(): Opened file 'sprites/number_font/red_3.txt'
16:35:49    0 ResourceManager::loadSprite(): Sprite 'red_3' successfully loaded
16:35:49    0 ResourceManager::loadSprite(): Loading sprite 'sprites/number_font/red_4.txt'
16:35:49    0 ResourceManager::loadSprite(): Opened file 'sprites/number_font/red_4.txt'
16:35:49    0 ResourceManager::loadSprite(): Sprite 'red_4' successfully loaded
16:35:49    0 ResourceManager::loadSprite(): Loading sprite 'sprites/number_font/red_5.txt'
16:35:49    0 ResourceManager::loadSprite(): Opened file 'sprites/number_font/red_5.txt'
16:35:49    0 ResourceManager::loadSprite(): Sprite 'red_5' successfully loaded
16:35:49    0 ResourceManager::loadSprite(): Loading sprite 'sprites/number_font/red_6.txt'
16:35:49    0 ResourceManager::loadSprite(): Opened file 'sprites/number_font/red_6.txt'
16:35:49    0 ResourceManager::loadSprite(): Sprite 'red_6' successfully loaded
16:35:49    0 ResourceManager::loadSprite(): Loading sprite 'sprites/number_font/red_7.txt'
16:35:49    0 ResourceManager::loadSprite(): Opened file 'sprites/number_font/red_7.txt'
16:35:49    0 ResourceManager::loadSprite(): Sprite 'red_7' successfully loaded
16:35:49    0 ResourceManager::loadSprite(): Loading sprite 'sprites/number_font/red_8.txt'
16:35:49    0 ResourceManager::loadSprite(): Opened file 'sprites/number_font/red_8.txt'
16:35:49    0 ResourceManager::loadSprite(): Sprite 'red_8' successfully loaded
16:35:49    0 ResourceManager::loadSprite(): Loading sprite 'sprites/number_font/red_9.txt'
16:35:49    0 ResourceManager::loadSprite(): Opened file 'sprites/number_font/red_9.txt'
16:35:49    0 ResourceManager::loadSprite(): Sprite 'red_9' successfully loaded
16:35:49    0 ResourceManager::loadSprite(): Loading sprite 'sprites/number_font/yellow_0.txt'
16:35:49    0 ResourceManager::loadSprite(): Opened file 'sprites/number_font/yellow_0.txt'
16:35:49    0 ResourceManager::loadSprite(): Sprite 'yellow_0' successfully loaded
16:35:49    0 ResourceManager::loadSprite(): Loading sprite 'sprites/number_font/yellow_1.txt'
16:35:49    0 ResourceManager::loadSprite(): Opened file 'sprites/number_font/yellow_1.txt'
16:35:49    0 ResourceManager::loadSprite(): Sprite 'yellow_1' successfully loaded
16:35:49    0 ResourceManager::loadSprite(): Loading sprite 'sprites/number_font/yellow_2.txt'
16:35:49    0 ResourceManager::loadSprite(): Opened file 'sprites/number_font/yellow_2.txt'
16:35:49    0 ResourceManager::loadSprite(): Sprite 'yellow_2' successfully loaded
16:35:49    0 ResourceManager::loadSprite(): Loading sprite 'sprites/number_font/yellow_3.txt'
16:35:49    0 ResourceManager::loadSprite(): Opened file 'sprites/number_font/yellow_3.txt'
16:35:49    0 ResourceManager::loadSprite(): Sprite 'yellow_3' successfully loaded
16:35:49    0 ResourceManager::loadSprite(): Loading sprite 'sprites/number_font/yellow_4.txt'
16:35:49    0 ResourceManager::loadSprite(): Opened file 'sprites/number_font/yellow_4.txt'
16:35:49    0 ResourceManager::loadSprite(): Sprite 'yellow_4' successfully loaded
16:35:49    0 ResourceManager::loadSprite(): Loading sprite 'sprites/number_font/yellow_5.txt'
16:35:49    0 ResourceManager::loadSprite(): Opened file 'sprites/number_font/yellow_5.txt'
16:35:49    0 ResourceManager::loadSprite(): Sprite 'yellow_5' successfully loaded
16:35:49    0 ResourceManager::loadSprite(): Loading sprite 'sprites/number_font/yellow_6.txt'
16:35:49    0 ResourceManager::loadSprite(): Opened file 'sprites/number_font/yellow_6.txt'
16:35:49    0 ResourceManager::loadSprite(): Sprite 'yellow_6' successfully loaded
16:35:49    0 ResourceManager::loadSprite(): Loading sprite 'sprites/number_font/yellow_7.txt'
16:35:49    0 ResourceManager::loadSprite(): Opened file 'sprites/number_font/yellow_7.txt'
16:35:49    0 ResourceManager::loadSprite(): Sprite 'yellow_7' successfully loaded
16:35:49    0 ResourceManager::loadSprite(): Loading sprite 'sprites/number_font/yellow_8.txt'
16:35:49    0 ResourceManager::loadSprite(): Opened file 'sprites/number_font/yellow_8.txt'
16:35:49    0 ResourceManager::loadSprite(): Sprite 'yellow_8' successfully loaded
16:35:49    0 ResourceManager::loadSprite(): Loading sprite 'sprites/number_font/yellow_9.txt'
16:35:49    0 ResourceManager::loadSprite(): Opened file 'sprites/number_font/yellow_9.txt'
16:35:49    0 ResourceManager::loadSprite(): Sprite 'yellow_9' successfully loaded
16:35:49    0 ResourceManager::loadSprite(): Loading sprite 'sprites/number_font/slash.txt'
16:35:49    0 ResourceManager::loadSprite(): Opened file 'sprites/number_font/slash.txt'
16:35:49    0 ResourceManager::loadSprite(): Sprite 'slash' successfully loaded
16:35:49    0 ResourceManager::loadSprite(): Loading sprite 'sprites/ammo_display.txt'
16:35:49    0 ResourceManager::loadSprite(): Opened file 'sprites/ammo_display.txt'
16:35:49    0 ResourceManager::loadSprite(): Sprite 'ammo_display' successfully loaded
16:35:49    0 ResourceManager::loadSound(): Sound 'AK47_fire' successfully loaded
16:35:50    0 ResourceManager::loadSound(): Sound 'AWP_fire' successfully loaded
16:35:50    0 ResourceManager::loadSound(): Sound 'GrenadeLauncher_fire' successfully loaded
16:35:50    0 ResourceManager::loadSound(): Sound 'ammo_empty' successfully loaded
16:35:50    0 ResourceManager::loadSound(): Sound 'AK47_reload' successfully loaded
16:35:51    0 ResourceManager::loadSound(): Sound 'AWP_reload' successfully loaded
16:35:51    0 ResourceManager::loadSound(): Sound 'GrenadeLauncher_reload' successfully loaded
16:35:51    0 ResourceManager::loadSound(): Sound 'awp_bolt' successfully loaded
16:35:51    0 ResourceManager::loadSound(): Sound 'pickup1' successfully loaded
16:35:51    0 ResourceManager::loadSound(): Sound 'pickup2' successfully loaded
16:35:51    0 ResourceManager::loadSound(): Sound 'explode' successfully loaded
16:35:51    0 ResourceManager::loadSound(): Sound 'nuke' successfully loaded
16:35:51    0 ResourceManager::loadSound(): Sound 'saucer_death' successfully loaded
16:35:51    0 ResourceManager::loadSound(): Sound 'game over' successfully loaded
16:35:52    0 ResourceManager::loadSound(): Sound 'level_won' successfully loaded
16:35:52    0 ResourceManager::loadMusic(): Music 'start music' successfully loaded
16:35:52    0 ResourceManager::loadMusic(): Music 'music_theme' successfully loaded
16:35:52    0 ResourceManager::loadMusic(): Music 'music_boss' successfully loaded
16:35:52    0 Client::Client(): Connecting to localhost at port 9876.
16:35:52    0 NetworkManager::connect(): Connecting to localhost, port 9876.
16:35:52    0 NetworkManager::connect(): Connection established.
16:35:52    0 Client::handleConnect(): Client connected!
16:35:52    0 Client::Client(): Client started.
16:35:52    0 GameManager::run(): starting game loop
16:35:52    0 Client::eventHandler(): sending mouse input to server.
16:35:52    0 Client::eventHandler(): sending mouse input to server.
16:35:52    0 Client::eventHandler(): sending mouse input to server.
16:35:52    0 Client::createObject(): creating object type 'Platform'
16:35:52    0 Client::createObject(): creating object type 'Platform'
16:35:52    0 Client::createObject(): creating object type 'Platform'
16:35:52    0 Client::createObject(): creating object type 'Platform'
16:35:52    0 Client::createObject(): creating object type 'Platform'
16:35:52    0 Client::createObject(): creating object type 'Platform'
16:35:52    0 Client::createObject(): creating object type 'Platform'
16:35:52    0 Client::createObject(): creating object type 'Platform'
16:35:52    0 Client::createObject(): creating object type 'Platform'
16:35:52    0 Client::createObject(): creating object type 'Hero'
16:35:52    0 Hero::deserialize()
16:35:52    0 Hero::deserialize()
16:35:52    0 Weapon::deserialize()
16:35:52    0 Weapon::deserialize(): ammo_loaded is 30
16:35:52    0 Weapon::deserialize(): ammo_backup is 90
16:35:52    0 Weapon::deserialize()
16:35:52    0 SceneGraph::updateAltitude(): remove from old altitude (2) failed!
16:35:52    0 Weapon::deserialize(): ammo_loaded is 10
16:35:52    0 Weapon::deserialize(): ammo_backup is 30
16:35:52    0 Weapon::deserialize()
16:35:52    0 SceneGraph::updateAltitude(): remove from old altitude (2) failed!
16:35:52    0 Weapon::deserialize(): ammo_loaded is 1
16:35:52    0 Weapon::deserialize(): ammo_backup is 30
16:35:52    1 Client::eventHandler(): sending mouse input to server.
16:35:52    1 Client::eventHandler(): sending mouse input to server.
16:35:52    1 Hero::deserialize()
16:35:52    1 Weapon::deserialize()
16:35:52    2 Client::eventHandler(): sending mouse input to server.
16:35:52    2 Client::eventHandler(): sending mouse input to server.
16:35:52    2 Hero::deserialize()
16:35:52    2 Weapon::deserialize()
16:35:52    3 Client::eventHandler(): sending mouse input to server.
16:35:52    3 Client::eventHandler(): sending mouse input to server.
16:35:52    3 Client::eventHandler(): sending mouse input to server.
16:35:52    3 Client::eventHandler(): sending mouse input to server.
16:35:52    3 Hero::deserialize()
16:35:52    3 Weapon::deserialize()
16:35:52    4 Client::eventHandler(): sending mouse input to server.
16:35:52    5 Client::eventHandler(): sending mouse input to server.
16:35:52    5 Hero::deserialize()
16:35:52    5 Weapon::deserialize()
16:35:52    5 Hero::deserialize()
16:35:52    5 Weapon::deserialize()
16:35:52    6 Client::eventHandler(): sending mouse input to server.
16:35:52    7 Client::eventHandler(): sending mouse input to server.
16:35:52    7 Client::eventHandler(): sending mouse input to server.
16:35:52    7 Client::eventHandler(): sending mouse input to server.
16:35:52    7 Hero::deserialize()
16:35:52    7 Weapon::deserialize()
16:35:52    7 Hero::deserialize()
16:35:52    7 Weapon::deserialize()
16:35:52    8 Client::eventHandler(): sending mouse input to server.
16:35:52    9 Client::eventHandler(): sending mouse input to server.
16:35:52    9 Hero::deserialize()
16:35:52    9 Weapon::deserialize()
16:35:52    9 Hero::deserialize()
16:35:52    9 Weapon::deserialize()
16:35:52   10 Client::eventHandler(): sending mouse input to server.
16:35:52   10 Hero::deserialize()
16:35:52   10 Weapon::deserialize()
16:35:52   12 Client::eventHandler(): sending mouse input to server.
16:35:52   12 Hero::deserialize()
16:35:52   12 Weapon::deserialize()
16:35:52   12 Hero::deserialize()
16:35:52   12 Weapon::deserialize()
16:35:52   13 Client::eventHandler(): sending mouse input to server.
16:35:52   13 Hero::deserialize()
16:35:52   13 Weapon::deserialize()
16:35:52   14 Client::eventHandler(): sending mouse input to server.
16:35:52   14 Hero::deserialize()
16:35:52   14 Weapon::deserialize()
16:35:52   15 Client::eventHandler(): sending mouse input to server.
16:35:52   16 Client::eventHandler(): sending mouse input to server.
16:35:52   16 Hero::deserialize()
16:35:52   16 Weapon::deserialize()
16:35:52   16 Hero::deserialize()
16:35:52   16 Weapon::deserialize()
16:35:52   17 Client::eventHandler(): sending mouse input to server.
16:35:52   17 Hero::deserialize()
16:35:52   17 Weapon::deserialize()
16:35:52   18 Client::eventHandler(): sending mouse input to server.
16:35:52   18 Hero::deserialize()
16:35:52   18 Weapon::deserialize()
16:35:52   19 Client::eventHandler(): sending mouse input to server.
16:35:52   19 Hero::deserialize()
16:35:52   19 Weapon::deserialize()
16:35:52   20 Client::eventHandler(): sending mouse input to server.
16:35:52   21 Client::eventHandler(): sending mouse input to server.
16:35:52   21 Client::eventHandler(): sending mouse input to server.
16:35:52   21 Client::eventHandler(): sending mouse input to server.
16:35:52   21 Hero::deserialize()
16:35:52   21 Weapon::deserialize()
16:35:52   21 Hero::deserialize()
16:35:52   21 Weapon::deserialize()
16:35:52   22 Client::eventHandler(): sending mouse input to server.
16:35:52   22 Hero::deserialize()
16:35:52   22 Weapon::deserialize()
16:35:53   24 Hero::deserialize()
16:35:53   24 Weapon::deserialize()
16:35:53   24 Hero::deserialize()
16:35:53   24 Weapon::deserialize()
16:35:53   26 Hero::deserialize()
16:35:53   26 Weapon::deserialize()
16:35:53   26 Hero::deserialize()
16:35:53   27 Weapon::deserialize()
16:35:53   28 Hero::deserialize()
16:35:53   28 Weapon::deserialize()
16:35:53   28 Hero::deserialize()
16:35:53   28 Weapon::deserialize()
16:35:53   30 Hero::deserialize()
16:35:53   30 Weapon::deserialize()
16:35:53   31 Hero::deserialize()
16:35:53   31 Weapon::deserialize()
16:35:53   32 Hero::deserialize()
16:35:53   32 Weapon::deserialize()
16:35:53   32 Hero::deserialize()
16:35:53   32 Weapon::deserialize()
16:35:53   34 Hero::deserialize()
16:35:53   34 Weapon::deserialize()
16:35:53   34 Hero::deserialize()
16:35:53   34 Weapon::deserialize()
16:35:53   35 Hero::deserialize()
16:35:53   35 Weapon::deserialize()
16:35:53   37 Hero::deserialize()
16:35:53   37 Weapon::deserialize()
16:35:53   37 Hero::deserialize()
16:35:53   38 Weapon::deserialize()
16:35:53   38 Hero::deserialize()
16:35:53   38 Weapon::deserialize()
16:35:53   40 Hero::deserialize()
16:35:53   40 Weapon::deserialize()
16:35:53   40 Hero::deserialize()
16:35:53   40 Weapon::deserialize()
16:35:53   41 Hero::deserialize()
16:35:53   41 Weapon::deserialize()
16:35:53   43 Hero::deserialize()
16:35:53   43 Weapon::deserialize()
16:35:53   43 Hero::deserialize()
16:35:53   44 Weapon::deserialize()
16:35:53   45 Hero::deserialize()
16:35:53   45 Weapon::deserialize()
16:35:53   45 Hero::deserialize()
16:35:53   45 Weapon::deserialize()
16:35:55   46 Hero::deserialize()
16:35:55   46 Weapon::deserialize()
16:35:55   46 Hero::deserialize()
16:35:55   46 Weapon::deserialize()
16:35:55   46 Hero::deserialize()
16:35:55   46 Weapon::deserialize()
16:35:55   46 Hero::deserialize()
16:35:55   46 Weapon::deserialize()
16:35:55   46 Hero::deserialize()
16:35:55   46 Weapon::deserialize()
16:35:55   46 Hero::deserialize()
16:35:55   46 Weapon::deserialize()
16:35:55   46 Hero::deserialize()
16:35:55   46 Weapon::deserialize()
16:35:55   46 Hero::deserialize()
16:35:55   46 Weapon::deserialize()
16:35:55   46 Hero::deserialize()
16:35:55   46 Weapon::deserialize()
16:35:55   46 Hero::deserialize()
16:35:55   46 Weapon::deserialize()
16:35:55   46 Hero::deserialize()
16:35:55   46 Weapon::deserialize()
16:35:55   46 Hero::deserialize()
16:35:55   46 Weapon::deserialize()
16:35:55   46 Hero::deserialize()
16:35:55   46 Weapon::deserialize()
16:35:55   46 Hero::deserialize()
16:35:55   46 Weapon::deserialize()
16:35:55   46 Hero::deserialize()
16:35:55   46 Weapon::deserialize()
16:35:55   46 Hero::deserialize()
16:35:55   46 Weapon::deserialize()
16:35:55   46 Hero::deserialize()
16:35:55   46 Weapon::deserialize()
16:35:55   46 Hero::deserialize()
16:35:55   46 Weapon::deserialize()
16:35:55   46 Hero::deserialize()
16:35:55   46 Weapon::deserialize()
16:35:55   46 Hero::deserialize()
16:35:55   46 Weapon::deserialize()
16:35:55   46 Hero::deserialize()
16:35:55   46 Weapon::deserialize()
16:35:55   46 Hero::deserialize()
16:35:55   46 Weapon::deserialize()
16:35:55   46 Hero::deserialize()
16:35:55   46 Weapon::deserialize()
16:35:55   46 Hero::deserialize()
16:35:55   46 Weapon::deserialize()
16:35:55   46 Hero::deserialize()
16:35:55   46 Weapon::deserialize()
16:35:55   46 Hero::deserialize()
16:35:55   46 Weapon::deserialize()
16:35:55   46 Hero::deserialize()
16:35:55   46 Weapon::deserialize()
16:35:55   46 Hero::deserialize()
16:35:55   46 Weapon::deserialize()
16:35:55   46 Hero::deserialize()
16:35:55   46 Weapon::deserialize()
16:35:55   46 Hero::deserialize()
16:35:55   46 Weapon::deserialize()
16:35:55   46 Hero::deserialize()
16:35:55   46 Weapon::deserialize()
16:35:55   46 Hero::deserialize()
16:35:55   46 Weapon::deserialize()
16:35:55   46 Hero::deserialize()
16:35:55   46 Weapon::deserialize()
16:35:55   46 Hero::deserialize()
16:35:55   46 Weapon::deserialize()
16:35:55   46 Hero::deserialize()
16:35:55   46 Weapon::deserialize()
16:35:55   46 Hero::deserialize()
16:35:55   46 Weapon::deserialize()
16:35:55   46 Hero::deserialize()
16:35:55   46 Weapon::deserialize()
16:35:55   46 Hero::deserialize()
16:35:55   46 Weapon::deserialize()
16:35:55   46 Hero::deserialize()
16:35:55   46 Weapon::deserialize()
16:35:55   46 Hero::deserialize()
16:35:55   46 Weapon::deserialize()
16:35:55   46 Hero::deserialize()
16:35:55   46 Weapon::deserialize()
16:35:55   46 Hero::deserialize()
16:35:55   46 Weapon::deserialize()
16:35:55   46 Hero::deserialize()
16:35:55   46 Weapon::deserialize()
16:35:55   46 Hero::deserialize()
16:35:55   46 Weapon::deserialize()
16:35:55   46 Hero::deserialize()
16:35:55   46 Weapon::deserialize()
16:35:55   46 Hero::deserialize()
16:35:55   46 Weapon::deserialize()
16:35:55   46 Hero::deserialize()
16:35:55   46 Weapon::deserialize()
16:35:55   46 Hero::deserialize()
16:35:55   46 Weapon::deserialize()
16:35:55   46 Hero::deserialize()
16:35:55   46 Weapon::deserialize()
16:35:55   46 Hero::deserialize()
16:35:55   46 Weapon::deserialize()
16:35:55   46 Hero::deserialize()
16:35:55   46 Weapon::deserialize()
16:35:55   46 Hero::deserialize()
16:35:55   46 Weapon::deserialize()
16:35:55   46 Hero::deserialize()
16:35:55   46 Weapon::deserialize()
16:35:55   46 Hero::deserialize()
16:35:55   46 Weapon::deserialize()
16:35:55   46 Hero::deserialize()
16:35:55   46 Weapon::deserialize()
16:35:55   46 Hero::deserialize()
16:35:55   46 Weapon::deserialize()
16:35:55   48 Hero::deserialize()
16:35:55   48 Weapon::deserialize()
16:35:55   49 Hero::deserialize()
16:35:55   49 Weapon::deserialize()
16:35:55   50 Hero::deserialize()
16:35:55   50 Weapon::deserialize()
16:35:55   51 Hero::deserialize()
16:35:55   51 Weapon::deserialize()
16:35:55   52 Hero::deserialize()
16:35:55   52 Weapon::deserialize()
16:35:55   53 Client::eventHandler(): sending mouse input to server.
16:35:55   53 Hero::deserialize()
16:35:55   53 Weapon::deserialize()
16:35:55   54 Client::eventHandler(): sending mouse input to server.
16:35:55   54 Client::eventHandler(): sending mouse input to server.
16:35:55   54 Hero::deserialize()
16:35:55   54 Weapon::deserialize()
16:35:55   55 Client::eventHandler(): sending mouse input to server.
16:35:55   55 Client::eventHandler(): sending mouse input to server.
16:35:55   55 Hero::deserialize()
16:35:55   55 Weapon::deserialize()
16:35:55   56 Client::eventHandler(): sending mouse input to server.
16:35:55   56 Hero::deserialize()
16:35:55   56 Weapon::deserialize()
16:35:55   57 Client::eventHandler(): sending mouse input to server.
16:35:55   57 Hero::deserialize()
16:35:55   57 Weapon::deserialize()
16:35:55   58 Client::eventHandler(): sending mouse input to server.
16:35:55   58 Hero::deserialize()
16:35:55   58 Weapon::deserialize()
16:35:55   59 Client::eventHandler(): sending mouse input to server.
16:35:55   59 Hero::deserialize()
16:35:55   59 Weapon::deserialize()
16:35:55   60 Client::eventHandler(): sending mouse input to server.
16:35:55   60 Hero::deserialize()
16:35:55   60 Weapon::deserialize()
16:35:56   61 Client::eventHandler(): sending mouse input to server.
16:35:56   61 Hero::deserialize()
16:35:56   61 Weapon::deserialize()
16:35:56   62 Client::eventHandler(): sending mouse input to server.
16:35:56   62 Hero::deserialize()
16:35:56   62 Weapon::deserialize()
16:35:56   63 Client::eventHandler(): sending mouse input to server.
16:35:56   63 Hero::deserialize()
16:35:56   63 Weapon::deserialize()
16:35:56   64 Hero::deserialize()
16:35:56   64 Weapon::deserialize()
16:35:56   65 Client::eventHandler(): sending mouse input to server.
16:35:56   65 Hero::deserialize()
16:35:56   65 Weapon::deserialize()
16:35:56   66 Client::eventHandler(): sending mouse input to server.
16:35:56   66 Hero::deserialize()
16:35:56   66 Weapon::deserialize()
16:35:56   67 Client::eventHandler(): sending mouse input to server.
16:35:56   67 Client::eventHandler(): sending mouse input to server.
16:35:56   67 Hero::deserialize()
16:35:56   67 Weapon::deserialize()
16:35:56   68 Client::eventHandler(): sending mouse input to server.
16:35:56   68 Hero::deserialize()
16:35:56   68 Weapon::deserialize()
16:35:56   69 Client::eventHandler(): sending mouse input to server.
16:35:56   69 Hero::deserialize()
16:35:56   69 Weapon::deserialize()
16:35:56   70 Client::eventHandler(): sending mouse input to server.
16:35:56   70 Client::eventHandler(): sending mouse input to server.
16:35:56   70 Hero::deserialize()
16:35:56   70 Weapon::deserialize()
16:35:56   71 Client::eventHandler(): sending mouse input to server.
16:35:56   71 Hero::deserialize()
16:35:56   71 Weapon::deserialize()
16:35:56   72 Client::eventHandler(): sending mouse input to server.
16:35:56   72 Hero::deserialize()
16:35:56   72 Weapon::deserialize()
16:35:56   73 Client::eventHandler(): sending mouse input to server.
16:35:56   73 Hero::deserialize()
16:35:56   73 Weapon::deserialize()
16:35:56   74 Client::eventHandler(): sending mouse input to server.
16:35:56   74 Hero::deserialize()
16:35:56   74 Weapon::deserialize()
16:35:56   75 Client::eventHandler(): sending mouse input to server.
16:35:56   75 Hero::deserialize()
16:35:56   75 Weapon::deserialize()
16:35:56   76 Client::eventHandler(): sending mouse input to server.
16:35:56   76 Hero::deserialize()
16:35:56   76 Weapon::deserialize()
16:35:56   77 Client::eventHandler(): sending mouse input to server.
16:35:56   77 Client::eventHandler(): sending mouse input to server.
16:35:56   77 Hero::deserialize()
16:35:56   77 Weapon::deserialize()
16:35:56   78 Client::eventHandler(): sending mouse input to server.
16:35:56   78 Hero::deserialize()
16:35:56   78 Weapon::deserialize()
16:35:56   88 Client::eventHandler(): sending mouse input to server.
16:35:56   89 Client::eventHandler(): sending mouse input to server.
16:35:56   90 Client::eventHandler(): sending mouse input to server.
16:35:57   91 Client::eventHandler(): sending mouse input to server.
16:35:57   92 Client::eventHandler(): sending mouse input to server.
16:35:57   93 Client::eventHandler(): sending mouse input to server.
16:35:57   94 Client::eventHandler(): sending mouse input to server.
16:35:57   96 Client::eventHandler(): sending mouse input to server.
16:35:57  104 Client::eventHandler(): sending mouse input to server.
16:35:57  105 Client::eventHandler(): sending mouse input to server.
16:35:57  106 Client::eventHandler(): sending mouse input to server.
16:35:57  107 Client::eventHandler(): sending mouse input to server.
16:35:57  108 Client::eventHandler(): sending mouse input to server.
16:35:57  109 Client::eventHandler(): sending mouse input to server.
16:35:57  110 Client::eventHandler(): sending mouse input to server.
16:35:57  111 Client::eventHandler(): sending mouse input to server.
16:35:57  112 Client::eventHandler(): sending mouse input to server.
16:35:57  113 Client::eventHandler(): sending mouse input to server.
16:35:57  114 Client::eventHandler(): sending mouse input to server.
16:35:57  115 Client::eventHandler(): sending mouse input to server.
16:35:57  116 Client::eventHandler(): sending mouse input to server.
16:35:57  117 Client::eventHandler(): sending mouse input to server.
16:35:57  118 Client::eventHandler(): sending mouse input to server.
16:35:57  119 Client::eventHandler(): sending mouse input to server.
16:35:57  120 Client::eventHandler(): sending mouse input to server.
16:35:58  121 Client::eventHandler(): sending mouse input to server.
16:35:58  122 Client::eventHandler(): sending mouse input to server.
16:35:58  123 Client::eventHandler(): sending mouse input to server.
16:35:58  127 Client::eventHandler(): sending mouse input to server.
16:35:58  128 Client::eventHandler(): sending mouse input to server.
16:35:58  129 Client::eventHandler(): sending mouse input to server.
16:35:58  129 Client::eventHandler(): sending mouse input to server.
16:35:58  130 Client::eventHandler(): sending mouse input to server.
16:35:58  131 Client::eventHandler(): sending mouse input to server.
16:35:58  132 Client::eventHandler(): sending mouse input to server.
16:35:58  132 Client::eventHandler(): sending mouse input to server.
16:35:58  133 Client::eventHandler(): sending mouse input to server.
16:35:58  134 Client::eventHandler(): sending mouse input to server.
16:35:58  136 Client::eventHandler(): sending mouse input to server.
16:35:58  137 Client::eventHandler(): sending mouse input to server.
16:35:58  138 Client::eventHandler(): sending mouse input to server.
16:35:58  138 Client::eventHandler(): sending mouse input to server.
16:35:58  139 Client::eventHandler(): sending mouse input to server.
16:35:58  139 NetworkManager::send(): Error! send() returned:
16:35:58  139 	Unknown error
16:35:58  139 NetworkNode::sendMessage(): Error sending!
16:35:58  140 Client::eventHandler(): sending mouse input to server.
16:35:58  140 NetworkManager::send(): Error! send() returned:
16:35:58  140 	Unknown error
16:35:58  140 NetworkNode::sendMessage(): Error sending!
16:35:58  141 Client::eventHandler(): sending mouse input to server.
16:35:58  141 NetworkManager::send(): Error! send() returned:
16:35:58  141 	Unknown error
16:35:58  141 NetworkNode::sendMessage(): Error sending!
16:35:58  143 Client::eventHandler(): sending mouse input to server.
16:35:58  143 NetworkManager::send(): Error! send() returned:
16:35:58  143 	Unknown error
16:35:58  143 NetworkNode::sendMessage(): Error sending!
16:35:58  143 Client::eventHandler(): sending mouse input to server.
16:35:58  143 NetworkManager::send(): Error! send() returned:
16:35:58  143 	Unknown error
16:35:58  143 NetworkNode::sendMessage(): Error sending!
16:35:58  144 Client::eventHandler(): sending mouse input to server.
16:35:58  144 NetworkManager::send(): Error! send() returned:
16:35:58  144 	Unknown error
16:35:58  144 NetworkNode::sendMessage(): Error sending!
16:35:59  157 Client::eventHandler(): sending mouse input to server.
16:35:59  157 NetworkManager::send(): Error! send() returned:
16:35:59  157 	Unknown error
16:35:59  157 NetworkNode::sendMessage(): Error sending!
16:35:59  158 Client::eventHandler(): sending mouse input to server.
16:35:59  158 NetworkManager::send(): Error! send() returned:
16:35:59  158 	Unknown error
16:35:59  158 NetworkNode::sendMessage(): Error sending!
16:35:59  159 Client::eventHandler(): sending mouse input to server.
16:35:59  159 NetworkManager::send(): Error! send() returned:
16:35:59  159 	Unknown error
16:35:59  159 NetworkNode::sendMessage(): Error sending!
16:35:59  160 Client::eventHandler(): sending mouse input to server.
16:35:59  160 NetworkManager::send(): Error! send() returned:
16:35:59  160 	Unknown error
16:35:59  160 NetworkNode::sendMessage(): Error sending!
16:35:59  161 Client::eventHandler(): sending mouse input to server.
16:35:59  161 NetworkManager::send(): Error! send() returned:
16:35:59  161 	Unknown error
16:35:59  161 NetworkNode::sendMessage(): Error sending!
16:35:59  162 Client::eventHandler(): sending mouse input to server.
16:35:59  162 NetworkManager::send(): Error! send() returned:
16:35:59  162 	Unknown error
16:35:59  162 NetworkNode::sendMessage(): Error sending!
16:35:59  163 Client::eventHandler(): sending mouse input to server.
16:35:59  163 NetworkManager::send(): Error! send() returned:
16:35:59  163 	Unknown error
16:35:59  163 NetworkNode::sendMessage(): Error sending!
16:35:59  164 Client::eventHandler(): sending mouse input to server.
16:35:59  164 NetworkManager::send(): Error! send() returned:
16:35:59  164 	Unknown error
16:35:59  164 NetworkNode::sendMessage(): Error sending!
16:35:59  165 Client::eventHandler(): sending mouse input to server.
16:35:59  165 NetworkManager::send(): Error! send() returned:
16:35:59  165 	Unknown error
16:35:59  165 NetworkNode::sendMessage(): Error sending!
16:35:59  172 Client::eventHandler(): sending mouse input to server.
16:35:59  172 NetworkManager::send(): Error! send() returned:
16:35:59  172 	Unknown error
16:35:59  172 NetworkNode::sendMessage(): Error sending!
16:35:59  173 Client::eventHandler(): sending mouse input to server.
16:35:59  173 NetworkManager::send(): Error! send() returned:
16:35:59  173 	Unknown error
16:35:59  173 NetworkNode::sendMessage(): Error sending!
16:35:59  174 Client::eventHandler(): sending mouse input to server.
16:35:59  174 NetworkManager::send(): Error! send() returned:
16:35:59  174 	Unknown error
16:35:59  174 NetworkNode::sendMessage(): Error sending!
16:35:59  175 Client::eventHandler(): sending mouse input to server.
16:35:59  175 NetworkManager::send(): Error! send() returned:
16:35:59  175 	Unknown error
16:35:59  175 NetworkNode::sendMessage(): Error sending!
16:35:59  176 Client::eventHandler(): sending mouse input to server.
16:35:59  176 NetworkManager::send(): Error! send() returned:
16:35:59  176 	Unknown error
16:35:59  176 NetworkNode::sendMessage(): Error sending!
16:35:59  177 Client::eventHandler(): sending mouse input to server.
16:35:59  177 NetworkManager::send(): Error! send() returned:
16:35:59  177 	Unknown error
16:35:59  177 NetworkNode::sendMessage(): Error sending!
16:35:59  178 Client::eventHandler(): sending mouse input to server.
16:35:59  178 NetworkManager::send(): Error! send() returned:
16:35:59  178 	Unknown error
16:35:59  178 NetworkNode::sendMessage(): Error sending!
16:36:00  183 Client::eventHandler(): sending mouse input to server.
16:36:00  183 NetworkManager::send(): Error! send() returned:
16:36:00  183 	Unknown error
16:36:00  183 NetworkNode::sendMessage(): Error sending!
16:36:00  183 Client::eventHandler(): sending keyboard input to server.
16:36:00  183 NetworkManager::send(): Error! send() returned:
16:36:00  183 	Unknown error
16:36:00  183 NetworkNode::sendMessage(): Error sending!
16:36:00  183 Client::eventHandler(): sending mouse input to server.
16:36:00  183 NetworkManager::send(): Error! send() returned:
16:36:00  183 	Unknown error
16:36:00  183 NetworkNode::sendMessage(): Error sending!
16:36:00  183 Client::eventHandler(): sending mouse input to server.
16:36:00  183 NetworkManager::send(): Error! send() returned:
16:36:00  183 	Unknown error
16:36:00  183 NetworkNode::sendMessage(): Error sending!
16:36:00  183 Client::eventHandler(): sending mouse input to server.
16:36:00  183 NetworkManager::send(): Error! send() returned:
16:36:00  183 	Unknown error
16:36:00  183 NetworkNode::sendMessage(): Error sending!
16:36:00  183 Client::eventHandler(): sending keyboard input to server.
16:36:00  183 NetworkManager::send(): Error! send() returned:
16:36:00  183 	Unknown error
16:36:00  183 NetworkNode::sendMessage(): Error sending!
16:36:00  184 Client::eventHandler(): sending mouse input to server.
16:36:00  184 NetworkManager::send(): Error! send() returned:
16:36:00  184 	Unknown error
16:36:00  184 NetworkNode::sendMessage(): Error sending!
16:36:00  184 Client::eventHandler(): sending keyboard input to server.
16:36:00  184 NetworkManager::send(): Error! send() returned:
16:36:00  184 	Unknown error
16:36:00  184 NetworkNode::sendMessage(): Error sending!
16:36:00  185 Client::eventHandler(): sending mouse input to server.
16:36:00  185 NetworkManager::send(): Error! send() returned:
16:36:00  185 	Unknown error
16:36:00  185 NetworkNode::sendMessage(): Error sending!
16:36:00  185 Client::eventHandler(): sending keyboard input to server.
16:36:00  185 NetworkManager::send(): Error! send() returned:
16:36:00  185 	Unknown error
16:36:00  185 NetworkNode::sendMessage(): Error sending!
16:36:00  186 Client::eventHandler(): sending mouse input to server.
16:36:00  186 NetworkManager::send(): Error! send() returned:
16:36:00  186 	Unknown error
16:36:00  186 NetworkNode::sendMessage(): Error sending!
16:36:00  186 Client::eventHandler(): sending keyboard input to server.
16:36:00  186 NetworkManager::send(): Error! send() returned:
16:36:00  186 	Unknown error
16:36:00  186 NetworkNode::sendMessage(): Error sending!
16:36:00  187 Client::eventHandler(): sending mouse input to server.
16:36:00  187 NetworkManager::send(): Error! send() returned:
16:36:00  187 	Unknown error
16:36:00  187 NetworkNode::sendMessage(): Error sending!
16:36:00  187 Client::eventHandler(): sending keyboard input to server.
16:36:00  187 NetworkManager::send(): Error! send() returned:
16:36:00  187 	Unknown error
16:36:00  187 NetworkNode::sendMessage(): Error sending!
16:36:00  188 Client::eventHandler(): sending keyboard input to server.
16:36:00  188 NetworkManager::send(): Error! send() returned:
16:36:00  188 	Unknown error
16:36:00  188 NetworkNode::sendMessage(): Error sending!
16:36:00  197 Client::eventHandler(): sending mouse input to server.
16:36:00  197 NetworkManager::send(): Error! send() returned:
16:36:00  197 	Unknown error
16:36:00  197 NetworkNode::sendMessage(): Error sending!
16:36:00  197 Client::eventHandler(): sending mouse input to server.
16:36:00  197 NetworkManager::send(): Error! send() returned:
16:36:00  197 	Unknown error
16:36:00  197 NetworkNode::sendMessage(): Error sending!
16:36:00  198 Client::eventHandler(): sending mouse input to server.
16:36:00  198 NetworkManager::send(): Error! send() returned:
16:36:00  198 	Unknown error
16:36:00  198 NetworkNode::sendMessage(): Error sending!
16:36:00  200 Client::eventHandler(): sending mouse input to server.
16:36:00  200 NetworkManager::send(): Error! send() returned:
16:36:00  200 	Unknown error
16:36:00  200 NetworkNode::sendMessage(): Error sending!
16:36:00  201 Client::eventHandler(): sending mouse input to server.
16:36:00  201 NetworkManager::send(): Error! send() returned:
16:36:00  201 	Unknown error
16:36:00  201 NetworkNode::sendMessage(): Error sending!
16:36:00  202 Client::eventHandler(): sending mouse input to server.
16:36:00  202 NetworkManager::send(): Error! send() returned:
16:36:00  202 	Unknown error
16:36:00  202 NetworkNode::sendMessage(): Error sending!
16:36:00  204 Client::eventHandler(): sending mouse input to server.
16:36:00  204 NetworkManager::send(): Error! send() returned:
16:36:00  204 	Unknown error
16:36:00  204 NetworkNode::sendMessage(): Error sending!
16:36:00  204 Client::eventHandler(): sending mouse input to server.
16:36:00  204 NetworkManager::send(): Error! send() returned:
16:36:00  204 	Unknown error
16:36:00  204 NetworkNode::sendMessage(): Error sending!
16:36:00  205 Client::eventHandler(): sending mouse input to server.
16:36:00  205 NetworkManager::send(): Error! send() returned:
16:36:00  205 	Unknown error
16:36:00  205 NetworkNode::sendMessage(): Error sending!
16:36:00  210 Client::eventHandler(): sending mouse input to server.
16:36:00  210 NetworkManager::send(): Error! send() returned:
16:36:00  210 	Unknown error
16:36:00  210 NetworkNode::sendMessage(): Error sending!
16:36:00  210 Client::eventHandler(): sending mouse input to server.
16:36:00  210 NetworkManager::send(): Error! send() returned:
16:36:00  210 	Unknown error
16:36:00  210 NetworkNode::sendMessage(): Error sending!
16:36:00  211 Client::eventHandler(): sending mouse input to server.
16:36:00  211 NetworkManager::send(): Error! send() returned:
16:36:00  211 	Unknown error
16:36:00  211 NetworkNode::sendMessage(): Error sending!
16:36:01  215 Client::eventHandler(): sending mouse input to server.
16:36:01  215 NetworkManager::send(): Error! send() returned:
16:36:01  215 	Unknown error
16:36:01  215 NetworkNode::sendMessage(): Error sending!
16:36:01  215 Client::eventHandler(): sending mouse input to server.
16:36:01  215 NetworkManager::send(): Error! send() returned:
16:36:01  215 	Unknown error
16:36:01  215 NetworkNode::sendMessage(): Error sending!
16:36:01  216 Client::eventHandler(): sending mouse input to server.
16:36:01  216 NetworkManager::send(): Error! send() returned:
16:36:01  216 	Unknown error
16:36:01  216 NetworkNode::sendMessage(): Error sending!
16:36:01  217 Client::eventHandler(): sending mouse input to server.
16:36:01  217 NetworkManager::send(): Error! send() returned:
16:36:01  217 	Unknown error
16:36:01  217 NetworkNode::sendMessage(): Error sending!
16:36:01  220 Client::eventHandler(): sending mouse input to server.
16:36:01  220 NetworkManager::send(): Error! send() returned:
16:36:01  220 	Unknown error
16:36:01  220 NetworkNode::sendMessage(): Error sending!
16:36:01  220 Client::eventHandler(): sending mouse input to server.
16:36:01  220 NetworkManager::send(): Error! send() returned:
16:36:01  220 	Unknown error
16:36:01  220 NetworkNode::sendMessage(): Error sending!
16:36:01  221 Client::eventHandler(): sending mouse input to server.
16:36:01  221 NetworkManager::send(): Error! send() returned:
16:36:01  221 	Unknown error
16:36:01  221 NetworkNode::sendMessage(): Error sending!
16:36:01  222 Client::eventHandler(): sending mouse input to server.
16:36:01  222 NetworkManager::send(): Error! send() returned:
16:36:01  222 	Unknown error
16:36:01  222 NetworkNode::sendMessage(): Error sending!
16:36:01  222 Client::eventHandler(): sending mouse input to server.
16:36:01  222 NetworkManager::send(): Error! send() returned:
16:36:01  222 	Unknown error
16:36:01  222 NetworkNode::sendMessage(): Error sending!
16:36:01  223 Client::eventHandler(): sending mouse input to server.
16:36:01  223 NetworkManager::send(): Error! send() returned:
16:36:01  223 	Unknown error
16:36:01  223 NetworkNode::sendMessage(): Error sending!
16:36:01  226 Client::eventHandler(): sending mouse input to server.
16:36:01  226 NetworkManager::send(): Error! send() returned:
16:36:01  226 	Unknown error
16:36:01  226 NetworkNode::sendMessage(): Error sending!
16:36:01  227 Client::eventHandler(): sending mouse input to server.
16:36:01  227 NetworkManager::send(): Error! send() returned:
16:36:01  227 	Unknown error
16:36:01  227 NetworkNode::sendMessage(): Error sending!
16:36:01  228 Client::eventHandler(): sending mouse input to server.
16:36:01  228 NetworkManager::send(): Error! send() returned:
16:36:01  228 	Unknown error
16:36:01  228 NetworkNode::sendMessage(): Error sending!
16:36:01  229 Client::eventHandler(): sending mouse input to server.
16:36:01  229 NetworkManager::send(): Error! send() returned:
16:36:01  229 	Unknown error
16:36:01  229 NetworkNode::sendMessage(): Error sending!
16:36:01  230 Client::eventHandler(): sending mouse input to server.
16:36:01  230 NetworkManager::send(): Error! send() returned:
16:36:01  230 	Unknown error
16:36:01  230 NetworkNode::sendMessage(): Error sending!
16:36:01  230 Client::eventHandler(): sending mouse input to server.
16:36:01  230 NetworkManager::send(): Error! send() returned:
16:36:01  230 	Unknown error
16:36:01  230 NetworkNode::sendMessage(): Error sending!
16:36:01  230 Client::eventHandler(): sending mouse input to server.
16:36:01  230 NetworkManager::send(): Error! send() returned:
16:36:01  230 	Unknown error
16:36:01  230 NetworkNode::sendMessage(): Error sending!
16:36:01  231 Client::eventHandler(): sending mouse input to server.
16:36:01  231 NetworkManager::send(): Error! send() returned:
16:36:01  231 	Unknown error
16:36:01  231 NetworkNode::sendMessage(): Error sending!
16:36:01  232 Client::eventHandler(): sending mouse input to server.
16:36:01  232 NetworkManager::send(): Error! send() returned:
16:36:01  232 	Unknown error
16:36:01  232 NetworkNode::sendMessage(): Error sending!
16:36:01  233 Client::eventHandler(): sending mouse input to server.
16:36:01  233 NetworkManager::send(): Error! send() returned:
16:36:01  233 	Unknown error
16:36:01  233 NetworkNode::sendMessage(): Error sending!
16:36:01  233 Client::eventHandler(): sending mouse input to server.
16:36:01  233 NetworkManager::send(): Error! send() returned:
16:36:01  233 	Unknown error
16:36:01  233 NetworkNode::sendMessage(): Error sending!
16:36:01  234 Client::eventHandler(): sending mouse input to server.
16:36:01  234 NetworkManager::send(): Error! send() returned:
16:36:01  234 	Unknown error
16:36:01  234 NetworkNode::sendMessage(): Error sending!
16:36:01  235 Client::eventHandler(): sending mouse input to server.
16:36:01  235 NetworkManager::send(): Error! send() returned:
16:36:01  235 	Unknown error
16:36:01  235 NetworkNode::sendMessage(): Error sending!
16:36:01  236 Client::eventHandler(): sending mouse input to server.
16:36:01  236 NetworkManager::send(): Error! send() returned:
16:36:01  236 	Unknown error
16:36:01  236 NetworkNode::sendMessage(): Error sending!
16:36:01  236 Client::eventHandler(): sending mouse input to server.
16:36:01  236 NetworkManager::send(): Error! send() returned:
16:36:01  236 	Unknown error
16:36:01  236 NetworkNode::sendMessage(): Error sending!
16:36:01  236 Client::eventHandler(): sending mouse input to server.
16:36:01  236 NetworkManager::send(): Error! send() returned:
16:36:01  236 	Unknown error
16:36:01  236 NetworkNode::sendMessage(): Error sending!
16:36:01  236 Client::eventHandler(): sending mouse input to server.
16:36:01  236 NetworkManager::send(): Error! send() returned:
16:36:01  236 	Unknown error
16:36:01  236 NetworkNode::sendMessage(): Error sending!
16:36:04  315 Client::eventHandler(): sending mouse input to server.
16:36:04  315 NetworkManager::send(): Error! send() returned:
16:36:04  315 	Unknown error
16:36:04  315 NetworkNode::sendMessage(): Error sending!
16:36:04  315 Client::eventHandler(): sending mouse input to server.
16:36:04  315 NetworkManager::send(): Error! send() returned:
16:36:04  315 	Unknown error
16:36:04  315 NetworkNode::sendMessage(): Error sending!
16:36:04  316 Client::eventHandler(): sending mouse input to server.
16:36:04  316 NetworkManager::send(): Error! send() returned:
16:36:04  316 	Unknown error
16:36:04  316 NetworkNode::sendMessage(): Error sending!
16:36:04  317 Client::eventHandler(): sending mouse input to server.
16:36:04  317 NetworkManager::send(): Error! send() returned:
16:36:04  317 	Unknown error
16:36:04  317 NetworkNode::sendMessage(): Error sending!
16:36:04  317 Client::eventHandler(): sending mouse input to server.
16:36:04  317 NetworkManager::send(): Error! send() returned:
16:36:04  317 	Unknown error
16:36:04  317 NetworkNode::sendMessage(): Error sending!
16:36:04  318 Client::eventHandler(): sending mouse input to server.
16:36:04  318 NetworkManager::send(): Error! send() returned:
16:36:04  318 	Unknown error
16:36:04  318 NetworkNode::sendMessage(): Error sending!
16:36:04  318 Client::eventHandler(): sending mouse input to server.
16:36:04  318 NetworkManager::send(): Error! send() returned:
16:36:04  318 	Unknown error
16:36:04  318 NetworkNode::sendMessage(): Error sending!
16:36:04  319 Client::eventHandler(): sending mouse input to server.
16:36:04  319 NetworkManager::send(): Error! send() returned:
16:36:04  319 	Unknown error
16:36:04  319 NetworkNode::sendMessage(): Error sending!
16:36:04  320 Client::eventHandler(): sending mouse input to server.
16:36:04  320 NetworkManager::send(): Error! send() returned:
16:36:04  320 	Unknown error
16:36:04  320 NetworkNode::sendMessage(): Error sending!
16:36:04  321 Client::eventHandler(): sending mouse input to server.
16:36:04  321 NetworkManager::send(): Error! send() returned:
16:36:04  321 	Unknown error
16:36:04  321 NetworkNode::sendMessage(): Error sending!
16:36:04  324 Client::eventHandler(): sending mouse input to server.
16:36:04  324 NetworkManager::send(): Error! send() returned:
16:36:04  324 	Unknown error
16:36:04  324 NetworkNode::sendMessage(): Error sending!
16:36:04  324 Client::eventHandler(): sending mouse input to server.
16:36:04  324 NetworkManager::send(): Error! send() returned:
16:36:04  324 	Unknown error
16:36:04  324 NetworkNode::sendMessage(): Error sending!
16:36:04  325 Client::eventHandler(): sending mouse input to server.
16:36:04  325 NetworkManager::send(): Error! send() returned:
16:36:04  325 	Unknown error
16:36:04  325 NetworkNode::sendMessage(): Error sending!
16:36:04  326 Client::eventHandler(): sending mouse input to server.
16:36:04  326 NetworkManager::send(): Error! send() returned:
16:36:04  326 	Unknown error
16:36:04  326 NetworkNode::sendMessage(): Error sending!
16:36:05  334 Client::eventHandler(): sending mouse input to server.
16:36:05  334 NetworkManager::send(): Error! send() returned:
16:36:05  334 	Unknown error
16:36:05  334 NetworkNode::sendMessage(): Error sending!
16:36:05  334 Client::eventHandler(): sending mouse input to server.
16:36:05  334 NetworkManager::send(): Error! send() returned:
16:36:05  334 	Unknown error
16:36:05  334 NetworkNode::sendMessage(): Error sending!
16:36:05  335 Client::eventHandler(): sending mouse input to server.
16:36:05  335 NetworkManager::send(): Error! send() returned:
16:36:05  335 	Unknown error
16:36:05  335 NetworkNode::sendMessage(): Error sending!
16:36:05  338 Client::eventHandler(): sending mouse input to server.
16:36:05  338 NetworkManager::send(): Error! send() returned:
16:36:05  338 	Unknown error
16:36:05  338 NetworkNode::sendMessage(): Error sending!
16:36:05  338 Client::eventHandler(): sending mouse input to server.
16:36:05  338 NetworkManager::send(): Error! send() returned:
16:36:05  338 	Unknown error
16:36:05  338 NetworkNode::sendMessage(): Error sending!
16:36:05  339 Client::eventHandler(): sending mouse input to server.
16:36:05  339 NetworkManager::send(): Error! send() returned:
16:36:05  339 	Unknown error
16:36:05  339 NetworkNode::sendMessage(): Error sending!
16:36:05  339 Client::eventHandler(): sending mouse input to server.
16:36:05  339 NetworkManager::send(): Error! send() returned:
16:36:05  339 	Unknown error
16:36:05  339 NetworkNode::sendMessage(): Error sending!
16:36:05  340 Client::eventHandler(): sending mouse input to server.
16:36:05  340 NetworkManager::send(): Error! send() returned:
16:36:05  340 	Unknown error
16:36:05  340 NetworkNode::sendMessage(): Error sending!
16:36:05  341 Client::eventHandler(): sending mouse input to server.
16:36:05  341 NetworkManager::send(): Error! send() returned:
16:36:05  341 	Unknown error
16:36:05  341 NetworkNode::sendMessage(): Error sending!
16:36:05  342 Client::eventHandler(): sending mouse input to server.
16:36:05  342 NetworkManager::send(): Error! send() returned:
16:36:05  342 	Unknown error
16:36:05  342 NetworkNode::sendMessage(): Error sending!
16:36:05  345 Client::eventHandler(): sending mouse input to server.
16:36:05  345 NetworkManager::send(): Error! send() returned:
16:36:05  345 	Unknown error
16:36:05  345 NetworkNode::sendMessage(): Error sending!
16:36:05  345 Client::eventHandler(): sending mouse input to server.
16:36:05  345 NetworkManager::send(): Error! send() returned:
16:36:05  345 	Unknown error
16:36:05  345 NetworkNode::sendMessage(): Error sending!
16:36:05  346 Client::eventHandler(): sending mouse input to server.
16:36:05  346 NetworkManager::send(): Error! send() returned:
16:36:05  346 	Unknown error
16:36:05  346 NetworkNode::sendMessage(): Error sending!
16:36:05  346 Client::eventHandler(): sending mouse input to server.
16:36:05  346 NetworkManager::send(): Error! send() returned:
16:36:05  346 	Unknown error
16:36:05  346 NetworkNode::sendMessage(): Error sending!
16:36:05  347 Client::eventHandler(): sending mouse input to server.
16:36:05  347 NetworkManager::send(): Error! send() returned:
16:36:05  347 	Unknown error
16:36:05  347 NetworkNode::sendMessage(): Error sending!
16:36:05  347 Client::eventHandler(): sending mouse input to server.
16:36:05  347 NetworkManager::send(): Error! send() returned:
16:36:05  347 	Unknown error
16:36:05  347 NetworkNode::sendMessage(): Error sending!
16:36:05  348 Client::eventHandler(): sending mouse input to server.
16:36:05  348 NetworkManager::send(): Error! send() returned:
16:36:05  348 	Unknown error
16:36:05  348 NetworkNode::sendMessage(): Error sending!
16:36:05  350 Client::eventHandler(): sending mouse input to server.
16:36:05  350 NetworkManager::send(): Error! send() returned:
16:36:05  350 	Unknown error
16:36:05  350 NetworkNode::sendMessage(): Error sending!
16:36:05  351 Client::eventHandler(): sending mouse input to server.
16:36:05  351 NetworkManager::send(): Error! send() returned:
16:36:05  351 	Unknown error
16:36:05  351 NetworkNode::sendMessage(): Error sending!
16:36:05  352 Client::eventHandler(): sending mouse input to server.
16:36:05  352 NetworkManager::send(): Error! send() returned:
16:36:05  352 	Unknown error
16:36:05  352 NetworkNode::sendMessage(): Error sending!
16:36:05  352 Client::eventHandler(): sending mouse input to server.
16:36:05  352 NetworkManager::send(): Error! send() returned:
16:36:05  352 	Unknown error
16:36:05  352 NetworkNode::sendMessage(): Error sending!
16:36:05  352 Client::eventHandler(): sending mouse input to server.
16:36:05  352 NetworkManager::send(): Error! send() returned:
16:36:05  352 	Unknown error
16:36:05  352 NetworkNode::sendMessage(): Error sending!
16:36:05  352 Client::eventHandler(): sending mouse input to server.
16:36:05  352 NetworkManager::send(): Error! send() returned:
16:36:05  352 	Unknown error
16:36:05  352 NetworkNode::sendMessage(): Error sending!
16:36:05  353 Client::eventHandler(): sending mouse input to server.
16:36:05  353 NetworkManager::send(): Error! send() returned:
16:36:05  353 	Unknown error
16:36:05  353 NetworkNode::sendMessage(): Error sending!
16:36:05  354 Client::eventHandler(): sending mouse input to server.
16:36:05  354 NetworkManager::send(): Error! send() returned:
16:36:05  354 	Unknown error
16:36:05  354 NetworkNode::sendMessage(): Error sending!
16:36:05  355 Client::eventHandler(): sending mouse input to server.
16:36:05  355 NetworkManager::send(): Error! send() returned:
16:36:05  355 	Unknown error
16:36:05  355 NetworkNode::sendMessage(): Error sending!
16:36:05  355 Client::eventHandler(): sending mouse input to server.
16:36:05  355 NetworkManager::send(): Error! send() returned:
16:36:05  355 	Unknown error
16:36:05  355 NetworkNode::sendMessage(): Error sending!
16:36:05  356 Client::eventHandler(): sending mouse input to server.
16:36:05  356 NetworkManager::send(): Error! send() returned:
16:36:05  356 	Unknown error
16:36:05  356 NetworkNode::sendMessage(): Error sending!
16:36:05  357 Client::eventHandler(): sending mouse input to server.
16:36:05  357 NetworkManager::send(): Error! send() returned:
16:36:05  357 	Unknown error
16:36:05  357 NetworkNode::sendMessage(): Error sending!
16:36:05  358 Client::eventHandler(): sending mouse input to server.
16:36:05  358 NetworkManager::send(): Error! send() returned:
16:36:05  358 	Unknown error
16:36:05  358 NetworkNode::sendMessage(): Error sending!
16:36:05  358 Client::eventHandler(): sending mouse input to server.
16:36:05  358 NetworkManager::send(): Error! send() returned:
16:36:05  358 	Unknown error
16:36:05  358 NetworkNode::sendMessage(): Error sending!
16:36:05  358 Client::eventHandler(): sending mouse input to server.
16:36:05  358 NetworkManager::send(): Error! send() returned:
16:36:05  358 	Unknown error
16:36:05  358 NetworkNode::sendMessage(): Error sending!
16:36:05  358 Client::eventHandler(): sending mouse input to server.
16:36:05  358 NetworkManager::send(): Error! send() returned:
16:36:05  358 	Unknown error
16:36:05  358 NetworkNode::sendMessage(): Error sending!
16:36:05  359 Client::eventHandler(): sending mouse input to server.
16:36:05  359 NetworkManager::send(): Error! send() returned:
16:36:05  359 	Unknown error
16:36:05  359 NetworkNode::sendMessage(): Error sending!
16:36:05  359 Client::eventHandler(): sending mouse input to server.
16:36:05  359 NetworkManager::send(): Error! send() returned:
16:36:05  359 	Unknown error
16:36:05  359 NetworkNode::sendMessage(): Error sending!
16:36:05  360 Client::eventHandler(): sending mouse input to server.
16:36:05  360 NetworkManager::send(): Error! send() returned:
16:36:05  360 	Unknown error
16:36:05  360 NetworkNode::sendMessage(): Error sending!
16:36:05  360 Client::eventHandler(): sending mouse input to server.
16:36:05  360 NetworkManager::send(): Error! send() returned:
16:36:05  360 	Unknown error
16:36:05  360 NetworkNode::sendMessage(): Error sending!
16:36:05  361 Client::eventHandler(): sending mouse input to server.
16:36:05  361 NetworkManager::send(): Error! send() returned:
16:36:05  361 	Unknown error
16:36:05  361 NetworkNode::sendMessage(): Error sending!
16:36:05  362 Client::eventHandler(): sending mouse input to server.
16:36:05  362 NetworkManager::send(): Error! send() returned:
16:36:05  362 	Unknown error
16:36:05  362 NetworkNode::sendMessage(): Error sending!
16:36:05  362 Client::eventHandler(): sending mouse input to server.
16:36:05  362 NetworkManager::send(): Error! send() returned:
16:36:05  362 	Unknown error
16:36:05  362 NetworkNode::sendMessage(): Error sending!
16:36:05  363 Client::eventHandler(): sending mouse input to server.
16:36:05  363 NetworkManager::send(): Error! send() returned:
16:36:05  363 	Unknown error
16:36:05  363 NetworkNode::sendMessage(): Error sending!
16:36:06  365 Client::eventHandler(): sending mouse input to server.
16:36:06  365 NetworkManager::send(): Error! send() returned:
16:36:06  365 	Unknown error
16:36:06  365 NetworkNode::sendMessage(): Error sending!
16:36:06  365 Client::eventHandler(): sending mouse input to server.
16:36:06  365 NetworkManager::send(): Error! send() returned:
16:36:06  365 	Unknown error
16:36:06  365 NetworkNode::sendMessage(): Error sending!
16:36:06  366 Client::eventHandler(): sending mouse input to server.
16:36:06  366 NetworkManager::send(): Error! send() returned:
16:36:06  366 	Unknown error
16:36:06  366 NetworkNode::sendMessage(): Error sending!
16:36:06  367 Client::eventHandler(): sending mouse input to server.
16:36:06  367 NetworkManager::send(): Error! send() returned:
16:36:06  367 	Unknown error
16:36:06  367 NetworkNode::sendMessage(): Error sending!
16:36:06  368 Client::eventHandler(): sending mouse input to server.
16:36:06  368 NetworkManager::send(): Error! send() returned:
16:36:06  368 	Unknown error
16:36:06  368 NetworkNode::sendMessage(): Error sending!
16:36:06  369 Client::eventHandler(): sending mouse input to server.
16:36:06  369 NetworkManager::send(): Error! send() returned:
16:36:06  369 	Unknown error
16:36:06  369 NetworkNode::sendMessage(): Error sending!
16:36:06  369 Client::eventHandler(): sending mouse input to server.
16:36:06  369 NetworkManager::send(): Error! send() returned:
16:36:06  369 	Unknown error
16:36:06  369 NetworkNode::sendMessage(): Error sending!
16:36:06  369 Client::eventHandler(): sending mouse input to server.
16:36:06  369 NetworkManager::send(): Error! send() returned:
16:36:06  369 	Unknown error
16:36:06  369 NetworkNode::sendMessage(): Error sending!
16:36:06  370 Client::eventHandler(): sending mouse input to server.
16:36:06  370 NetworkManager::send(): Error! send() returned:
16:36:06  370 	Unknown error
16:36:06  370 NetworkNode::sendMessage(): Error sending!
16:36:06  371 Client::eventHandler(): sending mouse input to server.
16:36:06  371 NetworkManager::send(): Error! send() returned:
16:36:06  371 	Unknown error
16:36:06  371 NetworkNode::sendMessage(): Error sending!
16:36:07  405 InputManager::getInput(): Window close event. Setting game over.
16:36:07  406 GameManager::run(): end of game loop
16:36:07  406 NetworkManager::send(): Error! send() returned:
16:36:07  406 	Unknown error
16:36:07  406 NetworkNode::sendMessage(): Error sending!
16:36:07  406 PathManager::shutDown(): successfully stopped.
16:36:07  406 Path manager stopped
16:36:07  406 WorldManager::shutDown(): Successfully stopped.
16:36:07  406 World manager stopped
16:36:07  406 ResourceManager::shutDown(): successfully stopped.
16:36:07  406 Resource manager stopped
16:36:07  406 NetworkManager::shutDown(): successfully stopped.
16:36:07  406 Network manager stopped
16:36:07  406 InputManager::shutDown(): successfully stopped.
16:36:07  406 Input manager stopped
16:36:07  406 DisplayManager::shutDown(): successfully stopped.
16:36:07  406 Display manager stopped
16:36:07  406 ** Game stopped **
16:36:07  406 ****************************************************
16:36:07  406 LogManager::shutDown(): successfully stopped.
