15:17:59    0 ****************************************************
15:17:59    0 ** Dragonfly version 4.9 **
15:17:59    0 Hello, Network! (v1.2)
15:17:59    0 ResourceManager::loadSprite(): Loading sprite 'sprites/explosion-spr.txt'
15:17:59    0 ResourceManager::loadSprite(): Opened file 'sprites/explosion-spr.txt'
15:17:59    0 ResourceManager::loadSprite(): Sprite 'explosion' successfully loaded
15:17:59    0 Client::Client(): Connecting to localhost at port 9876.
15:17:59    0 NetworkManager::connect(): Connecting to localhost, port 9876.
15:17:59    0 NetworkManager::connect(): Connection established.
15:17:59    0 Client::handleConnect(): Client connected!
15:17:59    0 Client::Client(): Client started.
15:17:59    0 GameManager::run(): starting game loop
15:17:59    0 Client::eventHandler(): sending mouse input to server.
15:17:59    0 Client::createObject(): creating object type 'Reticle'
15:18:00   35 Client::eventHandler(): sending mouse input to server.
15:18:00   36 Client::eventHandler(): sending mouse input to server.
15:18:00   37 Client::eventHandler(): sending mouse input to server.
15:18:00   37 Client::eventHandler(): sending mouse input to server.
15:18:00   37 Client::eventHandler(): sending mouse input to server.
15:18:00   37 Client::eventHandler(): sending mouse input to server.
15:18:00   37 Client::eventHandler(): sending mouse input to server.
15:18:02   71 Client::eventHandler(): sending mouse input to server.
15:18:02   71 Client::eventHandler(): sending mouse input to server.
15:18:02   71 Client::eventHandler(): sending mouse input to server.
15:18:02   71 Client::eventHandler(): sending mouse input to server.
15:18:02   72 Client::eventHandler(): sending mouse input to server.
15:18:02   72 Client::eventHandler(): sending mouse input to server.
15:18:02   72 Client::eventHandler(): sending mouse input to server.
15:18:02   72 Client::eventHandler(): sending mouse input to server.
15:18:02   72 Client::eventHandler(): sending mouse input to server.
15:18:02   72 Client::eventHandler(): sending mouse input to server.
15:18:02   72 Client::eventHandler(): sending mouse input to server.
15:18:02   72 Client::eventHandler(): sending mouse input to server.
15:18:02   73 Client::eventHandler(): sending mouse input to server.
15:18:02   74 Client::eventHandler(): sending mouse input to server.
15:18:02   74 Client::eventHandler(): sending mouse input to server.
15:18:02   74 Client::eventHandler(): sending mouse input to server.
15:18:02   74 Client::eventHandler(): sending mouse input to server.
15:18:02   74 Client::eventHandler(): sending mouse input to server.
15:18:02   75 Client::eventHandler(): sending mouse input to server.
15:18:03   76 Client::eventHandler(): sending mouse input to server.
15:18:03   77 Client::eventHandler(): sending mouse input to server.
15:18:03   77 Client::eventHandler(): sending mouse input to server.
15:18:03   78 Client::eventHandler(): sending mouse input to server.
15:18:03   80 Client::eventHandler(): sending mouse input to server.
15:18:03   80 Client::eventHandler(): sending mouse input to server.
15:18:03   80 Client::eventHandler(): sending mouse input to server.
15:18:03   81 Client::eventHandler(): sending mouse input to server.
15:18:03   81 Client::eventHandler(): sending mouse input to server.
15:18:03   81 Client::eventHandler(): sending mouse input to server.
15:18:03   82 Client::eventHandler(): sending mouse input to server.
15:18:03   84 Client::eventHandler(): sending mouse input to server.
15:18:03   86 Client::eventHandler(): sending mouse input to server.
15:18:03   87 Client::eventHandler(): sending mouse input to server.
15:18:03   87 Client::eventHandler(): sending mouse input to server.
15:18:03   87 Client::eventHandler(): sending mouse input to server.
15:18:03   87 Client::eventHandler(): sending mouse input to server.
15:18:03   87 Client::eventHandler(): sending mouse input to server.
15:18:03   88 Client::eventHandler(): sending mouse input to server.
15:18:03   89 Client::eventHandler(): sending mouse input to server.
15:18:03   90 Client::eventHandler(): sending mouse input to server.
15:18:03   91 Client::eventHandler(): sending mouse input to server.
15:18:03   92 Client::eventHandler(): sending mouse input to server.
15:18:03   93 Client::eventHandler(): sending mouse input to server.
15:18:03   94 Client::eventHandler(): sending mouse input to server.
15:18:03   94 Client::eventHandler(): sending mouse input to server.
15:18:03   95 Client::eventHandler(): sending mouse input to server.
15:18:03   95 Client::eventHandler(): sending mouse input to server.
15:18:03   96 Client::eventHandler(): sending mouse input to server.
15:18:03   96 Client::eventHandler(): sending mouse input to server.
15:18:03   97 Client::eventHandler(): sending mouse input to server.
15:18:03   97 Client::eventHandler(): sending mouse input to server.
15:18:03   97 Client::eventHandler(): sending mouse input to server.
15:18:03   97 Client::eventHandler(): sending mouse input to server.
15:18:03   97 Client::eventHandler(): sending mouse input to server.
15:18:03   98 Client::eventHandler(): sending mouse input to server.
15:18:03  102 Client::eventHandler(): sending mouse input to server.
15:18:03  103 Client::eventHandler(): sending mouse input to server.
15:18:03  104 Client::eventHandler(): sending mouse input to server.
15:18:03  105 Client::eventHandler(): sending mouse input to server.
15:18:03  105 Client::eventHandler(): sending mouse input to server.
15:18:03  105 Client::eventHandler(): sending mouse input to server.
15:18:03  105 Client::eventHandler(): sending mouse input to server.
15:18:03  105 Client::eventHandler(): sending mouse input to server.
15:18:04  106 Client::eventHandler(): sending mouse input to server.
15:18:04  106 Client::eventHandler(): sending mouse input to server.
15:18:04  107 Client::eventHandler(): sending mouse input to server.
15:18:04  108 Client::eventHandler(): sending mouse input to server.
15:18:04  108 Client::eventHandler(): sending mouse input to server.
15:18:04  108 Client::eventHandler(): sending mouse input to server.
15:18:04  109 Client::eventHandler(): sending mouse input to server.
15:18:04  109 Client::eventHandler(): sending mouse input to server.
15:18:04  109 Client::eventHandler(): sending mouse input to server.
15:18:04  110 Client::eventHandler(): sending mouse input to server.
15:18:04  111 Client::eventHandler(): sending mouse input to server.
15:18:04  112 Client::eventHandler(): sending mouse input to server.
15:18:04  113 Client::eventHandler(): sending mouse input to server.
15:18:04  114 Client::eventHandler(): sending mouse input to server.
15:18:04  115 Client::eventHandler(): sending mouse input to server.
15:18:04  118 Client::eventHandler(): sending mouse input to server.
15:18:04  119 Client::eventHandler(): sending mouse input to server.
15:18:04  121 Client::eventHandler(): sending mouse input to server.
15:18:04  122 Client::eventHandler(): sending mouse input to server.
15:18:04  122 Client::eventHandler(): sending mouse input to server.
15:18:04  124 Client::eventHandler(): sending mouse input to server.
15:18:04  125 Client::eventHandler(): sending mouse input to server.
15:18:04  126 Client::eventHandler(): sending mouse input to server.
15:18:04  127 Client::eventHandler(): sending mouse input to server.
15:18:04  127 Client::eventHandler(): sending mouse input to server.
15:18:04  127 Client::eventHandler(): sending mouse input to server.
15:18:04  127 Client::eventHandler(): sending mouse input to server.
15:18:04  128 Client::eventHandler(): sending mouse input to server.
15:18:04  128 Client::eventHandler(): sending mouse input to server.
15:18:04  128 Client::eventHandler(): sending mouse input to server.
15:18:04  128 Client::eventHandler(): sending mouse input to server.
15:18:04  129 Client::eventHandler(): sending mouse input to server.
15:18:04  130 Client::eventHandler(): sending mouse input to server.
15:18:04  131 Client::eventHandler(): sending mouse input to server.
15:18:04  131 Client::eventHandler(): sending mouse input to server.
15:18:04  131 Client::eventHandler(): sending mouse input to server.
15:18:04  132 Client::eventHandler(): sending mouse input to server.
15:18:04  133 Client::eventHandler(): sending mouse input to server.
15:18:04  134 Client::eventHandler(): sending mouse input to server.
15:18:04  135 Client::eventHandler(): sending mouse input to server.
15:18:04  135 Client::eventHandler(): sending mouse input to server.
15:18:04  135 Client::eventHandler(): sending mouse input to server.
15:18:05  136 Client::eventHandler(): sending mouse input to server.
15:18:05  136 Client::eventHandler(): sending mouse input to server.
15:18:05  136 Client::eventHandler(): sending mouse input to server.
15:18:05  137 Client::eventHandler(): sending mouse input to server.
15:18:05  138 Client::eventHandler(): sending mouse input to server.
15:18:05  139 Client::eventHandler(): sending mouse input to server.
15:18:05  140 Client::eventHandler(): sending mouse input to server.
15:18:05  141 Client::eventHandler(): sending mouse input to server.
15:18:05  142 Client::eventHandler(): sending mouse input to server.
15:18:05  142 Client::eventHandler(): sending mouse input to server.
15:18:05  142 Client::eventHandler(): sending mouse input to server.
15:18:05  143 Client::eventHandler(): sending mouse input to server.
15:18:05  143 Client::eventHandler(): sending mouse input to server.
15:18:05  144 Client::eventHandler(): sending mouse input to server.
15:18:05  145 Client::eventHandler(): sending mouse input to server.
15:18:05  146 Client::eventHandler(): sending mouse input to server.
15:18:05  147 Client::eventHandler(): sending mouse input to server.
15:18:05  148 Client::eventHandler(): sending mouse input to server.
15:18:05  148 Client::eventHandler(): sending mouse input to server.
15:18:05  148 Client::eventHandler(): sending mouse input to server.
15:18:05  149 Client::eventHandler(): sending mouse input to server.
15:18:05  149 Client::eventHandler(): sending mouse input to server.
15:18:05  150 Client::eventHandler(): sending mouse input to server.
15:18:05  151 Client::eventHandler(): sending mouse input to server.
15:18:05  155 Client::eventHandler(): sending mouse input to server.
15:18:05  156 Client::eventHandler(): sending mouse input to server.
15:18:05  156 Client::eventHandler(): sending mouse input to server.
15:18:05  156 Client::eventHandler(): sending mouse input to server.
15:18:05  156 Client::eventHandler(): sending mouse input to server.
15:18:05  156 Client::eventHandler(): sending mouse input to server.
15:18:05  157 Client::eventHandler(): sending mouse input to server.
15:18:05  158 Client::eventHandler(): sending mouse input to server.
15:18:05  159 Client::eventHandler(): sending mouse input to server.
15:18:05  159 Client::eventHandler(): sending mouse input to server.
15:18:05  159 Client::eventHandler(): sending mouse input to server.
15:18:05  160 Client::eventHandler(): sending mouse input to server.
15:18:05  160 Client::eventHandler(): sending mouse input to server.
15:18:05  160 Client::eventHandler(): sending mouse input to server.
15:18:05  160 Client::eventHandler(): sending mouse input to server.
15:18:05  161 Client::eventHandler(): sending mouse input to server.
15:18:05  161 Client::eventHandler(): sending mouse input to server.
15:18:05  162 Client::eventHandler(): sending mouse input to server.
15:18:05  162 Client::eventHandler(): sending mouse input to server.
15:18:05  162 Client::eventHandler(): sending mouse input to server.
15:18:05  163 Client::eventHandler(): sending mouse input to server.
15:18:05  164 Client::eventHandler(): sending mouse input to server.
15:18:05  165 Client::eventHandler(): sending mouse input to server.
15:18:05  165 Client::eventHandler(): sending mouse input to server.
15:18:05  166 Client::eventHandler(): sending mouse input to server.
15:18:06  167 Client::eventHandler(): sending mouse input to server.
15:18:06  168 Client::eventHandler(): sending mouse input to server.
15:18:06  169 Client::eventHandler(): sending mouse input to server.
15:18:06  170 Client::eventHandler(): sending mouse input to server.
15:18:06  170 Client::eventHandler(): sending mouse input to server.
15:18:06  170 Client::eventHandler(): sending mouse input to server.
15:18:06  170 Client::eventHandler(): sending mouse input to server.
15:18:06  171 Client::eventHandler(): sending mouse input to server.
15:18:06  171 Client::eventHandler(): sending mouse input to server.
15:18:06  171 Client::eventHandler(): sending mouse input to server.
15:18:06  171 Client::eventHandler(): sending mouse input to server.
15:18:06  172 Client::eventHandler(): sending mouse input to server.
15:18:06  172 Client::eventHandler(): sending mouse input to server.
15:18:06  172 Client::eventHandler(): sending mouse input to server.
15:18:06  173 Client::eventHandler(): sending mouse input to server.
15:18:06  174 Client::eventHandler(): sending mouse input to server.
15:18:06  174 Client::eventHandler(): sending mouse input to server.
15:18:06  175 Client::eventHandler(): sending mouse input to server.
15:18:06  185 Client::eventHandler(): sending mouse input to server.
15:18:06  186 Client::eventHandler(): sending mouse input to server.
15:18:06  187 Client::eventHandler(): sending mouse input to server.
15:18:07  203 Client::eventHandler(): sending mouse input to server.
15:18:07  203 Client::eventHandler(): sending mouse input to server.
15:18:07  204 Client::eventHandler(): sending mouse input to server.
15:18:07  205 Client::eventHandler(): sending mouse input to server.
15:18:07  206 Client::eventHandler(): sending mouse input to server.
15:18:07  207 Client::eventHandler(): sending mouse input to server.
15:18:07  209 Client::eventHandler(): sending mouse input to server.
15:18:07  209 Client::eventHandler(): sending mouse input to server.
15:18:07  210 Client::eventHandler(): sending mouse input to server.
15:18:07  212 Client::eventHandler(): sending mouse input to server.
15:18:07  213 Client::eventHandler(): sending mouse input to server.
15:18:08  240 Client::eventHandler(): sending mouse input to server.
15:18:08  240 Client::eventHandler(): sending mouse input to server.
15:18:08  240 Client::eventHandler(): sending mouse input to server.
15:18:08  240 Client::eventHandler(): sending mouse input to server.
15:18:08  241 Client::eventHandler(): sending mouse input to server.
15:18:08  242 Client::eventHandler(): sending mouse input to server.
15:18:08  242 Client::eventHandler(): sending mouse input to server.
15:18:08  242 Client::eventHandler(): sending mouse input to server.
15:18:08  243 Client::eventHandler(): sending mouse input to server.
15:18:08  243 Client::eventHandler(): sending mouse input to server.
15:18:08  244 Client::eventHandler(): sending mouse input to server.
15:18:08  244 Client::eventHandler(): sending mouse input to server.
15:18:08  244 Client::eventHandler(): sending mouse input to server.
15:18:08  245 Client::eventHandler(): sending mouse input to server.
15:18:08  246 Client::eventHandler(): sending mouse input to server.
15:18:08  247 Client::eventHandler(): sending mouse input to server.
15:18:08  248 Client::eventHandler(): sending mouse input to server.
15:18:08  248 Client::eventHandler(): sending mouse input to server.
15:18:08  248 Client::eventHandler(): sending mouse input to server.
15:18:08  249 Client::eventHandler(): sending mouse input to server.
15:18:08  249 Client::eventHandler(): sending mouse input to server.
15:18:08  249 Client::eventHandler(): sending mouse input to server.
15:18:08  249 Client::eventHandler(): sending mouse input to server.
15:18:08  249 Client::eventHandler(): sending mouse input to server.
15:18:08  250 Client::eventHandler(): sending mouse input to server.
15:18:08  250 Client::eventHandler(): sending mouse input to server.
15:18:08  250 Client::eventHandler(): sending mouse input to server.
15:18:08  251 Client::eventHandler(): sending mouse input to server.
15:18:08  251 Client::eventHandler(): sending mouse input to server.
15:18:08  251 Client::eventHandler(): sending mouse input to server.
15:18:08  251 Client::eventHandler(): sending mouse input to server.
15:18:08  252 Client::eventHandler(): sending mouse input to server.
15:18:08  252 Client::eventHandler(): sending mouse input to server.
15:18:08  252 Client::eventHandler(): sending mouse input to server.
15:18:08  253 Client::eventHandler(): sending mouse input to server.
15:18:08  253 Client::eventHandler(): sending mouse input to server.
15:18:08  253 Client::eventHandler(): sending mouse input to server.
15:18:08  254 Client::eventHandler(): sending mouse input to server.
15:18:08  255 Client::eventHandler(): sending mouse input to server.
15:18:08  256 Client::eventHandler(): sending mouse input to server.
15:18:08  256 Client::eventHandler(): sending mouse input to server.
15:18:08  256 Client::eventHandler(): sending mouse input to server.
15:18:08  256 Client::eventHandler(): sending mouse input to server.
15:18:08  257 Client::eventHandler(): sending mouse input to server.
15:18:09  258 Client::eventHandler(): sending mouse input to server.
15:18:09  258 Client::eventHandler(): sending mouse input to server.
15:18:09  259 Client::eventHandler(): sending mouse input to server.
15:18:09  259 Client::eventHandler(): sending mouse input to server.
15:18:09  259 Client::eventHandler(): sending mouse input to server.
15:18:09  260 Client::eventHandler(): sending mouse input to server.
15:18:09  261 Client::eventHandler(): sending mouse input to server.
15:18:09  262 Client::eventHandler(): sending mouse input to server.
15:18:09  262 Client::eventHandler(): sending mouse input to server.
15:18:09  262 Client::eventHandler(): sending mouse input to server.
15:18:09  263 Client::eventHandler(): sending mouse input to server.
15:18:09  263 Client::eventHandler(): sending mouse input to server.
15:18:09  263 Client::eventHandler(): sending mouse input to server.
15:18:09  264 Client::eventHandler(): sending mouse input to server.
15:18:09  264 Client::eventHandler(): sending mouse input to server.
15:18:09  264 Client::eventHandler(): sending mouse input to server.
15:18:09  265 Client::eventHandler(): sending mouse input to server.
15:18:09  265 Client::eventHandler(): sending mouse input to server.
15:18:09  265 Client::eventHandler(): sending mouse input to server.
15:18:09  266 Client::eventHandler(): sending mouse input to server.
15:18:09  267 Client::eventHandler(): sending mouse input to server.
15:18:09  268 Client::eventHandler(): sending mouse input to server.
15:18:09  269 Client::eventHandler(): sending mouse input to server.
15:18:09  270 Client::eventHandler(): sending mouse input to server.
15:18:09  270 Client::eventHandler(): sending mouse input to server.
15:18:09  270 Client::eventHandler(): sending mouse input to server.
15:18:09  270 Client::eventHandler(): sending mouse input to server.
15:18:09  271 Client::eventHandler(): sending mouse input to server.
15:18:09  271 Client::eventHandler(): sending mouse input to server.
15:18:09  272 Client::eventHandler(): sending mouse input to server.
15:18:09  272 Client::eventHandler(): sending mouse input to server.
15:18:09  272 Client::eventHandler(): sending mouse input to server.
15:18:09  272 Client::eventHandler(): sending mouse input to server.
15:18:09  273 Client::eventHandler(): sending mouse input to server.
15:18:09  273 Client::eventHandler(): sending mouse input to server.
15:18:09  273 Client::eventHandler(): sending mouse input to server.
15:18:09  273 Client::eventHandler(): sending mouse input to server.
15:18:09  273 Client::eventHandler(): sending mouse input to server.
15:18:09  274 Client::eventHandler(): sending mouse input to server.
15:18:09  274 Client::eventHandler(): sending mouse input to server.
15:18:09  274 Client::eventHandler(): sending mouse input to server.
15:18:09  275 Client::eventHandler(): sending mouse input to server.
15:18:09  276 Client::eventHandler(): sending mouse input to server.
15:18:09  278 Client::eventHandler(): sending mouse input to server.
15:18:09  279 Client::eventHandler(): sending mouse input to server.
15:18:10  291 Client::eventHandler(): sending mouse input to server.
15:18:10  292 Client::eventHandler(): sending mouse input to server.
15:18:10  308 Client::eventHandler(): sending mouse input to server.
15:18:10  309 Client::eventHandler(): sending mouse input to server.
15:18:10  310 Client::eventHandler(): sending mouse input to server.
15:18:11  329 Client::eventHandler(): sending mouse input to server.
15:18:11  330 Client::eventHandler(): sending mouse input to server.
15:18:11  331 Client::eventHandler(): sending mouse input to server.
15:18:11  332 Client::eventHandler(): sending mouse input to server.
15:18:11  333 Client::eventHandler(): sending mouse input to server.
15:18:11  334 Client::eventHandler(): sending mouse input to server.
15:18:11  335 Client::eventHandler(): sending mouse input to server.
15:18:11  336 Client::eventHandler(): sending mouse input to server.
15:18:11  337 Client::eventHandler(): sending mouse input to server.
15:18:11  341 Client::eventHandler(): sending mouse input to server.
15:18:11  342 Client::eventHandler(): sending mouse input to server.
15:18:11  342 Client::eventHandler(): sending mouse input to server.
15:18:11  343 Client::eventHandler(): sending mouse input to server.
15:18:11  344 Client::eventHandler(): sending mouse input to server.
15:18:11  347 Client::eventHandler(): sending mouse input to server.
15:18:11  348 Client::eventHandler(): sending mouse input to server.
15:18:12  349 Client::eventHandler(): sending mouse input to server.
15:18:14  413 Client::eventHandler(): sending mouse input to server.
15:18:14  413 Client::eventHandler(): sending mouse input to server.
15:18:14  413 Client::eventHandler(): sending mouse input to server.
15:18:14  413 Client::eventHandler(): sending mouse input to server.
15:18:14  413 Client::eventHandler(): sending mouse input to server.
15:18:14  413 Client::eventHandler(): sending mouse input to server.
15:18:14  413 Client::eventHandler(): sending mouse input to server.
15:18:14  414 Client::eventHandler(): sending mouse input to server.
15:18:14  414 Client::eventHandler(): sending mouse input to server.
15:18:14  414 Client::eventHandler(): sending mouse input to server.
15:18:14  414 Client::eventHandler(): sending mouse input to server.
15:18:14  415 Client::eventHandler(): sending mouse input to server.
15:18:14  415 Client::eventHandler(): sending mouse input to server.
15:18:14  415 Client::eventHandler(): sending mouse input to server.
15:18:14  415 Client::eventHandler(): sending mouse input to server.
15:18:14  416 Client::eventHandler(): sending mouse input to server.
15:18:14  417 Client::eventHandler(): sending mouse input to server.
15:18:14  417 Client::eventHandler(): sending mouse input to server.
15:18:14  417 Client::eventHandler(): sending mouse input to server.
15:18:14  417 Client::eventHandler(): sending mouse input to server.
15:18:14  417 Client::eventHandler(): sending mouse input to server.
15:18:14  417 Client::eventHandler(): sending mouse input to server.
15:18:14  418 Client::eventHandler(): sending mouse input to server.
15:18:14  419 Client::eventHandler(): sending mouse input to server.
15:18:14  419 Client::eventHandler(): sending mouse input to server.
15:18:14  419 Client::eventHandler(): sending mouse input to server.
15:18:14  420 Client::eventHandler(): sending mouse input to server.
15:18:14  420 Client::eventHandler(): sending mouse input to server.
15:18:14  420 Client::eventHandler(): sending mouse input to server.
15:18:14  420 Client::eventHandler(): sending mouse input to server.
15:18:14  421 Client::eventHandler(): sending mouse input to server.
15:18:14  421 Client::eventHandler(): sending mouse input to server.
15:18:14  421 Client::eventHandler(): sending mouse input to server.
15:18:14  421 Client::eventHandler(): sending mouse input to server.
15:18:14  422 Client::eventHandler(): sending mouse input to server.
15:18:14  422 Client::eventHandler(): sending mouse input to server.
15:18:14  422 Client::eventHandler(): sending mouse input to server.
15:18:14  423 Client::eventHandler(): sending mouse input to server.
15:18:14  423 Client::eventHandler(): sending mouse input to server.
15:18:14  423 Client::eventHandler(): sending mouse input to server.
15:18:14  423 Client::eventHandler(): sending mouse input to server.
15:18:14  424 Client::eventHandler(): sending mouse input to server.
15:18:14  425 Client::eventHandler(): sending mouse input to server.
15:18:14  426 Client::eventHandler(): sending mouse input to server.
15:18:14  426 Client::eventHandler(): sending mouse input to server.
15:18:14  426 Client::eventHandler(): sending mouse input to server.
15:18:14  426 Client::eventHandler(): sending mouse input to server.
15:18:14  427 Client::eventHandler(): sending mouse input to server.
15:18:14  428 Client::eventHandler(): sending mouse input to server.
15:18:14  428 Client::eventHandler(): sending mouse input to server.
15:18:14  428 Client::eventHandler(): sending mouse input to server.
15:18:14  429 Client::eventHandler(): sending mouse input to server.
15:18:14  430 Client::eventHandler(): sending mouse input to server.
15:18:14  430 Client::eventHandler(): sending mouse input to server.
15:18:14  430 Client::eventHandler(): sending mouse input to server.
15:18:14  430 Client::eventHandler(): sending mouse input to server.
15:18:14  431 Client::eventHandler(): sending mouse input to server.
15:18:14  431 Client::eventHandler(): sending mouse input to server.
15:18:14  431 Client::eventHandler(): sending mouse input to server.
15:18:14  431 Client::eventHandler(): sending mouse input to server.
15:18:14  431 Client::eventHandler(): sending mouse input to server.
15:18:14  432 Client::eventHandler(): sending mouse input to server.
15:18:14  432 Client::eventHandler(): sending mouse input to server.
15:18:14  432 Client::eventHandler(): sending mouse input to server.
15:18:14  433 Client::eventHandler(): sending mouse input to server.
15:18:14  434 Client::eventHandler(): sending mouse input to server.
15:18:14  434 Client::eventHandler(): sending mouse input to server.
15:18:14  434 Client::eventHandler(): sending mouse input to server.
15:18:14  435 Client::eventHandler(): sending mouse input to server.
15:18:14  435 Client::eventHandler(): sending mouse input to server.
15:18:14  435 Client::eventHandler(): sending mouse input to server.
15:18:14  436 Client::eventHandler(): sending mouse input to server.
15:18:14  436 Client::eventHandler(): sending mouse input to server.
15:18:14  437 Client::eventHandler(): sending mouse input to server.
15:18:14  437 Client::eventHandler(): sending mouse input to server.
15:18:14  437 Client::eventHandler(): sending mouse input to server.
15:18:14  437 Client::eventHandler(): sending mouse input to server.
15:18:14  438 Client::eventHandler(): sending mouse input to server.
15:18:15  439 Client::eventHandler(): sending mouse input to server.
15:18:15  439 Client::eventHandler(): sending mouse input to server.
15:18:15  439 Client::eventHandler(): sending mouse input to server.
15:18:15  440 Client::eventHandler(): sending mouse input to server.
15:18:15  440 Client::eventHandler(): sending mouse input to server.
15:18:15  440 Client::eventHandler(): sending mouse input to server.
15:18:15  440 Client::eventHandler(): sending mouse input to server.
15:18:15  440 Client::eventHandler(): sending mouse input to server.
15:18:15  440 Client::eventHandler(): sending mouse input to server.
15:18:15  441 Client::eventHandler(): sending mouse input to server.
15:18:15  442 Client::eventHandler(): sending mouse input to server.
15:18:15  442 Client::eventHandler(): sending mouse input to server.
15:18:15  442 Client::eventHandler(): sending mouse input to server.
15:18:15  442 Client::eventHandler(): sending mouse input to server.
15:18:15  443 Client::eventHandler(): sending mouse input to server.
15:18:15  443 Client::eventHandler(): sending mouse input to server.
15:18:15  443 Client::eventHandler(): sending mouse input to server.
15:18:15  444 Client::eventHandler(): sending mouse input to server.
15:18:15  444 Client::eventHandler(): sending mouse input to server.
15:18:15  445 Client::eventHandler(): sending mouse input to server.
15:18:15  446 Client::eventHandler(): sending mouse input to server.
15:18:15  446 Client::eventHandler(): sending mouse input to server.
15:18:15  446 Client::eventHandler(): sending mouse input to server.
15:18:15  446 Client::eventHandler(): sending mouse input to server.
15:18:15  447 Client::eventHandler(): sending mouse input to server.
15:18:15  447 Client::eventHandler(): sending mouse input to server.
15:18:15  447 Client::eventHandler(): sending mouse input to server.
15:18:15  447 Client::eventHandler(): sending mouse input to server.
15:18:15  448 Client::eventHandler(): sending mouse input to server.
15:18:15  448 Client::eventHandler(): sending mouse input to server.
15:18:15  449 Client::eventHandler(): sending mouse input to server.
15:18:15  449 Client::eventHandler(): sending mouse input to server.
15:18:15  449 Client::eventHandler(): sending mouse input to server.
15:18:15  450 Client::eventHandler(): sending mouse input to server.
15:18:15  450 Client::eventHandler(): sending mouse input to server.
15:18:15  450 Client::eventHandler(): sending mouse input to server.
15:18:15  451 Client::eventHandler(): sending mouse input to server.
15:18:15  451 Client::eventHandler(): sending mouse input to server.
15:18:15  451 Client::eventHandler(): sending mouse input to server.
15:18:15  451 Client::eventHandler(): sending mouse input to server.
15:18:15  452 Client::eventHandler(): sending mouse input to server.
15:18:15  452 Client::eventHandler(): sending mouse input to server.
15:18:15  452 Client::eventHandler(): sending mouse input to server.
15:18:15  452 Client::eventHandler(): sending mouse input to server.
15:18:15  452 Client::eventHandler(): sending mouse input to server.
15:18:15  453 Client::eventHandler(): sending mouse input to server.
15:18:15  453 Client::eventHandler(): sending mouse input to server.
15:18:15  453 Client::eventHandler(): sending mouse input to server.
15:18:15  454 Client::eventHandler(): sending mouse input to server.
15:18:15  454 Client::eventHandler(): sending mouse input to server.
15:18:15  455 Client::eventHandler(): sending mouse input to server.
15:18:15  455 Client::eventHandler(): sending mouse input to server.
15:18:15  455 Client::eventHandler(): sending mouse input to server.
15:18:15  455 Client::eventHandler(): sending mouse input to server.
15:18:15  455 Client::eventHandler(): sending mouse input to server.
15:18:15  456 Client::eventHandler(): sending mouse input to server.
15:18:15  456 Client::eventHandler(): sending mouse input to server.
15:18:15  456 Client::eventHandler(): sending mouse input to server.
15:18:15  456 Client::eventHandler(): sending mouse input to server.
15:18:15  457 Client::eventHandler(): sending mouse input to server.
15:18:15  457 Client::eventHandler(): sending mouse input to server.
15:18:15  457 Client::eventHandler(): sending mouse input to server.
15:18:15  457 Client::eventHandler(): sending mouse input to server.
15:18:15  457 Client::eventHandler(): sending mouse input to server.
15:18:15  458 Client::eventHandler(): sending mouse input to server.
15:18:15  458 Client::eventHandler(): sending mouse input to server.
15:18:15  458 Client::eventHandler(): sending mouse input to server.
15:18:15  459 Client::eventHandler(): sending mouse input to server.
15:18:15  459 Client::eventHandler(): sending mouse input to server.
15:18:15  459 Client::eventHandler(): sending mouse input to server.
15:18:15  460 Client::eventHandler(): sending mouse input to server.
15:18:15  460 Client::eventHandler(): sending mouse input to server.
15:18:15  460 Client::eventHandler(): sending mouse input to server.
15:18:15  460 Client::eventHandler(): sending mouse input to server.
15:18:15  461 Client::eventHandler(): sending mouse input to server.
15:18:15  462 Client::eventHandler(): sending mouse input to server.
15:18:15  462 Client::eventHandler(): sending mouse input to server.
15:18:15  462 Client::eventHandler(): sending mouse input to server.
15:18:15  462 Client::eventHandler(): sending mouse input to server.
15:18:15  463 Client::eventHandler(): sending mouse input to server.
15:18:15  463 Client::eventHandler(): sending mouse input to server.
15:18:15  463 Client::eventHandler(): sending mouse input to server.
15:18:15  464 Client::eventHandler(): sending mouse input to server.
15:18:15  465 Client::eventHandler(): sending mouse input to server.
15:18:15  466 Client::eventHandler(): sending mouse input to server.
15:18:15  466 Client::eventHandler(): sending mouse input to server.
15:18:15  466 Client::eventHandler(): sending mouse input to server.
15:18:15  466 Client::eventHandler(): sending mouse input to server.
15:18:15  466 Client::eventHandler(): sending mouse input to server.
15:18:15  467 Client::eventHandler(): sending mouse input to server.
15:18:15  468 Client::eventHandler(): sending mouse input to server.
15:18:15  468 Client::eventHandler(): sending mouse input to server.
15:18:15  468 Client::eventHandler(): sending mouse input to server.
15:18:15  469 Client::eventHandler(): sending mouse input to server.
15:18:15  469 Client::eventHandler(): sending mouse input to server.
15:18:15  469 Client::eventHandler(): sending mouse input to server.
15:18:15  469 Client::eventHandler(): sending mouse input to server.
15:18:16  470 Client::eventHandler(): sending mouse input to server.
15:18:16  470 Client::eventHandler(): sending mouse input to server.
15:18:16  470 Client::eventHandler(): sending mouse input to server.
15:18:16  471 Client::eventHandler(): sending mouse input to server.
15:18:16  471 Client::eventHandler(): sending mouse input to server.
15:18:16  471 Client::eventHandler(): sending mouse input to server.
15:18:16  471 Client::eventHandler(): sending mouse input to server.
15:18:16  472 Client::eventHandler(): sending mouse input to server.
15:18:16  472 Client::eventHandler(): sending mouse input to server.
15:18:16  472 Client::eventHandler(): sending mouse input to server.
15:18:16  472 Client::eventHandler(): sending mouse input to server.
15:18:16  473 Client::eventHandler(): sending mouse input to server.
15:18:16  473 Client::eventHandler(): sending mouse input to server.
15:18:16  473 Client::eventHandler(): sending mouse input to server.
15:18:16  473 Client::eventHandler(): sending mouse input to server.
15:18:16  473 Client::eventHandler(): sending mouse input to server.
15:18:16  474 Client::eventHandler(): sending mouse input to server.
15:18:16  474 Client::eventHandler(): sending mouse input to server.
15:18:16  474 Client::eventHandler(): sending mouse input to server.
15:18:16  474 Client::eventHandler(): sending mouse input to server.
15:18:16  475 Client::eventHandler(): sending mouse input to server.
15:18:16  477 Client::eventHandler(): sending mouse input to server.
15:18:16  477 Client::eventHandler(): sending mouse input to server.
15:18:16  477 Client::eventHandler(): sending mouse input to server.
15:18:16  477 Client::eventHandler(): sending mouse input to server.
15:18:16  478 Client::eventHandler(): sending mouse input to server.
15:18:16  478 Client::eventHandler(): sending mouse input to server.
15:18:16  478 Client::eventHandler(): sending mouse input to server.
15:18:16  479 Client::eventHandler(): sending mouse input to server.
15:18:16  479 Client::eventHandler(): sending mouse input to server.
15:18:17  526 InputManager::getInput(): Window close event. Setting game over.
15:18:17  527 GameManager::run(): end of game loop
15:18:17  527 PathManager::shutDown(): successfully stopped.
15:18:17  527 Path manager stopped
15:18:17  527 WorldManager::shutDown(): Successfully stopped.
15:18:17  527 World manager stopped
15:18:17  527 ResourceManager::shutDown(): successfully stopped.
15:18:17  527 Resource manager stopped
15:18:17  527 NetworkManager::shutDown(): successfully stopped.
15:18:17  527 Network manager stopped
15:18:17  527 InputManager::shutDown(): successfully stopped.
15:18:17  527 Input manager stopped
15:18:17  527 DisplayManager::shutDown(): successfully stopped.
15:18:17  527 Display manager stopped
15:18:17  527 ** Game stopped **
15:18:17  527 ****************************************************
15:18:17  527 LogManager::shutDown(): successfully stopped.
