13:54:23    0 ****************************************************
13:54:23    0 ** Dragonfly version 4.9 **
13:54:24    0 Hello, Network! (v1.2)
13:54:24    0 ResourceManager::loadSprite(): Loading sprite 'sprites/explosion-spr.txt'
13:54:24    0 ResourceManager::loadSprite(): Opened file 'sprites/explosion-spr.txt'
13:54:24    0 ResourceManager::loadSprite(): Sprite 'explosion' successfully loaded
13:54:24    0 ResourceManager::loadSprite(): Loading sprite 'sprites/level_select.txt'
13:54:24    0 ResourceManager::loadSprite(): Opened file 'sprites/level_select.txt'
13:54:24    0 ResourceManager::loadSprite(): Sprite 'level_select' successfully loaded
13:54:24    0 ResourceManager::loadSprite(): Loading sprite 'sprites/gamestart-spr.txt'
13:54:24    0 ResourceManager::loadSprite(): Opened file 'sprites/gamestart-spr.txt'
13:54:24    0 ResourceManager::loadSprite(): Sprite 'gamestart' successfully loaded
13:54:24    0 ResourceManager::loadSprite(): Loading sprite 'sprites/gameover-spr.txt'
13:54:24    0 ResourceManager::loadSprite(): Opened file 'sprites/gameover-spr.txt'
13:54:24    0 ResourceManager::loadSprite(): Sprite 'gameover' successfully loaded
13:54:24    0 ResourceManager::loadSprite(): Loading sprite 'sprites/level_won.txt'
13:54:24    0 ResourceManager::loadSprite(): Opened file 'sprites/level_won.txt'
13:54:24    0 ResourceManager::loadSprite(): Sprite 'level_won' successfully loaded
13:54:24    0 ResourceManager::loadSprite(): Loading sprite 'sprites/level_intro.txt'
13:54:24    0 ResourceManager::loadSprite(): Opened file 'sprites/level_intro.txt'
13:54:24    0 ResourceManager::loadSprite(): Sprite 'level_intro' successfully loaded
13:54:24    0 ResourceManager::loadSprite(): Loading sprite 'sprites/level_1.txt'
13:54:24    0 ResourceManager::loadSprite(): Opened file 'sprites/level_1.txt'
13:54:24    0 ResourceManager::loadSprite(): Sprite 'level_1' successfully loaded
13:54:24    0 ResourceManager::loadSprite(): Loading sprite 'sprites/saucer-spr.txt'
13:54:24    0 ResourceManager::loadSprite(): Opened file 'sprites/saucer-spr.txt'
13:54:24    0 ResourceManager::loadSprite(): Sprite 'saucer' successfully loaded
13:54:24    0 ResourceManager::loadSprite(): Loading sprite 'sprites/ship-spr.txt'
13:54:24    0 ResourceManager::loadSprite(): Opened file 'sprites/ship-spr.txt'
13:54:24    0 ResourceManager::loadSprite(): Sprite 'ship' successfully loaded
13:54:24    0 ResourceManager::loadSprite(): Loading sprite 'sprites/boss.txt'
13:54:24    0 ResourceManager::loadSprite(): Opened file 'sprites/boss.txt'
13:54:24    0 ResourceManager::loadSprite(): Sprite 'boss' successfully loaded
13:54:24    0 ResourceManager::loadSprite(): Loading sprite 'sprites/boss-weakpoint.txt'
13:54:24    0 ResourceManager::loadSprite(): Opened file 'sprites/boss-weakpoint.txt'
13:54:24    0 ResourceManager::loadSprite(): Sprite 'boss-weakpoint' successfully loaded
13:54:24    0 ResourceManager::loadSprite(): Loading sprite 'sprites/ak47_2.txt'
13:54:24    0 ResourceManager::loadSprite(): Opened file 'sprites/ak47_2.txt'
13:54:24    0 ResourceManager::loadSprite(): Sprite 'AK47' successfully loaded
13:54:24    0 ResourceManager::loadSprite(): Loading sprite 'sprites/awp.txt'
13:54:24    0 ResourceManager::loadSprite(): Opened file 'sprites/awp.txt'
13:54:24    0 ResourceManager::loadSprite(): Sprite 'AWP' successfully loaded
13:54:24    0 ResourceManager::loadSprite(): Loading sprite 'sprites/grenade-launcher.txt'
13:54:24    0 ResourceManager::loadSprite(): Opened file 'sprites/grenade-launcher.txt'
13:54:24    0 ResourceManager::loadSprite(): Sprite 'GrenadeLauncher' successfully loaded
13:54:24    0 ResourceManager::loadSprite(): Loading sprite 'sprites/ak47_bullet.txt'
13:54:24    0 ResourceManager::loadSprite(): Opened file 'sprites/ak47_bullet.txt'
13:54:24    0 ResourceManager::loadSprite(): Sprite 'AK47_bullet' successfully loaded
13:54:24    0 ResourceManager::loadSprite(): Loading sprite 'sprites/awp_bullet.txt'
13:54:24    0 ResourceManager::loadSprite(): Opened file 'sprites/awp_bullet.txt'
13:54:24    0 ResourceManager::loadSprite(): Sprite 'AWP_bullet' successfully loaded
13:54:24    0 ResourceManager::loadSprite(): Loading sprite 'sprites/grenade_bullet.txt'
13:54:24    0 ResourceManager::loadSprite(): Opened file 'sprites/grenade_bullet.txt'
13:54:24    0 ResourceManager::loadSprite(): Sprite 'GrenadeLauncher_bullet' successfully loaded
13:54:24    0 ResourceManager::loadSprite(): Loading sprite 'sprites/bullet_trail.txt'
13:54:24    0 ResourceManager::loadSprite(): Opened file 'sprites/bullet_trail.txt'
13:54:24    0 ResourceManager::loadSprite(): Sprite 'bullet_trail' successfully loaded
13:54:24    0 ResourceManager::loadSprite(): Loading sprite 'sprites/explosion-spr.txt'
13:54:24    0 ResourceManager::loadSprite(): Opened file 'sprites/explosion-spr.txt'
13:54:24    0 ResourceManager::loadSprite(): Sprite 'explosion' successfully loaded
13:54:24    0 ResourceManager::loadSprite(): Loading sprite 'sprites/nuke.txt'
13:54:24    0 ResourceManager::loadSprite(): Opened file 'sprites/nuke.txt'
13:54:24    0 ResourceManager::loadSprite(): Sprite 'nuke' successfully loaded
13:54:24    0 ResourceManager::loadSprite(): Loading sprite 'sprites/character-walk_2.txt'
13:54:24    0 ResourceManager::loadSprite(): Opened file 'sprites/character-walk_2.txt'
13:54:24    0 ResourceManager::loadSprite(): Sprite 'character-walk' successfully loaded
13:54:24    0 ResourceManager::loadSprite(): Loading sprite 'sprites/character-duck.txt'
13:54:24    0 ResourceManager::loadSprite(): Opened file 'sprites/character-duck.txt'
13:54:24    0 ResourceManager::loadSprite(): Sprite 'character-duck' successfully loaded
13:54:24    0 ResourceManager::loadSprite(): Loading sprite 'sprites/platform.txt'
13:54:24    0 ResourceManager::loadSprite(): Opened file 'sprites/platform.txt'
13:54:24    0 ResourceManager::loadSprite(): Sprite 'platform' successfully loaded
13:54:24    0 ResourceManager::loadSprite(): Loading sprite 'sprites/refill-ammo.txt'
13:54:24    0 ResourceManager::loadSprite(): Opened file 'sprites/refill-ammo.txt'
13:54:24    0 ResourceManager::loadSprite(): Sprite 'ammo-refill' successfully loaded
13:54:24    0 ResourceManager::loadSprite(): Loading sprite 'sprites/intro/1.txt'
13:54:24    0 ResourceManager::loadSprite(): Opened file 'sprites/intro/1.txt'
13:54:24    0 ResourceManager::loadSprite(): Sprite 'intro_1' successfully loaded
13:54:24    0 ResourceManager::loadSprite(): Loading sprite 'sprites/intro/2.txt'
13:54:24    0 ResourceManager::loadSprite(): Opened file 'sprites/intro/2.txt'
13:54:24    0 ResourceManager::loadSprite(): Sprite 'intro_2' successfully loaded
13:54:24    0 ResourceManager::loadSprite(): Loading sprite 'sprites/intro/3.txt'
13:54:24    0 ResourceManager::loadSprite(): Opened file 'sprites/intro/3.txt'
13:54:24    0 ResourceManager::loadSprite(): Sprite 'intro_3' successfully loaded
13:54:24    0 ResourceManager::loadSprite(): Loading sprite 'sprites/intro/4.txt'
13:54:24    0 ResourceManager::loadSprite(): Opened file 'sprites/intro/4.txt'
13:54:24    0 ResourceManager::loadSprite(): Sprite 'intro_4' successfully loaded
13:54:24    0 ResourceManager::loadSprite(): Loading sprite 'sprites/intro/5.txt'
13:54:24    0 ResourceManager::loadSprite(): Opened file 'sprites/intro/5.txt'
13:54:24    0 ResourceManager::loadSprite(): Sprite 'intro_5' successfully loaded
13:54:24    0 ResourceManager::loadSprite(): Loading sprite 'sprites/intro/6.txt'
13:54:24    0 ResourceManager::loadSprite(): Opened file 'sprites/intro/6.txt'
13:54:24    0 ResourceManager::loadSprite(): Sprite 'intro_6' successfully loaded
13:54:24    0 ResourceManager::loadSprite(): Loading sprite 'sprites/intro/7.txt'
13:54:24    0 ResourceManager::loadSprite(): Opened file 'sprites/intro/7.txt'
13:54:24    0 ResourceManager::loadSprite(): Sprite 'intro_7' successfully loaded
13:54:24    0 ResourceManager::loadSprite(): Loading sprite 'sprites/intro/small.txt'
13:54:24    0 ResourceManager::loadSprite(): Opened file 'sprites/intro/small.txt'
13:54:24    0 ResourceManager::loadSprite(): Sprite 'intro_small' successfully loaded
13:54:24    0 ResourceManager::loadSprite(): Loading sprite 'sprites/number_font/green_0.txt'
13:54:24    0 ResourceManager::loadSprite(): Opened file 'sprites/number_font/green_0.txt'
13:54:24    0 ResourceManager::loadSprite(): Sprite 'green_0' successfully loaded
13:54:24    0 ResourceManager::loadSprite(): Loading sprite 'sprites/number_font/green_1.txt'
13:54:24    0 ResourceManager::loadSprite(): Opened file 'sprites/number_font/green_1.txt'
13:54:24    0 ResourceManager::loadSprite(): Sprite 'green_1' successfully loaded
13:54:24    0 ResourceManager::loadSprite(): Loading sprite 'sprites/number_font/green_2.txt'
13:54:24    0 ResourceManager::loadSprite(): Opened file 'sprites/number_font/green_2.txt'
13:54:24    0 ResourceManager::loadSprite(): Sprite 'green_2' successfully loaded
13:54:24    0 ResourceManager::loadSprite(): Loading sprite 'sprites/number_font/green_3.txt'
13:54:24    0 ResourceManager::loadSprite(): Opened file 'sprites/number_font/green_3.txt'
13:54:24    0 ResourceManager::loadSprite(): Sprite 'green_3' successfully loaded
13:54:24    0 ResourceManager::loadSprite(): Loading sprite 'sprites/number_font/green_4.txt'
13:54:24    0 ResourceManager::loadSprite(): Opened file 'sprites/number_font/green_4.txt'
13:54:24    0 ResourceManager::loadSprite(): Sprite 'green_4' successfully loaded
13:54:24    0 ResourceManager::loadSprite(): Loading sprite 'sprites/number_font/green_5.txt'
13:54:24    0 ResourceManager::loadSprite(): Opened file 'sprites/number_font/green_5.txt'
13:54:24    0 ResourceManager::loadSprite(): Sprite 'green_5' successfully loaded
13:54:24    0 ResourceManager::loadSprite(): Loading sprite 'sprites/number_font/green_6.txt'
13:54:24    0 ResourceManager::loadSprite(): Opened file 'sprites/number_font/green_6.txt'
13:54:24    0 ResourceManager::loadSprite(): Sprite 'green_6' successfully loaded
13:54:24    0 ResourceManager::loadSprite(): Loading sprite 'sprites/number_font/green_7.txt'
13:54:24    0 ResourceManager::loadSprite(): Opened file 'sprites/number_font/green_7.txt'
13:54:24    0 ResourceManager::loadSprite(): Sprite 'green_7' successfully loaded
13:54:24    0 ResourceManager::loadSprite(): Loading sprite 'sprites/number_font/green_8.txt'
13:54:24    0 ResourceManager::loadSprite(): Opened file 'sprites/number_font/green_8.txt'
13:54:24    0 ResourceManager::loadSprite(): Sprite 'green_8' successfully loaded
13:54:24    0 ResourceManager::loadSprite(): Loading sprite 'sprites/number_font/green_9.txt'
13:54:24    0 ResourceManager::loadSprite(): Opened file 'sprites/number_font/green_9.txt'
13:54:24    0 ResourceManager::loadSprite(): Sprite 'green_9' successfully loaded
13:54:24    0 ResourceManager::loadSprite(): Loading sprite 'sprites/number_font/red_0.txt'
13:54:24    0 ResourceManager::loadSprite(): Opened file 'sprites/number_font/red_0.txt'
13:54:24    0 ResourceManager::loadSprite(): Sprite 'red_0' successfully loaded
13:54:24    0 ResourceManager::loadSprite(): Loading sprite 'sprites/number_font/red_1.txt'
13:54:24    0 ResourceManager::loadSprite(): Opened file 'sprites/number_font/red_1.txt'
13:54:24    0 ResourceManager::loadSprite(): Sprite 'red_1' successfully loaded
13:54:24    0 ResourceManager::loadSprite(): Loading sprite 'sprites/number_font/red_2.txt'
13:54:24    0 ResourceManager::loadSprite(): Opened file 'sprites/number_font/red_2.txt'
13:54:24    0 ResourceManager::loadSprite(): Sprite 'red_2' successfully loaded
13:54:24    0 ResourceManager::loadSprite(): Loading sprite 'sprites/number_font/red_3.txt'
13:54:24    0 ResourceManager::loadSprite(): Opened file 'sprites/number_font/red_3.txt'
13:54:24    0 ResourceManager::loadSprite(): Sprite 'red_3' successfully loaded
13:54:24    0 ResourceManager::loadSprite(): Loading sprite 'sprites/number_font/red_4.txt'
13:54:24    0 ResourceManager::loadSprite(): Opened file 'sprites/number_font/red_4.txt'
13:54:24    0 ResourceManager::loadSprite(): Sprite 'red_4' successfully loaded
13:54:24    0 ResourceManager::loadSprite(): Loading sprite 'sprites/number_font/red_5.txt'
13:54:24    0 ResourceManager::loadSprite(): Opened file 'sprites/number_font/red_5.txt'
13:54:24    0 ResourceManager::loadSprite(): Sprite 'red_5' successfully loaded
13:54:24    0 ResourceManager::loadSprite(): Loading sprite 'sprites/number_font/red_6.txt'
13:54:24    0 ResourceManager::loadSprite(): Opened file 'sprites/number_font/red_6.txt'
13:54:24    0 ResourceManager::loadSprite(): Sprite 'red_6' successfully loaded
13:54:24    0 ResourceManager::loadSprite(): Loading sprite 'sprites/number_font/red_7.txt'
13:54:24    0 ResourceManager::loadSprite(): Opened file 'sprites/number_font/red_7.txt'
13:54:24    0 ResourceManager::loadSprite(): Sprite 'red_7' successfully loaded
13:54:24    0 ResourceManager::loadSprite(): Loading sprite 'sprites/number_font/red_8.txt'
13:54:24    0 ResourceManager::loadSprite(): Opened file 'sprites/number_font/red_8.txt'
13:54:24    0 ResourceManager::loadSprite(): Sprite 'red_8' successfully loaded
13:54:24    0 ResourceManager::loadSprite(): Loading sprite 'sprites/number_font/red_9.txt'
13:54:24    0 ResourceManager::loadSprite(): Opened file 'sprites/number_font/red_9.txt'
13:54:24    0 ResourceManager::loadSprite(): Sprite 'red_9' successfully loaded
13:54:24    0 ResourceManager::loadSprite(): Loading sprite 'sprites/number_font/yellow_0.txt'
13:54:24    0 ResourceManager::loadSprite(): Opened file 'sprites/number_font/yellow_0.txt'
13:54:24    0 ResourceManager::loadSprite(): Sprite 'yellow_0' successfully loaded
13:54:24    0 ResourceManager::loadSprite(): Loading sprite 'sprites/number_font/yellow_1.txt'
13:54:24    0 ResourceManager::loadSprite(): Opened file 'sprites/number_font/yellow_1.txt'
13:54:24    0 ResourceManager::loadSprite(): Sprite 'yellow_1' successfully loaded
13:54:24    0 ResourceManager::loadSprite(): Loading sprite 'sprites/number_font/yellow_2.txt'
13:54:24    0 ResourceManager::loadSprite(): Opened file 'sprites/number_font/yellow_2.txt'
13:54:24    0 ResourceManager::loadSprite(): Sprite 'yellow_2' successfully loaded
13:54:24    0 ResourceManager::loadSprite(): Loading sprite 'sprites/number_font/yellow_3.txt'
13:54:24    0 ResourceManager::loadSprite(): Opened file 'sprites/number_font/yellow_3.txt'
13:54:24    0 ResourceManager::loadSprite(): Sprite 'yellow_3' successfully loaded
13:54:24    0 ResourceManager::loadSprite(): Loading sprite 'sprites/number_font/yellow_4.txt'
13:54:24    0 ResourceManager::loadSprite(): Opened file 'sprites/number_font/yellow_4.txt'
13:54:24    0 ResourceManager::loadSprite(): Sprite 'yellow_4' successfully loaded
13:54:24    0 ResourceManager::loadSprite(): Loading sprite 'sprites/number_font/yellow_5.txt'
13:54:24    0 ResourceManager::loadSprite(): Opened file 'sprites/number_font/yellow_5.txt'
13:54:24    0 ResourceManager::loadSprite(): Sprite 'yellow_5' successfully loaded
13:54:24    0 ResourceManager::loadSprite(): Loading sprite 'sprites/number_font/yellow_6.txt'
13:54:24    0 ResourceManager::loadSprite(): Opened file 'sprites/number_font/yellow_6.txt'
13:54:24    0 ResourceManager::loadSprite(): Sprite 'yellow_6' successfully loaded
13:54:24    0 ResourceManager::loadSprite(): Loading sprite 'sprites/number_font/yellow_7.txt'
13:54:24    0 ResourceManager::loadSprite(): Opened file 'sprites/number_font/yellow_7.txt'
13:54:24    0 ResourceManager::loadSprite(): Sprite 'yellow_7' successfully loaded
13:54:24    0 ResourceManager::loadSprite(): Loading sprite 'sprites/number_font/yellow_8.txt'
13:54:24    0 ResourceManager::loadSprite(): Opened file 'sprites/number_font/yellow_8.txt'
13:54:24    0 ResourceManager::loadSprite(): Sprite 'yellow_8' successfully loaded
13:54:24    0 ResourceManager::loadSprite(): Loading sprite 'sprites/number_font/yellow_9.txt'
13:54:24    0 ResourceManager::loadSprite(): Opened file 'sprites/number_font/yellow_9.txt'
13:54:24    0 ResourceManager::loadSprite(): Sprite 'yellow_9' successfully loaded
13:54:24    0 ResourceManager::loadSprite(): Loading sprite 'sprites/number_font/slash.txt'
13:54:24    0 ResourceManager::loadSprite(): Opened file 'sprites/number_font/slash.txt'
13:54:24    0 ResourceManager::loadSprite(): Sprite 'slash' successfully loaded
13:54:24    0 ResourceManager::loadSprite(): Loading sprite 'sprites/ammo_display.txt'
13:54:24    0 ResourceManager::loadSprite(): Opened file 'sprites/ammo_display.txt'
13:54:24    0 ResourceManager::loadSprite(): Sprite 'ammo_display' successfully loaded
13:54:24    0 ResourceManager::loadSound(): Sound 'AK47_fire' successfully loaded
13:54:24    0 ResourceManager::loadSound(): Sound 'AWP_fire' successfully loaded
13:54:25    0 ResourceManager::loadSound(): Sound 'GrenadeLauncher_fire' successfully loaded
13:54:25    0 ResourceManager::loadSound(): Sound 'ammo_empty' successfully loaded
13:54:25    0 ResourceManager::loadSound(): Sound 'AK47_reload' successfully loaded
13:54:25    0 ResourceManager::loadSound(): Sound 'AWP_reload' successfully loaded
13:54:25    0 ResourceManager::loadSound(): Sound 'GrenadeLauncher_reload' successfully loaded
13:54:25    0 ResourceManager::loadSound(): Sound 'awp_bolt' successfully loaded
13:54:25    0 ResourceManager::loadSound(): Sound 'pickup1' successfully loaded
13:54:25    0 ResourceManager::loadSound(): Sound 'pickup2' successfully loaded
13:54:25    0 ResourceManager::loadSound(): Sound 'explode' successfully loaded
13:54:25    0 ResourceManager::loadSound(): Sound 'nuke' successfully loaded
13:54:26    0 ResourceManager::loadSound(): Sound 'saucer_death' successfully loaded
13:54:26    0 ResourceManager::loadSound(): Sound 'game over' successfully loaded
13:54:26    0 ResourceManager::loadSound(): Sound 'level_won' successfully loaded
13:54:26    0 ResourceManager::loadMusic(): Music 'start music' successfully loaded
13:54:26    0 ResourceManager::loadMusic(): Music 'music_theme' successfully loaded
13:54:26    0 ResourceManager::loadMusic(): Music 'music_boss' successfully loaded
13:54:26    0 Client::Client(): Connecting to localhost at port 9876.
13:54:26    0 NetworkManager::connect(): Connecting to localhost, port 9876.
13:54:26    0 NetworkManager::connect(): Connection established.
13:54:26    0 Client::handleConnect(): Client connected!
13:54:26    0 Client::Client(): Client started.
13:54:26    0 GameManager::run(): starting game loop
13:54:26    0 Client following hero id 0
13:54:26    1 Client following hero id 0
13:54:26    2 Client following hero id 0
13:54:27    3 Client following hero id 0
13:54:27    4 Client following hero id 0
13:54:27    5 Client following hero id 0
13:54:27    6 Client following hero id 0
13:54:27    7 Client following hero id 0
13:54:27    7 Client::eventHandler(): received custom network event.
13:54:27    7 	message: 40
13:54:27    7 Client::createObject(): creating object type 'Level'
13:54:27    7 Client::createObject(): creating object type 'Platform'
13:54:27    7 Client::createObject(): creating object type 'Platform'
13:54:27    7 Client::createObject(): creating object type 'Platform'
13:54:27    7 Client::createObject(): creating object type 'Platform'
13:54:27    7 Client::createObject(): creating object type 'Platform'
13:54:27    7 Client::createObject(): creating object type 'Platform'
13:54:27    7 Client::createObject(): creating object type 'Platform'
13:54:27    7 Client::createObject(): creating object type 'Platform'
13:54:27    7 Client::createObject(): creating object type 'Platform'
13:54:27    7 Client::createObject(): creating object type 'Platform'
13:54:27    7 Client::createObject(): creating object type 'Platform'
13:54:27    7 Client::createObject(): creating object type 'Platform'
13:54:27    7 Client::createObject(): creating object type 'Platform'
13:54:27    7 Client::createObject(): creating object type 'Platform'
13:54:27    7 Client::createObject(): creating object type 'Platform'
13:54:27    7 Client::createObject(): creating object type 'Platform'
13:54:27    7 Client::createObject(): creating object type 'Platform'
13:54:27    7 Client::createObject(): creating object type 'Saucer'
13:54:27    7 Client::createObject(): creating object type 'Saucer'
13:54:27    7 Client::createObject(): creating object type 'Saucer'
13:54:27    7 Client::createObject(): creating object type 'Saucer'
13:54:27    7 Client::createObject(): creating object type 'Saucer'
13:54:27    7 Client::createObject(): creating object type 'Saucer'
13:54:27    7 Client::createObject(): creating object type 'Hero'
13:54:27    7 Hero::deserialize()
13:54:27    7 Hero::deserialize(): current health is 50
13:54:27    7 Hero::deserialize(): current weapon is 1
13:54:27    7 Weapon::deserialize()
13:54:27    7 Client::createObject(): creating object type 'Hero'
13:54:27    7 Hero::deserialize()
13:54:27    7 Weapon::deserialize()
13:54:27    7 Weapon::deserialize(): ammo_loaded is 30
13:54:27    7 Weapon::deserialize(): ammo_backup is 90
13:54:27    8 Client following hero id 40
13:54:27    8 Reticle received step event
13:54:27    9 Client following hero id 40
13:54:27    9 Reticle received step event
13:54:27   10 Client following hero id 40
13:54:27   10 Reticle received step event
13:54:27   11 Client following hero id 40
13:54:27   11 Reticle received step event
13:54:27   12 Client following hero id 40
13:54:27   12 Reticle received step event
13:54:27   13 Client following hero id 40
13:54:27   13 Reticle received step event
13:54:27   14 Client following hero id 40
13:54:27   14 Reticle received step event
13:54:27   14 Weapon::deserialize()
13:54:27   14 SceneGraph::updateAltitude(): remove from old altitude (2) failed!
13:54:27   14 Weapon::deserialize(): ammo_loaded is 10
13:54:27   14 Weapon::deserialize(): ammo_backup is 30
13:54:27   14 Weapon::deserialize()
13:54:27   14 SceneGraph::updateAltitude(): remove from old altitude (2) failed!
13:54:27   14 Weapon::deserialize(): ammo_loaded is 1
13:54:27   14 Weapon::deserialize(): ammo_backup is 30
13:54:27   14 Weapon::deserialize()
13:54:27   14 Hero::deserialize()
13:54:27   14 Weapon::deserialize()
13:54:27   14 Weapon::deserialize()
13:54:27   14 Hero::deserialize()
13:54:27   14 Weapon::deserialize()
13:54:27   14 Weapon::deserialize()
13:54:27   14 Hero::deserialize()
13:54:27   14 Weapon::deserialize()
13:54:27   14 Weapon::deserialize()
13:54:27   14 Hero::deserialize()
13:54:27   14 Weapon::deserialize()
13:54:27   14 Weapon::deserialize()
13:54:27   14 Hero::deserialize()
13:54:27   14 Weapon::deserialize()
13:54:27   14 Weapon::deserialize()
13:54:27   14 Hero::deserialize()
13:54:27   14 Weapon::deserialize()
13:54:27   15 InputManager::getInput(): Window close event. Setting game over.
13:54:27   15 Client following hero id 40
13:54:27   15 Reticle received step event
13:54:27   15 Weapon::deserialize()
13:54:27   15 Hero::deserialize()
13:54:27   15 Weapon::deserialize()
13:54:27   15 Weapon::deserialize()
13:54:27   15 Hero::deserialize()
13:54:27   15 Weapon::deserialize()
13:54:27   15 Weapon::deserialize()
13:54:27   15 Hero::deserialize()
13:54:27   15 Weapon::deserialize()
13:54:27   15 Weapon::deserialize()
13:54:27   15 Hero::deserialize()
13:54:27   15 Weapon::deserialize()
13:54:27   15 Weapon::deserialize()
13:54:27   15 Hero::deserialize()
13:54:27   15 Weapon::deserialize()
13:54:27   15 Weapon::deserialize()
13:54:27   15 Hero::deserialize()
13:54:27   15 Weapon::deserialize()
13:54:27   15 Hero collided with fucking platform
13:54:27   15 Hero collided with fucking platform
13:54:27   16 GameManager::run(): end of game loop
13:54:27   16 PathManager::shutDown(): successfully stopped.
13:54:27   16 Path manager stopped
13:54:27   16 WorldManager::shutDown(): Successfully stopped.
13:54:27   16 World manager stopped
13:54:27   16 ResourceManager::shutDown(): successfully stopped.
13:54:27   16 Resource manager stopped
13:54:27   16 NetworkManager::shutDown(): successfully stopped.
13:54:27   16 Network manager stopped
13:54:27   16 InputManager::shutDown(): successfully stopped.
13:54:27   16 Input manager stopped
13:54:27   16 DisplayManager::shutDown(): successfully stopped.
13:54:27   16 Display manager stopped
13:54:27   16 ** Game stopped **
13:54:27   16 ****************************************************
13:54:27   16 LogManager::shutDown(): successfully stopped.
