14:39:17    0 ****************************************************
14:39:17    0 ** Dragonfly version 4.9 **
14:39:18    0 Hello, Network! (v1.2)
14:39:18    0 ResourceManager::loadSprite(): Loading sprite 'sprites/explosion-spr.txt'
14:39:18    0 ResourceManager::loadSprite(): Opened file 'sprites/explosion-spr.txt'
14:39:18    0 ResourceManager::loadSprite(): Sprite 'explosion' successfully loaded
14:39:18    0 Client::Client(): Connecting to -s at port 9876.
14:39:18    0 NetworkManager::connect(): Connecting to -s, port 9876.
14:39:19    0 NetworkManager::connect(): Error! getaddrinfo() returned:
14:39:19    0 	Unknown error
14:39:19    0 Client::Client(): Error!  Unable to connect.
14:39:19    0 Client::Client(): Client started.
14:39:19    0 GameManager::run(): starting game loop
14:39:19    0 Client::eventHandler(): sending mouse input to server.
14:39:19    0 NetworkNode::sendMessage(): NM not connected. Cannot send.
14:39:19    2 Client::eventHandler(): sending mouse input to server.
14:39:19    2 NetworkNode::sendMessage(): NM not connected. Cannot send.
14:39:19    2 Client::eventHandler(): sending mouse input to server.
14:39:19    2 NetworkNode::sendMessage(): NM not connected. Cannot send.
14:39:19    6 Client::eventHandler(): sending mouse input to server.
14:39:19    6 NetworkNode::sendMessage(): NM not connected. Cannot send.
14:39:19    7 Client::eventHandler(): sending mouse input to server.
14:39:19    7 NetworkNode::sendMessage(): NM not connected. Cannot send.
14:39:19    8 Client::eventHandler(): sending mouse input to server.
14:39:19    8 NetworkNode::sendMessage(): NM not connected. Cannot send.
14:39:19   11 Client::eventHandler(): sending mouse input to server.
14:39:19   11 NetworkNode::sendMessage(): NM not connected. Cannot send.
14:39:19   11 Client::eventHandler(): sending mouse input to server.
14:39:19   11 NetworkNode::sendMessage(): NM not connected. Cannot send.
14:39:19   12 Client::eventHandler(): sending mouse input to server.
14:39:19   12 NetworkNode::sendMessage(): NM not connected. Cannot send.
14:39:19   12 Client::eventHandler(): sending mouse input to server.
14:39:19   12 NetworkNode::sendMessage(): NM not connected. Cannot send.
14:39:19   12 Client::eventHandler(): sending mouse input to server.
14:39:19   12 NetworkNode::sendMessage(): NM not connected. Cannot send.
14:39:19   13 Client::eventHandler(): sending mouse input to server.
14:39:19   13 NetworkNode::sendMessage(): NM not connected. Cannot send.
14:39:19   13 Client::eventHandler(): sending mouse input to server.
14:39:19   13 NetworkNode::sendMessage(): NM not connected. Cannot send.
14:39:19   13 Client::eventHandler(): sending mouse input to server.
14:39:19   13 NetworkNode::sendMessage(): NM not connected. Cannot send.
14:39:19   14 Client::eventHandler(): sending mouse input to server.
14:39:19   14 NetworkNode::sendMessage(): NM not connected. Cannot send.
14:39:19   14 Client::eventHandler(): sending mouse input to server.
14:39:19   14 NetworkNode::sendMessage(): NM not connected. Cannot send.
14:39:19   14 Client::eventHandler(): sending mouse input to server.
14:39:19   14 NetworkNode::sendMessage(): NM not connected. Cannot send.
14:39:19   15 Client::eventHandler(): sending mouse input to server.
14:39:19   15 NetworkNode::sendMessage(): NM not connected. Cannot send.
14:39:19   16 Client::eventHandler(): sending mouse input to server.
14:39:19   16 NetworkNode::sendMessage(): NM not connected. Cannot send.
14:39:19   18 Client::eventHandler(): sending mouse input to server.
14:39:19   18 NetworkNode::sendMessage(): NM not connected. Cannot send.
14:39:19   20 Client::eventHandler(): sending mouse input to server.
14:39:19   20 NetworkNode::sendMessage(): NM not connected. Cannot send.
14:39:19   21 Client::eventHandler(): sending mouse input to server.
14:39:19   21 NetworkNode::sendMessage(): NM not connected. Cannot send.
14:39:19   21 Client::eventHandler(): sending mouse input to server.
14:39:19   21 NetworkNode::sendMessage(): NM not connected. Cannot send.
14:39:19   21 Client::eventHandler(): sending mouse input to server.
14:39:19   21 NetworkNode::sendMessage(): NM not connected. Cannot send.
14:39:19   21 Client::eventHandler(): sending mouse input to server.
14:39:19   21 NetworkNode::sendMessage(): NM not connected. Cannot send.
14:39:19   22 Client::eventHandler(): sending mouse input to server.
14:39:19   22 NetworkNode::sendMessage(): NM not connected. Cannot send.
14:39:19   23 Client::eventHandler(): sending mouse input to server.
14:39:19   23 NetworkNode::sendMessage(): NM not connected. Cannot send.
14:39:19   24 Client::eventHandler(): sending mouse input to server.
14:39:19   24 NetworkNode::sendMessage(): NM not connected. Cannot send.
14:39:19   25 Client::eventHandler(): sending mouse input to server.
14:39:19   25 NetworkNode::sendMessage(): NM not connected. Cannot send.
14:39:19   25 Client::eventHandler(): sending mouse input to server.
14:39:19   25 NetworkNode::sendMessage(): NM not connected. Cannot send.
14:39:19   26 Client::eventHandler(): sending mouse input to server.
14:39:19   26 NetworkNode::sendMessage(): NM not connected. Cannot send.
14:39:19   27 Client::eventHandler(): sending mouse input to server.
14:39:19   27 NetworkNode::sendMessage(): NM not connected. Cannot send.
14:39:20   28 Client::eventHandler(): sending mouse input to server.
14:39:20   28 NetworkNode::sendMessage(): NM not connected. Cannot send.
14:39:20   29 Client::eventHandler(): sending mouse input to server.
14:39:20   29 NetworkNode::sendMessage(): NM not connected. Cannot send.
14:39:20   30 Client::eventHandler(): sending mouse input to server.
14:39:20   30 NetworkNode::sendMessage(): NM not connected. Cannot send.
14:39:20   31 Client::eventHandler(): sending mouse input to server.
14:39:20   31 NetworkNode::sendMessage(): NM not connected. Cannot send.
14:39:20   32 Client::eventHandler(): sending mouse input to server.
14:39:20   32 NetworkNode::sendMessage(): NM not connected. Cannot send.
14:39:20   33 Client::eventHandler(): sending mouse input to server.
14:39:20   33 NetworkNode::sendMessage(): NM not connected. Cannot send.
14:39:20   34 Client::eventHandler(): sending mouse input to server.
14:39:20   34 NetworkNode::sendMessage(): NM not connected. Cannot send.
14:39:20   35 Client::eventHandler(): sending mouse input to server.
14:39:20   35 NetworkNode::sendMessage(): NM not connected. Cannot send.
14:39:20   36 Client::eventHandler(): sending mouse input to server.
14:39:20   36 NetworkNode::sendMessage(): NM not connected. Cannot send.
14:39:20   36 Client::eventHandler(): sending mouse input to server.
14:39:20   36 NetworkNode::sendMessage(): NM not connected. Cannot send.
14:39:20   36 Client::eventHandler(): sending mouse input to server.
14:39:20   36 NetworkNode::sendMessage(): NM not connected. Cannot send.
14:39:20   36 Client::eventHandler(): sending mouse input to server.
14:39:20   36 NetworkNode::sendMessage(): NM not connected. Cannot send.
14:39:20   37 Client::eventHandler(): sending mouse input to server.
14:39:20   37 NetworkNode::sendMessage(): NM not connected. Cannot send.
14:39:20   54 Client::eventHandler(): sending mouse input to server.
14:39:20   54 NetworkNode::sendMessage(): NM not connected. Cannot send.
14:39:20   55 Client::eventHandler(): sending mouse input to server.
14:39:20   55 NetworkNode::sendMessage(): NM not connected. Cannot send.
14:39:20   56 Client::eventHandler(): sending mouse input to server.
14:39:20   56 NetworkNode::sendMessage(): NM not connected. Cannot send.
14:39:20   57 Client::eventHandler(): sending mouse input to server.
14:39:20   57 NetworkNode::sendMessage(): NM not connected. Cannot send.
14:39:21   58 Client::eventHandler(): sending mouse input to server.
14:39:21   58 NetworkNode::sendMessage(): NM not connected. Cannot send.
14:39:21   59 Client::eventHandler(): sending mouse input to server.
14:39:21   59 NetworkNode::sendMessage(): NM not connected. Cannot send.
14:39:21   61 Client::eventHandler(): sending mouse input to server.
14:39:21   61 NetworkNode::sendMessage(): NM not connected. Cannot send.
14:39:21   62 Client::eventHandler(): sending mouse input to server.
14:39:21   62 NetworkNode::sendMessage(): NM not connected. Cannot send.
14:39:21   62 Client::eventHandler(): sending mouse input to server.
14:39:21   62 NetworkNode::sendMessage(): NM not connected. Cannot send.
14:39:21   63 Client::eventHandler(): sending mouse input to server.
14:39:21   63 NetworkNode::sendMessage(): NM not connected. Cannot send.
14:39:21   64 Client::eventHandler(): sending mouse input to server.
14:39:21   64 NetworkNode::sendMessage(): NM not connected. Cannot send.
14:39:21   80 Client::eventHandler(): sending mouse input to server.
14:39:21   80 NetworkNode::sendMessage(): NM not connected. Cannot send.
14:39:21   81 Client::eventHandler(): sending mouse input to server.
14:39:21   81 NetworkNode::sendMessage(): NM not connected. Cannot send.
14:39:21   82 Client::eventHandler(): sending mouse input to server.
14:39:21   82 NetworkNode::sendMessage(): NM not connected. Cannot send.
14:39:21   84 Client::eventHandler(): sending mouse input to server.
14:39:21   84 NetworkNode::sendMessage(): NM not connected. Cannot send.
14:39:21   84 Client::eventHandler(): sending mouse input to server.
14:39:21   84 NetworkNode::sendMessage(): NM not connected. Cannot send.
14:39:21   85 Client::eventHandler(): sending mouse input to server.
14:39:21   85 NetworkNode::sendMessage(): NM not connected. Cannot send.
14:39:21   86 Client::eventHandler(): sending mouse input to server.
14:39:21   86 NetworkNode::sendMessage(): NM not connected. Cannot send.
14:39:21   87 Client::eventHandler(): sending mouse input to server.
14:39:21   87 NetworkNode::sendMessage(): NM not connected. Cannot send.
14:39:21   87 Client::eventHandler(): sending mouse input to server.
14:39:21   87 NetworkNode::sendMessage(): NM not connected. Cannot send.
14:39:21   87 Client::eventHandler(): sending mouse input to server.
14:39:21   87 NetworkNode::sendMessage(): NM not connected. Cannot send.
14:39:22   88 Client::eventHandler(): sending mouse input to server.
14:39:22   88 NetworkNode::sendMessage(): NM not connected. Cannot send.
14:39:22   88 Client::eventHandler(): sending mouse input to server.
14:39:22   88 NetworkNode::sendMessage(): NM not connected. Cannot send.
14:39:22   89 Client::eventHandler(): sending mouse input to server.
14:39:22   89 NetworkNode::sendMessage(): NM not connected. Cannot send.
14:39:22   89 Client::eventHandler(): sending mouse input to server.
14:39:22   89 NetworkNode::sendMessage(): NM not connected. Cannot send.
14:39:22   90 Client::eventHandler(): sending mouse input to server.
14:39:22   90 NetworkNode::sendMessage(): NM not connected. Cannot send.
14:39:22   90 Client::eventHandler(): sending mouse input to server.
14:39:22   90 NetworkNode::sendMessage(): NM not connected. Cannot send.
14:39:22   91 Client::eventHandler(): sending mouse input to server.
14:39:22   91 NetworkNode::sendMessage(): NM not connected. Cannot send.
14:39:22   91 Client::eventHandler(): sending mouse input to server.
14:39:22   91 NetworkNode::sendMessage(): NM not connected. Cannot send.
14:39:22   91 Client::eventHandler(): sending mouse input to server.
14:39:22   91 NetworkNode::sendMessage(): NM not connected. Cannot send.
14:39:22   92 Client::eventHandler(): sending mouse input to server.
14:39:22   92 NetworkNode::sendMessage(): NM not connected. Cannot send.
14:39:22   92 Client::eventHandler(): sending mouse input to server.
14:39:22   92 NetworkNode::sendMessage(): NM not connected. Cannot send.
14:39:22   93 Client::eventHandler(): sending mouse input to server.
14:39:22   93 NetworkNode::sendMessage(): NM not connected. Cannot send.
14:39:22   93 Client::eventHandler(): sending mouse input to server.
14:39:22   93 NetworkNode::sendMessage(): NM not connected. Cannot send.
14:39:22   94 Client::eventHandler(): sending mouse input to server.
14:39:22   94 NetworkNode::sendMessage(): NM not connected. Cannot send.
14:39:22   94 Client::eventHandler(): sending mouse input to server.
14:39:22   94 NetworkNode::sendMessage(): NM not connected. Cannot send.
14:39:22   95 Client::eventHandler(): sending mouse input to server.
14:39:22   95 NetworkNode::sendMessage(): NM not connected. Cannot send.
14:39:22   95 Client::eventHandler(): sending mouse input to server.
14:39:22   95 NetworkNode::sendMessage(): NM not connected. Cannot send.
14:39:22   95 Client::eventHandler(): sending mouse input to server.
14:39:22   95 NetworkNode::sendMessage(): NM not connected. Cannot send.
14:39:22   96 Client::eventHandler(): sending mouse input to server.
14:39:22   96 NetworkNode::sendMessage(): NM not connected. Cannot send.
14:39:22   96 Client::eventHandler(): sending mouse input to server.
14:39:22   96 NetworkNode::sendMessage(): NM not connected. Cannot send.
14:39:22   97 Client::eventHandler(): sending mouse input to server.
14:39:22   97 NetworkNode::sendMessage(): NM not connected. Cannot send.
14:39:22   98 Client::eventHandler(): sending mouse input to server.
14:39:22   98 NetworkNode::sendMessage(): NM not connected. Cannot send.
14:39:22   99 Client::eventHandler(): sending mouse input to server.
14:39:22   99 NetworkNode::sendMessage(): NM not connected. Cannot send.
14:39:22  100 Client::eventHandler(): sending mouse input to server.
14:39:22  100 NetworkNode::sendMessage(): NM not connected. Cannot send.
14:39:23  123 Client::eventHandler(): sending mouse input to server.
14:39:23  123 NetworkNode::sendMessage(): NM not connected. Cannot send.
14:39:23  124 Client::eventHandler(): sending mouse input to server.
14:39:23  124 NetworkNode::sendMessage(): NM not connected. Cannot send.
14:39:23  124 Client::eventHandler(): sending mouse input to server.
14:39:23  124 NetworkNode::sendMessage(): NM not connected. Cannot send.
14:39:23  125 Client::eventHandler(): sending mouse input to server.
14:39:23  125 NetworkNode::sendMessage(): NM not connected. Cannot send.
14:39:23  126 Client::eventHandler(): sending mouse input to server.
14:39:23  126 NetworkNode::sendMessage(): NM not connected. Cannot send.
14:39:23  127 Client::eventHandler(): sending mouse input to server.
14:39:23  127 NetworkNode::sendMessage(): NM not connected. Cannot send.
14:39:23  128 Client::eventHandler(): sending mouse input to server.
14:39:23  128 NetworkNode::sendMessage(): NM not connected. Cannot send.
14:39:23  129 Client::eventHandler(): sending mouse input to server.
14:39:23  129 NetworkNode::sendMessage(): NM not connected. Cannot send.
14:39:23  131 Client::eventHandler(): sending mouse input to server.
14:39:23  131 NetworkNode::sendMessage(): NM not connected. Cannot send.
14:39:23  131 Client::eventHandler(): sending mouse input to server.
14:39:23  131 NetworkNode::sendMessage(): NM not connected. Cannot send.
14:39:23  132 Client::eventHandler(): sending mouse input to server.
14:39:23  132 NetworkNode::sendMessage(): NM not connected. Cannot send.
14:39:23  133 Client::eventHandler(): sending mouse input to server.
14:39:23  133 NetworkNode::sendMessage(): NM not connected. Cannot send.
14:39:23  134 Client::eventHandler(): sending mouse input to server.
14:39:23  134 NetworkNode::sendMessage(): NM not connected. Cannot send.
14:39:23  135 Client::eventHandler(): sending mouse input to server.
14:39:23  135 NetworkNode::sendMessage(): NM not connected. Cannot send.
14:39:23  136 Client::eventHandler(): sending mouse input to server.
14:39:23  136 NetworkNode::sendMessage(): NM not connected. Cannot send.
14:39:23  137 Client::eventHandler(): sending mouse input to server.
14:39:23  137 NetworkNode::sendMessage(): NM not connected. Cannot send.
14:39:23  138 Client::eventHandler(): sending mouse input to server.
14:39:23  138 NetworkNode::sendMessage(): NM not connected. Cannot send.
14:39:23  139 Client::eventHandler(): sending mouse input to server.
14:39:23  139 NetworkNode::sendMessage(): NM not connected. Cannot send.
14:39:23  140 Client::eventHandler(): sending mouse input to server.
14:39:23  140 NetworkNode::sendMessage(): NM not connected. Cannot send.
14:39:23  141 Client::eventHandler(): sending mouse input to server.
14:39:23  141 NetworkNode::sendMessage(): NM not connected. Cannot send.
14:39:23  142 Client::eventHandler(): sending mouse input to server.
14:39:23  142 NetworkNode::sendMessage(): NM not connected. Cannot send.
14:39:23  143 Client::eventHandler(): sending mouse input to server.
14:39:23  143 NetworkNode::sendMessage(): NM not connected. Cannot send.
14:39:23  144 Client::eventHandler(): sending mouse input to server.
14:39:23  144 NetworkNode::sendMessage(): NM not connected. Cannot send.
14:39:24  159 Client::eventHandler(): sending mouse input to server.
14:39:24  159 NetworkNode::sendMessage(): NM not connected. Cannot send.
14:39:24  159 Client::eventHandler(): sending mouse input to server.
14:39:24  159 NetworkNode::sendMessage(): NM not connected. Cannot send.
14:39:24  159 Client::eventHandler(): sending mouse input to server.
14:39:24  159 NetworkNode::sendMessage(): NM not connected. Cannot send.
14:39:24  159 Client::eventHandler(): sending mouse input to server.
14:39:24  159 NetworkNode::sendMessage(): NM not connected. Cannot send.
14:39:24  160 Client::eventHandler(): sending mouse input to server.
14:39:24  160 NetworkNode::sendMessage(): NM not connected. Cannot send.
14:39:24  161 Client::eventHandler(): sending mouse input to server.
14:39:24  161 NetworkNode::sendMessage(): NM not connected. Cannot send.
14:39:24  162 Client::eventHandler(): sending mouse input to server.
14:39:24  162 NetworkNode::sendMessage(): NM not connected. Cannot send.
14:39:24  162 Client::eventHandler(): sending mouse input to server.
14:39:24  162 NetworkNode::sendMessage(): NM not connected. Cannot send.
14:39:24  162 Client::eventHandler(): sending mouse input to server.
14:39:24  162 NetworkNode::sendMessage(): NM not connected. Cannot send.
14:39:24  162 Client::eventHandler(): sending mouse input to server.
14:39:24  162 NetworkNode::sendMessage(): NM not connected. Cannot send.
14:39:24  163 Client::eventHandler(): sending mouse input to server.
14:39:24  163 NetworkNode::sendMessage(): NM not connected. Cannot send.
14:39:24  164 Client::eventHandler(): sending mouse input to server.
14:39:24  164 NetworkNode::sendMessage(): NM not connected. Cannot send.
14:39:24  165 Client::eventHandler(): sending mouse input to server.
14:39:24  165 NetworkNode::sendMessage(): NM not connected. Cannot send.
14:39:24  165 Client::eventHandler(): sending mouse input to server.
14:39:24  165 NetworkNode::sendMessage(): NM not connected. Cannot send.
14:39:24  166 Client::eventHandler(): sending mouse input to server.
14:39:24  166 NetworkNode::sendMessage(): NM not connected. Cannot send.
14:39:24  167 Client::eventHandler(): sending mouse input to server.
14:39:24  167 NetworkNode::sendMessage(): NM not connected. Cannot send.
14:39:24  168 Client::eventHandler(): sending mouse input to server.
14:39:24  168 NetworkNode::sendMessage(): NM not connected. Cannot send.
14:39:24  172 Client::eventHandler(): sending mouse input to server.
14:39:24  172 NetworkNode::sendMessage(): NM not connected. Cannot send.
14:39:24  173 Client::eventHandler(): sending mouse input to server.
14:39:24  173 NetworkNode::sendMessage(): NM not connected. Cannot send.
14:39:24  174 Client::eventHandler(): sending mouse input to server.
14:39:24  174 NetworkNode::sendMessage(): NM not connected. Cannot send.
14:39:29  328 Client::eventHandler(): sending mouse input to server.
14:39:29  328 NetworkNode::sendMessage(): NM not connected. Cannot send.
14:39:29  329 Client::eventHandler(): sending mouse input to server.
14:39:29  329 NetworkNode::sendMessage(): NM not connected. Cannot send.
14:39:29  330 Client::eventHandler(): sending mouse input to server.
14:39:29  330 NetworkNode::sendMessage(): NM not connected. Cannot send.
14:39:33  450 Client::eventHandler(): sending mouse input to server.
14:39:33  450 NetworkNode::sendMessage(): NM not connected. Cannot send.
14:39:34  470 Client::eventHandler(): sending mouse input to server.
14:39:34  470 NetworkNode::sendMessage(): NM not connected. Cannot send.
14:39:34  471 Client::eventHandler(): sending mouse input to server.
14:39:34  471 NetworkNode::sendMessage(): NM not connected. Cannot send.
14:39:34  472 Client::eventHandler(): sending mouse input to server.
14:39:34  472 NetworkNode::sendMessage(): NM not connected. Cannot send.
14:39:34  473 Client::eventHandler(): sending mouse input to server.
14:39:34  473 NetworkNode::sendMessage(): NM not connected. Cannot send.
14:39:34  474 Client::eventHandler(): sending mouse input to server.
14:39:34  474 NetworkNode::sendMessage(): NM not connected. Cannot send.
14:39:34  475 Client::eventHandler(): sending mouse input to server.
14:39:34  475 NetworkNode::sendMessage(): NM not connected. Cannot send.
14:39:34  476 Client::eventHandler(): sending mouse input to server.
14:39:34  476 NetworkNode::sendMessage(): NM not connected. Cannot send.
14:39:34  477 Client::eventHandler(): sending mouse input to server.
14:39:34  477 NetworkNode::sendMessage(): NM not connected. Cannot send.
14:39:34  478 Client::eventHandler(): sending mouse input to server.
14:39:34  478 NetworkNode::sendMessage(): NM not connected. Cannot send.
14:39:34  479 Client::eventHandler(): sending mouse input to server.
14:39:34  479 NetworkNode::sendMessage(): NM not connected. Cannot send.
14:39:34  480 Client::eventHandler(): sending mouse input to server.
14:39:34  480 NetworkNode::sendMessage(): NM not connected. Cannot send.
14:39:34  481 Client::eventHandler(): sending mouse input to server.
14:39:34  481 NetworkNode::sendMessage(): NM not connected. Cannot send.
14:39:35  482 Client::eventHandler(): sending mouse input to server.
14:39:35  482 NetworkNode::sendMessage(): NM not connected. Cannot send.
14:39:35  483 Client::eventHandler(): sending mouse input to server.
14:39:35  483 NetworkNode::sendMessage(): NM not connected. Cannot send.
14:39:35  484 Client::eventHandler(): sending mouse input to server.
14:39:35  484 NetworkNode::sendMessage(): NM not connected. Cannot send.
14:39:35  485 Client::eventHandler(): sending mouse input to server.
14:39:35  485 NetworkNode::sendMessage(): NM not connected. Cannot send.
14:39:35  486 Client::eventHandler(): sending mouse input to server.
14:39:35  486 NetworkNode::sendMessage(): NM not connected. Cannot send.
14:39:35  487 Client::eventHandler(): sending mouse input to server.
14:39:35  487 NetworkNode::sendMessage(): NM not connected. Cannot send.
14:39:35  488 Client::eventHandler(): sending mouse input to server.
14:39:35  488 NetworkNode::sendMessage(): NM not connected. Cannot send.
14:39:35  489 Client::eventHandler(): sending mouse input to server.
14:39:35  489 NetworkNode::sendMessage(): NM not connected. Cannot send.
14:39:35  490 Client::eventHandler(): sending mouse input to server.
14:39:35  490 NetworkNode::sendMessage(): NM not connected. Cannot send.
14:39:35  501 Client::eventHandler(): sending mouse input to server.
14:39:35  501 NetworkNode::sendMessage(): NM not connected. Cannot send.
14:39:35  501 Client::eventHandler(): sending mouse input to server.
14:39:35  501 NetworkNode::sendMessage(): NM not connected. Cannot send.
14:39:35  501 Client::eventHandler(): sending mouse input to server.
14:39:35  501 NetworkNode::sendMessage(): NM not connected. Cannot send.
14:39:35  502 Client::eventHandler(): sending mouse input to server.
14:39:35  502 NetworkNode::sendMessage(): NM not connected. Cannot send.
14:39:35  505 Client::eventHandler(): sending mouse input to server.
14:39:35  505 NetworkNode::sendMessage(): NM not connected. Cannot send.
14:39:35  505 Client::eventHandler(): sending mouse input to server.
14:39:35  505 NetworkNode::sendMessage(): NM not connected. Cannot send.
14:39:35  506 Client::eventHandler(): sending mouse input to server.
14:39:35  506 NetworkNode::sendMessage(): NM not connected. Cannot send.
14:39:35  506 Client::eventHandler(): sending mouse input to server.
14:39:35  506 NetworkNode::sendMessage(): NM not connected. Cannot send.
14:39:35  507 Client::eventHandler(): sending mouse input to server.
14:39:35  507 NetworkNode::sendMessage(): NM not connected. Cannot send.
14:39:35  508 Client::eventHandler(): sending mouse input to server.
14:39:35  508 NetworkNode::sendMessage(): NM not connected. Cannot send.
14:39:35  508 Client::eventHandler(): sending mouse input to server.
14:39:35  508 NetworkNode::sendMessage(): NM not connected. Cannot send.
14:39:35  509 Client::eventHandler(): sending mouse input to server.
14:39:35  509 NetworkNode::sendMessage(): NM not connected. Cannot send.
14:39:35  509 Client::eventHandler(): sending mouse input to server.
14:39:35  509 NetworkNode::sendMessage(): NM not connected. Cannot send.
14:39:35  510 Client::eventHandler(): sending mouse input to server.
14:39:35  510 NetworkNode::sendMessage(): NM not connected. Cannot send.
14:39:35  510 Client::eventHandler(): sending mouse input to server.
14:39:35  510 NetworkNode::sendMessage(): NM not connected. Cannot send.
14:39:35  511 Client::eventHandler(): sending mouse input to server.
14:39:35  511 NetworkNode::sendMessage(): NM not connected. Cannot send.
14:39:36  512 Client::eventHandler(): sending mouse input to server.
14:39:36  512 NetworkNode::sendMessage(): NM not connected. Cannot send.
14:39:36  513 Client::eventHandler(): sending mouse input to server.
14:39:36  513 NetworkNode::sendMessage(): NM not connected. Cannot send.
14:39:36  513 Client::eventHandler(): sending mouse input to server.
14:39:36  513 NetworkNode::sendMessage(): NM not connected. Cannot send.
14:39:36  514 Client::eventHandler(): sending mouse input to server.
14:39:36  514 NetworkNode::sendMessage(): NM not connected. Cannot send.
14:39:36  515 Client::eventHandler(): sending mouse input to server.
14:39:36  515 NetworkNode::sendMessage(): NM not connected. Cannot send.
14:39:37  534 GameManager::run(): Can't keep up! frame_time 33 ms, split 676 ms
14:39:37  550 Client::eventHandler(): sending mouse input to server.
14:39:37  550 NetworkNode::sendMessage(): NM not connected. Cannot send.
14:39:37  551 Client::eventHandler(): sending mouse input to server.
14:39:37  551 NetworkNode::sendMessage(): NM not connected. Cannot send.
14:39:37  552 Client::eventHandler(): sending mouse input to server.
14:39:37  552 NetworkNode::sendMessage(): NM not connected. Cannot send.
14:39:38  571 Client::eventHandler(): sending mouse input to server.
14:39:38  571 NetworkNode::sendMessage(): NM not connected. Cannot send.
14:39:38  572 Client::eventHandler(): sending mouse input to server.
14:39:38  572 NetworkNode::sendMessage(): NM not connected. Cannot send.
14:39:38  573 Client::eventHandler(): sending mouse input to server.
14:39:38  573 NetworkNode::sendMessage(): NM not connected. Cannot send.
14:39:38  574 Client::eventHandler(): sending mouse input to server.
14:39:38  574 NetworkNode::sendMessage(): NM not connected. Cannot send.
14:39:38  575 Client::eventHandler(): sending mouse input to server.
14:39:38  575 NetworkNode::sendMessage(): NM not connected. Cannot send.
14:39:38  576 Client::eventHandler(): sending mouse input to server.
14:39:38  576 NetworkNode::sendMessage(): NM not connected. Cannot send.
14:39:38  577 Client::eventHandler(): sending mouse input to server.
14:39:38  577 NetworkNode::sendMessage(): NM not connected. Cannot send.
14:39:38  578 Client::eventHandler(): sending mouse input to server.
14:39:38  578 NetworkNode::sendMessage(): NM not connected. Cannot send.
14:39:38  579 Client::eventHandler(): sending mouse input to server.
14:39:38  579 NetworkNode::sendMessage(): NM not connected. Cannot send.
14:39:38  580 Client::eventHandler(): sending mouse input to server.
14:39:38  580 NetworkNode::sendMessage(): NM not connected. Cannot send.
14:39:38  581 Client::eventHandler(): sending mouse input to server.
14:39:38  581 NetworkNode::sendMessage(): NM not connected. Cannot send.
14:39:38  582 Client::eventHandler(): sending mouse input to server.
14:39:38  582 NetworkNode::sendMessage(): NM not connected. Cannot send.
14:39:38  583 Client::eventHandler(): sending mouse input to server.
14:39:38  583 NetworkNode::sendMessage(): NM not connected. Cannot send.
14:39:39  584 Client::eventHandler(): sending mouse input to server.
14:39:39  584 NetworkNode::sendMessage(): NM not connected. Cannot send.
14:39:39  585 Client::eventHandler(): sending mouse input to server.
14:39:39  585 NetworkNode::sendMessage(): NM not connected. Cannot send.
14:39:39  586 Client::eventHandler(): sending mouse input to server.
14:39:39  586 NetworkNode::sendMessage(): NM not connected. Cannot send.
14:39:39  587 Client::eventHandler(): sending mouse input to server.
14:39:39  587 NetworkNode::sendMessage(): NM not connected. Cannot send.
14:39:39  588 Client::eventHandler(): sending mouse input to server.
14:39:39  588 NetworkNode::sendMessage(): NM not connected. Cannot send.
14:39:39  589 Client::eventHandler(): sending mouse input to server.
14:39:39  589 NetworkNode::sendMessage(): NM not connected. Cannot send.
14:39:39  590 Client::eventHandler(): sending mouse input to server.
14:39:39  590 NetworkNode::sendMessage(): NM not connected. Cannot send.
14:39:39  591 Client::eventHandler(): sending mouse input to server.
14:39:39  591 NetworkNode::sendMessage(): NM not connected. Cannot send.
14:39:39  592 Client::eventHandler(): sending mouse input to server.
14:39:39  592 NetworkNode::sendMessage(): NM not connected. Cannot send.
14:39:39  593 Client::eventHandler(): sending mouse input to server.
14:39:39  593 NetworkNode::sendMessage(): NM not connected. Cannot send.
14:39:39  594 Client::eventHandler(): sending mouse input to server.
14:39:39  594 NetworkNode::sendMessage(): NM not connected. Cannot send.
14:39:39  595 Client::eventHandler(): sending mouse input to server.
14:39:39  595 NetworkNode::sendMessage(): NM not connected. Cannot send.
14:39:39  596 Client::eventHandler(): sending mouse input to server.
14:39:39  596 NetworkNode::sendMessage(): NM not connected. Cannot send.
14:39:39  597 Client::eventHandler(): sending mouse input to server.
14:39:39  597 NetworkNode::sendMessage(): NM not connected. Cannot send.
14:39:39  598 Client::eventHandler(): sending mouse input to server.
14:39:39  598 NetworkNode::sendMessage(): NM not connected. Cannot send.
14:39:39  599 Client::eventHandler(): sending mouse input to server.
14:39:39  599 NetworkNode::sendMessage(): NM not connected. Cannot send.
14:39:39  600 Client::eventHandler(): sending mouse input to server.
14:39:39  600 NetworkNode::sendMessage(): NM not connected. Cannot send.
14:39:39  601 Client::eventHandler(): sending mouse input to server.
14:39:39  601 NetworkNode::sendMessage(): NM not connected. Cannot send.
14:39:39  602 Client::eventHandler(): sending mouse input to server.
14:39:39  602 NetworkNode::sendMessage(): NM not connected. Cannot send.
14:39:39  603 Client::eventHandler(): sending mouse input to server.
14:39:39  603 NetworkNode::sendMessage(): NM not connected. Cannot send.
14:39:39  604 Client::eventHandler(): sending mouse input to server.
14:39:39  604 NetworkNode::sendMessage(): NM not connected. Cannot send.
14:39:39  605 Client::eventHandler(): sending mouse input to server.
14:39:39  605 NetworkNode::sendMessage(): NM not connected. Cannot send.
14:39:39  606 Client::eventHandler(): sending mouse input to server.
14:39:39  606 NetworkNode::sendMessage(): NM not connected. Cannot send.
14:39:39  607 Client::eventHandler(): sending mouse input to server.
14:39:39  607 NetworkNode::sendMessage(): NM not connected. Cannot send.
14:39:39  608 Client::eventHandler(): sending mouse input to server.
14:39:39  608 NetworkNode::sendMessage(): NM not connected. Cannot send.
14:39:39  609 Client::eventHandler(): sending mouse input to server.
14:39:39  609 NetworkNode::sendMessage(): NM not connected. Cannot send.
14:39:39  610 Client::eventHandler(): sending mouse input to server.
14:39:39  610 NetworkNode::sendMessage(): NM not connected. Cannot send.
14:39:39  611 Client::eventHandler(): sending mouse input to server.
14:39:39  611 NetworkNode::sendMessage(): NM not connected. Cannot send.
14:39:39  612 Client::eventHandler(): sending mouse input to server.
14:39:39  612 NetworkNode::sendMessage(): NM not connected. Cannot send.
14:39:39  613 Client::eventHandler(): sending mouse input to server.
14:39:39  613 NetworkNode::sendMessage(): NM not connected. Cannot send.
14:39:40  614 Client::eventHandler(): sending mouse input to server.
14:39:40  614 NetworkNode::sendMessage(): NM not connected. Cannot send.
14:39:40  615 Client::eventHandler(): sending mouse input to server.
14:39:40  615 NetworkNode::sendMessage(): NM not connected. Cannot send.
14:39:40  616 Client::eventHandler(): sending mouse input to server.
14:39:40  616 NetworkNode::sendMessage(): NM not connected. Cannot send.
14:39:40  617 Client::eventHandler(): sending mouse input to server.
14:39:40  617 NetworkNode::sendMessage(): NM not connected. Cannot send.
14:39:40  618 Client::eventHandler(): sending mouse input to server.
14:39:40  618 NetworkNode::sendMessage(): NM not connected. Cannot send.
14:39:40  619 Client::eventHandler(): sending mouse input to server.
14:39:40  619 NetworkNode::sendMessage(): NM not connected. Cannot send.
14:39:40  620 Client::eventHandler(): sending mouse input to server.
14:39:40  620 NetworkNode::sendMessage(): NM not connected. Cannot send.
14:39:40  621 Client::eventHandler(): sending mouse input to server.
14:39:40  621 NetworkNode::sendMessage(): NM not connected. Cannot send.
14:39:40  622 Client::eventHandler(): sending mouse input to server.
14:39:40  622 NetworkNode::sendMessage(): NM not connected. Cannot send.
14:39:40  623 Client::eventHandler(): sending mouse input to server.
14:39:40  623 NetworkNode::sendMessage(): NM not connected. Cannot send.
14:39:40  624 Client::eventHandler(): sending mouse input to server.
14:39:40  624 NetworkNode::sendMessage(): NM not connected. Cannot send.
14:39:40  625 Client::eventHandler(): sending mouse input to server.
14:39:40  625 NetworkNode::sendMessage(): NM not connected. Cannot send.
14:39:40  626 Client::eventHandler(): sending mouse input to server.
14:39:40  626 NetworkNode::sendMessage(): NM not connected. Cannot send.
14:39:40  627 Client::eventHandler(): sending mouse input to server.
14:39:40  627 NetworkNode::sendMessage(): NM not connected. Cannot send.
14:39:40  638 Client::eventHandler(): sending mouse input to server.
14:39:40  638 NetworkNode::sendMessage(): NM not connected. Cannot send.
14:39:40  639 Client::eventHandler(): sending mouse input to server.
14:39:40  639 NetworkNode::sendMessage(): NM not connected. Cannot send.
14:39:41  665 Client::eventHandler(): sending mouse input to server.
14:39:41  665 NetworkNode::sendMessage(): NM not connected. Cannot send.
14:39:41  666 Client::eventHandler(): sending mouse input to server.
14:39:41  666 NetworkNode::sendMessage(): NM not connected. Cannot send.
14:39:41  667 Client::eventHandler(): sending mouse input to server.
14:39:41  667 NetworkNode::sendMessage(): NM not connected. Cannot send.
14:39:47  723 Client::eventHandler(): sending mouse input to server.
14:39:47  723 NetworkNode::sendMessage(): NM not connected. Cannot send.
14:39:47  724 Client::eventHandler(): sending mouse input to server.
14:39:47  724 NetworkNode::sendMessage(): NM not connected. Cannot send.
14:39:47  740 Client::eventHandler(): sending mouse input to server.
14:39:47  740 NetworkNode::sendMessage(): NM not connected. Cannot send.
14:39:47  741 Client::eventHandler(): sending mouse input to server.
14:39:47  741 NetworkNode::sendMessage(): NM not connected. Cannot send.
14:40:13 1507 Client::eventHandler(): sending mouse input to server.
14:40:13 1507 NetworkNode::sendMessage(): NM not connected. Cannot send.
14:40:13 1508 Client::eventHandler(): sending mouse input to server.
14:40:13 1508 NetworkNode::sendMessage(): NM not connected. Cannot send.
14:40:13 1509 Client::eventHandler(): sending mouse input to server.
14:40:13 1509 NetworkNode::sendMessage(): NM not connected. Cannot send.
14:40:13 1510 Client::eventHandler(): sending mouse input to server.
14:40:13 1510 NetworkNode::sendMessage(): NM not connected. Cannot send.
14:40:13 1511 Client::eventHandler(): sending mouse input to server.
14:40:13 1511 NetworkNode::sendMessage(): NM not connected. Cannot send.
14:40:13 1512 Client::eventHandler(): sending mouse input to server.
14:40:13 1512 NetworkNode::sendMessage(): NM not connected. Cannot send.
14:40:13 1513 Client::eventHandler(): sending mouse input to server.
14:40:13 1513 NetworkNode::sendMessage(): NM not connected. Cannot send.
14:40:13 1514 Client::eventHandler(): sending mouse input to server.
14:40:13 1514 NetworkNode::sendMessage(): NM not connected. Cannot send.
14:40:13 1515 Client::eventHandler(): sending mouse input to server.
14:40:13 1515 NetworkNode::sendMessage(): NM not connected. Cannot send.
14:40:13 1516 Client::eventHandler(): sending mouse input to server.
14:40:13 1516 NetworkNode::sendMessage(): NM not connected. Cannot send.
14:40:13 1517 Client::eventHandler(): sending mouse input to server.
14:40:13 1517 NetworkNode::sendMessage(): NM not connected. Cannot send.
14:40:13 1518 Client::eventHandler(): sending mouse input to server.
14:40:13 1518 NetworkNode::sendMessage(): NM not connected. Cannot send.
14:40:13 1519 Client::eventHandler(): sending mouse input to server.
14:40:13 1519 NetworkNode::sendMessage(): NM not connected. Cannot send.
14:40:13 1520 Client::eventHandler(): sending mouse input to server.
14:40:13 1520 NetworkNode::sendMessage(): NM not connected. Cannot send.
14:40:13 1521 Client::eventHandler(): sending mouse input to server.
14:40:13 1521 NetworkNode::sendMessage(): NM not connected. Cannot send.
14:40:13 1522 Client::eventHandler(): sending mouse input to server.
14:40:13 1522 NetworkNode::sendMessage(): NM not connected. Cannot send.
14:40:13 1523 Client::eventHandler(): sending mouse input to server.
14:40:13 1523 NetworkNode::sendMessage(): NM not connected. Cannot send.
14:40:13 1524 Client::eventHandler(): sending mouse input to server.
14:40:13 1524 NetworkNode::sendMessage(): NM not connected. Cannot send.
14:40:13 1525 Client::eventHandler(): sending mouse input to server.
14:40:13 1525 NetworkNode::sendMessage(): NM not connected. Cannot send.
14:40:13 1526 Client::eventHandler(): sending mouse input to server.
14:40:13 1526 NetworkNode::sendMessage(): NM not connected. Cannot send.
14:40:13 1527 Client::eventHandler(): sending mouse input to server.
14:40:13 1527 NetworkNode::sendMessage(): NM not connected. Cannot send.
14:40:13 1528 Client::eventHandler(): sending mouse input to server.
14:40:13 1528 NetworkNode::sendMessage(): NM not connected. Cannot send.
14:40:13 1529 Client::eventHandler(): sending mouse input to server.
14:40:13 1529 NetworkNode::sendMessage(): NM not connected. Cannot send.
14:40:13 1530 Client::eventHandler(): sending mouse input to server.
14:40:13 1530 NetworkNode::sendMessage(): NM not connected. Cannot send.
14:40:13 1531 Client::eventHandler(): sending mouse input to server.
14:40:13 1531 NetworkNode::sendMessage(): NM not connected. Cannot send.
14:40:13 1532 Client::eventHandler(): sending mouse input to server.
14:40:13 1532 NetworkNode::sendMessage(): NM not connected. Cannot send.
14:40:13 1533 Client::eventHandler(): sending mouse input to server.
14:40:13 1533 NetworkNode::sendMessage(): NM not connected. Cannot send.
14:40:13 1534 Client::eventHandler(): sending mouse input to server.
14:40:13 1534 NetworkNode::sendMessage(): NM not connected. Cannot send.
14:40:13 1535 Client::eventHandler(): sending mouse input to server.
14:40:13 1535 NetworkNode::sendMessage(): NM not connected. Cannot send.
14:40:13 1536 Client::eventHandler(): sending mouse input to server.
14:40:13 1536 NetworkNode::sendMessage(): NM not connected. Cannot send.
14:40:13 1537 Client::eventHandler(): sending mouse input to server.
14:40:13 1537 NetworkNode::sendMessage(): NM not connected. Cannot send.
14:40:14 1538 Client::eventHandler(): sending mouse input to server.
14:40:14 1538 NetworkNode::sendMessage(): NM not connected. Cannot send.
14:40:14 1539 Client::eventHandler(): sending mouse input to server.
14:40:14 1539 NetworkNode::sendMessage(): NM not connected. Cannot send.
14:40:14 1540 Client::eventHandler(): sending mouse input to server.
14:40:14 1540 NetworkNode::sendMessage(): NM not connected. Cannot send.
14:40:14 1541 Client::eventHandler(): sending mouse input to server.
14:40:14 1541 NetworkNode::sendMessage(): NM not connected. Cannot send.
14:40:14 1542 Client::eventHandler(): sending mouse input to server.
14:40:14 1542 NetworkNode::sendMessage(): NM not connected. Cannot send.
14:40:14 1543 Client::eventHandler(): sending mouse input to server.
14:40:14 1543 NetworkNode::sendMessage(): NM not connected. Cannot send.
14:40:14 1544 Client::eventHandler(): sending mouse input to server.
14:40:14 1544 NetworkNode::sendMessage(): NM not connected. Cannot send.
14:40:14 1545 Client::eventHandler(): sending mouse input to server.
14:40:14 1545 NetworkNode::sendMessage(): NM not connected. Cannot send.
14:40:14 1546 Client::eventHandler(): sending mouse input to server.
14:40:14 1546 NetworkNode::sendMessage(): NM not connected. Cannot send.
14:40:14 1547 Client::eventHandler(): sending mouse input to server.
14:40:14 1547 NetworkNode::sendMessage(): NM not connected. Cannot send.
14:40:14 1548 Client::eventHandler(): sending mouse input to server.
14:40:14 1548 NetworkNode::sendMessage(): NM not connected. Cannot send.
14:40:14 1558 Client::eventHandler(): sending mouse input to server.
14:40:14 1558 NetworkNode::sendMessage(): NM not connected. Cannot send.
14:40:14 1559 Client::eventHandler(): sending mouse input to server.
14:40:14 1559 NetworkNode::sendMessage(): NM not connected. Cannot send.
14:40:16 1622 Client::eventHandler(): sending mouse input to server.
14:40:16 1622 NetworkNode::sendMessage(): NM not connected. Cannot send.
14:40:16 1622 Client::eventHandler(): sending mouse input to server.
14:40:16 1622 NetworkNode::sendMessage(): NM not connected. Cannot send.
14:40:16 1623 Client::eventHandler(): sending mouse input to server.
14:40:16 1623 NetworkNode::sendMessage(): NM not connected. Cannot send.
14:40:16 1623 Client::eventHandler(): sending mouse input to server.
14:40:16 1623 NetworkNode::sendMessage(): NM not connected. Cannot send.
14:40:16 1624 Client::eventHandler(): sending mouse input to server.
14:40:16 1624 NetworkNode::sendMessage(): NM not connected. Cannot send.
14:40:16 1625 Client::eventHandler(): sending mouse input to server.
14:40:16 1625 NetworkNode::sendMessage(): NM not connected. Cannot send.
14:40:16 1626 Client::eventHandler(): sending mouse input to server.
14:40:16 1626 NetworkNode::sendMessage(): NM not connected. Cannot send.
14:40:17 1628 Client::eventHandler(): sending mouse input to server.
14:40:17 1628 NetworkNode::sendMessage(): NM not connected. Cannot send.
14:40:17 1628 Client::eventHandler(): sending mouse input to server.
14:40:17 1628 NetworkNode::sendMessage(): NM not connected. Cannot send.
14:40:17 1628 Client::eventHandler(): sending mouse input to server.
14:40:17 1628 NetworkNode::sendMessage(): NM not connected. Cannot send.
14:40:17 1629 Client::eventHandler(): sending mouse input to server.
14:40:17 1629 NetworkNode::sendMessage(): NM not connected. Cannot send.
14:40:17 1629 Client::eventHandler(): sending mouse input to server.
14:40:17 1629 NetworkNode::sendMessage(): NM not connected. Cannot send.
14:40:17 1630 Client::eventHandler(): sending mouse input to server.
14:40:17 1630 NetworkNode::sendMessage(): NM not connected. Cannot send.
14:40:17 1635 Client::eventHandler(): sending mouse input to server.
14:40:17 1635 NetworkNode::sendMessage(): NM not connected. Cannot send.
14:40:17 1636 Client::eventHandler(): sending mouse input to server.
14:40:17 1636 NetworkNode::sendMessage(): NM not connected. Cannot send.
14:40:17 1637 Client::eventHandler(): sending mouse input to server.
14:40:17 1637 NetworkNode::sendMessage(): NM not connected. Cannot send.
14:40:17 1637 Client::eventHandler(): sending mouse input to server.
14:40:17 1637 NetworkNode::sendMessage(): NM not connected. Cannot send.
14:40:17 1637 Client::eventHandler(): sending mouse input to server.
14:40:17 1637 NetworkNode::sendMessage(): NM not connected. Cannot send.
14:40:17 1638 Client::eventHandler(): sending mouse input to server.
14:40:17 1638 NetworkNode::sendMessage(): NM not connected. Cannot send.
14:40:17 1638 Client::eventHandler(): sending mouse input to server.
14:40:17 1638 NetworkNode::sendMessage(): NM not connected. Cannot send.
14:40:17 1639 Client::eventHandler(): sending mouse input to server.
14:40:17 1639 NetworkNode::sendMessage(): NM not connected. Cannot send.
14:40:17 1641 Client::eventHandler(): sending mouse input to server.
14:40:17 1641 NetworkNode::sendMessage(): NM not connected. Cannot send.
14:40:17 1641 Client::eventHandler(): sending mouse input to server.
14:40:17 1641 NetworkNode::sendMessage(): NM not connected. Cannot send.
14:40:17 1642 Client::eventHandler(): sending mouse input to server.
14:40:17 1642 NetworkNode::sendMessage(): NM not connected. Cannot send.
14:40:17 1643 Client::eventHandler(): sending mouse input to server.
14:40:17 1643 NetworkNode::sendMessage(): NM not connected. Cannot send.
14:40:18 1685 Client::eventHandler(): sending mouse input to server.
14:40:18 1685 NetworkNode::sendMessage(): NM not connected. Cannot send.
14:40:18 1685 Client::eventHandler(): sending mouse input to server.
14:40:18 1685 NetworkNode::sendMessage(): NM not connected. Cannot send.
14:40:18 1686 Client::eventHandler(): sending mouse input to server.
14:40:18 1686 NetworkNode::sendMessage(): NM not connected. Cannot send.
14:40:18 1687 Client::eventHandler(): sending mouse input to server.
14:40:18 1687 NetworkNode::sendMessage(): NM not connected. Cannot send.
14:40:18 1687 Client::eventHandler(): sending mouse input to server.
14:40:18 1687 NetworkNode::sendMessage(): NM not connected. Cannot send.
14:40:19 1704 Client::eventHandler(): sending mouse input to server.
14:40:19 1704 NetworkNode::sendMessage(): NM not connected. Cannot send.
14:40:19 1705 Client::eventHandler(): sending mouse input to server.
14:40:19 1705 NetworkNode::sendMessage(): NM not connected. Cannot send.
14:40:19 1706 Client::eventHandler(): sending mouse input to server.
14:40:19 1706 NetworkNode::sendMessage(): NM not connected. Cannot send.
14:40:24 1852 Client::eventHandler(): sending mouse input to server.
14:40:24 1852 NetworkNode::sendMessage(): NM not connected. Cannot send.
14:40:24 1853 Client::eventHandler(): sending mouse input to server.
14:40:24 1853 NetworkNode::sendMessage(): NM not connected. Cannot send.
14:40:24 1854 Client::eventHandler(): sending mouse input to server.
14:40:24 1854 NetworkNode::sendMessage(): NM not connected. Cannot send.
14:40:26 1906 Client::eventHandler(): sending mouse input to server.
14:40:26 1906 NetworkNode::sendMessage(): NM not connected. Cannot send.
14:40:26 1907 Client::eventHandler(): sending mouse input to server.
14:40:26 1907 NetworkNode::sendMessage(): NM not connected. Cannot send.
14:40:26 1908 Client::eventHandler(): sending mouse input to server.
14:40:26 1908 NetworkNode::sendMessage(): NM not connected. Cannot send.
14:40:28 1971 Client::eventHandler(): sending mouse input to server.
14:40:28 1971 NetworkNode::sendMessage(): NM not connected. Cannot send.
14:40:28 1972 Client::eventHandler(): sending mouse input to server.
14:40:28 1972 NetworkNode::sendMessage(): NM not connected. Cannot send.
14:40:28 1973 Client::eventHandler(): sending mouse input to server.
14:40:28 1973 NetworkNode::sendMessage(): NM not connected. Cannot send.
14:40:28 1991 Client::eventHandler(): sending mouse input to server.
14:40:28 1991 NetworkNode::sendMessage(): NM not connected. Cannot send.
14:40:29 1992 Client::eventHandler(): sending mouse input to server.
14:40:29 1992 NetworkNode::sendMessage(): NM not connected. Cannot send.
14:40:48 2596 Client::eventHandler(): sending mouse input to server.
14:40:48 2596 NetworkNode::sendMessage(): NM not connected. Cannot send.
14:40:48 2597 Client::eventHandler(): sending mouse input to server.
14:40:48 2597 NetworkNode::sendMessage(): NM not connected. Cannot send.
14:40:49 2619 Client::eventHandler(): sending mouse input to server.
14:40:49 2619 NetworkNode::sendMessage(): NM not connected. Cannot send.
14:40:49 2620 Client::eventHandler(): sending mouse input to server.
14:40:49 2620 NetworkNode::sendMessage(): NM not connected. Cannot send.
14:40:49 2621 Client::eventHandler(): sending mouse input to server.
14:40:49 2621 NetworkNode::sendMessage(): NM not connected. Cannot send.
14:40:52 2702 Client::eventHandler(): sending mouse input to server.
14:40:52 2702 NetworkNode::sendMessage(): NM not connected. Cannot send.
14:40:52 2703 Client::eventHandler(): sending mouse input to server.
14:40:52 2703 NetworkNode::sendMessage(): NM not connected. Cannot send.
14:40:52 2704 Client::eventHandler(): sending mouse input to server.
14:40:52 2704 NetworkNode::sendMessage(): NM not connected. Cannot send.
14:40:53 2739 Client::eventHandler(): sending mouse input to server.
14:40:53 2739 NetworkNode::sendMessage(): NM not connected. Cannot send.
14:40:53 2740 Client::eventHandler(): sending mouse input to server.
14:40:53 2740 NetworkNode::sendMessage(): NM not connected. Cannot send.
14:40:54 2759 Client::eventHandler(): sending mouse input to server.
14:40:54 2759 NetworkNode::sendMessage(): NM not connected. Cannot send.
14:40:54 2760 Client::eventHandler(): sending mouse input to server.
14:40:54 2760 NetworkNode::sendMessage(): NM not connected. Cannot send.
14:41:00 2941 Client::eventHandler(): sending mouse input to server.
14:41:00 2941 NetworkNode::sendMessage(): NM not connected. Cannot send.
14:41:00 2942 Client::eventHandler(): sending mouse input to server.
14:41:00 2942 NetworkNode::sendMessage(): NM not connected. Cannot send.
14:41:03 3023 Client::eventHandler(): sending mouse input to server.
14:41:03 3023 NetworkNode::sendMessage(): NM not connected. Cannot send.
14:41:03 3024 Client::eventHandler(): sending mouse input to server.
14:41:03 3024 NetworkNode::sendMessage(): NM not connected. Cannot send.
14:41:04 3055 Client::eventHandler(): sending mouse input to server.
14:41:04 3055 NetworkNode::sendMessage(): NM not connected. Cannot send.
14:41:04 3056 Client::eventHandler(): sending mouse input to server.
14:41:04 3056 NetworkNode::sendMessage(): NM not connected. Cannot send.
14:41:06 3126 Client::eventHandler(): sending mouse input to server.
14:41:06 3126 NetworkNode::sendMessage(): NM not connected. Cannot send.
14:41:06 3127 Client::eventHandler(): sending mouse input to server.
14:41:06 3127 NetworkNode::sendMessage(): NM not connected. Cannot send.
14:41:06 3130 Client::eventHandler(): sending mouse input to server.
14:41:06 3130 NetworkNode::sendMessage(): NM not connected. Cannot send.
14:41:06 3131 Client::eventHandler(): sending mouse input to server.
14:41:06 3131 NetworkNode::sendMessage(): NM not connected. Cannot send.
14:41:07 3148 Client::eventHandler(): sending mouse input to server.
14:41:07 3148 NetworkNode::sendMessage(): NM not connected. Cannot send.
14:41:07 3149 Client::eventHandler(): sending mouse input to server.
14:41:07 3149 NetworkNode::sendMessage(): NM not connected. Cannot send.
14:41:07 3153 Client::eventHandler(): sending mouse input to server.
14:41:07 3153 NetworkNode::sendMessage(): NM not connected. Cannot send.
14:41:07 3154 Client::eventHandler(): sending mouse input to server.
14:41:07 3154 NetworkNode::sendMessage(): NM not connected. Cannot send.
14:41:07 3155 Client::eventHandler(): sending mouse input to server.
14:41:07 3155 NetworkNode::sendMessage(): NM not connected. Cannot send.
14:41:07 3156 Client::eventHandler(): sending mouse input to server.
14:41:07 3156 NetworkNode::sendMessage(): NM not connected. Cannot send.
14:41:07 3168 Client::eventHandler(): sending mouse input to server.
14:41:07 3168 NetworkNode::sendMessage(): NM not connected. Cannot send.
14:41:07 3169 Client::eventHandler(): sending mouse input to server.
14:41:07 3169 NetworkNode::sendMessage(): NM not connected. Cannot send.
14:41:07 3170 Client::eventHandler(): sending mouse input to server.
14:41:07 3170 NetworkNode::sendMessage(): NM not connected. Cannot send.
14:41:07 3173 Client::eventHandler(): sending mouse input to server.
14:41:07 3173 NetworkNode::sendMessage(): NM not connected. Cannot send.
14:41:08 3174 Client::eventHandler(): sending mouse input to server.
14:41:08 3174 NetworkNode::sendMessage(): NM not connected. Cannot send.
14:41:09 3211 Client::eventHandler(): sending mouse input to server.
14:41:09 3211 NetworkNode::sendMessage(): NM not connected. Cannot send.
14:41:09 3212 Client::eventHandler(): sending mouse input to server.
14:41:09 3212 NetworkNode::sendMessage(): NM not connected. Cannot send.
14:41:09 3213 Client::eventHandler(): sending mouse input to server.
14:41:09 3213 NetworkNode::sendMessage(): NM not connected. Cannot send.
14:41:11 3289 Client::eventHandler(): sending mouse input to server.
14:41:11 3289 NetworkNode::sendMessage(): NM not connected. Cannot send.
14:41:11 3290 Client::eventHandler(): sending mouse input to server.
14:41:11 3290 NetworkNode::sendMessage(): NM not connected. Cannot send.
14:41:13 3350 Client::eventHandler(): sending mouse input to server.
14:41:13 3350 NetworkNode::sendMessage(): NM not connected. Cannot send.
14:41:13 3351 Client::eventHandler(): sending mouse input to server.
14:41:13 3351 NetworkNode::sendMessage(): NM not connected. Cannot send.
14:41:13 3354 Client::eventHandler(): sending mouse input to server.
14:41:13 3354 NetworkNode::sendMessage(): NM not connected. Cannot send.
14:41:13 3355 Client::eventHandler(): sending mouse input to server.
14:41:13 3355 NetworkNode::sendMessage(): NM not connected. Cannot send.
14:41:16 3432 Client::eventHandler(): sending mouse input to server.
14:41:16 3432 NetworkNode::sendMessage(): NM not connected. Cannot send.
14:41:16 3440 Client::eventHandler(): sending mouse input to server.
14:41:16 3440 NetworkNode::sendMessage(): NM not connected. Cannot send.
14:41:17 3460 Client::eventHandler(): sending mouse input to server.
14:41:17 3460 NetworkNode::sendMessage(): NM not connected. Cannot send.
14:41:17 3461 Client::eventHandler(): sending mouse input to server.
14:41:17 3461 NetworkNode::sendMessage(): NM not connected. Cannot send.
14:41:17 3462 Client::eventHandler(): sending mouse input to server.
14:41:17 3462 NetworkNode::sendMessage(): NM not connected. Cannot send.
14:41:17 3463 Client::eventHandler(): sending mouse input to server.
14:41:17 3463 NetworkNode::sendMessage(): NM not connected. Cannot send.
14:41:17 3464 Client::eventHandler(): sending mouse input to server.
14:41:17 3464 NetworkNode::sendMessage(): NM not connected. Cannot send.
14:41:17 3466 Client::eventHandler(): sending mouse input to server.
14:41:17 3466 NetworkNode::sendMessage(): NM not connected. Cannot send.
14:41:17 3466 Client::eventHandler(): sending mouse input to server.
14:41:17 3466 NetworkNode::sendMessage(): NM not connected. Cannot send.
14:41:17 3466 Client::eventHandler(): sending mouse input to server.
14:41:17 3466 NetworkNode::sendMessage(): NM not connected. Cannot send.
14:41:17 3467 Client::eventHandler(): sending mouse input to server.
14:41:17 3467 NetworkNode::sendMessage(): NM not connected. Cannot send.
14:41:17 3469 Client::eventHandler(): sending mouse input to server.
14:41:17 3469 NetworkNode::sendMessage(): NM not connected. Cannot send.
14:41:17 3470 Client::eventHandler(): sending mouse input to server.
14:41:17 3470 NetworkNode::sendMessage(): NM not connected. Cannot send.
14:41:17 3471 Client::eventHandler(): sending mouse input to server.
14:41:17 3471 NetworkNode::sendMessage(): NM not connected. Cannot send.
14:41:17 3471 Client::eventHandler(): sending mouse input to server.
14:41:17 3471 NetworkNode::sendMessage(): NM not connected. Cannot send.
14:41:17 3471 Client::eventHandler(): sending mouse input to server.
14:41:17 3471 NetworkNode::sendMessage(): NM not connected. Cannot send.
14:41:17 3471 Client::eventHandler(): sending mouse input to server.
14:41:17 3471 NetworkNode::sendMessage(): NM not connected. Cannot send.
14:41:17 3471 Client::eventHandler(): sending mouse input to server.
14:41:17 3471 NetworkNode::sendMessage(): NM not connected. Cannot send.
14:41:17 3472 Client::eventHandler(): sending mouse input to server.
14:41:17 3472 NetworkNode::sendMessage(): NM not connected. Cannot send.
14:41:18 3493 InputManager::getInput(): Window close event. Setting game over.
14:41:18 3494 GameManager::run(): end of game loop
14:41:18 3494 NetworkNode::sendMessage(): NM not connected. Cannot send.
14:41:18 3494 PathManager::shutDown(): successfully stopped.
14:41:18 3494 Path manager stopped
14:41:18 3494 WorldManager::shutDown(): Successfully stopped.
14:41:18 3494 World manager stopped
14:41:18 3494 ResourceManager::shutDown(): successfully stopped.
14:41:18 3494 Resource manager stopped
14:41:18 3494 NetworkManager::shutDown(): successfully stopped.
14:41:18 3494 Network manager stopped
14:41:18 3494 InputManager::shutDown(): successfully stopped.
14:41:18 3494 Input manager stopped
14:41:18 3494 DisplayManager::shutDown(): successfully stopped.
14:41:18 3494 Display manager stopped
14:41:18 3494 ** Game stopped **
14:41:18 3494 ****************************************************
14:41:18 3494 LogManager::shutDown(): successfully stopped.
