03:37:30    0 ****************************************************
03:37:30    0 ** Dragonfly version 4.9 **
03:37:30    0 Hello, Network! (v1.2)
03:37:30    0 ResourceManager::loadSprite(): Loading sprite 'sprites/explosion-spr.txt'
03:37:30    0 ResourceManager::loadSprite(): Opened file 'sprites/explosion-spr.txt'
03:37:30    0 ResourceManager::loadSprite(): Sprite 'explosion' successfully loaded
03:37:30    0 ResourceManager::loadSprite(): Loading sprite 'sprites/level_select.txt'
03:37:30    0 ResourceManager::loadSprite(): Opened file 'sprites/level_select.txt'
03:37:30    0 ResourceManager::loadSprite(): Sprite 'level_select' successfully loaded
03:37:30    0 ResourceManager::loadSprite(): Loading sprite 'sprites/gamestart-spr.txt'
03:37:30    0 ResourceManager::loadSprite(): Opened file 'sprites/gamestart-spr.txt'
03:37:30    0 ResourceManager::loadSprite(): Sprite 'gamestart' successfully loaded
03:37:30    0 ResourceManager::loadSprite(): Loading sprite 'sprites/gameover-spr.txt'
03:37:30    0 ResourceManager::loadSprite(): Opened file 'sprites/gameover-spr.txt'
03:37:30    0 ResourceManager::loadSprite(): Sprite 'gameover' successfully loaded
03:37:30    0 ResourceManager::loadSprite(): Loading sprite 'sprites/level_won.txt'
03:37:30    0 ResourceManager::loadSprite(): Opened file 'sprites/level_won.txt'
03:37:30    0 ResourceManager::loadSprite(): Sprite 'level_won' successfully loaded
03:37:30    0 ResourceManager::loadSprite(): Loading sprite 'sprites/level_intro.txt'
03:37:30    0 ResourceManager::loadSprite(): Opened file 'sprites/level_intro.txt'
03:37:30    0 ResourceManager::loadSprite(): Sprite 'level_intro' successfully loaded
03:37:30    0 ResourceManager::loadSprite(): Loading sprite 'sprites/level_1.txt'
03:37:30    0 ResourceManager::loadSprite(): Opened file 'sprites/level_1.txt'
03:37:30    0 ResourceManager::loadSprite(): Sprite 'level_1' successfully loaded
03:37:30    0 ResourceManager::loadSprite(): Loading sprite 'sprites/saucer-spr.txt'
03:37:30    0 ResourceManager::loadSprite(): Opened file 'sprites/saucer-spr.txt'
03:37:30    0 ResourceManager::loadSprite(): Sprite 'saucer' successfully loaded
03:37:30    0 ResourceManager::loadSprite(): Loading sprite 'sprites/ship-spr.txt'
03:37:30    0 ResourceManager::loadSprite(): Opened file 'sprites/ship-spr.txt'
03:37:30    0 ResourceManager::loadSprite(): Sprite 'ship' successfully loaded
03:37:30    0 ResourceManager::loadSprite(): Loading sprite 'sprites/boss.txt'
03:37:30    0 ResourceManager::loadSprite(): Opened file 'sprites/boss.txt'
03:37:30    0 ResourceManager::loadSprite(): Sprite 'boss' successfully loaded
03:37:30    0 ResourceManager::loadSprite(): Loading sprite 'sprites/boss-weakpoint.txt'
03:37:30    0 ResourceManager::loadSprite(): Opened file 'sprites/boss-weakpoint.txt'
03:37:30    0 ResourceManager::loadSprite(): Sprite 'boss-weakpoint' successfully loaded
03:37:30    0 ResourceManager::loadSprite(): Loading sprite 'sprites/ak47_2.txt'
03:37:30    0 ResourceManager::loadSprite(): Opened file 'sprites/ak47_2.txt'
03:37:30    0 ResourceManager::loadSprite(): Sprite 'AK47' successfully loaded
03:37:30    0 ResourceManager::loadSprite(): Loading sprite 'sprites/awp.txt'
03:37:30    0 ResourceManager::loadSprite(): Opened file 'sprites/awp.txt'
03:37:30    0 ResourceManager::loadSprite(): Sprite 'AWP' successfully loaded
03:37:30    0 ResourceManager::loadSprite(): Loading sprite 'sprites/grenade-launcher.txt'
03:37:30    0 ResourceManager::loadSprite(): Opened file 'sprites/grenade-launcher.txt'
03:37:30    0 ResourceManager::loadSprite(): Sprite 'GrenadeLauncher' successfully loaded
03:37:30    0 ResourceManager::loadSprite(): Loading sprite 'sprites/ak47_bullet.txt'
03:37:30    0 ResourceManager::loadSprite(): Opened file 'sprites/ak47_bullet.txt'
03:37:30    0 ResourceManager::loadSprite(): Sprite 'AK47_bullet' successfully loaded
03:37:30    0 ResourceManager::loadSprite(): Loading sprite 'sprites/awp_bullet.txt'
03:37:30    0 ResourceManager::loadSprite(): Opened file 'sprites/awp_bullet.txt'
03:37:30    0 ResourceManager::loadSprite(): Sprite 'AWP_bullet' successfully loaded
03:37:30    0 ResourceManager::loadSprite(): Loading sprite 'sprites/grenade_bullet.txt'
03:37:30    0 ResourceManager::loadSprite(): Opened file 'sprites/grenade_bullet.txt'
03:37:30    0 ResourceManager::loadSprite(): Sprite 'GrenadeLauncher_bullet' successfully loaded
03:37:30    0 ResourceManager::loadSprite(): Loading sprite 'sprites/bullet_trail.txt'
03:37:30    0 ResourceManager::loadSprite(): Opened file 'sprites/bullet_trail.txt'
03:37:30    0 ResourceManager::loadSprite(): Sprite 'bullet_trail' successfully loaded
03:37:30    0 ResourceManager::loadSprite(): Loading sprite 'sprites/explosion-spr.txt'
03:37:30    0 ResourceManager::loadSprite(): Opened file 'sprites/explosion-spr.txt'
03:37:30    0 ResourceManager::loadSprite(): Sprite 'explosion' successfully loaded
03:37:30    0 ResourceManager::loadSprite(): Loading sprite 'sprites/nuke.txt'
03:37:30    0 ResourceManager::loadSprite(): Opened file 'sprites/nuke.txt'
03:37:30    0 ResourceManager::loadSprite(): Sprite 'nuke' successfully loaded
03:37:30    0 ResourceManager::loadSprite(): Loading sprite 'sprites/character-walk_2.txt'
03:37:30    0 ResourceManager::loadSprite(): Opened file 'sprites/character-walk_2.txt'
03:37:30    0 ResourceManager::loadSprite(): Sprite 'character-walk' successfully loaded
03:37:30    0 ResourceManager::loadSprite(): Loading sprite 'sprites/character-duck.txt'
03:37:30    0 ResourceManager::loadSprite(): Opened file 'sprites/character-duck.txt'
03:37:30    0 ResourceManager::loadSprite(): Sprite 'character-duck' successfully loaded
03:37:30    0 ResourceManager::loadSprite(): Loading sprite 'sprites/platform.txt'
03:37:30    0 ResourceManager::loadSprite(): Opened file 'sprites/platform.txt'
03:37:30    0 ResourceManager::loadSprite(): Sprite 'platform' successfully loaded
03:37:30    0 ResourceManager::loadSprite(): Loading sprite 'sprites/refill-ammo.txt'
03:37:30    0 ResourceManager::loadSprite(): Opened file 'sprites/refill-ammo.txt'
03:37:30    0 ResourceManager::loadSprite(): Sprite 'ammo-refill' successfully loaded
03:37:30    0 ResourceManager::loadSprite(): Loading sprite 'sprites/intro/1.txt'
03:37:30    0 ResourceManager::loadSprite(): Opened file 'sprites/intro/1.txt'
03:37:30    0 ResourceManager::loadSprite(): Sprite 'intro_1' successfully loaded
03:37:30    0 ResourceManager::loadSprite(): Loading sprite 'sprites/intro/2.txt'
03:37:30    0 ResourceManager::loadSprite(): Opened file 'sprites/intro/2.txt'
03:37:30    0 ResourceManager::loadSprite(): Sprite 'intro_2' successfully loaded
03:37:30    0 ResourceManager::loadSprite(): Loading sprite 'sprites/intro/3.txt'
03:37:30    0 ResourceManager::loadSprite(): Opened file 'sprites/intro/3.txt'
03:37:30    0 ResourceManager::loadSprite(): Sprite 'intro_3' successfully loaded
03:37:30    0 ResourceManager::loadSprite(): Loading sprite 'sprites/intro/4.txt'
03:37:30    0 ResourceManager::loadSprite(): Opened file 'sprites/intro/4.txt'
03:37:30    0 ResourceManager::loadSprite(): Sprite 'intro_4' successfully loaded
03:37:30    0 ResourceManager::loadSprite(): Loading sprite 'sprites/intro/5.txt'
03:37:30    0 ResourceManager::loadSprite(): Opened file 'sprites/intro/5.txt'
03:37:30    0 ResourceManager::loadSprite(): Sprite 'intro_5' successfully loaded
03:37:30    0 ResourceManager::loadSprite(): Loading sprite 'sprites/intro/6.txt'
03:37:30    0 ResourceManager::loadSprite(): Opened file 'sprites/intro/6.txt'
03:37:30    0 ResourceManager::loadSprite(): Sprite 'intro_6' successfully loaded
03:37:30    0 ResourceManager::loadSprite(): Loading sprite 'sprites/intro/7.txt'
03:37:30    0 ResourceManager::loadSprite(): Opened file 'sprites/intro/7.txt'
03:37:30    0 ResourceManager::loadSprite(): Sprite 'intro_7' successfully loaded
03:37:30    0 ResourceManager::loadSprite(): Loading sprite 'sprites/intro/small.txt'
03:37:30    0 ResourceManager::loadSprite(): Opened file 'sprites/intro/small.txt'
03:37:30    0 ResourceManager::loadSprite(): Sprite 'intro_small' successfully loaded
03:37:30    0 ResourceManager::loadSprite(): Loading sprite 'sprites/number_font/green_0.txt'
03:37:30    0 ResourceManager::loadSprite(): Opened file 'sprites/number_font/green_0.txt'
03:37:30    0 ResourceManager::loadSprite(): Sprite 'green_0' successfully loaded
03:37:30    0 ResourceManager::loadSprite(): Loading sprite 'sprites/number_font/green_1.txt'
03:37:30    0 ResourceManager::loadSprite(): Opened file 'sprites/number_font/green_1.txt'
03:37:30    0 ResourceManager::loadSprite(): Sprite 'green_1' successfully loaded
03:37:30    0 ResourceManager::loadSprite(): Loading sprite 'sprites/number_font/green_2.txt'
03:37:30    0 ResourceManager::loadSprite(): Opened file 'sprites/number_font/green_2.txt'
03:37:30    0 ResourceManager::loadSprite(): Sprite 'green_2' successfully loaded
03:37:30    0 ResourceManager::loadSprite(): Loading sprite 'sprites/number_font/green_3.txt'
03:37:30    0 ResourceManager::loadSprite(): Opened file 'sprites/number_font/green_3.txt'
03:37:30    0 ResourceManager::loadSprite(): Sprite 'green_3' successfully loaded
03:37:30    0 ResourceManager::loadSprite(): Loading sprite 'sprites/number_font/green_4.txt'
03:37:30    0 ResourceManager::loadSprite(): Opened file 'sprites/number_font/green_4.txt'
03:37:30    0 ResourceManager::loadSprite(): Sprite 'green_4' successfully loaded
03:37:30    0 ResourceManager::loadSprite(): Loading sprite 'sprites/number_font/green_5.txt'
03:37:30    0 ResourceManager::loadSprite(): Opened file 'sprites/number_font/green_5.txt'
03:37:30    0 ResourceManager::loadSprite(): Sprite 'green_5' successfully loaded
03:37:30    0 ResourceManager::loadSprite(): Loading sprite 'sprites/number_font/green_6.txt'
03:37:30    0 ResourceManager::loadSprite(): Opened file 'sprites/number_font/green_6.txt'
03:37:30    0 ResourceManager::loadSprite(): Sprite 'green_6' successfully loaded
03:37:30    0 ResourceManager::loadSprite(): Loading sprite 'sprites/number_font/green_7.txt'
03:37:30    0 ResourceManager::loadSprite(): Opened file 'sprites/number_font/green_7.txt'
03:37:30    0 ResourceManager::loadSprite(): Sprite 'green_7' successfully loaded
03:37:30    0 ResourceManager::loadSprite(): Loading sprite 'sprites/number_font/green_8.txt'
03:37:30    0 ResourceManager::loadSprite(): Opened file 'sprites/number_font/green_8.txt'
03:37:30    0 ResourceManager::loadSprite(): Sprite 'green_8' successfully loaded
03:37:30    0 ResourceManager::loadSprite(): Loading sprite 'sprites/number_font/green_9.txt'
03:37:30    0 ResourceManager::loadSprite(): Opened file 'sprites/number_font/green_9.txt'
03:37:30    0 ResourceManager::loadSprite(): Sprite 'green_9' successfully loaded
03:37:30    0 ResourceManager::loadSprite(): Loading sprite 'sprites/number_font/red_0.txt'
03:37:30    0 ResourceManager::loadSprite(): Opened file 'sprites/number_font/red_0.txt'
03:37:30    0 ResourceManager::loadSprite(): Sprite 'red_0' successfully loaded
03:37:30    0 ResourceManager::loadSprite(): Loading sprite 'sprites/number_font/red_1.txt'
03:37:30    0 ResourceManager::loadSprite(): Opened file 'sprites/number_font/red_1.txt'
03:37:30    0 ResourceManager::loadSprite(): Sprite 'red_1' successfully loaded
03:37:30    0 ResourceManager::loadSprite(): Loading sprite 'sprites/number_font/red_2.txt'
03:37:30    0 ResourceManager::loadSprite(): Opened file 'sprites/number_font/red_2.txt'
03:37:30    0 ResourceManager::loadSprite(): Sprite 'red_2' successfully loaded
03:37:30    0 ResourceManager::loadSprite(): Loading sprite 'sprites/number_font/red_3.txt'
03:37:30    0 ResourceManager::loadSprite(): Opened file 'sprites/number_font/red_3.txt'
03:37:30    0 ResourceManager::loadSprite(): Sprite 'red_3' successfully loaded
03:37:30    0 ResourceManager::loadSprite(): Loading sprite 'sprites/number_font/red_4.txt'
03:37:30    0 ResourceManager::loadSprite(): Opened file 'sprites/number_font/red_4.txt'
03:37:30    0 ResourceManager::loadSprite(): Sprite 'red_4' successfully loaded
03:37:30    0 ResourceManager::loadSprite(): Loading sprite 'sprites/number_font/red_5.txt'
03:37:30    0 ResourceManager::loadSprite(): Opened file 'sprites/number_font/red_5.txt'
03:37:30    0 ResourceManager::loadSprite(): Sprite 'red_5' successfully loaded
03:37:30    0 ResourceManager::loadSprite(): Loading sprite 'sprites/number_font/red_6.txt'
03:37:30    0 ResourceManager::loadSprite(): Opened file 'sprites/number_font/red_6.txt'
03:37:30    0 ResourceManager::loadSprite(): Sprite 'red_6' successfully loaded
03:37:30    0 ResourceManager::loadSprite(): Loading sprite 'sprites/number_font/red_7.txt'
03:37:30    0 ResourceManager::loadSprite(): Opened file 'sprites/number_font/red_7.txt'
03:37:30    0 ResourceManager::loadSprite(): Sprite 'red_7' successfully loaded
03:37:30    0 ResourceManager::loadSprite(): Loading sprite 'sprites/number_font/red_8.txt'
03:37:30    0 ResourceManager::loadSprite(): Opened file 'sprites/number_font/red_8.txt'
03:37:30    0 ResourceManager::loadSprite(): Sprite 'red_8' successfully loaded
03:37:30    0 ResourceManager::loadSprite(): Loading sprite 'sprites/number_font/red_9.txt'
03:37:30    0 ResourceManager::loadSprite(): Opened file 'sprites/number_font/red_9.txt'
03:37:30    0 ResourceManager::loadSprite(): Sprite 'red_9' successfully loaded
03:37:30    0 ResourceManager::loadSprite(): Loading sprite 'sprites/number_font/yellow_0.txt'
03:37:30    0 ResourceManager::loadSprite(): Opened file 'sprites/number_font/yellow_0.txt'
03:37:30    0 ResourceManager::loadSprite(): Sprite 'yellow_0' successfully loaded
03:37:30    0 ResourceManager::loadSprite(): Loading sprite 'sprites/number_font/yellow_1.txt'
03:37:30    0 ResourceManager::loadSprite(): Opened file 'sprites/number_font/yellow_1.txt'
03:37:30    0 ResourceManager::loadSprite(): Sprite 'yellow_1' successfully loaded
03:37:30    0 ResourceManager::loadSprite(): Loading sprite 'sprites/number_font/yellow_2.txt'
03:37:30    0 ResourceManager::loadSprite(): Opened file 'sprites/number_font/yellow_2.txt'
03:37:30    0 ResourceManager::loadSprite(): Sprite 'yellow_2' successfully loaded
03:37:30    0 ResourceManager::loadSprite(): Loading sprite 'sprites/number_font/yellow_3.txt'
03:37:30    0 ResourceManager::loadSprite(): Opened file 'sprites/number_font/yellow_3.txt'
03:37:30    0 ResourceManager::loadSprite(): Sprite 'yellow_3' successfully loaded
03:37:30    0 ResourceManager::loadSprite(): Loading sprite 'sprites/number_font/yellow_4.txt'
03:37:30    0 ResourceManager::loadSprite(): Opened file 'sprites/number_font/yellow_4.txt'
03:37:30    0 ResourceManager::loadSprite(): Sprite 'yellow_4' successfully loaded
03:37:30    0 ResourceManager::loadSprite(): Loading sprite 'sprites/number_font/yellow_5.txt'
03:37:30    0 ResourceManager::loadSprite(): Opened file 'sprites/number_font/yellow_5.txt'
03:37:30    0 ResourceManager::loadSprite(): Sprite 'yellow_5' successfully loaded
03:37:30    0 ResourceManager::loadSprite(): Loading sprite 'sprites/number_font/yellow_6.txt'
03:37:30    0 ResourceManager::loadSprite(): Opened file 'sprites/number_font/yellow_6.txt'
03:37:30    0 ResourceManager::loadSprite(): Sprite 'yellow_6' successfully loaded
03:37:30    0 ResourceManager::loadSprite(): Loading sprite 'sprites/number_font/yellow_7.txt'
03:37:30    0 ResourceManager::loadSprite(): Opened file 'sprites/number_font/yellow_7.txt'
03:37:30    0 ResourceManager::loadSprite(): Sprite 'yellow_7' successfully loaded
03:37:30    0 ResourceManager::loadSprite(): Loading sprite 'sprites/number_font/yellow_8.txt'
03:37:30    0 ResourceManager::loadSprite(): Opened file 'sprites/number_font/yellow_8.txt'
03:37:30    0 ResourceManager::loadSprite(): Sprite 'yellow_8' successfully loaded
03:37:30    0 ResourceManager::loadSprite(): Loading sprite 'sprites/number_font/yellow_9.txt'
03:37:30    0 ResourceManager::loadSprite(): Opened file 'sprites/number_font/yellow_9.txt'
03:37:30    0 ResourceManager::loadSprite(): Sprite 'yellow_9' successfully loaded
03:37:30    0 ResourceManager::loadSprite(): Loading sprite 'sprites/number_font/slash.txt'
03:37:30    0 ResourceManager::loadSprite(): Opened file 'sprites/number_font/slash.txt'
03:37:30    0 ResourceManager::loadSprite(): Sprite 'slash' successfully loaded
03:37:30    0 ResourceManager::loadSprite(): Loading sprite 'sprites/ammo_display.txt'
03:37:30    0 ResourceManager::loadSprite(): Opened file 'sprites/ammo_display.txt'
03:37:30    0 ResourceManager::loadSprite(): Sprite 'ammo_display' successfully loaded
03:37:31    0 ResourceManager::loadSound(): Sound 'AK47_fire' successfully loaded
03:37:31    0 ResourceManager::loadSound(): Sound 'AWP_fire' successfully loaded
03:37:31    0 ResourceManager::loadSound(): Sound 'GrenadeLauncher_fire' successfully loaded
03:37:31    0 ResourceManager::loadSound(): Sound 'ammo_empty' successfully loaded
03:37:31    0 ResourceManager::loadSound(): Sound 'AK47_reload' successfully loaded
03:37:32    0 ResourceManager::loadSound(): Sound 'AWP_reload' successfully loaded
03:37:32    0 ResourceManager::loadSound(): Sound 'GrenadeLauncher_reload' successfully loaded
03:37:32    0 ResourceManager::loadSound(): Sound 'awp_bolt' successfully loaded
03:37:32    0 ResourceManager::loadSound(): Sound 'pickup1' successfully loaded
03:37:32    0 ResourceManager::loadSound(): Sound 'pickup2' successfully loaded
03:37:32    0 ResourceManager::loadSound(): Sound 'explode' successfully loaded
03:37:32    0 ResourceManager::loadSound(): Sound 'nuke' successfully loaded
03:37:32    0 ResourceManager::loadSound(): Sound 'saucer_death' successfully loaded
03:37:32    0 ResourceManager::loadSound(): Sound 'game over' successfully loaded
03:37:33    0 ResourceManager::loadSound(): Sound 'level_won' successfully loaded
03:37:33    0 ResourceManager::loadMusic(): Music 'start music' successfully loaded
03:37:33    0 ResourceManager::loadMusic(): Music 'music_theme' successfully loaded
03:37:33    0 ResourceManager::loadMusic(): Music 'music_boss' successfully loaded
03:37:33    0 Client::Client(): Connecting to localhost at port 9876.
03:37:33    0 NetworkManager::connect(): Connecting to localhost, port 9876.
03:37:33    0 NetworkManager::connect(): Connection established.
03:37:33    0 Client::handleConnect(): Client connected!
03:37:33    0 Client::Client(): Client started.
03:37:33    0 GameManager::run(): starting game loop
03:37:33    0 Client::eventHandler(): sending mouse input to server.
03:37:33    0 Client following hero id 0
03:37:33    0 Client::eventHandler(): received custom network event.
03:37:33    0 	message: 20
03:37:33    0 Client::createObject(): creating object type 'Hero'
03:37:33    0 Hero::deserialize()
03:37:33    0 Hero::deserialize(): current health is 50
03:37:33    0 Hero::deserialize(): current weapon is 1
03:37:33    0 Client::createObject(): creating object type 'Level'
03:37:33    0 Client::createObject(): creating object type 'Platform'
03:37:33    0 Client::createObject(): creating object type 'Platform'
03:37:33    0 Client::createObject(): creating object type 'Platform'
03:37:33    0 Client::createObject(): creating object type 'Platform'
03:37:33    0 Client::createObject(): creating object type 'Platform'
03:37:33    0 Client::createObject(): creating object type 'Platform'
03:37:33    0 Client::createObject(): creating object type 'Platform'
03:37:33    0 Client::createObject(): creating object type 'Platform'
03:37:33    0 Client::createObject(): creating object type 'Platform'
03:37:33    0 Client::createObject(): creating object type 'Platform'
03:37:33    0 Client::createObject(): creating object type 'Platform'
03:37:33    0 Client::createObject(): creating object type 'Platform'
03:37:33    0 Client::createObject(): creating object type 'Platform'
03:37:33    0 Client::createObject(): creating object type 'Platform'
03:37:33    0 Client::createObject(): creating object type 'Platform'
03:37:33    0 Client::createObject(): creating object type 'Platform'
03:37:33    0 Client::createObject(): creating object type 'Platform'
03:37:33    0 Hero::deserialize()
03:37:33    0 Weapon::deserialize()
03:37:33    0 Weapon::deserialize(): ammo_loaded is 30
03:37:33    0 Weapon::deserialize(): ammo_backup is 90
03:37:33    0 Weapon::deserialize()
03:37:33    0 SceneGraph::updateAltitude(): remove from old altitude (2) failed!
03:37:33    0 Weapon::deserialize(): ammo_loaded is 10
03:37:33    0 Weapon::deserialize(): ammo_backup is 30
03:37:33    0 Weapon::deserialize()
03:37:33    0 SceneGraph::updateAltitude(): remove from old altitude (2) failed!
03:37:33    0 Weapon::deserialize(): ammo_loaded is 1
03:37:33    0 Weapon::deserialize(): ammo_backup is 30
03:37:33    1 Client following hero id 20
03:37:33    1 Reticle received step event
03:37:33    2 Client::eventHandler(): sending mouse input to server.
03:37:33    2 Reticle received mouse event
03:37:33    2 Client following hero id 20
03:37:33    2 Reticle received step event
03:37:33    2 Hero::deserialize()
03:37:33    2 Weapon::deserialize()
03:37:33    3 Client following hero id 20
03:37:33    3 Reticle received step event
03:37:33    3 Hero::deserialize()
03:37:33    3 Weapon::deserialize()
03:37:33    4 Client following hero id 20
03:37:33    4 Reticle received step event
03:37:33    4 Hero::deserialize()
03:37:33    4 Weapon::deserialize()
03:37:33    5 Client following hero id 20
03:37:33    5 Reticle received step event
03:37:33    5 Hero::deserialize()
03:37:33    5 Weapon::deserialize()
03:37:33    6 Client following hero id 20
03:37:33    6 Reticle received step event
03:37:33    6 Hero::deserialize()
03:37:33    6 Weapon::deserialize()
03:37:33    7 Client following hero id 20
03:37:33    7 Reticle received step event
03:37:33    7 Hero::deserialize()
03:37:33    7 Weapon::deserialize()
03:37:33    8 Client following hero id 20
03:37:33    8 Reticle received step event
03:37:33    8 Hero::deserialize()
03:37:33    8 Weapon::deserialize()
03:37:33    9 Client following hero id 20
03:37:33    9 Reticle received step event
03:37:33    9 Hero::deserialize()
03:37:33    9 Weapon::deserialize()
03:37:33   10 Client following hero id 20
03:37:33   10 Reticle received step event
03:37:33   10 Hero::deserialize()
03:37:33   10 Weapon::deserialize()
03:37:33   11 Client following hero id 20
03:37:33   11 Reticle received step event
03:37:33   11 Hero::deserialize()
03:37:33   11 Weapon::deserialize()
03:37:33   12 Client following hero id 20
03:37:33   12 Reticle received step event
03:37:33   12 Hero::deserialize()
03:37:33   12 Weapon::deserialize()
03:37:33   13 Client following hero id 20
03:37:33   13 Reticle received step event
03:37:33   13 Hero::deserialize()
03:37:33   13 Weapon::deserialize()
03:37:33   14 Client following hero id 20
03:37:33   14 Reticle received step event
03:37:33   14 Hero::deserialize()
03:37:33   14 Weapon::deserialize()
03:37:33   15 Client following hero id 20
03:37:33   15 Reticle received step event
03:37:33   15 Hero::deserialize()
03:37:33   15 Weapon::deserialize()
03:37:33   16 Client following hero id 20
03:37:33   16 Reticle received step event
03:37:33   16 Hero::deserialize()
03:37:33   16 Weapon::deserialize()
03:37:33   17 Client following hero id 20
03:37:33   17 Reticle received step event
03:37:33   17 Hero::deserialize()
03:37:33   17 Weapon::deserialize()
03:37:33   18 Client following hero id 20
03:37:33   18 Reticle received step event
03:37:33   18 Hero::deserialize()
03:37:33   18 Weapon::deserialize()
03:37:33   19 Client following hero id 20
03:37:33   19 Reticle received step event
03:37:33   19 Hero::deserialize()
03:37:33   19 Weapon::deserialize()
03:37:34   20 Client following hero id 20
03:37:34   20 Reticle received step event
03:37:34   20 Hero::deserialize()
03:37:34   20 Weapon::deserialize()
03:37:34   21 Client following hero id 20
03:37:34   21 Reticle received step event
03:37:34   21 Hero::deserialize()
03:37:34   21 Weapon::deserialize()
03:37:34   22 Client following hero id 20
03:37:34   22 Reticle received step event
03:37:34   22 Hero::deserialize()
03:37:34   22 Weapon::deserialize()
03:37:34   23 Client following hero id 20
03:37:34   23 Reticle received step event
03:37:34   23 Hero::deserialize()
03:37:34   23 Weapon::deserialize()
03:37:34   24 Client following hero id 20
03:37:34   24 Reticle received step event
03:37:34   24 Hero::deserialize()
03:37:34   24 Weapon::deserialize()
03:37:34   25 Client following hero id 20
03:37:34   25 Reticle received step event
03:37:34   25 Hero::deserialize()
03:37:34   25 Weapon::deserialize()
03:37:34   26 Client following hero id 20
03:37:34   26 Reticle received step event
03:37:34   26 Hero::deserialize()
03:37:34   26 Weapon::deserialize()
03:37:34   27 Client following hero id 20
03:37:34   27 Reticle received step event
03:37:34   27 Hero::deserialize()
03:37:34   27 Weapon::deserialize()
03:37:34   28 Client following hero id 20
03:37:34   28 Reticle received step event
03:37:34   28 Hero::deserialize()
03:37:34   28 Weapon::deserialize()
03:37:34   29 Client following hero id 20
03:37:34   29 Reticle received step event
03:37:34   29 Hero::deserialize()
03:37:34   29 Weapon::deserialize()
03:37:34   30 Client following hero id 20
03:37:34   30 Reticle received step event
03:37:34   30 Hero::deserialize()
03:37:34   30 Weapon::deserialize()
03:37:34   31 Client::eventHandler(): sending mouse input to server.
03:37:34   31 Reticle received mouse event
03:37:34   31 Client following hero id 20
03:37:34   31 Reticle received step event
03:37:34   31 Hero::deserialize()
03:37:34   31 Weapon::deserialize()
03:37:34   32 Client following hero id 20
03:37:34   32 Reticle received step event
03:37:34   32 Hero::deserialize()
03:37:34   32 Weapon::deserialize()
03:37:34   33 Client following hero id 20
03:37:34   33 Reticle received step event
03:37:34   33 Hero::deserialize()
03:37:34   33 Weapon::deserialize()
03:37:34   34 Client following hero id 20
03:37:34   34 Reticle received step event
03:37:34   34 Hero::deserialize()
03:37:34   34 Weapon::deserialize()
03:37:34   35 Client following hero id 20
03:37:34   35 Reticle received step event
03:37:34   35 Hero::deserialize()
03:37:34   35 Weapon::deserialize()
03:37:34   36 Client following hero id 20
03:37:34   36 Reticle received step event
03:37:34   36 Hero::deserialize()
03:37:34   36 Weapon::deserialize()
03:37:34   37 Client following hero id 20
03:37:34   37 Reticle received step event
03:37:34   37 Hero::deserialize()
03:37:34   37 Weapon::deserialize()
03:37:34   38 Client following hero id 20
03:37:34   38 Reticle received step event
03:37:34   38 Hero::deserialize()
03:37:34   38 Weapon::deserialize()
03:37:34   39 Client following hero id 20
03:37:34   39 Reticle received step event
03:37:34   39 Hero::deserialize()
03:37:34   39 Weapon::deserialize()
03:37:34   40 Client following hero id 20
03:37:34   40 Reticle received step event
03:37:34   40 Hero::deserialize()
03:37:34   40 Weapon::deserialize()
03:37:34   41 Client following hero id 20
03:37:34   41 Reticle received step event
03:37:34   41 Hero::deserialize()
03:37:34   41 Weapon::deserialize()
03:37:34   42 Client following hero id 20
03:37:34   42 Reticle received step event
03:37:34   42 Hero::deserialize()
03:37:34   42 Weapon::deserialize()
03:37:34   43 Client following hero id 20
03:37:34   43 Reticle received step event
03:37:34   43 Hero::deserialize()
03:37:34   43 Weapon::deserialize()
03:37:34   44 Client following hero id 20
03:37:34   44 Reticle received step event
03:37:34   44 Hero::deserialize()
03:37:34   44 Weapon::deserialize()
03:37:34   45 Client following hero id 20
03:37:34   45 Reticle received step event
03:37:34   45 Hero::deserialize()
03:37:34   45 Weapon::deserialize()
03:37:34   46 Client following hero id 20
03:37:34   46 Reticle received step event
03:37:34   46 Hero::deserialize()
03:37:34   46 Weapon::deserialize()
03:37:34   47 Client following hero id 20
03:37:34   47 Reticle received step event
03:37:34   47 Hero::deserialize()
03:37:34   47 Weapon::deserialize()
03:37:34   48 Client following hero id 20
03:37:34   48 Reticle received step event
03:37:34   48 Hero::deserialize()
03:37:34   48 Weapon::deserialize()
03:37:34   49 Client following hero id 20
03:37:34   49 Reticle received step event
03:37:34   49 Hero::deserialize()
03:37:34   49 Weapon::deserialize()
03:37:34   50 Client following hero id 20
03:37:34   50 Reticle received step event
03:37:34   50 Hero::deserialize()
03:37:34   50 Weapon::deserialize()
03:37:35   51 Client following hero id 20
03:37:35   51 Reticle received step event
03:37:35   51 Hero::deserialize()
03:37:35   51 Weapon::deserialize()
03:37:35   52 Client following hero id 20
03:37:35   52 Reticle received step event
03:37:35   52 Hero::deserialize()
03:37:35   52 Weapon::deserialize()
03:37:35   53 Client following hero id 20
03:37:35   53 Reticle received step event
03:37:35   53 Hero::deserialize()
03:37:35   53 Weapon::deserialize()
03:37:35   54 Client following hero id 20
03:37:35   54 Reticle received step event
03:37:35   54 Hero::deserialize()
03:37:35   54 Weapon::deserialize()
03:37:35   55 Client following hero id 20
03:37:35   55 Reticle received step event
03:37:35   55 Hero::deserialize()
03:37:35   55 Weapon::deserialize()
03:37:35   56 Client following hero id 20
03:37:35   56 Reticle received step event
03:37:35   56 Hero::deserialize()
03:37:35   56 Weapon::deserialize()
03:37:35   57 Client following hero id 20
03:37:35   57 Reticle received step event
03:37:35   57 Hero::deserialize()
03:37:35   57 Weapon::deserialize()
03:37:35   58 Client following hero id 20
03:37:35   58 Reticle received step event
03:37:35   58 Hero::deserialize()
03:37:35   58 Weapon::deserialize()
03:37:35   59 Client following hero id 20
03:37:35   59 Reticle received step event
03:37:35   59 Hero::deserialize()
03:37:35   59 Weapon::deserialize()
03:37:35   60 Client following hero id 20
03:37:35   60 Reticle received step event
03:37:35   60 Hero::deserialize()
03:37:35   60 Weapon::deserialize()
03:37:35   61 Client following hero id 20
03:37:35   61 Reticle received step event
03:37:35   61 Hero::deserialize()
03:37:35   61 Weapon::deserialize()
03:37:35   62 Client following hero id 20
03:37:35   62 Reticle received step event
03:37:35   62 Hero::deserialize()
03:37:35   62 Weapon::deserialize()
03:37:35   63 Client following hero id 20
03:37:35   63 Reticle received step event
03:37:35   63 Hero::deserialize()
03:37:35   63 Weapon::deserialize()
03:37:35   64 Client following hero id 20
03:37:35   64 Reticle received step event
03:37:35   64 Hero::deserialize()
03:37:35   64 Weapon::deserialize()
03:37:35   65 Client following hero id 20
03:37:35   65 Reticle received step event
03:37:35   65 Hero::deserialize()
03:37:35   65 Weapon::deserialize()
03:37:35   66 Client following hero id 20
03:37:35   66 Reticle received step event
03:37:35   66 Hero::deserialize()
03:37:35   66 Weapon::deserialize()
03:37:35   67 Client following hero id 20
03:37:35   67 Reticle received step event
03:37:35   67 Hero::deserialize()
03:37:35   67 Weapon::deserialize()
03:37:35   68 Client following hero id 20
03:37:35   68 Reticle received step event
03:37:35   68 Hero::deserialize()
03:37:35   68 Weapon::deserialize()
03:37:35   69 Client following hero id 20
03:37:35   69 Reticle received step event
03:37:35   69 Hero::deserialize()
03:37:35   69 Weapon::deserialize()
03:37:35   70 Client following hero id 20
03:37:35   70 Reticle received step event
03:37:35   70 Hero::deserialize()
03:37:35   70 Weapon::deserialize()
03:37:35   71 Client following hero id 20
03:37:35   71 Reticle received step event
03:37:35   71 Hero::deserialize()
03:37:35   71 Weapon::deserialize()
03:37:35   72 Client following hero id 20
03:37:35   72 Reticle received step event
03:37:35   72 Hero::deserialize()
03:37:35   72 Weapon::deserialize()
03:37:35   73 Client following hero id 20
03:37:35   73 Reticle received step event
03:37:35   73 Hero::deserialize()
03:37:35   73 Weapon::deserialize()
03:37:35   74 Client following hero id 20
03:37:35   74 Reticle received step event
03:37:35   74 Hero::deserialize()
03:37:35   74 Weapon::deserialize()
03:37:35   75 Client following hero id 20
03:37:35   75 Reticle received step event
03:37:35   75 Hero::deserialize()
03:37:35   75 Weapon::deserialize()
03:37:35   76 Client following hero id 20
03:37:35   76 Reticle received step event
03:37:35   76 Hero::deserialize()
03:37:35   76 Weapon::deserialize()
03:37:35   77 Client following hero id 20
03:37:35   77 Reticle received step event
03:37:35   77 Hero::deserialize()
03:37:35   77 Weapon::deserialize()
03:37:35   78 Client following hero id 20
03:37:35   78 Reticle received step event
03:37:35   78 Hero::deserialize()
03:37:35   78 Weapon::deserialize()
03:37:35   79 Client following hero id 20
03:37:35   79 Reticle received step event
03:37:35   79 Hero::deserialize()
03:37:35   79 Weapon::deserialize()
03:37:35   80 Client following hero id 20
03:37:35   80 Reticle received step event
03:37:35   80 Hero::deserialize()
03:37:35   80 Weapon::deserialize()
03:37:36   81 Client following hero id 20
03:37:36   81 Reticle received step event
03:37:36   81 Hero::deserialize()
03:37:36   81 Weapon::deserialize()
03:37:36   82 Client following hero id 20
03:37:36   82 Reticle received step event
03:37:36   82 Hero::deserialize()
03:37:36   82 Weapon::deserialize()
03:37:36   83 Client following hero id 20
03:37:36   83 Reticle received step event
03:37:36   83 Hero::deserialize()
03:37:36   83 Weapon::deserialize()
03:37:36   84 Client following hero id 20
03:37:36   84 Reticle received step event
03:37:36   84 Hero::deserialize()
03:37:36   84 Weapon::deserialize()
03:37:36   85 Client following hero id 20
03:37:36   85 Reticle received step event
03:37:36   85 Hero::deserialize()
03:37:36   85 Weapon::deserialize()
03:37:36   86 Client following hero id 20
03:37:36   86 Reticle received step event
03:37:36   86 Hero::deserialize()
03:37:36   86 Weapon::deserialize()
03:37:36   87 Client::eventHandler(): sending mouse input to server.
03:37:36   87 Reticle received mouse event
03:37:36   87 Client following hero id 20
03:37:36   87 Reticle received step event
03:37:36   87 Hero::deserialize()
03:37:36   87 Weapon::deserialize()
03:37:36   88 Client::eventHandler(): sending mouse input to server.
03:37:36   88 Reticle received mouse event
03:37:36   88 Client following hero id 20
03:37:36   88 Reticle received step event
03:37:36   88 Hero::deserialize()
03:37:36   88 Weapon::deserialize()
03:37:36   89 Client::eventHandler(): sending mouse input to server.
03:37:36   89 Reticle received mouse event
03:37:36   89 Client following hero id 20
03:37:36   89 Reticle received step event
03:37:36   89 Hero::deserialize()
03:37:36   89 Weapon::deserialize()
03:37:36   90 Client::eventHandler(): sending mouse input to server.
03:37:36   90 Reticle received mouse event
03:37:36   90 Client::eventHandler(): sending mouse input to server.
03:37:36   90 Reticle received mouse event
03:37:36   90 Client following hero id 20
03:37:36   90 Reticle received step event
03:37:36   90 Hero::deserialize()
03:37:36   90 Weapon::deserialize()
03:37:36   91 Client::eventHandler(): sending mouse input to server.
03:37:36   91 Reticle received mouse event
03:37:36   91 Client::eventHandler(): sending mouse input to server.
03:37:36   91 Reticle received mouse event
03:37:36   91 Client::eventHandler(): sending mouse input to server.
03:37:36   91 Reticle received mouse event
03:37:36   91 Client::eventHandler(): sending mouse input to server.
03:37:36   91 Reticle received mouse event
03:37:36   91 Client following hero id 20
03:37:36   91 Reticle received step event
03:37:36   91 Hero::deserialize()
03:37:36   91 Weapon::deserialize()
03:37:36   92 Client::eventHandler(): sending mouse input to server.
03:37:36   92 Reticle received mouse event
03:37:36   92 Client::eventHandler(): sending mouse input to server.
03:37:36   92 Reticle received mouse event
03:37:36   92 Client following hero id 20
03:37:36   92 Reticle received step event
03:37:36   92 Hero::deserialize()
03:37:36   92 Weapon::deserialize()
03:37:36   93 Client::eventHandler(): sending mouse input to server.
03:37:36   93 Reticle received mouse event
03:37:36   93 Client::eventHandler(): sending mouse input to server.
03:37:36   93 Reticle received mouse event
03:37:36   93 Client following hero id 20
03:37:36   93 Reticle received step event
03:37:36   93 Hero::deserialize()
03:37:36   93 Weapon::deserialize()
03:37:36   94 Client::eventHandler(): sending mouse input to server.
03:37:36   94 Reticle received mouse event
03:37:36   94 Client::eventHandler(): sending mouse input to server.
03:37:36   94 Reticle received mouse event
03:37:36   94 Client::eventHandler(): sending mouse input to server.
03:37:36   94 Reticle received mouse event
03:37:36   94 Client following hero id 20
03:37:36   94 Reticle received step event
03:37:36   94 Hero::deserialize()
03:37:36   94 Weapon::deserialize()
03:37:36   95 Client following hero id 20
03:37:36   95 Reticle received step event
03:37:36   95 Hero::deserialize()
03:37:36   95 Weapon::deserialize()
03:37:36   96 Client following hero id 20
03:37:36   96 Reticle received step event
03:37:36   96 Hero::deserialize()
03:37:36   96 Weapon::deserialize()
03:37:36   97 Client following hero id 20
03:37:36   97 Reticle received step event
03:37:36   97 Hero::deserialize()
03:37:36   97 Weapon::deserialize()
03:37:36   98 Client following hero id 20
03:37:36   98 Reticle received step event
03:37:36   98 Hero::deserialize()
03:37:36   98 Weapon::deserialize()
03:37:36   99 Client following hero id 20
03:37:36   99 Reticle received step event
03:37:36   99 Hero::deserialize()
03:37:36   99 Weapon::deserialize()
03:37:36  100 Client following hero id 20
03:37:36  100 Reticle received step event
03:37:36  100 Hero::deserialize()
03:37:36  100 Weapon::deserialize()
03:37:36  101 Client following hero id 20
03:37:36  101 Reticle received step event
03:37:36  101 Hero::deserialize()
03:37:36  101 Weapon::deserialize()
03:37:36  102 Client following hero id 20
03:37:36  102 Reticle received step event
03:37:36  102 Hero::deserialize()
03:37:36  102 Weapon::deserialize()
03:37:36  103 Client following hero id 20
03:37:36  103 Reticle received step event
03:37:36  103 Hero::deserialize()
03:37:36  103 Weapon::deserialize()
03:37:36  104 Client following hero id 20
03:37:36  104 Reticle received step event
03:37:36  104 Hero::deserialize()
03:37:36  104 Weapon::deserialize()
03:37:36  105 Client following hero id 20
03:37:36  105 Reticle received step event
03:37:36  105 Hero::deserialize()
03:37:36  105 Weapon::deserialize()
03:37:36  106 Client following hero id 20
03:37:36  106 Reticle received step event
03:37:36  106 Hero::deserialize()
03:37:36  106 Weapon::deserialize()
03:37:36  107 Client following hero id 20
03:37:36  107 Reticle received step event
03:37:36  107 Hero::deserialize()
03:37:36  107 Weapon::deserialize()
03:37:36  108 Client following hero id 20
03:37:36  108 Reticle received step event
03:37:36  108 Hero::deserialize()
03:37:36  108 Weapon::deserialize()
03:37:36  109 Client following hero id 20
03:37:36  109 Reticle received step event
03:37:36  109 Hero::deserialize()
03:37:36  109 Weapon::deserialize()
03:37:36  110 Client following hero id 20
03:37:36  110 Reticle received step event
03:37:36  110 Hero::deserialize()
03:37:36  110 Weapon::deserialize()
03:37:37  111 Client following hero id 20
03:37:37  111 Reticle received step event
03:37:37  111 Hero::deserialize()
03:37:37  111 Weapon::deserialize()
03:37:37  112 Client following hero id 20
03:37:37  112 Reticle received step event
03:37:37  112 Hero::deserialize()
03:37:37  112 Weapon::deserialize()
03:37:37  113 Client following hero id 20
03:37:37  113 Reticle received step event
03:37:37  113 Hero::deserialize()
03:37:37  113 Weapon::deserialize()
03:37:37  114 Client following hero id 20
03:37:37  114 Reticle received step event
03:37:37  114 Hero::deserialize()
03:37:37  114 Weapon::deserialize()
03:37:37  115 Client following hero id 20
03:37:37  115 Reticle received step event
03:37:37  115 Hero::deserialize()
03:37:37  115 Weapon::deserialize()
03:37:37  116 Client following hero id 20
03:37:37  116 Reticle received step event
03:37:37  116 Hero::deserialize()
03:37:37  116 Weapon::deserialize()
03:37:37  117 Client following hero id 20
03:37:37  117 Reticle received step event
03:37:37  117 Hero::deserialize()
03:37:37  117 Weapon::deserialize()
03:37:37  118 Client following hero id 20
03:37:37  118 Reticle received step event
03:37:37  118 Hero::deserialize()
03:37:37  118 Weapon::deserialize()
03:37:37  119 Client following hero id 20
03:37:37  119 Reticle received step event
03:37:37  119 Hero::deserialize()
03:37:37  119 Weapon::deserialize()
03:37:37  120 Client following hero id 20
03:37:37  120 Reticle received step event
03:37:37  120 Hero::deserialize()
03:37:37  120 Weapon::deserialize()
03:37:37  121 Client following hero id 20
03:37:37  121 Reticle received step event
03:37:37  121 Hero::deserialize()
03:37:37  121 Weapon::deserialize()
03:37:37  122 Client following hero id 20
03:37:37  122 Reticle received step event
03:37:37  122 Hero::deserialize()
03:37:37  122 Weapon::deserialize()
03:37:37  123 InputManager::getInput(): Window close event. Setting game over.
03:37:37  123 Client following hero id 20
03:37:37  123 Reticle received step event
03:37:37  123 Hero::deserialize()
03:37:37  123 Weapon::deserialize()
03:37:37  123 Hero::deserialize()
03:37:37  123 Weapon::deserialize()
03:37:37  123 Hero::deserialize()
03:37:37  123 Weapon::deserialize()
03:37:37  123 Hero::deserialize()
03:37:37  123 Weapon::deserialize()
03:37:37  124 GameManager::run(): end of game loop
03:37:37  124 PathManager::shutDown(): successfully stopped.
03:37:37  124 Path manager stopped
03:37:37  124 WorldManager::shutDown(): Successfully stopped.
03:37:37  124 World manager stopped
03:37:37  124 ResourceManager::shutDown(): successfully stopped.
03:37:37  124 Resource manager stopped
03:37:37  124 NetworkManager::shutDown(): successfully stopped.
03:37:37  124 Network manager stopped
03:37:37  124 InputManager::shutDown(): successfully stopped.
03:37:37  124 Input manager stopped
03:37:37  124 DisplayManager::shutDown(): successfully stopped.
03:37:37  124 Display manager stopped
03:37:37  124 ** Game stopped **
03:37:37  124 ****************************************************
03:37:37  124 LogManager::shutDown(): successfully stopped.
