05:38:42    0 ****************************************************
05:38:42    0 ** Dragonfly version 4.12 **
05:38:43    0 Hello, Network! (v1.2)
05:38:43    0 ResourceManager::loadSprite(): Loading sprite 'sprites/explosion-spr.txt'
05:38:43    0 ResourceManager::loadSprite(): Opened file 'sprites/explosion-spr.txt'
05:38:43    0 ResourceManager::loadSprite(): Sprite 'explosion' successfully loaded
05:38:43    0 ResourceManager::loadSprite(): Loading sprite 'sprites/level_select.txt'
05:38:43    0 ResourceManager::loadSprite(): Opened file 'sprites/level_select.txt'
05:38:43    0 ResourceManager::loadSprite(): Sprite 'level_select' successfully loaded
05:38:43    0 ResourceManager::loadSprite(): Loading sprite 'sprites/gamestart-spr.txt'
05:38:43    0 ResourceManager::loadSprite(): Opened file 'sprites/gamestart-spr.txt'
05:38:43    0 ResourceManager::loadSprite(): Sprite 'gamestart' successfully loaded
05:38:43    0 ResourceManager::loadSprite(): Loading sprite 'sprites/gameover-spr.txt'
05:38:43    0 ResourceManager::loadSprite(): Opened file 'sprites/gameover-spr.txt'
05:38:43    0 ResourceManager::loadSprite(): Sprite 'gameover' successfully loaded
05:38:43    0 ResourceManager::loadSprite(): Loading sprite 'sprites/level_won.txt'
05:38:43    0 ResourceManager::loadSprite(): Opened file 'sprites/level_won.txt'
05:38:43    0 ResourceManager::loadSprite(): Sprite 'level_won' successfully loaded
05:38:43    0 ResourceManager::loadSprite(): Loading sprite 'sprites/level_intro.txt'
05:38:43    0 ResourceManager::loadSprite(): Opened file 'sprites/level_intro.txt'
05:38:43    0 ResourceManager::loadSprite(): Sprite 'level_intro' successfully loaded
05:38:43    0 ResourceManager::loadSprite(): Loading sprite 'sprites/level_1.txt'
05:38:43    0 ResourceManager::loadSprite(): Opened file 'sprites/level_1.txt'
05:38:43    0 ResourceManager::loadSprite(): Sprite 'level_1' successfully loaded
05:38:43    0 ResourceManager::loadSprite(): Loading sprite 'sprites/saucer-spr.txt'
05:38:43    0 ResourceManager::loadSprite(): Opened file 'sprites/saucer-spr.txt'
05:38:43    0 ResourceManager::loadSprite(): Sprite 'saucer' successfully loaded
05:38:43    0 ResourceManager::loadSprite(): Loading sprite 'sprites/ship-spr.txt'
05:38:43    0 ResourceManager::loadSprite(): Opened file 'sprites/ship-spr.txt'
05:38:43    0 ResourceManager::loadSprite(): Sprite 'ship' successfully loaded
05:38:43    0 ResourceManager::loadSprite(): Loading sprite 'sprites/boss.txt'
05:38:43    0 ResourceManager::loadSprite(): Opened file 'sprites/boss.txt'
05:38:43    0 ResourceManager::loadSprite(): Sprite 'boss' successfully loaded
05:38:43    0 ResourceManager::loadSprite(): Loading sprite 'sprites/boss-weakpoint.txt'
05:38:43    0 ResourceManager::loadSprite(): Opened file 'sprites/boss-weakpoint.txt'
05:38:43    0 ResourceManager::loadSprite(): Sprite 'boss-weakpoint' successfully loaded
05:38:43    0 ResourceManager::loadSprite(): Loading sprite 'sprites/ak47_2.txt'
05:38:43    0 ResourceManager::loadSprite(): Opened file 'sprites/ak47_2.txt'
05:38:43    0 ResourceManager::loadSprite(): Sprite 'AK47' successfully loaded
05:38:43    0 ResourceManager::loadSprite(): Loading sprite 'sprites/awp.txt'
05:38:43    0 ResourceManager::loadSprite(): Opened file 'sprites/awp.txt'
05:38:43    0 ResourceManager::loadSprite(): Sprite 'AWP' successfully loaded
05:38:43    0 ResourceManager::loadSprite(): Loading sprite 'sprites/grenade-launcher.txt'
05:38:43    0 ResourceManager::loadSprite(): Opened file 'sprites/grenade-launcher.txt'
05:38:43    0 ResourceManager::loadSprite(): Sprite 'GrenadeLauncher' successfully loaded
05:38:43    0 ResourceManager::loadSprite(): Loading sprite 'sprites/ak47_bullet.txt'
05:38:43    0 ResourceManager::loadSprite(): Opened file 'sprites/ak47_bullet.txt'
05:38:43    0 ResourceManager::loadSprite(): Sprite 'AK47_bullet' successfully loaded
05:38:43    0 ResourceManager::loadSprite(): Loading sprite 'sprites/awp_bullet.txt'
05:38:43    0 ResourceManager::loadSprite(): Opened file 'sprites/awp_bullet.txt'
05:38:43    0 ResourceManager::loadSprite(): Sprite 'AWP_bullet' successfully loaded
05:38:43    0 ResourceManager::loadSprite(): Loading sprite 'sprites/grenade_bullet.txt'
05:38:43    0 ResourceManager::loadSprite(): Opened file 'sprites/grenade_bullet.txt'
05:38:43    0 ResourceManager::loadSprite(): Sprite 'GrenadeLauncher_bullet' successfully loaded
05:38:43    0 ResourceManager::loadSprite(): Loading sprite 'sprites/bullet_trail.txt'
05:38:43    0 ResourceManager::loadSprite(): Opened file 'sprites/bullet_trail.txt'
05:38:43    0 ResourceManager::loadSprite(): Sprite 'bullet_trail' successfully loaded
05:38:43    0 ResourceManager::loadSprite(): Loading sprite 'sprites/explosion-spr.txt'
05:38:43    0 ResourceManager::loadSprite(): Opened file 'sprites/explosion-spr.txt'
05:38:43    0 ResourceManager::loadSprite(): Sprite 'explosion' successfully loaded
05:38:43    0 ResourceManager::loadSprite(): Loading sprite 'sprites/nuke.txt'
05:38:43    0 ResourceManager::loadSprite(): Opened file 'sprites/nuke.txt'
05:38:43    0 ResourceManager::loadSprite(): Sprite 'nuke' successfully loaded
05:38:43    0 ResourceManager::loadSprite(): Loading sprite 'sprites/character-walk_2.txt'
05:38:43    0 ResourceManager::loadSprite(): Opened file 'sprites/character-walk_2.txt'
05:38:43    0 ResourceManager::loadSprite(): Sprite 'character-walk' successfully loaded
05:38:43    0 ResourceManager::loadSprite(): Loading sprite 'sprites/character-duck.txt'
05:38:43    0 ResourceManager::loadSprite(): Opened file 'sprites/character-duck.txt'
05:38:43    0 ResourceManager::loadSprite(): Sprite 'character-duck' successfully loaded
05:38:43    0 ResourceManager::loadSprite(): Loading sprite 'sprites/platform.txt'
05:38:43    0 ResourceManager::loadSprite(): Opened file 'sprites/platform.txt'
05:38:43    0 ResourceManager::loadSprite(): Sprite 'platform' successfully loaded
05:38:43    0 ResourceManager::loadSprite(): Loading sprite 'sprites/refill-ammo.txt'
05:38:43    0 ResourceManager::loadSprite(): Opened file 'sprites/refill-ammo.txt'
05:38:43    0 ResourceManager::loadSprite(): Sprite 'ammo-refill' successfully loaded
05:38:43    0 ResourceManager::loadSprite(): Loading sprite 'sprites/intro/1.txt'
05:38:43    0 ResourceManager::loadSprite(): Opened file 'sprites/intro/1.txt'
05:38:43    0 ResourceManager::loadSprite(): Sprite 'intro_1' successfully loaded
05:38:43    0 ResourceManager::loadSprite(): Loading sprite 'sprites/intro/2.txt'
05:38:43    0 ResourceManager::loadSprite(): Opened file 'sprites/intro/2.txt'
05:38:43    0 ResourceManager::loadSprite(): Sprite 'intro_2' successfully loaded
05:38:43    0 ResourceManager::loadSprite(): Loading sprite 'sprites/intro/3.txt'
05:38:43    0 ResourceManager::loadSprite(): Opened file 'sprites/intro/3.txt'
05:38:43    0 ResourceManager::loadSprite(): Sprite 'intro_3' successfully loaded
05:38:43    0 ResourceManager::loadSprite(): Loading sprite 'sprites/intro/4.txt'
05:38:43    0 ResourceManager::loadSprite(): Opened file 'sprites/intro/4.txt'
05:38:43    0 ResourceManager::loadSprite(): Sprite 'intro_4' successfully loaded
05:38:43    0 ResourceManager::loadSprite(): Loading sprite 'sprites/intro/5.txt'
05:38:43    0 ResourceManager::loadSprite(): Opened file 'sprites/intro/5.txt'
05:38:43    0 ResourceManager::loadSprite(): Sprite 'intro_5' successfully loaded
05:38:43    0 ResourceManager::loadSprite(): Loading sprite 'sprites/intro/6.txt'
05:38:43    0 ResourceManager::loadSprite(): Opened file 'sprites/intro/6.txt'
05:38:43    0 ResourceManager::loadSprite(): Sprite 'intro_6' successfully loaded
05:38:43    0 ResourceManager::loadSprite(): Loading sprite 'sprites/intro/7.txt'
05:38:43    0 ResourceManager::loadSprite(): Opened file 'sprites/intro/7.txt'
05:38:43    0 ResourceManager::loadSprite(): Sprite 'intro_7' successfully loaded
05:38:43    0 ResourceManager::loadSprite(): Loading sprite 'sprites/intro/small.txt'
05:38:43    0 ResourceManager::loadSprite(): Opened file 'sprites/intro/small.txt'
05:38:43    0 ResourceManager::loadSprite(): Sprite 'intro_small' successfully loaded
05:38:43    0 ResourceManager::loadSprite(): Loading sprite 'sprites/number_font/green_0.txt'
05:38:43    0 ResourceManager::loadSprite(): Opened file 'sprites/number_font/green_0.txt'
05:38:43    0 ResourceManager::loadSprite(): Sprite 'green_0' successfully loaded
05:38:43    0 ResourceManager::loadSprite(): Loading sprite 'sprites/number_font/green_1.txt'
05:38:43    0 ResourceManager::loadSprite(): Opened file 'sprites/number_font/green_1.txt'
05:38:43    0 ResourceManager::loadSprite(): Sprite 'green_1' successfully loaded
05:38:43    0 ResourceManager::loadSprite(): Loading sprite 'sprites/number_font/green_2.txt'
05:38:43    0 ResourceManager::loadSprite(): Opened file 'sprites/number_font/green_2.txt'
05:38:43    0 ResourceManager::loadSprite(): Sprite 'green_2' successfully loaded
05:38:43    0 ResourceManager::loadSprite(): Loading sprite 'sprites/number_font/green_3.txt'
05:38:43    0 ResourceManager::loadSprite(): Opened file 'sprites/number_font/green_3.txt'
05:38:43    0 ResourceManager::loadSprite(): Sprite 'green_3' successfully loaded
05:38:43    0 ResourceManager::loadSprite(): Loading sprite 'sprites/number_font/green_4.txt'
05:38:43    0 ResourceManager::loadSprite(): Opened file 'sprites/number_font/green_4.txt'
05:38:43    0 ResourceManager::loadSprite(): Sprite 'green_4' successfully loaded
05:38:43    0 ResourceManager::loadSprite(): Loading sprite 'sprites/number_font/green_5.txt'
05:38:43    0 ResourceManager::loadSprite(): Opened file 'sprites/number_font/green_5.txt'
05:38:43    0 ResourceManager::loadSprite(): Sprite 'green_5' successfully loaded
05:38:43    0 ResourceManager::loadSprite(): Loading sprite 'sprites/number_font/green_6.txt'
05:38:43    0 ResourceManager::loadSprite(): Opened file 'sprites/number_font/green_6.txt'
05:38:43    0 ResourceManager::loadSprite(): Sprite 'green_6' successfully loaded
05:38:43    0 ResourceManager::loadSprite(): Loading sprite 'sprites/number_font/green_7.txt'
05:38:43    0 ResourceManager::loadSprite(): Opened file 'sprites/number_font/green_7.txt'
05:38:43    0 ResourceManager::loadSprite(): Sprite 'green_7' successfully loaded
05:38:43    0 ResourceManager::loadSprite(): Loading sprite 'sprites/number_font/green_8.txt'
05:38:43    0 ResourceManager::loadSprite(): Opened file 'sprites/number_font/green_8.txt'
05:38:43    0 ResourceManager::loadSprite(): Sprite 'green_8' successfully loaded
05:38:43    0 ResourceManager::loadSprite(): Loading sprite 'sprites/number_font/green_9.txt'
05:38:43    0 ResourceManager::loadSprite(): Opened file 'sprites/number_font/green_9.txt'
05:38:43    0 ResourceManager::loadSprite(): Sprite 'green_9' successfully loaded
05:38:43    0 ResourceManager::loadSprite(): Loading sprite 'sprites/number_font/red_0.txt'
05:38:43    0 ResourceManager::loadSprite(): Opened file 'sprites/number_font/red_0.txt'
05:38:43    0 ResourceManager::loadSprite(): Sprite 'red_0' successfully loaded
05:38:43    0 ResourceManager::loadSprite(): Loading sprite 'sprites/number_font/red_1.txt'
05:38:43    0 ResourceManager::loadSprite(): Opened file 'sprites/number_font/red_1.txt'
05:38:43    0 ResourceManager::loadSprite(): Sprite 'red_1' successfully loaded
05:38:43    0 ResourceManager::loadSprite(): Loading sprite 'sprites/number_font/red_2.txt'
05:38:43    0 ResourceManager::loadSprite(): Opened file 'sprites/number_font/red_2.txt'
05:38:43    0 ResourceManager::loadSprite(): Sprite 'red_2' successfully loaded
05:38:43    0 ResourceManager::loadSprite(): Loading sprite 'sprites/number_font/red_3.txt'
05:38:43    0 ResourceManager::loadSprite(): Opened file 'sprites/number_font/red_3.txt'
05:38:43    0 ResourceManager::loadSprite(): Sprite 'red_3' successfully loaded
05:38:43    0 ResourceManager::loadSprite(): Loading sprite 'sprites/number_font/red_4.txt'
05:38:43    0 ResourceManager::loadSprite(): Opened file 'sprites/number_font/red_4.txt'
05:38:43    0 ResourceManager::loadSprite(): Sprite 'red_4' successfully loaded
05:38:43    0 ResourceManager::loadSprite(): Loading sprite 'sprites/number_font/red_5.txt'
05:38:43    0 ResourceManager::loadSprite(): Opened file 'sprites/number_font/red_5.txt'
05:38:43    0 ResourceManager::loadSprite(): Sprite 'red_5' successfully loaded
05:38:43    0 ResourceManager::loadSprite(): Loading sprite 'sprites/number_font/red_6.txt'
05:38:43    0 ResourceManager::loadSprite(): Opened file 'sprites/number_font/red_6.txt'
05:38:43    0 ResourceManager::loadSprite(): Sprite 'red_6' successfully loaded
05:38:43    0 ResourceManager::loadSprite(): Loading sprite 'sprites/number_font/red_7.txt'
05:38:43    0 ResourceManager::loadSprite(): Opened file 'sprites/number_font/red_7.txt'
05:38:43    0 ResourceManager::loadSprite(): Sprite 'red_7' successfully loaded
05:38:43    0 ResourceManager::loadSprite(): Loading sprite 'sprites/number_font/red_8.txt'
05:38:43    0 ResourceManager::loadSprite(): Opened file 'sprites/number_font/red_8.txt'
05:38:43    0 ResourceManager::loadSprite(): Sprite 'red_8' successfully loaded
05:38:43    0 ResourceManager::loadSprite(): Loading sprite 'sprites/number_font/red_9.txt'
05:38:43    0 ResourceManager::loadSprite(): Opened file 'sprites/number_font/red_9.txt'
05:38:43    0 ResourceManager::loadSprite(): Sprite 'red_9' successfully loaded
05:38:43    0 ResourceManager::loadSprite(): Loading sprite 'sprites/number_font/yellow_0.txt'
05:38:43    0 ResourceManager::loadSprite(): Opened file 'sprites/number_font/yellow_0.txt'
05:38:43    0 ResourceManager::loadSprite(): Sprite 'yellow_0' successfully loaded
05:38:43    0 ResourceManager::loadSprite(): Loading sprite 'sprites/number_font/yellow_1.txt'
05:38:43    0 ResourceManager::loadSprite(): Opened file 'sprites/number_font/yellow_1.txt'
05:38:43    0 ResourceManager::loadSprite(): Sprite 'yellow_1' successfully loaded
05:38:43    0 ResourceManager::loadSprite(): Loading sprite 'sprites/number_font/yellow_2.txt'
05:38:43    0 ResourceManager::loadSprite(): Opened file 'sprites/number_font/yellow_2.txt'
05:38:43    0 ResourceManager::loadSprite(): Sprite 'yellow_2' successfully loaded
05:38:43    0 ResourceManager::loadSprite(): Loading sprite 'sprites/number_font/yellow_3.txt'
05:38:43    0 ResourceManager::loadSprite(): Opened file 'sprites/number_font/yellow_3.txt'
05:38:43    0 ResourceManager::loadSprite(): Sprite 'yellow_3' successfully loaded
05:38:43    0 ResourceManager::loadSprite(): Loading sprite 'sprites/number_font/yellow_4.txt'
05:38:43    0 ResourceManager::loadSprite(): Opened file 'sprites/number_font/yellow_4.txt'
05:38:43    0 ResourceManager::loadSprite(): Sprite 'yellow_4' successfully loaded
05:38:43    0 ResourceManager::loadSprite(): Loading sprite 'sprites/number_font/yellow_5.txt'
05:38:43    0 ResourceManager::loadSprite(): Opened file 'sprites/number_font/yellow_5.txt'
05:38:43    0 ResourceManager::loadSprite(): Sprite 'yellow_5' successfully loaded
05:38:43    0 ResourceManager::loadSprite(): Loading sprite 'sprites/number_font/yellow_6.txt'
05:38:43    0 ResourceManager::loadSprite(): Opened file 'sprites/number_font/yellow_6.txt'
05:38:43    0 ResourceManager::loadSprite(): Sprite 'yellow_6' successfully loaded
05:38:43    0 ResourceManager::loadSprite(): Loading sprite 'sprites/number_font/yellow_7.txt'
05:38:43    0 ResourceManager::loadSprite(): Opened file 'sprites/number_font/yellow_7.txt'
05:38:43    0 ResourceManager::loadSprite(): Sprite 'yellow_7' successfully loaded
05:38:43    0 ResourceManager::loadSprite(): Loading sprite 'sprites/number_font/yellow_8.txt'
05:38:43    0 ResourceManager::loadSprite(): Opened file 'sprites/number_font/yellow_8.txt'
05:38:43    0 ResourceManager::loadSprite(): Sprite 'yellow_8' successfully loaded
05:38:43    0 ResourceManager::loadSprite(): Loading sprite 'sprites/number_font/yellow_9.txt'
05:38:43    0 ResourceManager::loadSprite(): Opened file 'sprites/number_font/yellow_9.txt'
05:38:43    0 ResourceManager::loadSprite(): Sprite 'yellow_9' successfully loaded
05:38:43    0 ResourceManager::loadSprite(): Loading sprite 'sprites/number_font/slash.txt'
05:38:43    0 ResourceManager::loadSprite(): Opened file 'sprites/number_font/slash.txt'
05:38:43    0 ResourceManager::loadSprite(): Sprite 'slash' successfully loaded
05:38:43    0 ResourceManager::loadSprite(): Loading sprite 'sprites/ammo_display.txt'
05:38:43    0 ResourceManager::loadSprite(): Opened file 'sprites/ammo_display.txt'
05:38:43    0 ResourceManager::loadSprite(): Sprite 'ammo_display' successfully loaded
05:38:43    0 ResourceManager::loadSound(): Sound 'AK47_fire' successfully loaded
05:38:43    0 ResourceManager::loadSound(): Sound 'AWP_fire' successfully loaded
05:38:44    0 ResourceManager::loadSound(): Sound 'GrenadeLauncher_fire' successfully loaded
05:38:44    0 ResourceManager::loadSound(): Sound 'ammo_empty' successfully loaded
05:38:44    0 ResourceManager::loadSound(): Sound 'AK47_reload' successfully loaded
05:38:44    0 ResourceManager::loadSound(): Sound 'AWP_reload' successfully loaded
05:38:44    0 ResourceManager::loadSound(): Sound 'GrenadeLauncher_reload' successfully loaded
05:38:44    0 ResourceManager::loadSound(): Sound 'awp_bolt' successfully loaded
05:38:44    0 ResourceManager::loadSound(): Sound 'pickup1' successfully loaded
05:38:44    0 ResourceManager::loadSound(): Sound 'pickup2' successfully loaded
05:38:44    0 ResourceManager::loadSound(): Sound 'explode' successfully loaded
05:38:45    0 ResourceManager::loadSound(): Sound 'nuke' successfully loaded
05:38:45    0 ResourceManager::loadSound(): Sound 'saucer_death' successfully loaded
05:38:45    0 ResourceManager::loadSound(): Sound 'game over' successfully loaded
05:38:45    0 ResourceManager::loadSound(): Sound 'level_won' successfully loaded
05:38:45    0 ResourceManager::loadMusic(): Music 'start music' successfully loaded
05:38:45    0 ResourceManager::loadMusic(): Music 'music_theme' successfully loaded
05:38:45    0 ResourceManager::loadMusic(): Music 'music_boss' successfully loaded
05:38:45    0 Client::Client(): Connecting to localhost at port 9876.
05:38:45    0 NetworkManager::connect(): Connecting to localhost, port 9876.
05:38:45    0 NetworkManager::connect(): Connection established.
05:38:45    0 Client::handleConnect(): Client connected!
05:38:45    0 Client::Client(): Client started.
05:38:45    0 GameManager::run(): starting game loop
05:38:46    0 Client::eventHandler(): sending mouse input to server.
05:38:46    0 Client::eventHandler(): sending mouse input to server.
05:38:46    2 Client::eventHandler(): sending mouse input to server.
05:38:46    4 Client::eventHandler(): sending mouse input to server.
05:38:46    5 Client::eventHandler(): sending mouse input to server.
05:38:46    6 Client::eventHandler(): sending mouse input to server.
05:38:46    7 Client::eventHandler(): sending mouse input to server.
05:38:46    8 Client::eventHandler(): sending mouse input to server.
05:38:46    9 Client::eventHandler(): sending mouse input to server.
05:38:46   10 Client::eventHandler(): sending mouse input to server.
05:38:46   10 Client::eventHandler(): received custom network event.
05:38:46   10 	message: 20
05:38:46   10 Client::createObject(): creating object type 'Hero'
05:38:46   10 Hero::deserialize()
05:38:46   10 Hero::deserialize(): current health is 50
05:38:46   10 Hero::deserialize(): current weapon is 1
05:38:46   10 Client::createObject(): creating object type 'Level'
05:38:46   10 Client::createObject(): creating object type 'Platform'
05:38:46   10 Client::createObject(): creating object type 'Platform'
05:38:46   10 Client::createObject(): creating object type 'Platform'
05:38:46   10 Client::createObject(): creating object type 'Platform'
05:38:46   10 Client::createObject(): creating object type 'Platform'
05:38:46   10 Client::createObject(): creating object type 'Platform'
05:38:46   10 Client::createObject(): creating object type 'Platform'
05:38:46   10 Client::createObject(): creating object type 'Platform'
05:38:46   10 Client::createObject(): creating object type 'Platform'
05:38:46   10 Client::createObject(): creating object type 'Platform'
05:38:46   10 Client::createObject(): creating object type 'Platform'
05:38:46   10 Client::createObject(): creating object type 'Platform'
05:38:46   10 Client::createObject(): creating object type 'Platform'
05:38:46   10 Client::createObject(): creating object type 'Platform'
05:38:46   10 Client::createObject(): creating object type 'Platform'
05:38:46   10 Client::createObject(): creating object type 'Platform'
05:38:46   11 Client::eventHandler(): sending mouse input to server.
05:38:46   11 Reticle received mouse event
05:38:46   11 Client following hero id 20
05:38:46   11 Reticle received step event
05:38:46   11 Client::createObject(): creating object type 'Platform'
05:38:46   11 Hero::deserialize()
05:38:46   11 Weapon::deserialize()
05:38:46   11 Weapon::deserialize(): ammo_loaded is 30
05:38:46   11 Weapon::deserialize(): ammo_backup is 90
05:38:46   11 Weapon::deserialize()
05:38:46   11 SceneGraph::updateAltitude(): remove from old altitude (2) failed!
05:38:46   11 Weapon::deserialize(): ammo_loaded is 10
05:38:46   11 Weapon::deserialize(): ammo_backup is 30
05:38:46   12 Client::eventHandler(): sending mouse input to server.
05:38:46   12 Reticle received mouse event
05:38:46   12 Client following hero id 20
05:38:46   12 Reticle received step event
05:38:46   12 Weapon::deserialize()
05:38:46   12 SceneGraph::updateAltitude(): remove from old altitude (2) failed!
05:38:46   12 Weapon::deserialize(): ammo_loaded is 1
05:38:46   12 Weapon::deserialize(): ammo_backup is 30
05:38:46   12 Hero::deserialize()
05:38:46   12 Weapon::deserialize()
05:38:46   13 Client::eventHandler(): sending mouse input to server.
05:38:46   13 Reticle received mouse event
05:38:46   13 Client following hero id 20
05:38:46   13 Reticle received step event
05:38:46   14 Client following hero id 20
05:38:46   14 Reticle received step event
05:38:46   15 Client following hero id 20
05:38:46   15 Reticle received step event
05:38:46   16 Client::eventHandler(): sending mouse input to server.
05:38:46   16 Reticle received mouse event
05:38:46   16 Client following hero id 20
05:38:46   16 Reticle received step event
05:38:46   17 Client::eventHandler(): sending mouse input to server.
05:38:46   17 Reticle received mouse event
05:38:46   17 Client following hero id 20
05:38:46   17 Reticle received step event
05:38:46   17 Hero::deserialize()
05:38:46   17 Weapon::deserialize()
05:38:46   17 Hero::deserialize()
05:38:46   17 Weapon::deserialize()
05:38:46   17 Hero::deserialize()
05:38:46   17 Weapon::deserialize()
05:38:46   17 Hero::deserialize()
05:38:46   17 Weapon::deserialize()
05:38:46   17 Hero::deserialize()
05:38:46   18 Client::eventHandler(): sending mouse input to server.
05:38:46   18 Reticle received mouse event
05:38:46   18 Client following hero id 20
05:38:46   18 Reticle received step event
05:38:46   18 Hero collided with fucking platform
05:38:46   19 Client::eventHandler(): sending mouse input to server.
05:38:46   19 Reticle received mouse event
05:38:46   19 Client::eventHandler(): sending mouse input to server.
05:38:46   19 Reticle received mouse event
05:38:46   19 Client following hero id 20
05:38:46   19 Reticle received step event
05:38:46   19 Weapon::deserialize()
05:38:46   19 Hero::deserialize()
05:38:46   19 Weapon::deserialize()
05:38:46   19 Hero::deserialize()
05:38:46   19 Weapon::deserialize()
05:38:46   19 Hero collided with fucking platform
05:38:46   20 Client::eventHandler(): sending mouse input to server.
05:38:46   20 Reticle received mouse event
05:38:46   20 Client following hero id 20
05:38:46   20 Reticle received step event
05:38:46   21 Client::eventHandler(): sending mouse input to server.
05:38:46   21 Reticle received mouse event
05:38:46   21 Client::eventHandler(): sending mouse input to server.
05:38:46   21 Reticle received mouse event
05:38:46   21 Client following hero id 20
05:38:46   21 Reticle received step event
05:38:46   21 Hero::deserialize()
05:38:46   21 Weapon::deserialize()
05:38:46   21 Hero::deserialize()
05:38:46   21 Weapon::deserialize()
05:38:46   22 Client::eventHandler(): sending mouse input to server.
05:38:46   22 Reticle received mouse event
05:38:46   22 Client::eventHandler(): sending mouse input to server.
05:38:46   22 Reticle received mouse event
05:38:46   22 Client::eventHandler(): sending mouse input to server.
05:38:46   22 Reticle received mouse event
05:38:46   22 Client following hero id 20
05:38:46   22 Reticle received step event
05:38:46   22 Hero::deserialize()
05:38:46   22 Weapon::deserialize()
05:38:46   23 Client::eventHandler(): sending mouse input to server.
05:38:46   23 Reticle received mouse event
05:38:46   23 Client following hero id 20
05:38:46   23 Reticle received step event
05:38:46   24 Client::eventHandler(): sending mouse input to server.
05:38:46   24 Reticle received mouse event
05:38:46   24 Client following hero id 20
05:38:46   24 Reticle received step event
05:38:46   25 Client::eventHandler(): sending mouse input to server.
05:38:46   25 Reticle received mouse event
05:38:46   25 Client following hero id 20
05:38:46   25 Reticle received step event
05:38:46   26 Client::eventHandler(): sending mouse input to server.
05:38:46   26 Reticle received mouse event
05:38:46   26 Client following hero id 20
05:38:46   26 Reticle received step event
05:38:46   27 Client::eventHandler(): sending mouse input to server.
05:38:46   27 Reticle received mouse event
05:38:46   27 Client following hero id 20
05:38:46   27 Reticle received step event
05:38:46   27 Hero::deserialize()
05:38:46   27 Weapon::deserialize()
05:38:46   27 Hero::deserialize()
05:38:46   27 Weapon::deserialize()
05:38:46   27 Hero::deserialize()
05:38:46   27 Weapon::deserialize()
05:38:46   27 Hero::deserialize()
05:38:46   27 Weapon::deserialize()
05:38:46   27 Hero::deserialize()
05:38:46   27 Weapon::deserialize()
05:38:46   28 Client::eventHandler(): sending mouse input to server.
05:38:46   28 Reticle received mouse event
05:38:46   28 Client::eventHandler(): sending keyboard input to server.
05:38:46   28 Predicting keyboard input
05:38:46   28 Client::eventHandler(): sending mouse input to server.
05:38:46   28 Reticle received mouse event
05:38:46   28 Client::eventHandler(): sending mouse input to server.
05:38:46   28 Reticle received mouse event
05:38:46   28 Client::eventHandler(): sending keyboard input to server.
05:38:46   28 Predicting keyboard input
05:38:46   28 Hero collided with fucking platform
05:38:46   28 Client following hero id 20
05:38:46   28 Reticle received step event
05:38:46   29 Client::eventHandler(): sending mouse input to server.
05:38:46   29 Reticle received mouse event
05:38:46   29 Client::eventHandler(): sending mouse input to server.
05:38:46   29 Reticle received mouse event
05:38:46   29 Client::eventHandler(): sending keyboard input to server.
05:38:46   29 Predicting keyboard input
05:38:46   29 Hero collided with fucking platform
05:38:46   29 Client following hero id 20
05:38:46   29 Reticle received step event
05:38:46   29 Hero::deserialize()
05:38:46   29 Weapon::deserialize()
05:38:46   29 Hero::deserialize()
05:38:46   29 Weapon::deserialize()
05:38:46   30 Client::eventHandler(): sending mouse input to server.
05:38:46   30 Reticle received mouse event
05:38:46   30 Client::eventHandler(): sending keyboard input to server.
05:38:46   30 Predicting keyboard input
05:38:46   30 Hero collided with fucking platform
05:38:46   30 Client following hero id 20
05:38:46   30 Reticle received step event
05:38:46   30 Hero::deserialize()
05:38:46   30 Weapon::deserialize()
05:38:47   31 Client::eventHandler(): sending keyboard input to server.
05:38:47   31 Predicting keyboard input
05:38:47   31 Hero collided with fucking platform
05:38:47   31 Client following hero id 20
05:38:47   31 Reticle received step event
05:38:47   32 Client::eventHandler(): sending keyboard input to server.
05:38:47   32 Predicting keyboard input
05:38:47   32 Hero collided with fucking platform
05:38:47   32 Client following hero id 20
05:38:47   32 Reticle received step event
05:38:47   32 Hero::deserialize()
05:38:47   32 Weapon::deserialize()
05:38:47   32 Hero::deserialize()
05:38:47   32 Weapon::deserialize()
05:38:47   33 Client::eventHandler(): sending mouse input to server.
05:38:47   33 Reticle received mouse event
05:38:47   33 Client::eventHandler(): sending mouse input to server.
05:38:47   33 Reticle received mouse event
05:38:47   33 Client::eventHandler(): sending keyboard input to server.
05:38:47   33 Predicting keyboard input
05:38:47   33 Hero collided with fucking platform
05:38:47   33 Client following hero id 20
05:38:47   33 Reticle received step event
05:38:47   34 Client::eventHandler(): sending keyboard input to server.
05:38:47   34 Predicting keyboard input
05:38:47   34 Hero collided with fucking platform
05:38:47   34 Client following hero id 20
05:38:47   34 Reticle received step event
05:38:47   35 Client::eventHandler(): sending mouse input to server.
05:38:47   35 Reticle received mouse event
05:38:47   35 Client::eventHandler(): sending keyboard input to server.
05:38:47   35 Predicting keyboard input
05:38:47   35 Hero collided with fucking platform
05:38:47   35 Client following hero id 20
05:38:47   35 Reticle received step event
05:38:47   36 Client::eventHandler(): sending mouse input to server.
05:38:47   36 Reticle received mouse event
05:38:47   36 Client::eventHandler(): sending keyboard input to server.
05:38:47   36 Predicting keyboard input
05:38:47   36 Hero collided with fucking platform
05:38:47   36 Client following hero id 20
05:38:47   36 Reticle received step event
05:38:47   37 Client::eventHandler(): sending keyboard input to server.
05:38:47   37 Predicting keyboard input
05:38:47   37 Hero collided with fucking platform
05:38:47   37 Client following hero id 20
05:38:47   37 Reticle received step event
05:38:47   37 Hero::deserialize()
05:38:47   37 Weapon::deserialize()
05:38:47   37 Hero::deserialize()
05:38:47   37 Weapon::deserialize()
05:38:47   37 Hero::deserialize()
05:38:47   37 Weapon::deserialize()
05:38:47   37 Hero::deserialize()
05:38:47   37 Weapon::deserialize()
05:38:47   37 Hero::deserialize()
05:38:47   37 Weapon::deserialize()
05:38:47   38 Client::eventHandler(): sending keyboard input to server.
05:38:47   38 Predicting keyboard input
05:38:47   38 Hero collided with fucking platform
05:38:47   38 Client following hero id 20
05:38:47   38 Reticle received step event
05:38:47   39 Client::eventHandler(): sending keyboard input to server.
05:38:47   39 Predicting keyboard input
05:38:47   39 Hero collided with fucking platform
05:38:47   39 Client following hero id 20
05:38:47   39 Reticle received step event
05:38:47   39 Hero::deserialize()
05:38:47   39 Weapon::deserialize()
05:38:47   39 Hero::deserialize()
05:38:47   39 Weapon::deserialize()
05:38:47   40 Client::eventHandler(): sending mouse input to server.
05:38:47   40 Reticle received mouse event
05:38:47   40 Client::eventHandler(): sending mouse input to server.
05:38:47   40 Reticle received mouse event
05:38:47   40 Client::eventHandler(): sending keyboard input to server.
05:38:47   40 Predicting keyboard input
05:38:47   40 Hero collided with fucking platform
05:38:47   40 Client following hero id 20
05:38:47   40 Reticle received step event
05:38:47   40 Hero::deserialize()
05:38:47   40 Weapon::deserialize()
05:38:47   41 Client::eventHandler(): sending mouse input to server.
05:38:47   41 Reticle received mouse event
05:38:47   41 Client::eventHandler(): sending keyboard input to server.
05:38:47   41 Predicting keyboard input
05:38:47   41 Hero collided with fucking platform
05:38:47   41 Client following hero id 20
05:38:47   41 Reticle received step event
05:38:47   42 Client::eventHandler(): sending mouse input to server.
05:38:47   42 Reticle received mouse event
05:38:47   42 Client::eventHandler(): sending keyboard input to server.
05:38:47   42 Predicting keyboard input
05:38:47   42 Hero collided with fucking platform
05:38:47   42 Client following hero id 20
05:38:47   42 Reticle received step event
05:38:47   42 Hero::deserialize()
05:38:47   42 Weapon::deserialize()
05:38:47   43 Client::eventHandler(): sending keyboard input to server.
05:38:47   43 Predicting keyboard input
05:38:47   43 Client::eventHandler(): sending mouse input to server.
05:38:47   43 Reticle received mouse event
05:38:47   43 Client following hero id 20
05:38:47   43 Reticle received step event
05:38:47   44 Client::eventHandler(): sending mouse input to server.
05:38:47   44 Reticle received mouse event
05:38:47   44 Client following hero id 20
05:38:47   44 Reticle received step event
05:38:47   45 Client following hero id 20
05:38:47   45 Reticle received step event
05:38:47   46 Client::eventHandler(): sending mouse input to server.
05:38:47   46 Reticle received mouse event
05:38:47   46 Client::eventHandler(): sending mouse input to server.
05:38:47   46 Reticle received mouse event
05:38:47   46 Client following hero id 20
05:38:47   46 Reticle received step event
05:38:47   46 Hero::deserialize()
05:38:47   46 Weapon::deserialize()
05:38:47   46 Hero::deserialize()
05:38:47   46 Weapon::deserialize()
05:38:47   46 Hero::deserialize()
05:38:47   46 Weapon::deserialize()
05:38:47   46 Hero::deserialize()
05:38:47   46 Weapon::deserialize()
05:38:47   46 Hero::deserialize()
05:38:47   46 Weapon::deserialize()
05:38:47   47 Client::eventHandler(): sending mouse input to server.
05:38:47   47 Reticle received mouse event
05:38:47   47 Client following hero id 20
05:38:47   47 Reticle received step event
05:38:47   48 Client::eventHandler(): sending mouse input to server.
05:38:47   48 Reticle received mouse event
05:38:47   48 Client following hero id 20
05:38:47   48 Reticle received step event
05:38:47   49 Client::eventHandler(): sending mouse input to server.
05:38:47   49 Reticle received mouse event
05:38:47   49 Client::eventHandler(): sending mouse input to server.
05:38:47   49 Reticle received mouse event
05:38:47   49 Client following hero id 20
05:38:47   49 Reticle received step event
05:38:47   49 Hero::deserialize()
05:38:47   49 Weapon::deserialize()
05:38:47   49 Hero::deserialize()
05:38:47   49 Weapon::deserialize()
05:38:47   49 Hero::deserialize()
05:38:47   49 Weapon::deserialize()
05:38:47   50 Client::eventHandler(): sending mouse input to server.
05:38:47   50 Reticle received mouse event
05:38:47   50 Client following hero id 20
05:38:47   50 Reticle received step event
05:38:47   50 Hero::deserialize()
05:38:47   50 Weapon::deserialize()
05:38:47   51 Client::eventHandler(): sending mouse input to server.
05:38:47   51 Reticle received mouse event
05:38:47   51 Client following hero id 20
05:38:47   51 Reticle received step event
05:38:47   51 Hero::deserialize()
05:38:47   51 Weapon::deserialize()
05:38:47   52 Client::eventHandler(): sending mouse input to server.
05:38:47   52 Reticle received mouse event
05:38:47   52 Client::eventHandler(): sending keyboard input to server.
05:38:47   52 Predicting keyboard input
05:38:47   52 Client::eventHandler(): sending mouse input to server.
05:38:47   52 Reticle received mouse event
05:38:47   52 Client::eventHandler(): sending keyboard input to server.
05:38:47   52 Predicting keyboard input
05:38:47   52 Hero collided with fucking platform
05:38:47   52 Client following hero id 20
05:38:47   52 Reticle received step event
05:38:47   53 Client::eventHandler(): sending mouse input to server.
05:38:47   53 Reticle received mouse event
05:38:47   53 Client::eventHandler(): sending keyboard input to server.
05:38:47   53 Predicting keyboard input
05:38:47   53 Hero collided with fucking platform
05:38:47   53 Client following hero id 20
05:38:47   53 Reticle received step event
05:38:47   54 Client::eventHandler(): sending mouse input to server.
05:38:47   54 Reticle received mouse event
05:38:47   54 Client::eventHandler(): sending mouse input to server.
05:38:47   54 Reticle received mouse event
05:38:47   54 Client::eventHandler(): sending keyboard input to server.
05:38:47   54 Predicting keyboard input
05:38:47   54 Hero collided with fucking platform
05:38:47   54 Client following hero id 20
05:38:47   54 Reticle received step event
05:38:47   54 Hero::deserialize()
05:38:47   54 Weapon::deserialize()
05:38:47   54 Hero::deserialize()
05:38:47   54 Weapon::deserialize()
05:38:47   54 Weapon::deserialize(): fire_count_down is 3
05:38:47   54 Weapon::deserialize(): ammo_loaded is 29
05:38:47   54 Client::createObject(): creating object type 'Bullet'
05:38:47   54 Hero::deserialize()
05:38:47   54 Weapon::deserialize()
05:38:47   54 Weapon::deserialize(): fire_count_down is 2
05:38:47   55 Client::eventHandler(): sending mouse input to server.
05:38:47   55 Reticle received mouse event
05:38:47   55 Client::eventHandler(): sending mouse input to server.
05:38:47   55 Reticle received mouse event
05:38:47   55 Client::eventHandler(): sending keyboard input to server.
05:38:47   55 Predicting keyboard input
05:38:47   55 Hero collided with fucking platform
05:38:47   55 Client following hero id 20
05:38:47   55 Reticle received step event
