12:44:32    0 ****************************************************
12:44:32    0 ** Dragonfly version 4.9 **
12:44:32    0 Hello, Network! (v1.2)
12:44:32    0 ResourceManager::loadSprite(): Loading sprite 'sprites/explosion-spr.txt'
12:44:32    0 ResourceManager::loadSprite(): Opened file 'sprites/explosion-spr.txt'
12:44:32    0 ResourceManager::loadSprite(): Sprite 'explosion' successfully loaded
12:44:32    0 ResourceManager::loadSprite(): Loading sprite 'sprites/level_select.txt'
12:44:32    0 ResourceManager::loadSprite(): Opened file 'sprites/level_select.txt'
12:44:32    0 ResourceManager::loadSprite(): Sprite 'level_select' successfully loaded
12:44:32    0 ResourceManager::loadSprite(): Loading sprite 'sprites/gamestart-spr.txt'
12:44:32    0 ResourceManager::loadSprite(): Opened file 'sprites/gamestart-spr.txt'
12:44:32    0 ResourceManager::loadSprite(): Sprite 'gamestart' successfully loaded
12:44:32    0 ResourceManager::loadSprite(): Loading sprite 'sprites/gameover-spr.txt'
12:44:32    0 ResourceManager::loadSprite(): Opened file 'sprites/gameover-spr.txt'
12:44:32    0 ResourceManager::loadSprite(): Sprite 'gameover' successfully loaded
12:44:32    0 ResourceManager::loadSprite(): Loading sprite 'sprites/level_won.txt'
12:44:32    0 ResourceManager::loadSprite(): Opened file 'sprites/level_won.txt'
12:44:32    0 ResourceManager::loadSprite(): Sprite 'level_won' successfully loaded
12:44:32    0 ResourceManager::loadSprite(): Loading sprite 'sprites/level_intro.txt'
12:44:32    0 ResourceManager::loadSprite(): Opened file 'sprites/level_intro.txt'
12:44:32    0 ResourceManager::loadSprite(): Sprite 'level_intro' successfully loaded
12:44:32    0 ResourceManager::loadSprite(): Loading sprite 'sprites/level_1.txt'
12:44:32    0 ResourceManager::loadSprite(): Opened file 'sprites/level_1.txt'
12:44:32    0 ResourceManager::loadSprite(): Sprite 'level_1' successfully loaded
12:44:32    0 ResourceManager::loadSprite(): Loading sprite 'sprites/saucer-spr.txt'
12:44:32    0 ResourceManager::loadSprite(): Opened file 'sprites/saucer-spr.txt'
12:44:32    0 ResourceManager::loadSprite(): Sprite 'saucer' successfully loaded
12:44:32    0 ResourceManager::loadSprite(): Loading sprite 'sprites/ship-spr.txt'
12:44:32    0 ResourceManager::loadSprite(): Opened file 'sprites/ship-spr.txt'
12:44:32    0 ResourceManager::loadSprite(): Sprite 'ship' successfully loaded
12:44:32    0 ResourceManager::loadSprite(): Loading sprite 'sprites/boss.txt'
12:44:32    0 ResourceManager::loadSprite(): Opened file 'sprites/boss.txt'
12:44:32    0 ResourceManager::loadSprite(): Sprite 'boss' successfully loaded
12:44:32    0 ResourceManager::loadSprite(): Loading sprite 'sprites/boss-weakpoint.txt'
12:44:32    0 ResourceManager::loadSprite(): Opened file 'sprites/boss-weakpoint.txt'
12:44:32    0 ResourceManager::loadSprite(): Sprite 'boss-weakpoint' successfully loaded
12:44:32    0 ResourceManager::loadSprite(): Loading sprite 'sprites/ak47_2.txt'
12:44:32    0 ResourceManager::loadSprite(): Opened file 'sprites/ak47_2.txt'
12:44:32    0 ResourceManager::loadSprite(): Sprite 'AK47' successfully loaded
12:44:32    0 ResourceManager::loadSprite(): Loading sprite 'sprites/awp.txt'
12:44:32    0 ResourceManager::loadSprite(): Opened file 'sprites/awp.txt'
12:44:32    0 ResourceManager::loadSprite(): Sprite 'AWP' successfully loaded
12:44:32    0 ResourceManager::loadSprite(): Loading sprite 'sprites/grenade-launcher.txt'
12:44:32    0 ResourceManager::loadSprite(): Opened file 'sprites/grenade-launcher.txt'
12:44:32    0 ResourceManager::loadSprite(): Sprite 'GrenadeLauncher' successfully loaded
12:44:32    0 ResourceManager::loadSprite(): Loading sprite 'sprites/ak47_bullet.txt'
12:44:32    0 ResourceManager::loadSprite(): Opened file 'sprites/ak47_bullet.txt'
12:44:32    0 ResourceManager::loadSprite(): Sprite 'AK47_bullet' successfully loaded
12:44:32    0 ResourceManager::loadSprite(): Loading sprite 'sprites/awp_bullet.txt'
12:44:32    0 ResourceManager::loadSprite(): Opened file 'sprites/awp_bullet.txt'
12:44:32    0 ResourceManager::loadSprite(): Sprite 'AWP_bullet' successfully loaded
12:44:32    0 ResourceManager::loadSprite(): Loading sprite 'sprites/grenade_bullet.txt'
12:44:32    0 ResourceManager::loadSprite(): Opened file 'sprites/grenade_bullet.txt'
12:44:32    0 ResourceManager::loadSprite(): Sprite 'GrenadeLauncher_bullet' successfully loaded
12:44:32    0 ResourceManager::loadSprite(): Loading sprite 'sprites/bullet_trail.txt'
12:44:32    0 ResourceManager::loadSprite(): Opened file 'sprites/bullet_trail.txt'
12:44:32    0 ResourceManager::loadSprite(): Sprite 'bullet_trail' successfully loaded
12:44:32    0 ResourceManager::loadSprite(): Loading sprite 'sprites/explosion-spr.txt'
12:44:32    0 ResourceManager::loadSprite(): Opened file 'sprites/explosion-spr.txt'
12:44:32    0 ResourceManager::loadSprite(): Sprite 'explosion' successfully loaded
12:44:32    0 ResourceManager::loadSprite(): Loading sprite 'sprites/nuke.txt'
12:44:32    0 ResourceManager::loadSprite(): Opened file 'sprites/nuke.txt'
12:44:32    0 ResourceManager::loadSprite(): Sprite 'nuke' successfully loaded
12:44:32    0 ResourceManager::loadSprite(): Loading sprite 'sprites/character-walk_2.txt'
12:44:32    0 ResourceManager::loadSprite(): Opened file 'sprites/character-walk_2.txt'
12:44:32    0 ResourceManager::loadSprite(): Sprite 'character-walk' successfully loaded
12:44:32    0 ResourceManager::loadSprite(): Loading sprite 'sprites/character-duck.txt'
12:44:32    0 ResourceManager::loadSprite(): Opened file 'sprites/character-duck.txt'
12:44:32    0 ResourceManager::loadSprite(): Sprite 'character-duck' successfully loaded
12:44:32    0 ResourceManager::loadSprite(): Loading sprite 'sprites/platform.txt'
12:44:32    0 ResourceManager::loadSprite(): Opened file 'sprites/platform.txt'
12:44:32    0 ResourceManager::loadSprite(): Sprite 'platform' successfully loaded
12:44:32    0 ResourceManager::loadSprite(): Loading sprite 'sprites/refill-ammo.txt'
12:44:32    0 ResourceManager::loadSprite(): Opened file 'sprites/refill-ammo.txt'
12:44:32    0 ResourceManager::loadSprite(): Sprite 'ammo-refill' successfully loaded
12:44:32    0 ResourceManager::loadSprite(): Loading sprite 'sprites/intro/1.txt'
12:44:32    0 ResourceManager::loadSprite(): Opened file 'sprites/intro/1.txt'
12:44:32    0 ResourceManager::loadSprite(): Sprite 'intro_1' successfully loaded
12:44:32    0 ResourceManager::loadSprite(): Loading sprite 'sprites/intro/2.txt'
12:44:32    0 ResourceManager::loadSprite(): Opened file 'sprites/intro/2.txt'
12:44:32    0 ResourceManager::loadSprite(): Sprite 'intro_2' successfully loaded
12:44:32    0 ResourceManager::loadSprite(): Loading sprite 'sprites/intro/3.txt'
12:44:32    0 ResourceManager::loadSprite(): Opened file 'sprites/intro/3.txt'
12:44:32    0 ResourceManager::loadSprite(): Sprite 'intro_3' successfully loaded
12:44:32    0 ResourceManager::loadSprite(): Loading sprite 'sprites/intro/4.txt'
12:44:32    0 ResourceManager::loadSprite(): Opened file 'sprites/intro/4.txt'
12:44:32    0 ResourceManager::loadSprite(): Sprite 'intro_4' successfully loaded
12:44:32    0 ResourceManager::loadSprite(): Loading sprite 'sprites/intro/5.txt'
12:44:32    0 ResourceManager::loadSprite(): Opened file 'sprites/intro/5.txt'
12:44:32    0 ResourceManager::loadSprite(): Sprite 'intro_5' successfully loaded
12:44:32    0 ResourceManager::loadSprite(): Loading sprite 'sprites/intro/6.txt'
12:44:32    0 ResourceManager::loadSprite(): Opened file 'sprites/intro/6.txt'
12:44:32    0 ResourceManager::loadSprite(): Sprite 'intro_6' successfully loaded
12:44:32    0 ResourceManager::loadSprite(): Loading sprite 'sprites/intro/7.txt'
12:44:32    0 ResourceManager::loadSprite(): Opened file 'sprites/intro/7.txt'
12:44:32    0 ResourceManager::loadSprite(): Sprite 'intro_7' successfully loaded
12:44:32    0 ResourceManager::loadSprite(): Loading sprite 'sprites/intro/small.txt'
12:44:32    0 ResourceManager::loadSprite(): Opened file 'sprites/intro/small.txt'
12:44:32    0 ResourceManager::loadSprite(): Sprite 'intro_small' successfully loaded
12:44:32    0 ResourceManager::loadSprite(): Loading sprite 'sprites/number_font/green_0.txt'
12:44:32    0 ResourceManager::loadSprite(): Opened file 'sprites/number_font/green_0.txt'
12:44:32    0 ResourceManager::loadSprite(): Sprite 'green_0' successfully loaded
12:44:32    0 ResourceManager::loadSprite(): Loading sprite 'sprites/number_font/green_1.txt'
12:44:32    0 ResourceManager::loadSprite(): Opened file 'sprites/number_font/green_1.txt'
12:44:32    0 ResourceManager::loadSprite(): Sprite 'green_1' successfully loaded
12:44:32    0 ResourceManager::loadSprite(): Loading sprite 'sprites/number_font/green_2.txt'
12:44:32    0 ResourceManager::loadSprite(): Opened file 'sprites/number_font/green_2.txt'
12:44:32    0 ResourceManager::loadSprite(): Sprite 'green_2' successfully loaded
12:44:32    0 ResourceManager::loadSprite(): Loading sprite 'sprites/number_font/green_3.txt'
12:44:32    0 ResourceManager::loadSprite(): Opened file 'sprites/number_font/green_3.txt'
12:44:32    0 ResourceManager::loadSprite(): Sprite 'green_3' successfully loaded
12:44:32    0 ResourceManager::loadSprite(): Loading sprite 'sprites/number_font/green_4.txt'
12:44:32    0 ResourceManager::loadSprite(): Opened file 'sprites/number_font/green_4.txt'
12:44:32    0 ResourceManager::loadSprite(): Sprite 'green_4' successfully loaded
12:44:32    0 ResourceManager::loadSprite(): Loading sprite 'sprites/number_font/green_5.txt'
12:44:32    0 ResourceManager::loadSprite(): Opened file 'sprites/number_font/green_5.txt'
12:44:32    0 ResourceManager::loadSprite(): Sprite 'green_5' successfully loaded
12:44:32    0 ResourceManager::loadSprite(): Loading sprite 'sprites/number_font/green_6.txt'
12:44:32    0 ResourceManager::loadSprite(): Opened file 'sprites/number_font/green_6.txt'
12:44:32    0 ResourceManager::loadSprite(): Sprite 'green_6' successfully loaded
12:44:32    0 ResourceManager::loadSprite(): Loading sprite 'sprites/number_font/green_7.txt'
12:44:32    0 ResourceManager::loadSprite(): Opened file 'sprites/number_font/green_7.txt'
12:44:32    0 ResourceManager::loadSprite(): Sprite 'green_7' successfully loaded
12:44:32    0 ResourceManager::loadSprite(): Loading sprite 'sprites/number_font/green_8.txt'
12:44:32    0 ResourceManager::loadSprite(): Opened file 'sprites/number_font/green_8.txt'
12:44:32    0 ResourceManager::loadSprite(): Sprite 'green_8' successfully loaded
12:44:32    0 ResourceManager::loadSprite(): Loading sprite 'sprites/number_font/green_9.txt'
12:44:32    0 ResourceManager::loadSprite(): Opened file 'sprites/number_font/green_9.txt'
12:44:32    0 ResourceManager::loadSprite(): Sprite 'green_9' successfully loaded
12:44:32    0 ResourceManager::loadSprite(): Loading sprite 'sprites/number_font/red_0.txt'
12:44:32    0 ResourceManager::loadSprite(): Opened file 'sprites/number_font/red_0.txt'
12:44:32    0 ResourceManager::loadSprite(): Sprite 'red_0' successfully loaded
12:44:32    0 ResourceManager::loadSprite(): Loading sprite 'sprites/number_font/red_1.txt'
12:44:32    0 ResourceManager::loadSprite(): Opened file 'sprites/number_font/red_1.txt'
12:44:32    0 ResourceManager::loadSprite(): Sprite 'red_1' successfully loaded
12:44:32    0 ResourceManager::loadSprite(): Loading sprite 'sprites/number_font/red_2.txt'
12:44:32    0 ResourceManager::loadSprite(): Opened file 'sprites/number_font/red_2.txt'
12:44:32    0 ResourceManager::loadSprite(): Sprite 'red_2' successfully loaded
12:44:32    0 ResourceManager::loadSprite(): Loading sprite 'sprites/number_font/red_3.txt'
12:44:32    0 ResourceManager::loadSprite(): Opened file 'sprites/number_font/red_3.txt'
12:44:32    0 ResourceManager::loadSprite(): Sprite 'red_3' successfully loaded
12:44:32    0 ResourceManager::loadSprite(): Loading sprite 'sprites/number_font/red_4.txt'
12:44:32    0 ResourceManager::loadSprite(): Opened file 'sprites/number_font/red_4.txt'
12:44:32    0 ResourceManager::loadSprite(): Sprite 'red_4' successfully loaded
12:44:32    0 ResourceManager::loadSprite(): Loading sprite 'sprites/number_font/red_5.txt'
12:44:32    0 ResourceManager::loadSprite(): Opened file 'sprites/number_font/red_5.txt'
12:44:32    0 ResourceManager::loadSprite(): Sprite 'red_5' successfully loaded
12:44:32    0 ResourceManager::loadSprite(): Loading sprite 'sprites/number_font/red_6.txt'
12:44:32    0 ResourceManager::loadSprite(): Opened file 'sprites/number_font/red_6.txt'
12:44:32    0 ResourceManager::loadSprite(): Sprite 'red_6' successfully loaded
12:44:32    0 ResourceManager::loadSprite(): Loading sprite 'sprites/number_font/red_7.txt'
12:44:32    0 ResourceManager::loadSprite(): Opened file 'sprites/number_font/red_7.txt'
12:44:32    0 ResourceManager::loadSprite(): Sprite 'red_7' successfully loaded
12:44:32    0 ResourceManager::loadSprite(): Loading sprite 'sprites/number_font/red_8.txt'
12:44:32    0 ResourceManager::loadSprite(): Opened file 'sprites/number_font/red_8.txt'
12:44:32    0 ResourceManager::loadSprite(): Sprite 'red_8' successfully loaded
12:44:32    0 ResourceManager::loadSprite(): Loading sprite 'sprites/number_font/red_9.txt'
12:44:32    0 ResourceManager::loadSprite(): Opened file 'sprites/number_font/red_9.txt'
12:44:32    0 ResourceManager::loadSprite(): Sprite 'red_9' successfully loaded
12:44:32    0 ResourceManager::loadSprite(): Loading sprite 'sprites/number_font/yellow_0.txt'
12:44:32    0 ResourceManager::loadSprite(): Opened file 'sprites/number_font/yellow_0.txt'
12:44:32    0 ResourceManager::loadSprite(): Sprite 'yellow_0' successfully loaded
12:44:32    0 ResourceManager::loadSprite(): Loading sprite 'sprites/number_font/yellow_1.txt'
12:44:32    0 ResourceManager::loadSprite(): Opened file 'sprites/number_font/yellow_1.txt'
12:44:32    0 ResourceManager::loadSprite(): Sprite 'yellow_1' successfully loaded
12:44:32    0 ResourceManager::loadSprite(): Loading sprite 'sprites/number_font/yellow_2.txt'
12:44:32    0 ResourceManager::loadSprite(): Opened file 'sprites/number_font/yellow_2.txt'
12:44:32    0 ResourceManager::loadSprite(): Sprite 'yellow_2' successfully loaded
12:44:32    0 ResourceManager::loadSprite(): Loading sprite 'sprites/number_font/yellow_3.txt'
12:44:32    0 ResourceManager::loadSprite(): Opened file 'sprites/number_font/yellow_3.txt'
12:44:32    0 ResourceManager::loadSprite(): Sprite 'yellow_3' successfully loaded
12:44:32    0 ResourceManager::loadSprite(): Loading sprite 'sprites/number_font/yellow_4.txt'
12:44:32    0 ResourceManager::loadSprite(): Opened file 'sprites/number_font/yellow_4.txt'
12:44:32    0 ResourceManager::loadSprite(): Sprite 'yellow_4' successfully loaded
12:44:32    0 ResourceManager::loadSprite(): Loading sprite 'sprites/number_font/yellow_5.txt'
12:44:32    0 ResourceManager::loadSprite(): Opened file 'sprites/number_font/yellow_5.txt'
12:44:32    0 ResourceManager::loadSprite(): Sprite 'yellow_5' successfully loaded
12:44:32    0 ResourceManager::loadSprite(): Loading sprite 'sprites/number_font/yellow_6.txt'
12:44:32    0 ResourceManager::loadSprite(): Opened file 'sprites/number_font/yellow_6.txt'
12:44:32    0 ResourceManager::loadSprite(): Sprite 'yellow_6' successfully loaded
12:44:32    0 ResourceManager::loadSprite(): Loading sprite 'sprites/number_font/yellow_7.txt'
12:44:32    0 ResourceManager::loadSprite(): Opened file 'sprites/number_font/yellow_7.txt'
12:44:32    0 ResourceManager::loadSprite(): Sprite 'yellow_7' successfully loaded
12:44:32    0 ResourceManager::loadSprite(): Loading sprite 'sprites/number_font/yellow_8.txt'
12:44:32    0 ResourceManager::loadSprite(): Opened file 'sprites/number_font/yellow_8.txt'
12:44:32    0 ResourceManager::loadSprite(): Sprite 'yellow_8' successfully loaded
12:44:32    0 ResourceManager::loadSprite(): Loading sprite 'sprites/number_font/yellow_9.txt'
12:44:32    0 ResourceManager::loadSprite(): Opened file 'sprites/number_font/yellow_9.txt'
12:44:32    0 ResourceManager::loadSprite(): Sprite 'yellow_9' successfully loaded
12:44:32    0 ResourceManager::loadSprite(): Loading sprite 'sprites/number_font/slash.txt'
12:44:32    0 ResourceManager::loadSprite(): Opened file 'sprites/number_font/slash.txt'
12:44:32    0 ResourceManager::loadSprite(): Sprite 'slash' successfully loaded
12:44:32    0 ResourceManager::loadSprite(): Loading sprite 'sprites/ammo_display.txt'
12:44:32    0 ResourceManager::loadSprite(): Opened file 'sprites/ammo_display.txt'
12:44:32    0 ResourceManager::loadSprite(): Sprite 'ammo_display' successfully loaded
12:44:33    0 ResourceManager::loadSound(): Sound 'AK47_fire' successfully loaded
12:44:33    0 ResourceManager::loadSound(): Sound 'AWP_fire' successfully loaded
12:44:33    0 ResourceManager::loadSound(): Sound 'GrenadeLauncher_fire' successfully loaded
12:44:33    0 ResourceManager::loadSound(): Sound 'ammo_empty' successfully loaded
12:44:33    0 ResourceManager::loadSound(): Sound 'AK47_reload' successfully loaded
12:44:34    0 ResourceManager::loadSound(): Sound 'AWP_reload' successfully loaded
12:44:34    0 ResourceManager::loadSound(): Sound 'GrenadeLauncher_reload' successfully loaded
12:44:34    0 ResourceManager::loadSound(): Sound 'awp_bolt' successfully loaded
12:44:34    0 ResourceManager::loadSound(): Sound 'pickup1' successfully loaded
12:44:34    0 ResourceManager::loadSound(): Sound 'pickup2' successfully loaded
12:44:34    0 ResourceManager::loadSound(): Sound 'explode' successfully loaded
12:44:34    0 ResourceManager::loadSound(): Sound 'nuke' successfully loaded
12:44:34    0 ResourceManager::loadSound(): Sound 'saucer_death' successfully loaded
12:44:34    0 ResourceManager::loadSound(): Sound 'game over' successfully loaded
12:44:35    0 ResourceManager::loadSound(): Sound 'level_won' successfully loaded
12:44:35    0 ResourceManager::loadMusic(): Music 'start music' successfully loaded
12:44:35    0 ResourceManager::loadMusic(): Music 'music_theme' successfully loaded
12:44:35    0 ResourceManager::loadMusic(): Music 'music_boss' successfully loaded
12:44:35    0 Client::Client(): Connecting to localhost at port 9876.
12:44:35    0 NetworkManager::connect(): Connecting to localhost, port 9876.
12:44:35    0 NetworkManager::connect(): Connection established.
12:44:35    0 Client::handleConnect(): Client connected! on socket index 0.
12:44:35    0 Client::Client(): Client started.
12:44:35    0 GameManager::run(): starting game loop
12:44:35    0 Client::eventHandler(): sending mouse input to server.
12:44:35    0 Client::eventHandler(): sending mouse input to server.
12:44:35    0 Client::createObject(): creating object type 'Hero'
12:44:35    0 Hero::deserialize()
12:44:35    0 Hero::deserialize(): current health is 50
12:44:35    0 Hero::deserialize(): current weapon is 1
12:44:35    0 Client::createObject(): creating object type 'Level'
12:44:35    0 Client::createObject(): creating object type 'Platform'
12:44:35    0 Client::createObject(): creating object type 'Platform'
12:44:35    0 Client::createObject(): creating object type 'Platform'
12:44:35    0 Client::createObject(): creating object type 'Platform'
12:44:35    0 Client::createObject(): creating object type 'Platform'
12:44:35    0 Client::createObject(): creating object type 'Platform'
12:44:35    0 Client::createObject(): creating object type 'Platform'
12:44:35    0 Client::createObject(): creating object type 'Platform'
12:44:35    0 Client::createObject(): creating object type 'Platform'
12:44:35    0 Client::createObject(): creating object type 'Platform'
12:44:35    0 Client::createObject(): creating object type 'Platform'
12:44:35    0 Client::createObject(): creating object type 'Platform'
12:44:35    0 Client::createObject(): creating object type 'Platform'
12:44:35    0 Client::createObject(): creating object type 'Platform'
12:44:35    0 Client::createObject(): creating object type 'Platform'
12:44:35    0 Client::createObject(): creating object type 'Platform'
12:44:35    0 Client::createObject(): creating object type 'Platform'
12:44:35    0 Client::createObject(): creating object type 'Hero'
12:44:35    0 Hero::deserialize()
12:44:35    0 Hero::deserialize(): current health is 50
12:44:35    0 Hero::deserialize(): current weapon is 1
12:44:35    0 Hero::deserialize()
12:44:35    0 Weapon::deserialize()
12:44:35    0 Hero::deserialize()
12:44:35    0 Weapon::deserialize()
12:44:35    0 Weapon::deserialize(): ammo_loaded is 30
12:44:35    0 Weapon::deserialize(): ammo_backup is 90
12:44:35    0 Weapon::deserialize()
12:44:35    0 SceneGraph::updateAltitude(): remove from old altitude (2) failed!
12:44:35    0 Weapon::deserialize(): ammo_loaded is 10
12:44:35    0 Weapon::deserialize(): ammo_backup is 30
12:44:35    0 Weapon::deserialize()
12:44:35    0 SceneGraph::updateAltitude(): remove from old altitude (2) failed!
12:44:35    0 Weapon::deserialize(): ammo_loaded is 1
12:44:35    0 Weapon::deserialize(): ammo_backup is 30
12:44:35    0 Hero::deserialize()
12:44:35    0 Weapon::deserialize()
12:44:35    0 Hero::deserialize()
12:44:35    0 Weapon::deserialize()
12:44:35    1 Client::eventHandler(): sending mouse input to server.
12:44:35    1 Reticle received mouse event
12:44:35    1 Client::eventHandler(): sending mouse input to server.
12:44:35    1 Reticle received mouse event
12:44:35    1 Client::eventHandler(): sending mouse input to server.
12:44:35    1 Reticle received mouse event
12:44:35    1 Client socket index 0 following hero id 20
12:44:35    1 Reticle received step event
12:44:35    1 Hero::deserialize()
12:44:35    1 Weapon::deserialize()
12:44:35    1 Hero::deserialize()
12:44:35    1 Weapon::deserialize()
12:44:35    2 Client::eventHandler(): sending mouse input to server.
12:44:35    2 Reticle received mouse event
12:44:35    2 Client socket index 0 following hero id 20
12:44:35    2 Reticle received step event
12:44:35    2 Hero::deserialize()
12:44:35    2 Weapon::deserialize()
12:44:35    2 Hero::deserialize()
12:44:35    2 Weapon::deserialize()
12:44:35    3 Client::eventHandler(): sending mouse input to server.
12:44:35    3 Reticle received mouse event
12:44:35    3 Client socket index 0 following hero id 20
12:44:35    3 Reticle received step event
12:44:35    3 Hero::deserialize()
12:44:35    3 Weapon::deserialize()
12:44:35    3 Hero::deserialize()
12:44:35    3 Weapon::deserialize()
12:44:35    4 Client::eventHandler(): sending mouse input to server.
12:44:35    4 Reticle received mouse event
12:44:35    4 Client socket index 0 following hero id 20
12:44:35    4 Reticle received step event
12:44:35    4 Hero::deserialize()
12:44:35    4 Weapon::deserialize()
12:44:35    4 Hero::deserialize()
12:44:35    4 Weapon::deserialize()
12:44:35    5 Client::eventHandler(): sending mouse input to server.
12:44:35    5 Reticle received mouse event
12:44:35    5 Client::eventHandler(): sending mouse input to server.
12:44:35    5 Reticle received mouse event
12:44:35    5 Client::eventHandler(): sending mouse input to server.
12:44:35    5 Reticle received mouse event
12:44:35    5 Client::eventHandler(): sending mouse input to server.
12:44:35    5 Reticle received mouse event
12:44:35    5 Client socket index 0 following hero id 20
12:44:35    5 Reticle received step event
12:44:35    5 Hero::deserialize()
12:44:35    5 Weapon::deserialize()
12:44:35    5 Hero::deserialize()
12:44:35    5 Weapon::deserialize()
12:44:35    6 Client::eventHandler(): sending mouse input to server.
12:44:35    6 Reticle received mouse event
12:44:35    6 Client::eventHandler(): sending mouse input to server.
12:44:35    6 Reticle received mouse event
12:44:35    6 Client socket index 0 following hero id 20
12:44:35    6 Reticle received step event
12:44:35    6 Hero::deserialize()
12:44:35    6 Weapon::deserialize()
12:44:35    6 Hero::deserialize()
12:44:35    6 Weapon::deserialize()
12:44:35    7 Client::eventHandler(): sending mouse input to server.
12:44:35    7 Reticle received mouse event
12:44:35    7 Client::eventHandler(): sending mouse input to server.
12:44:35    7 Reticle received mouse event
12:44:35    7 Client socket index 0 following hero id 20
12:44:35    7 Reticle received step event
12:44:35    7 Hero::deserialize()
12:44:35    7 Weapon::deserialize()
12:44:35    7 Hero::deserialize()
12:44:35    7 Weapon::deserialize()
12:44:35    8 Client::eventHandler(): sending mouse input to server.
12:44:35    8 Reticle received mouse event
12:44:35    8 Client socket index 0 following hero id 20
12:44:35    8 Reticle received step event
12:44:35    8 Hero::deserialize()
12:44:35    8 Weapon::deserialize()
12:44:35    8 Hero::deserialize()
12:44:35    8 Weapon::deserialize()
12:44:35    9 Client::eventHandler(): sending mouse input to server.
12:44:35    9 Reticle received mouse event
12:44:35    9 Client socket index 0 following hero id 20
12:44:35    9 Reticle received step event
12:44:35    9 Hero::deserialize()
12:44:35    9 Weapon::deserialize()
12:44:35    9 Hero::deserialize()
12:44:35    9 Weapon::deserialize()
12:44:35   10 Client::eventHandler(): sending mouse input to server.
12:44:35   10 Reticle received mouse event
12:44:35   10 Client::eventHandler(): sending mouse input to server.
12:44:35   10 Reticle received mouse event
12:44:35   10 Client socket index 0 following hero id 20
12:44:35   10 Reticle received step event
12:44:35   10 Hero::deserialize()
12:44:35   10 Weapon::deserialize()
12:44:35   10 Hero::deserialize()
12:44:35   10 Weapon::deserialize()
12:44:35   11 Client socket index 0 following hero id 20
12:44:35   11 Reticle received step event
12:44:35   11 Hero::deserialize()
12:44:35   11 Weapon::deserialize()
12:44:35   11 Hero::deserialize()
12:44:35   11 Weapon::deserialize()
12:44:35   12 Client socket index 0 following hero id 20
12:44:35   12 Reticle received step event
12:44:35   12 Hero::deserialize()
12:44:35   12 Weapon::deserialize()
12:44:35   12 Hero::deserialize()
12:44:35   12 Weapon::deserialize()
12:44:35   13 Client socket index 0 following hero id 20
12:44:35   13 Reticle received step event
12:44:35   13 Hero::deserialize()
12:44:35   13 Weapon::deserialize()
12:44:35   13 Hero::deserialize()
12:44:35   13 Weapon::deserialize()
12:44:35   14 Client socket index 0 following hero id 20
12:44:35   14 Reticle received step event
12:44:35   14 Hero::deserialize()
12:44:35   14 Weapon::deserialize()
12:44:35   14 Hero::deserialize()
12:44:35   14 Weapon::deserialize()
12:44:35   15 Client socket index 0 following hero id 20
12:44:35   15 Reticle received step event
12:44:35   15 Hero::deserialize()
12:44:35   15 Weapon::deserialize()
12:44:35   15 Hero::deserialize()
12:44:35   15 Weapon::deserialize()
12:44:35   16 Client socket index 0 following hero id 20
12:44:35   16 Reticle received step event
12:44:35   16 Hero::deserialize()
12:44:35   16 Weapon::deserialize()
12:44:35   16 Hero::deserialize()
12:44:35   16 Weapon::deserialize()
12:44:35   17 Client socket index 0 following hero id 20
12:44:35   17 Reticle received step event
12:44:35   17 Hero::deserialize()
12:44:35   17 Weapon::deserialize()
12:44:35   17 Hero::deserialize()
12:44:35   17 Weapon::deserialize()
12:44:36   18 Client socket index 0 following hero id 20
12:44:36   18 Reticle received step event
12:44:36   18 Hero::deserialize()
12:44:36   18 Weapon::deserialize()
12:44:36   18 Hero::deserialize()
12:44:36   18 Weapon::deserialize()
12:44:36   19 Client socket index 0 following hero id 20
12:44:36   19 Reticle received step event
12:44:36   19 Hero::deserialize()
12:44:36   19 Weapon::deserialize()
12:44:36   19 Hero::deserialize()
12:44:36   19 Weapon::deserialize()
12:44:36   20 Client::eventHandler(): sending mouse input to server.
12:44:36   20 Reticle received mouse event
12:44:36   20 Client socket index 0 following hero id 20
12:44:36   20 Reticle received step event
12:44:36   20 Hero::deserialize()
12:44:36   20 Weapon::deserialize()
12:44:36   20 Hero::deserialize()
12:44:36   20 Weapon::deserialize()
12:44:36   21 Client::eventHandler(): sending mouse input to server.
12:44:36   21 Reticle received mouse event
12:44:36   21 Client socket index 0 following hero id 20
12:44:36   21 Reticle received step event
12:44:36   21 Hero::deserialize()
12:44:36   21 Weapon::deserialize()
12:44:36   21 Hero::deserialize()
12:44:36   21 Weapon::deserialize()
12:44:36   22 Client::eventHandler(): sending mouse input to server.
12:44:36   22 Reticle received mouse event
12:44:36   22 Client socket index 0 following hero id 20
12:44:36   22 Reticle received step event
12:44:36   22 Hero::deserialize()
12:44:36   22 Weapon::deserialize()
12:44:36   22 Hero::deserialize()
12:44:36   22 Weapon::deserialize()
12:44:36   23 Client::eventHandler(): sending mouse input to server.
12:44:36   23 Reticle received mouse event
12:44:36   23 Client socket index 0 following hero id 20
12:44:36   23 Reticle received step event
12:44:36   23 Hero::deserialize()
12:44:36   23 Weapon::deserialize()
12:44:36   23 Hero::deserialize()
12:44:36   23 Weapon::deserialize()
12:44:36   24 Client::eventHandler(): sending mouse input to server.
12:44:36   24 Reticle received mouse event
12:44:36   24 Client socket index 0 following hero id 20
12:44:36   24 Reticle received step event
12:44:36   24 Hero::deserialize()
12:44:36   24 Weapon::deserialize()
12:44:36   24 Hero::deserialize()
12:44:36   24 Weapon::deserialize()
12:44:36   25 Client::eventHandler(): sending mouse input to server.
12:44:36   25 Reticle received mouse event
12:44:36   25 Client::eventHandler(): sending mouse input to server.
12:44:36   25 Reticle received mouse event
12:44:36   25 Client socket index 0 following hero id 20
12:44:36   25 Reticle received step event
12:44:36   25 Hero::deserialize()
12:44:36   25 Weapon::deserialize()
12:44:36   25 Hero::deserialize()
12:44:36   25 Weapon::deserialize()
12:44:36   26 Client::eventHandler(): sending mouse input to server.
12:44:36   26 Reticle received mouse event
12:44:36   26 Client::eventHandler(): sending mouse input to server.
12:44:36   26 Reticle received mouse event
12:44:36   26 Client::eventHandler(): sending mouse input to server.
12:44:36   26 Reticle received mouse event
12:44:36   26 Client::eventHandler(): sending mouse input to server.
12:44:36   26 Reticle received mouse event
12:44:36   26 Client socket index 0 following hero id 20
12:44:36   26 Reticle received step event
12:44:36   26 Hero::deserialize()
12:44:36   26 Weapon::deserialize()
12:44:36   26 Hero::deserialize()
12:44:36   26 Weapon::deserialize()
12:44:36   27 Client::eventHandler(): sending mouse input to server.
12:44:36   27 Reticle received mouse event
12:44:36   27 Client socket index 0 following hero id 20
12:44:36   27 Reticle received step event
12:44:36   27 Hero::deserialize()
12:44:36   27 Weapon::deserialize()
12:44:36   27 Hero::deserialize()
12:44:36   27 Weapon::deserialize()
12:44:36   28 Client::eventHandler(): sending mouse input to server.
12:44:36   28 Reticle received mouse event
12:44:36   28 Client::eventHandler(): sending mouse input to server.
12:44:36   28 Reticle received mouse event
12:44:36   28 Client::eventHandler(): sending mouse input to server.
12:44:36   28 Reticle received mouse event
12:44:36   28 Client socket index 0 following hero id 20
12:44:36   28 Reticle received step event
12:44:36   28 Hero::deserialize()
12:44:36   28 Weapon::deserialize()
12:44:36   28 Hero::deserialize()
12:44:36   28 Weapon::deserialize()
12:44:36   29 Client::eventHandler(): sending mouse input to server.
12:44:36   29 Reticle received mouse event
12:44:36   29 Client::eventHandler(): sending mouse input to server.
12:44:36   29 Reticle received mouse event
12:44:36   29 Client socket index 0 following hero id 20
12:44:36   29 Reticle received step event
12:44:36   29 Hero::deserialize()
12:44:36   29 Weapon::deserialize()
12:44:36   29 Hero::deserialize()
12:44:36   29 Weapon::deserialize()
12:44:36   30 Client::eventHandler(): sending mouse input to server.
12:44:36   30 Reticle received mouse event
12:44:36   30 Client socket index 0 following hero id 20
12:44:36   30 Reticle received step event
12:44:36   30 Hero::deserialize()
12:44:36   30 Weapon::deserialize()
12:44:36   30 Hero::deserialize()
12:44:36   30 Weapon::deserialize()
12:44:36   31 Client::eventHandler(): sending mouse input to server.
12:44:36   31 Reticle received mouse event
12:44:36   31 Client socket index 0 following hero id 20
12:44:36   31 Reticle received step event
12:44:36   31 Hero::deserialize()
12:44:36   31 Weapon::deserialize()
12:44:36   31 Hero::deserialize()
12:44:36   31 Weapon::deserialize()
12:44:36   32 Client::eventHandler(): sending mouse input to server.
12:44:36   32 Reticle received mouse event
12:44:36   32 Client socket index 0 following hero id 20
12:44:36   32 Reticle received step event
12:44:36   32 Hero::deserialize()
12:44:36   32 Weapon::deserialize()
12:44:36   32 Hero::deserialize()
12:44:36   32 Weapon::deserialize()
12:44:36   33 Client::eventHandler(): sending mouse input to server.
12:44:36   33 Reticle received mouse event
12:44:36   33 Client::eventHandler(): sending mouse input to server.
12:44:36   33 Reticle received mouse event
12:44:36   33 Client socket index 0 following hero id 20
12:44:36   33 Reticle received step event
12:44:36   33 Hero::deserialize()
12:44:36   33 Weapon::deserialize()
12:44:36   33 Hero::deserialize()
12:44:36   33 Weapon::deserialize()
12:44:36   34 Client::eventHandler(): sending mouse input to server.
12:44:36   34 Reticle received mouse event
12:44:36   34 Client socket index 0 following hero id 20
12:44:36   34 Reticle received step event
12:44:36   34 Hero::deserialize()
12:44:36   34 Weapon::deserialize()
12:44:36   34 Hero::deserialize()
12:44:36   34 Weapon::deserialize()
12:44:36   35 Client::eventHandler(): sending mouse input to server.
12:44:36   35 Reticle received mouse event
12:44:36   35 Client socket index 0 following hero id 20
12:44:36   35 Reticle received step event
12:44:36   35 Hero::deserialize()
12:44:36   35 Weapon::deserialize()
12:44:36   35 Hero::deserialize()
12:44:36   35 Weapon::deserialize()
12:44:36   36 Client::eventHandler(): sending mouse input to server.
12:44:36   36 Reticle received mouse event
12:44:36   36 Client socket index 0 following hero id 20
12:44:36   36 Reticle received step event
12:44:36   36 Hero::deserialize()
12:44:36   36 Weapon::deserialize()
12:44:36   36 Hero::deserialize()
12:44:36   36 Weapon::deserialize()
12:44:36   37 Client::eventHandler(): sending mouse input to server.
12:44:36   37 Reticle received mouse event
12:44:36   37 Client socket index 0 following hero id 20
12:44:36   37 Reticle received step event
12:44:36   37 Hero::deserialize()
12:44:36   37 Weapon::deserialize()
12:44:36   37 Hero::deserialize()
12:44:36   37 Weapon::deserialize()
12:44:36   38 Client::eventHandler(): sending mouse input to server.
12:44:36   38 Reticle received mouse event
12:44:36   38 Client socket index 0 following hero id 20
12:44:36   38 Reticle received step event
12:44:36   38 Hero::deserialize()
12:44:36   38 Weapon::deserialize()
12:44:36   38 Hero::deserialize()
12:44:36   38 Weapon::deserialize()
12:44:36   39 Client::eventHandler(): sending mouse input to server.
12:44:36   39 Reticle received mouse event
12:44:36   39 Client socket index 0 following hero id 20
12:44:36   39 Reticle received step event
12:44:36   39 Hero::deserialize()
12:44:36   39 Weapon::deserialize()
12:44:36   39 Hero::deserialize()
12:44:36   39 Weapon::deserialize()
12:44:36   40 Client::eventHandler(): sending mouse input to server.
12:44:36   40 Reticle received mouse event
12:44:36   40 Client socket index 0 following hero id 20
12:44:36   40 Reticle received step event
12:44:36   40 Hero::deserialize()
12:44:36   40 Weapon::deserialize()
12:44:36   40 Hero::deserialize()
12:44:36   40 Weapon::deserialize()
12:44:36   41 Client::eventHandler(): sending mouse input to server.
12:44:36   41 Reticle received mouse event
12:44:36   41 Client socket index 0 following hero id 20
12:44:36   41 Reticle received step event
12:44:36   41 Hero::deserialize()
12:44:36   41 Weapon::deserialize()
12:44:36   41 Hero::deserialize()
12:44:36   41 Weapon::deserialize()
12:44:36   42 Client::eventHandler(): sending mouse input to server.
12:44:36   42 Reticle received mouse event
12:44:36   42 Client socket index 0 following hero id 20
12:44:36   42 Reticle received step event
12:44:36   42 Hero::deserialize()
12:44:36   42 Weapon::deserialize()
12:44:36   42 Hero::deserialize()
12:44:36   42 Weapon::deserialize()
12:44:36   43 Client socket index 0 following hero id 20
12:44:36   43 Reticle received step event
12:44:36   43 Hero::deserialize()
12:44:36   43 Weapon::deserialize()
12:44:36   43 Hero::deserialize()
12:44:36   43 Weapon::deserialize()
12:44:36   44 Client socket index 0 following hero id 20
12:44:36   44 Reticle received step event
12:44:36   44 Hero::deserialize()
12:44:36   44 Weapon::deserialize()
12:44:36   44 Hero::deserialize()
12:44:36   44 Weapon::deserialize()
12:44:36   45 Client::eventHandler(): sending mouse input to server.
12:44:36   45 Reticle received mouse event
12:44:36   45 Client socket index 0 following hero id 20
12:44:36   45 Reticle received step event
12:44:36   45 Hero::deserialize()
12:44:36   45 Weapon::deserialize()
12:44:36   45 Hero::deserialize()
12:44:36   45 Weapon::deserialize()
12:44:36   46 Client socket index 0 following hero id 20
12:44:36   46 Reticle received step event
12:44:36   46 Hero::deserialize()
12:44:36   46 Weapon::deserialize()
12:44:36   46 Hero::deserialize()
12:44:36   46 Weapon::deserialize()
12:44:36   47 Client socket index 0 following hero id 20
12:44:36   47 Reticle received step event
12:44:36   47 Hero::deserialize()
12:44:36   47 Weapon::deserialize()
12:44:36   47 Hero::deserialize()
12:44:36   47 Weapon::deserialize()
12:44:36   48 Client socket index 0 following hero id 20
12:44:36   48 Reticle received step event
12:44:36   48 Hero::deserialize()
12:44:36   48 Weapon::deserialize()
12:44:36   48 Hero::deserialize()
12:44:36   48 Weapon::deserialize()
12:44:37   49 Client socket index 0 following hero id 20
12:44:37   49 Reticle received step event
12:44:37   49 Hero::deserialize()
12:44:37   49 Weapon::deserialize()
12:44:37   49 Hero::deserialize()
12:44:37   49 Weapon::deserialize()
12:44:37   50 Client socket index 0 following hero id 20
12:44:37   50 Reticle received step event
12:44:37   50 Hero::deserialize()
12:44:37   50 Weapon::deserialize()
12:44:37   50 Hero::deserialize()
12:44:37   50 Weapon::deserialize()
12:44:37   51 Client socket index 0 following hero id 20
12:44:37   51 Reticle received step event
12:44:37   51 Hero::deserialize()
12:44:37   51 Weapon::deserialize()
12:44:37   51 Hero::deserialize()
12:44:37   51 Weapon::deserialize()
12:44:37   52 Client socket index 0 following hero id 20
12:44:37   52 Reticle received step event
12:44:37   52 Hero::deserialize()
12:44:37   52 Weapon::deserialize()
12:44:37   52 Hero::deserialize()
12:44:37   52 Weapon::deserialize()
12:44:37   53 Client::eventHandler(): sending keyboard input to server.
12:44:37   53 Client::eventHandler(): sending keyboard input to server.
12:44:37   53 Client socket index 0 following hero id 20
12:44:37   53 Reticle received step event
12:44:37   53 Hero::deserialize()
12:44:37   53 Weapon::deserialize()
12:44:37   53 Hero::deserialize()
12:44:37   53 Weapon::deserialize()
12:44:37   54 Client::eventHandler(): sending keyboard input to server.
12:44:37   54 Client socket index 0 following hero id 20
12:44:37   54 Reticle received step event
12:44:37   54 Hero::deserialize()
12:44:37   54 Weapon::deserialize()
12:44:37   54 Hero::deserialize()
12:44:37   54 Weapon::deserialize()
12:44:37   55 Client::eventHandler(): sending keyboard input to server.
12:44:37   55 Client socket index 0 following hero id 20
12:44:37   55 Reticle received step event
12:44:37   55 Hero::deserialize()
12:44:37   55 Weapon::deserialize()
12:44:37   55 Hero::deserialize()
12:44:37   55 Weapon::deserialize()
12:44:37   56 Client::eventHandler(): sending mouse input to server.
12:44:37   56 Reticle received mouse event
12:44:37   56 Client::eventHandler(): sending keyboard input to server.
12:44:37   56 Client socket index 0 following hero id 20
12:44:37   56 Reticle received step event
12:44:37   56 Hero::deserialize()
12:44:37   56 Weapon::deserialize()
12:44:37   56 Hero::deserialize()
12:44:37   56 Weapon::deserialize()
12:44:37   57 Client::eventHandler(): sending mouse input to server.
12:44:37   57 Reticle received mouse event
12:44:37   57 Client::eventHandler(): sending keyboard input to server.
12:44:37   57 Client socket index 0 following hero id 20
12:44:37   57 Reticle received step event
12:44:37   57 Hero::deserialize()
12:44:37   57 Weapon::deserialize()
12:44:37   57 Hero::deserialize()
12:44:37   57 Weapon::deserialize()
12:44:37   58 Client::eventHandler(): sending mouse input to server.
12:44:37   58 Reticle received mouse event
12:44:37   58 Client::eventHandler(): sending keyboard input to server.
12:44:37   58 Client socket index 0 following hero id 20
12:44:37   58 Reticle received step event
12:44:37   58 Hero::deserialize()
12:44:37   58 Weapon::deserialize()
12:44:37   58 Hero::deserialize()
12:44:37   58 Weapon::deserialize()
12:44:37   59 Client::eventHandler(): sending keyboard input to server.
12:44:37   59 Client socket index 0 following hero id 20
12:44:37   59 Reticle received step event
12:44:37   59 Hero::deserialize()
12:44:37   59 Weapon::deserialize()
12:44:37   59 Hero::deserialize()
12:44:37   59 Weapon::deserialize()
12:44:37   60 Client::eventHandler(): sending keyboard input to server.
12:44:37   60 Client socket index 0 following hero id 20
12:44:37   60 Reticle received step event
12:44:37   60 Hero::deserialize()
12:44:37   60 Weapon::deserialize()
12:44:37   60 Hero::deserialize()
12:44:37   60 Weapon::deserialize()
12:44:37   61 Client::eventHandler(): sending keyboard input to server.
12:44:37   61 Client socket index 0 following hero id 20
12:44:37   61 Reticle received step event
12:44:37   61 Hero::deserialize()
12:44:37   61 Weapon::deserialize()
12:44:37   61 Hero::deserialize()
12:44:37   61 Weapon::deserialize()
12:44:37   62 Client::eventHandler(): sending mouse input to server.
12:44:37   62 Reticle received mouse event
12:44:37   62 Client::eventHandler(): sending keyboard input to server.
12:44:37   62 Client socket index 0 following hero id 20
12:44:37   62 Reticle received step event
12:44:37   62 Hero::deserialize()
12:44:37   62 Weapon::deserialize()
12:44:37   62 Hero::deserialize()
12:44:37   62 Weapon::deserialize()
12:44:37   63 Client::eventHandler(): sending mouse input to server.
12:44:37   63 Reticle received mouse event
12:44:37   63 Client::eventHandler(): sending mouse input to server.
12:44:37   63 Reticle received mouse event
12:44:37   63 Client::eventHandler(): sending keyboard input to server.
12:44:37   63 Client socket index 0 following hero id 20
12:44:37   63 Reticle received step event
12:44:37   63 Hero::deserialize()
12:44:37   63 Weapon::deserialize()
12:44:37   63 Hero::deserialize()
12:44:37   63 Weapon::deserialize()
12:44:37   64 Client::eventHandler(): sending mouse input to server.
12:44:37   64 Reticle received mouse event
12:44:37   64 Client::eventHandler(): sending mouse input to server.
12:44:37   64 Reticle received mouse event
12:44:37   64 Client::eventHandler(): sending keyboard input to server.
12:44:37   64 Client socket index 0 following hero id 20
12:44:37   64 Reticle received step event
12:44:37   64 Hero::deserialize()
12:44:37   64 Weapon::deserialize()
12:44:37   64 Hero::deserialize()
12:44:37   64 Weapon::deserialize()
12:44:37   65 Client::eventHandler(): sending mouse input to server.
12:44:37   65 Reticle received mouse event
12:44:37   65 Client::eventHandler(): sending keyboard input to server.
12:44:37   65 Client::eventHandler(): sending mouse input to server.
12:44:37   65 Reticle received mouse event
12:44:37   65 Client socket index 0 following hero id 20
12:44:37   65 Reticle received step event
12:44:37   65 Hero::deserialize()
12:44:37   65 Weapon::deserialize()
12:44:37   65 Hero::deserialize()
12:44:37   65 Weapon::deserialize()
12:44:37   66 Client::eventHandler(): sending mouse input to server.
12:44:37   66 Reticle received mouse event
12:44:37   66 Client socket index 0 following hero id 20
12:44:37   66 Reticle received step event
12:44:37   66 Hero::deserialize()
12:44:37   66 Weapon::deserialize()
12:44:37   66 Hero::deserialize()
12:44:37   66 Weapon::deserialize()
12:44:37   67 Client::eventHandler(): sending mouse input to server.
12:44:37   67 Reticle received mouse event
12:44:37   67 Client socket index 0 following hero id 20
12:44:37   67 Reticle received step event
12:44:37   67 Hero::deserialize()
12:44:37   67 Weapon::deserialize()
12:44:37   67 Hero::deserialize()
12:44:37   67 Weapon::deserialize()
12:44:37   68 Client socket index 0 following hero id 20
12:44:37   68 Reticle received step event
12:44:37   68 Hero::deserialize()
12:44:37   68 Weapon::deserialize()
12:44:37   68 Hero::deserialize()
12:44:37   68 Weapon::deserialize()
12:44:37   69 Client socket index 0 following hero id 20
12:44:37   69 Reticle received step event
12:44:37   69 Hero::deserialize()
12:44:37   69 Weapon::deserialize()
12:44:37   69 Hero::deserialize()
12:44:37   69 Weapon::deserialize()
12:44:37   70 Client socket index 0 following hero id 20
12:44:37   70 Reticle received step event
12:44:37   70 Hero::deserialize()
12:44:37   70 Weapon::deserialize()
12:44:37   70 Hero::deserialize()
12:44:37   70 Weapon::deserialize()
12:44:37   71 Client socket index 0 following hero id 20
12:44:37   71 Reticle received step event
12:44:37   71 Hero::deserialize()
12:44:37   71 Weapon::deserialize()
12:44:37   71 Hero::deserialize()
12:44:37   71 Weapon::deserialize()
12:44:37   72 Client socket index 0 following hero id 20
12:44:37   72 Reticle received step event
12:44:37   72 Hero::deserialize()
12:44:37   72 Weapon::deserialize()
12:44:37   72 Hero::deserialize()
12:44:37   72 Weapon::deserialize()
12:44:37   73 Client socket index 0 following hero id 20
12:44:37   73 Reticle received step event
12:44:37   73 Hero::deserialize()
12:44:37   73 Weapon::deserialize()
12:44:37   73 Hero::deserialize()
12:44:37   73 Weapon::deserialize()
12:44:37   74 Client socket index 0 following hero id 20
12:44:37   74 Reticle received step event
12:44:37   74 Hero::deserialize()
12:44:37   74 Weapon::deserialize()
12:44:37   74 Hero::deserialize()
12:44:37   74 Weapon::deserialize()
12:44:37   75 Client::eventHandler(): sending keyboard input to server.
12:44:37   75 Client::eventHandler(): sending keyboard input to server.
12:44:37   75 Client socket index 0 following hero id 20
12:44:37   75 Reticle received step event
12:44:37   75 Hero::deserialize()
12:44:37   75 Weapon::deserialize()
12:44:37   75 Hero::deserialize()
12:44:37   75 Weapon::deserialize()
12:44:37   76 Client::eventHandler(): sending keyboard input to server.
12:44:37   76 Client socket index 0 following hero id 20
12:44:37   76 Reticle received step event
12:44:37   76 Hero::deserialize()
12:44:37   76 Weapon::deserialize()
12:44:37   76 Hero::deserialize()
12:44:37   76 Weapon::deserialize()
12:44:37   77 Client::eventHandler(): sending keyboard input to server.
12:44:37   77 Client socket index 0 following hero id 20
12:44:37   77 Reticle received step event
12:44:37   77 Hero::deserialize()
12:44:37   77 Weapon::deserialize()
12:44:37   77 Hero::deserialize()
12:44:37   77 Weapon::deserialize()
12:44:37   78 Client::eventHandler(): sending keyboard input to server.
12:44:37   78 Client socket index 0 following hero id 20
12:44:37   78 Reticle received step event
12:44:37   78 Hero::deserialize()
12:44:37   78 Weapon::deserialize()
12:44:37   78 Hero::deserialize()
12:44:37   78 Weapon::deserialize()
12:44:38   79 Client::eventHandler(): sending keyboard input to server.
12:44:38   79 Client::eventHandler(): sending keyboard input to server.
12:44:38   79 Client::eventHandler(): sending keyboard input to server.
12:44:38   79 Client socket index 0 following hero id 20
12:44:38   79 Reticle received step event
12:44:38   79 Hero::deserialize()
12:44:38   79 Weapon::deserialize()
12:44:38   79 Hero::deserialize()
12:44:38   79 Weapon::deserialize()
12:44:38   80 Client::eventHandler(): sending keyboard input to server.
12:44:38   80 Client::eventHandler(): sending keyboard input to server.
12:44:38   80 Client socket index 0 following hero id 20
12:44:38   80 Reticle received step event
12:44:38   80 Hero::deserialize()
12:44:38   80 Weapon::deserialize()
12:44:38   80 Hero::deserialize()
12:44:38   80 Weapon::deserialize()
12:44:38   81 Client::eventHandler(): sending keyboard input to server.
12:44:38   81 Client::eventHandler(): sending keyboard input to server.
12:44:38   81 Client socket index 0 following hero id 20
12:44:38   81 Reticle received step event
12:44:38   81 Hero::deserialize()
12:44:38   81 Weapon::deserialize()
12:44:38   81 Hero::deserialize()
12:44:38   81 Weapon::deserialize()
12:44:38   82 Client::eventHandler(): sending keyboard input to server.
12:44:38   82 Client::eventHandler(): sending keyboard input to server.
12:44:38   82 Client socket index 0 following hero id 20
12:44:38   82 Reticle received step event
12:44:38   82 Hero::deserialize()
12:44:38   82 Weapon::deserialize()
12:44:38   82 Hero::deserialize()
12:44:38   82 Weapon::deserialize()
12:44:38   83 Client::eventHandler(): sending keyboard input to server.
12:44:38   83 Client::eventHandler(): sending keyboard input to server.
12:44:38   83 Client socket index 0 following hero id 20
12:44:38   83 Reticle received step event
12:44:38   83 Hero::deserialize()
12:44:38   83 Weapon::deserialize()
12:44:38   83 Hero::deserialize()
12:44:38   83 Weapon::deserialize()
12:44:38   84 Client::eventHandler(): sending keyboard input to server.
12:44:38   84 Client::eventHandler(): sending keyboard input to server.
12:44:38   84 Client socket index 0 following hero id 20
12:44:38   84 Reticle received step event
12:44:38   84 Hero::deserialize()
12:44:38   84 Weapon::deserialize()
12:44:38   84 Hero::deserialize()
12:44:38   84 Weapon::deserialize()
12:44:38   85 Client::eventHandler(): sending keyboard input to server.
12:44:38   85 Client::eventHandler(): sending keyboard input to server.
12:44:38   85 Client socket index 0 following hero id 20
12:44:38   85 Reticle received step event
12:44:38   85 Hero::deserialize()
12:44:38   85 Weapon::deserialize()
12:44:38   85 Hero::deserialize()
12:44:38   85 Weapon::deserialize()
12:44:38   86 Client::eventHandler(): sending keyboard input to server.
12:44:38   86 Client::eventHandler(): sending keyboard input to server.
12:44:38   86 Client socket index 0 following hero id 20
12:44:38   86 Reticle received step event
12:44:38   86 Hero::deserialize()
12:44:38   86 Weapon::deserialize()
12:44:38   86 Hero::deserialize()
12:44:38   86 Weapon::deserialize()
12:44:38   87 Client::eventHandler(): sending keyboard input to server.
12:44:38   87 Client::eventHandler(): sending keyboard input to server.
12:44:38   87 Client socket index 0 following hero id 20
12:44:38   87 Reticle received step event
12:44:38   87 Hero::deserialize()
12:44:38   87 Weapon::deserialize()
12:44:38   87 Hero::deserialize()
12:44:38   87 Weapon::deserialize()
12:44:38   88 Client::eventHandler(): sending keyboard input to server.
12:44:38   88 Client::eventHandler(): sending keyboard input to server.
12:44:38   88 Client socket index 0 following hero id 20
12:44:38   88 Reticle received step event
12:44:38   88 Hero::deserialize()
12:44:38   88 Weapon::deserialize()
12:44:38   88 Hero::deserialize()
12:44:38   88 Weapon::deserialize()
12:44:38   89 Client::eventHandler(): sending keyboard input to server.
12:44:38   89 Client::eventHandler(): sending keyboard input to server.
12:44:38   89 Client socket index 0 following hero id 20
12:44:38   89 Reticle received step event
12:44:38   89 Hero::deserialize()
12:44:38   89 Weapon::deserialize()
12:44:38   89 Hero::deserialize()
12:44:38   89 Weapon::deserialize()
12:44:38   90 Client::eventHandler(): sending keyboard input to server.
12:44:38   90 Client::eventHandler(): sending keyboard input to server.
12:44:38   90 Client socket index 0 following hero id 20
12:44:38   90 Reticle received step event
12:44:38   90 Hero::deserialize()
12:44:38   90 Weapon::deserialize()
12:44:38   90 Hero::deserialize()
12:44:38   90 Weapon::deserialize()
12:44:38   91 Client::eventHandler(): sending keyboard input to server.
12:44:38   91 Client::eventHandler(): sending keyboard input to server.
12:44:38   91 Client socket index 0 following hero id 20
12:44:38   91 Reticle received step event
12:44:38   91 Hero::deserialize()
12:44:38   91 Weapon::deserialize()
12:44:38   91 Hero::deserialize()
12:44:38   91 Weapon::deserialize()
12:44:38   92 Client::eventHandler(): sending keyboard input to server.
12:44:38   92 Client::eventHandler(): sending keyboard input to server.
12:44:38   92 Client socket index 0 following hero id 20
12:44:38   92 Reticle received step event
12:44:38   92 Hero::deserialize()
12:44:38   92 Weapon::deserialize()
12:44:38   92 Hero::deserialize()
12:44:38   92 Weapon::deserialize()
12:44:38   93 Client::eventHandler(): sending keyboard input to server.
12:44:38   93 Client::eventHandler(): sending keyboard input to server.
12:44:38   93 Client socket index 0 following hero id 20
12:44:38   93 Reticle received step event
12:44:38   93 Hero::deserialize()
12:44:38   93 Weapon::deserialize()
12:44:38   93 Hero::deserialize()
12:44:38   93 Weapon::deserialize()
12:44:38   94 Client::eventHandler(): sending keyboard input to server.
12:44:38   94 Client::eventHandler(): sending keyboard input to server.
12:44:38   94 Client socket index 0 following hero id 20
12:44:38   94 Reticle received step event
12:44:38   94 Hero::deserialize()
12:44:38   94 Weapon::deserialize()
12:44:38   94 Hero::deserialize()
12:44:38   94 Weapon::deserialize()
12:44:38   95 Client::eventHandler(): sending mouse input to server.
12:44:38   95 Reticle received mouse event
12:44:38   95 Client::eventHandler(): sending keyboard input to server.
12:44:38   95 Client::eventHandler(): sending keyboard input to server.
12:44:38   95 Client socket index 0 following hero id 20
12:44:38   95 Reticle received step event
12:44:38   95 Hero::deserialize()
12:44:38   95 Weapon::deserialize()
12:44:38   95 Hero::deserialize()
12:44:38   95 Weapon::deserialize()
12:44:38   96 Client::eventHandler(): sending keyboard input to server.
12:44:38   96 Client::eventHandler(): sending keyboard input to server.
12:44:38   96 Client socket index 0 following hero id 20
12:44:38   96 Reticle received step event
12:44:38   96 Hero::deserialize()
12:44:38   96 Weapon::deserialize()
12:44:38   96 Hero::deserialize()
12:44:38   96 Weapon::deserialize()
12:44:38   97 Client::eventHandler(): sending keyboard input to server.
12:44:38   97 Client::eventHandler(): sending keyboard input to server.
12:44:38   97 Client socket index 0 following hero id 20
12:44:38   97 Reticle received step event
12:44:38   97 Hero::deserialize()
12:44:38   97 Weapon::deserialize()
12:44:38   97 Hero::deserialize()
12:44:38   97 Weapon::deserialize()
12:44:38   98 Client::eventHandler(): sending keyboard input to server.
12:44:38   98 Client::eventHandler(): sending keyboard input to server.
12:44:38   98 Client socket index 0 following hero id 20
12:44:38   98 Reticle received step event
12:44:38   98 Hero::deserialize()
12:44:38   98 Weapon::deserialize()
12:44:38   98 Hero::deserialize()
12:44:38   98 Weapon::deserialize()
12:44:38   99 Client::eventHandler(): sending keyboard input to server.
12:44:38   99 Client::eventHandler(): sending keyboard input to server.
12:44:38   99 Client socket index 0 following hero id 20
12:44:38   99 Reticle received step event
12:44:38   99 Hero::deserialize()
12:44:38   99 Weapon::deserialize()
12:44:38   99 Hero::deserialize()
12:44:38   99 Weapon::deserialize()
12:44:38  100 Client::eventHandler(): sending keyboard input to server.
12:44:38  100 Client::eventHandler(): sending keyboard input to server.
12:44:38  100 Client socket index 0 following hero id 20
12:44:38  100 Reticle received step event
12:44:38  100 Hero::deserialize()
12:44:38  100 Weapon::deserialize()
12:44:38  100 Hero::deserialize()
12:44:38  100 Weapon::deserialize()
12:44:38  101 Client::eventHandler(): sending keyboard input to server.
12:44:38  101 Client::eventHandler(): sending keyboard input to server.
12:44:38  101 Client socket index 0 following hero id 20
12:44:38  101 Reticle received step event
12:44:38  101 Hero::deserialize()
12:44:38  101 Weapon::deserialize()
12:44:38  101 Hero::deserialize()
12:44:38  101 Weapon::deserialize()
12:44:38  102 Client::eventHandler(): sending keyboard input to server.
12:44:38  102 Client::eventHandler(): sending keyboard input to server.
12:44:38  102 Client socket index 0 following hero id 20
12:44:38  102 Reticle received step event
12:44:38  102 Hero::deserialize()
12:44:38  102 Weapon::deserialize()
12:44:38  102 Hero::deserialize()
12:44:38  102 Weapon::deserialize()
12:44:38  103 Client::eventHandler(): sending keyboard input to server.
12:44:38  103 Client::eventHandler(): sending keyboard input to server.
12:44:38  103 Client socket index 0 following hero id 20
12:44:38  103 Reticle received step event
12:44:38  103 Hero::deserialize()
12:44:38  103 Weapon::deserialize()
12:44:38  103 Hero::deserialize()
12:44:38  103 Weapon::deserialize()
12:44:38  104 Client::eventHandler(): sending keyboard input to server.
12:44:38  104 Client::eventHandler(): sending keyboard input to server.
12:44:38  104 Client socket index 0 following hero id 20
12:44:38  104 Reticle received step event
12:44:38  104 Hero::deserialize()
12:44:38  104 Weapon::deserialize()
12:44:38  104 Hero::deserialize()
12:44:38  104 Weapon::deserialize()
12:44:38  105 Client::eventHandler(): sending keyboard input to server.
12:44:38  105 Client::eventHandler(): sending keyboard input to server.
12:44:38  105 Client socket index 0 following hero id 20
12:44:38  105 Reticle received step event
12:44:38  105 Hero::deserialize()
12:44:38  105 Weapon::deserialize()
12:44:38  105 Hero::deserialize()
12:44:38  105 Weapon::deserialize()
12:44:38  106 Client::eventHandler(): sending keyboard input to server.
12:44:38  106 Client::eventHandler(): sending keyboard input to server.
12:44:38  106 Client socket index 0 following hero id 20
12:44:38  106 Reticle received step event
12:44:38  106 Hero::deserialize()
12:44:38  106 Weapon::deserialize()
12:44:38  106 Hero::deserialize()
12:44:38  106 Weapon::deserialize()
12:44:38  107 Client::eventHandler(): sending keyboard input to server.
12:44:38  107 Client::eventHandler(): sending keyboard input to server.
12:44:38  107 Client socket index 0 following hero id 20
12:44:38  107 Reticle received step event
12:44:38  107 Hero::deserialize()
12:44:38  107 Weapon::deserialize()
12:44:38  107 Hero::deserialize()
12:44:38  107 Weapon::deserialize()
12:44:38  108 Client::eventHandler(): sending keyboard input to server.
12:44:38  108 Client::eventHandler(): sending keyboard input to server.
12:44:38  108 Client socket index 0 following hero id 20
12:44:38  108 Reticle received step event
12:44:38  108 Hero::deserialize()
12:44:38  108 Weapon::deserialize()
12:44:38  108 Hero::deserialize()
12:44:38  108 Weapon::deserialize()
12:44:39  109 Client::eventHandler(): sending keyboard input to server.
12:44:39  109 Client::eventHandler(): sending keyboard input to server.
12:44:39  109 Client socket index 0 following hero id 20
12:44:39  109 Reticle received step event
12:44:39  109 Hero::deserialize()
12:44:39  109 Weapon::deserialize()
12:44:39  109 Hero::deserialize()
12:44:39  109 Weapon::deserialize()
12:44:39  110 Client::eventHandler(): sending keyboard input to server.
12:44:39  110 Client::eventHandler(): sending keyboard input to server.
12:44:39  110 Client socket index 0 following hero id 20
12:44:39  110 Reticle received step event
12:44:39  110 Hero::deserialize()
12:44:39  110 Weapon::deserialize()
12:44:39  110 Hero::deserialize()
12:44:39  110 Weapon::deserialize()
12:44:39  111 Client::eventHandler(): sending keyboard input to server.
12:44:39  111 Client::eventHandler(): sending keyboard input to server.
12:44:39  111 Client socket index 0 following hero id 20
12:44:39  111 Reticle received step event
12:44:39  111 Hero::deserialize()
12:44:39  111 Weapon::deserialize()
12:44:39  111 Hero::deserialize()
12:44:39  111 Weapon::deserialize()
12:44:39  112 Client::eventHandler(): sending keyboard input to server.
12:44:39  112 Client::eventHandler(): sending keyboard input to server.
12:44:39  112 Client socket index 0 following hero id 20
12:44:39  112 Reticle received step event
12:44:39  112 Hero::deserialize()
12:44:39  112 Weapon::deserialize()
12:44:39  112 Hero::deserialize()
12:44:39  112 Weapon::deserialize()
12:44:39  113 Client::eventHandler(): sending keyboard input to server.
12:44:39  113 Client::eventHandler(): sending keyboard input to server.
12:44:39  113 Client socket index 0 following hero id 20
12:44:39  113 Reticle received step event
12:44:39  113 Hero::deserialize()
12:44:39  113 Weapon::deserialize()
12:44:39  113 Hero::deserialize()
12:44:39  113 Weapon::deserialize()
12:44:39  114 Client::eventHandler(): sending keyboard input to server.
12:44:39  114 Client::eventHandler(): sending keyboard input to server.
12:44:39  114 Client socket index 0 following hero id 20
12:44:39  114 Reticle received step event
12:44:39  114 Hero::deserialize()
12:44:39  114 Weapon::deserialize()
12:44:39  114 Hero::deserialize()
12:44:39  114 Weapon::deserialize()
12:44:39  115 Client::eventHandler(): sending keyboard input to server.
12:44:39  115 Client::eventHandler(): sending keyboard input to server.
12:44:39  115 Client socket index 0 following hero id 20
12:44:39  115 Reticle received step event
12:44:39  115 Hero::deserialize()
12:44:39  115 Weapon::deserialize()
12:44:39  115 Hero::deserialize()
12:44:39  115 Weapon::deserialize()
12:44:39  116 Client::eventHandler(): sending keyboard input to server.
12:44:39  116 Client::eventHandler(): sending keyboard input to server.
12:44:39  116 Client socket index 0 following hero id 20
12:44:39  116 Reticle received step event
12:44:39  116 Hero::deserialize()
12:44:39  116 Weapon::deserialize()
12:44:39  116 Hero::deserialize()
12:44:39  116 Weapon::deserialize()
12:44:39  117 Client::eventHandler(): sending keyboard input to server.
12:44:39  117 Client::eventHandler(): sending keyboard input to server.
12:44:39  117 Client socket index 0 following hero id 20
12:44:39  117 Reticle received step event
12:44:39  117 Hero::deserialize()
12:44:39  117 Weapon::deserialize()
12:44:39  117 Hero::deserialize()
12:44:39  117 Weapon::deserialize()
12:44:39  118 Client::eventHandler(): sending keyboard input to server.
12:44:39  118 Client::eventHandler(): sending keyboard input to server.
12:44:39  118 Client socket index 0 following hero id 20
12:44:39  118 Reticle received step event
12:44:39  118 Hero::deserialize()
12:44:39  118 Weapon::deserialize()
12:44:39  118 Hero::deserialize()
12:44:39  118 Weapon::deserialize()
12:44:39  119 Client::eventHandler(): sending keyboard input to server.
12:44:39  119 Client::eventHandler(): sending keyboard input to server.
12:44:39  119 Client socket index 0 following hero id 20
12:44:39  119 Reticle received step event
12:44:39  119 Hero::deserialize()
12:44:39  119 Weapon::deserialize()
12:44:39  119 Hero::deserialize()
12:44:39  119 Weapon::deserialize()
12:44:39  120 Client::eventHandler(): sending keyboard input to server.
12:44:39  120 Client::eventHandler(): sending keyboard input to server.
12:44:39  120 Client socket index 0 following hero id 20
12:44:39  120 Reticle received step event
12:44:39  120 Hero::deserialize()
12:44:39  120 Weapon::deserialize()
12:44:39  120 Hero::deserialize()
12:44:39  120 Weapon::deserialize()
12:44:39  121 Client::eventHandler(): sending keyboard input to server.
12:44:39  121 Client::eventHandler(): sending keyboard input to server.
12:44:39  121 Client socket index 0 following hero id 20
12:44:39  121 Reticle received step event
12:44:39  121 Hero::deserialize()
12:44:39  121 Weapon::deserialize()
12:44:39  121 Hero::deserialize()
12:44:39  121 Weapon::deserialize()
12:44:39  122 Client::eventHandler(): sending keyboard input to server.
12:44:39  122 Client::eventHandler(): sending keyboard input to server.
12:44:39  122 Client socket index 0 following hero id 20
12:44:39  122 Reticle received step event
12:44:39  122 Hero::deserialize()
12:44:39  122 Weapon::deserialize()
12:44:39  122 Hero::deserialize()
12:44:39  122 Weapon::deserialize()
12:44:39  123 Client::eventHandler(): sending keyboard input to server.
12:44:39  123 Client::eventHandler(): sending keyboard input to server.
12:44:39  123 Client socket index 0 following hero id 20
12:44:39  123 Reticle received step event
12:44:39  123 Hero::deserialize()
12:44:39  123 Weapon::deserialize()
12:44:39  123 Hero::deserialize()
12:44:39  123 Weapon::deserialize()
12:44:39  124 Client::eventHandler(): sending keyboard input to server.
12:44:39  124 Client::eventHandler(): sending keyboard input to server.
12:44:39  124 Client socket index 0 following hero id 20
12:44:39  124 Reticle received step event
12:44:39  124 Hero::deserialize()
12:44:39  124 Weapon::deserialize()
12:44:39  124 Hero::deserialize()
12:44:39  124 Weapon::deserialize()
12:44:39  125 Client::eventHandler(): sending keyboard input to server.
12:44:39  125 Client::eventHandler(): sending keyboard input to server.
12:44:39  125 Client socket index 0 following hero id 20
12:44:39  125 Reticle received step event
12:44:39  125 Hero::deserialize()
12:44:39  125 Weapon::deserialize()
12:44:39  125 Hero::deserialize()
12:44:39  125 Weapon::deserialize()
12:44:39  126 Client::eventHandler(): sending keyboard input to server.
12:44:39  126 Client::eventHandler(): sending keyboard input to server.
12:44:39  126 Client socket index 0 following hero id 20
12:44:39  126 Reticle received step event
12:44:39  126 Hero::deserialize()
12:44:39  126 Weapon::deserialize()
12:44:39  126 Hero::deserialize()
12:44:39  126 Weapon::deserialize()
12:44:39  127 Client::eventHandler(): sending keyboard input to server.
12:44:39  127 Client::eventHandler(): sending keyboard input to server.
12:44:39  127 Client socket index 0 following hero id 20
12:44:39  127 Reticle received step event
12:44:39  127 Hero::deserialize()
12:44:39  127 Weapon::deserialize()
12:44:39  127 Hero::deserialize()
12:44:39  127 Weapon::deserialize()
12:44:39  128 Client::eventHandler(): sending keyboard input to server.
12:44:39  128 Client::eventHandler(): sending keyboard input to server.
12:44:39  128 Client socket index 0 following hero id 20
12:44:39  128 Reticle received step event
12:44:39  128 Hero::deserialize()
12:44:39  128 Weapon::deserialize()
12:44:39  128 Hero::deserialize()
12:44:39  128 Weapon::deserialize()
12:44:39  129 Client::eventHandler(): sending keyboard input to server.
12:44:39  129 Client::eventHandler(): sending keyboard input to server.
12:44:39  129 Client socket index 0 following hero id 20
12:44:39  129 Reticle received step event
12:44:39  129 Hero::deserialize()
12:44:39  129 Weapon::deserialize()
12:44:39  129 Hero::deserialize()
12:44:39  129 Weapon::deserialize()
12:44:39  130 Client::eventHandler(): sending keyboard input to server.
12:44:39  130 Client::eventHandler(): sending keyboard input to server.
12:44:39  130 Client socket index 0 following hero id 20
12:44:39  130 Reticle received step event
12:44:39  130 Hero::deserialize()
12:44:39  130 Weapon::deserialize()
12:44:39  130 Hero::deserialize()
12:44:39  130 Weapon::deserialize()
12:44:39  131 Client::eventHandler(): sending keyboard input to server.
12:44:39  131 Client::eventHandler(): sending keyboard input to server.
12:44:39  131 Client socket index 0 following hero id 20
12:44:39  131 Reticle received step event
12:44:39  131 Hero::deserialize()
12:44:39  131 Weapon::deserialize()
12:44:39  131 Hero::deserialize()
12:44:39  131 Weapon::deserialize()
12:44:39  132 Client::eventHandler(): sending keyboard input to server.
12:44:39  132 Client::eventHandler(): sending keyboard input to server.
12:44:39  132 Client socket index 0 following hero id 20
12:44:39  132 Reticle received step event
12:44:39  132 Hero::deserialize()
12:44:39  132 Weapon::deserialize()
12:44:39  132 Hero::deserialize()
12:44:39  132 Weapon::deserialize()
12:44:39  133 Client::eventHandler(): sending keyboard input to server.
12:44:39  133 Client::eventHandler(): sending keyboard input to server.
12:44:39  133 Client socket index 0 following hero id 20
12:44:39  133 Reticle received step event
12:44:39  133 Hero::deserialize()
12:44:39  133 Weapon::deserialize()
12:44:39  133 Hero::deserialize()
12:44:39  133 Weapon::deserialize()
12:44:39  134 Client::eventHandler(): sending keyboard input to server.
12:44:39  134 Client::eventHandler(): sending keyboard input to server.
12:44:39  134 Client socket index 0 following hero id 20
12:44:39  134 Reticle received step event
12:44:39  134 Hero::deserialize()
12:44:39  134 Weapon::deserialize()
12:44:39  134 Hero::deserialize()
12:44:39  134 Weapon::deserialize()
12:44:39  135 Client::eventHandler(): sending keyboard input to server.
12:44:39  135 Client::eventHandler(): sending keyboard input to server.
12:44:39  135 Client socket index 0 following hero id 20
12:44:39  135 Reticle received step event
12:44:39  135 Hero::deserialize()
12:44:39  135 Weapon::deserialize()
12:44:39  135 Hero::deserialize()
12:44:39  135 Weapon::deserialize()
12:44:39  136 Client::eventHandler(): sending keyboard input to server.
12:44:39  136 Client::eventHandler(): sending keyboard input to server.
12:44:39  136 Client socket index 0 following hero id 20
12:44:39  136 Reticle received step event
12:44:39  136 Hero::deserialize()
12:44:39  136 Weapon::deserialize()
12:44:39  136 Hero::deserialize()
12:44:39  136 Weapon::deserialize()
12:44:39  137 Client::eventHandler(): sending keyboard input to server.
12:44:39  137 Client::eventHandler(): sending keyboard input to server.
12:44:39  137 Client socket index 0 following hero id 20
12:44:39  137 Reticle received step event
12:44:39  137 Hero::deserialize()
12:44:39  137 Weapon::deserialize()
12:44:39  137 Hero::deserialize()
12:44:39  137 Weapon::deserialize()
12:44:39  138 Client::eventHandler(): sending keyboard input to server.
12:44:39  138 Client::eventHandler(): sending keyboard input to server.
12:44:39  138 Client socket index 0 following hero id 20
12:44:39  138 Reticle received step event
12:44:39  138 Hero::deserialize()
12:44:39  138 Weapon::deserialize()
12:44:39  138 Hero::deserialize()
12:44:39  138 Weapon::deserialize()
12:44:39  139 Client::eventHandler(): sending keyboard input to server.
12:44:39  139 Client::eventHandler(): sending keyboard input to server.
12:44:39  139 Client socket index 0 following hero id 20
12:44:39  139 Reticle received step event
12:44:39  139 Hero::deserialize()
12:44:39  139 Weapon::deserialize()
12:44:39  139 Hero::deserialize()
12:44:39  139 Weapon::deserialize()
12:44:40  140 Client::eventHandler(): sending keyboard input to server.
12:44:40  140 Client::eventHandler(): sending keyboard input to server.
12:44:40  140 Client socket index 0 following hero id 20
12:44:40  140 Reticle received step event
12:44:40  140 Hero::deserialize()
12:44:40  140 Weapon::deserialize()
12:44:40  140 Hero::deserialize()
12:44:40  140 Weapon::deserialize()
12:44:40  141 Client::eventHandler(): sending keyboard input to server.
12:44:40  141 Client::eventHandler(): sending keyboard input to server.
12:44:40  141 Client socket index 0 following hero id 20
12:44:40  141 Reticle received step event
12:44:40  141 Hero::deserialize()
12:44:40  141 Weapon::deserialize()
12:44:40  141 Hero::deserialize()
12:44:40  141 Weapon::deserialize()
12:44:40  142 Client::eventHandler(): sending keyboard input to server.
12:44:40  142 Client::eventHandler(): sending keyboard input to server.
12:44:40  142 Client socket index 0 following hero id 20
12:44:40  142 Reticle received step event
12:44:40  142 Hero::deserialize()
12:44:40  142 Weapon::deserialize()
12:44:40  142 Hero::deserialize()
12:44:40  142 Weapon::deserialize()
12:44:40  143 Client::eventHandler(): sending keyboard input to server.
12:44:40  143 Client::eventHandler(): sending keyboard input to server.
12:44:40  143 Client socket index 0 following hero id 20
12:44:40  143 Reticle received step event
12:44:40  143 Hero::deserialize()
12:44:40  143 Weapon::deserialize()
12:44:40  143 Hero::deserialize()
12:44:40  143 Weapon::deserialize()
12:44:40  144 Client::eventHandler(): sending keyboard input to server.
12:44:40  144 Client::eventHandler(): sending keyboard input to server.
12:44:40  144 Client socket index 0 following hero id 20
12:44:40  144 Reticle received step event
12:44:40  144 Hero::deserialize()
12:44:40  144 Weapon::deserialize()
12:44:40  144 Hero::deserialize()
12:44:40  144 Weapon::deserialize()
12:44:40  145 Client::eventHandler(): sending keyboard input to server.
12:44:40  145 Client socket index 0 following hero id 20
12:44:40  145 Reticle received step event
12:44:40  145 Hero::deserialize()
12:44:40  145 Weapon::deserialize()
12:44:40  145 Hero::deserialize()
12:44:40  145 Weapon::deserialize()
12:44:40  146 Client::eventHandler(): sending keyboard input to server.
12:44:40  146 Client socket index 0 following hero id 20
12:44:40  146 Reticle received step event
12:44:40  146 Hero::deserialize()
12:44:40  146 Weapon::deserialize()
12:44:40  146 Hero::deserialize()
12:44:40  146 Weapon::deserialize()
12:44:40  147 Client socket index 0 following hero id 20
12:44:40  147 Reticle received step event
12:44:40  147 Hero::deserialize()
12:44:40  147 Weapon::deserialize()
12:44:40  147 Hero::deserialize()
12:44:40  147 Weapon::deserialize()
12:44:40  148 Client socket index 0 following hero id 20
12:44:40  148 Reticle received step event
12:44:40  148 Hero::deserialize()
12:44:40  148 Weapon::deserialize()
12:44:40  148 Hero::deserialize()
12:44:40  148 Weapon::deserialize()
12:44:40  149 Client socket index 0 following hero id 20
12:44:40  149 Reticle received step event
12:44:40  149 Hero::deserialize()
12:44:40  149 Weapon::deserialize()
12:44:40  149 Hero::deserialize()
12:44:40  149 Weapon::deserialize()
12:44:40  150 Client socket index 0 following hero id 20
12:44:40  150 Reticle received step event
12:44:40  150 Hero::deserialize()
12:44:40  150 Weapon::deserialize()
12:44:40  150 Hero::deserialize()
12:44:40  150 Weapon::deserialize()
12:44:40  151 Client socket index 0 following hero id 20
12:44:40  151 Reticle received step event
12:44:40  151 Hero::deserialize()
12:44:40  151 Weapon::deserialize()
12:44:40  151 Hero::deserialize()
12:44:40  151 Weapon::deserialize()
12:44:40  152 Client socket index 0 following hero id 20
12:44:40  152 Reticle received step event
12:44:40  152 Hero::deserialize()
12:44:40  152 Weapon::deserialize()
12:44:40  152 Hero::deserialize()
12:44:40  152 Weapon::deserialize()
12:44:40  153 Client socket index 0 following hero id 20
12:44:40  153 Reticle received step event
12:44:40  153 Hero::deserialize()
12:44:40  153 Weapon::deserialize()
12:44:40  153 Hero::deserialize()
12:44:40  153 Weapon::deserialize()
12:44:40  154 Client socket index 0 following hero id 20
12:44:40  154 Reticle received step event
12:44:40  154 Hero::deserialize()
12:44:40  154 Weapon::deserialize()
12:44:40  154 Hero::deserialize()
12:44:40  154 Weapon::deserialize()
12:44:40  155 Client socket index 0 following hero id 20
12:44:40  155 Reticle received step event
12:44:40  155 Hero::deserialize()
12:44:40  155 Weapon::deserialize()
12:44:40  155 Hero::deserialize()
12:44:40  155 Weapon::deserialize()
12:44:40  156 Client socket index 0 following hero id 20
12:44:40  156 Reticle received step event
12:44:40  156 Hero::deserialize()
12:44:40  156 Weapon::deserialize()
12:44:40  156 Hero::deserialize()
12:44:40  156 Weapon::deserialize()
12:44:40  157 Client socket index 0 following hero id 20
12:44:40  157 Reticle received step event
12:44:40  157 Hero::deserialize()
12:44:40  157 Weapon::deserialize()
12:44:40  157 Hero::deserialize()
12:44:40  157 Weapon::deserialize()
12:44:40  158 Client::eventHandler(): sending mouse input to server.
12:44:40  158 Reticle received mouse event
12:44:40  158 Client socket index 0 following hero id 20
12:44:40  158 Reticle received step event
12:44:40  158 Hero::deserialize()
12:44:40  158 Weapon::deserialize()
12:44:40  158 Hero::deserialize()
12:44:40  158 Weapon::deserialize()
12:44:40  159 Client::eventHandler(): sending mouse input to server.
12:44:40  159 Reticle received mouse event
12:44:40  159 Client socket index 0 following hero id 20
12:44:40  159 Reticle received step event
12:44:40  159 Hero::deserialize()
12:44:40  159 Weapon::deserialize()
12:44:40  159 Hero::deserialize()
12:44:40  159 Weapon::deserialize()
12:44:40  160 Client::eventHandler(): sending mouse input to server.
12:44:40  160 Reticle received mouse event
12:44:40  160 Client::eventHandler(): sending mouse input to server.
12:44:40  160 Reticle received mouse event
12:44:40  160 Client::eventHandler(): sending mouse input to server.
12:44:40  160 Reticle received mouse event
12:44:40  160 Client socket index 0 following hero id 20
12:44:40  160 Reticle received step event
12:44:40  160 Hero::deserialize()
12:44:40  160 Weapon::deserialize()
12:44:40  160 Hero::deserialize()
12:44:40  160 Weapon::deserialize()
12:44:40  161 Client::eventHandler(): sending mouse input to server.
12:44:40  161 Reticle received mouse event
12:44:40  161 Client socket index 0 following hero id 20
12:44:40  161 Reticle received step event
12:44:40  161 Hero::deserialize()
12:44:40  161 Weapon::deserialize()
12:44:40  161 Hero::deserialize()
12:44:40  161 Weapon::deserialize()
12:44:40  162 Client::eventHandler(): sending mouse input to server.
12:44:40  162 Reticle received mouse event
12:44:40  162 Client::eventHandler(): sending keyboard input to server.
12:44:40  162 Client::eventHandler(): sending mouse input to server.
12:44:40  162 Reticle received mouse event
12:44:40  162 Client::eventHandler(): sending keyboard input to server.
12:44:40  162 Client socket index 0 following hero id 20
12:44:40  162 Reticle received step event
12:44:40  162 Hero::deserialize()
12:44:40  162 Weapon::deserialize()
12:44:40  162 Hero::deserialize()
12:44:40  162 Weapon::deserialize()
12:44:40  163 Client::eventHandler(): sending mouse input to server.
12:44:40  163 Reticle received mouse event
12:44:40  163 Client::eventHandler(): sending keyboard input to server.
12:44:40  163 Client socket index 0 following hero id 20
12:44:40  163 Reticle received step event
12:44:40  163 Hero::deserialize()
12:44:40  163 Weapon::deserialize()
12:44:40  163 Hero::deserialize()
12:44:40  163 Weapon::deserialize()
12:44:40  164 Client::eventHandler(): sending keyboard input to server.
12:44:40  164 Client socket index 0 following hero id 20
12:44:40  164 Reticle received step event
12:44:40  164 Hero::deserialize()
12:44:40  164 Weapon::deserialize()
12:44:40  164 Hero::deserialize()
12:44:40  164 Weapon::deserialize()
12:44:40  165 Client::eventHandler(): sending mouse input to server.
12:44:40  165 Reticle received mouse event
12:44:40  165 Client::eventHandler(): sending keyboard input to server.
12:44:40  165 Client socket index 0 following hero id 20
12:44:40  165 Reticle received step event
12:44:40  165 Hero::deserialize()
12:44:40  165 Weapon::deserialize()
12:44:40  165 Hero::deserialize()
12:44:40  165 Weapon::deserialize()
12:44:40  166 Client::eventHandler(): sending mouse input to server.
12:44:40  166 Reticle received mouse event
12:44:40  166 Client::eventHandler(): sending keyboard input to server.
12:44:40  166 Client socket index 0 following hero id 20
12:44:40  166 Reticle received step event
12:44:40  166 Hero::deserialize()
12:44:40  166 Weapon::deserialize()
12:44:40  166 Hero::deserialize()
12:44:40  166 Weapon::deserialize()
12:44:40  167 Client::eventHandler(): sending mouse input to server.
12:44:40  167 Reticle received mouse event
12:44:40  167 Client::eventHandler(): sending keyboard input to server.
12:44:40  167 Client socket index 0 following hero id 20
12:44:40  167 Reticle received step event
12:44:40  167 Hero::deserialize()
12:44:40  167 Weapon::deserialize()
12:44:40  167 Hero::deserialize()
12:44:40  167 Weapon::deserialize()
12:44:40  168 Client::eventHandler(): sending mouse input to server.
12:44:40  168 Reticle received mouse event
12:44:40  168 Client::eventHandler(): sending keyboard input to server.
12:44:40  168 Client socket index 0 following hero id 20
12:44:40  168 Reticle received step event
12:44:40  168 Hero::deserialize()
12:44:40  168 Weapon::deserialize()
12:44:40  168 Hero::deserialize()
12:44:40  168 Weapon::deserialize()
12:44:40  169 Client::eventHandler(): sending mouse input to server.
12:44:40  169 Reticle received mouse event
12:44:40  169 Client::eventHandler(): sending keyboard input to server.
12:44:40  169 Client socket index 0 following hero id 20
12:44:40  169 Reticle received step event
12:44:40  169 Hero::deserialize()
12:44:40  169 Weapon::deserialize()
12:44:40  169 Hero::deserialize()
12:44:40  169 Weapon::deserialize()
12:44:41  170 Client::eventHandler(): sending mouse input to server.
12:44:41  170 Reticle received mouse event
12:44:41  170 Client::eventHandler(): sending mouse input to server.
12:44:41  170 Reticle received mouse event
12:44:41  170 Client::eventHandler(): sending keyboard input to server.
12:44:41  170 Client socket index 0 following hero id 20
12:44:41  170 Reticle received step event
12:44:41  170 Hero::deserialize()
12:44:41  170 Weapon::deserialize()
12:44:41  170 Hero::deserialize()
12:44:41  170 Weapon::deserialize()
12:44:41  171 Client::eventHandler(): sending mouse input to server.
12:44:41  171 Reticle received mouse event
12:44:41  171 Client::eventHandler(): sending mouse input to server.
12:44:41  171 Reticle received mouse event
12:44:41  171 Client::eventHandler(): sending mouse input to server.
12:44:41  171 Reticle received mouse event
12:44:41  171 Client::eventHandler(): sending mouse input to server.
12:44:41  171 Reticle received mouse event
12:44:41  171 Client::eventHandler(): sending mouse input to server.
12:44:41  171 Reticle received mouse event
12:44:41  171 Client::eventHandler(): sending keyboard input to server.
12:44:41  171 Client socket index 0 following hero id 20
12:44:41  171 Reticle received step event
12:44:41  171 Hero::deserialize()
12:44:41  171 Weapon::deserialize()
12:44:41  171 Hero::deserialize()
12:44:41  171 Weapon::deserialize()
12:44:41  172 Client::eventHandler(): sending mouse input to server.
12:44:41  172 Reticle received mouse event
12:44:41  172 Client::eventHandler(): sending mouse input to server.
12:44:41  172 Reticle received mouse event
12:44:41  172 Client::eventHandler(): sending keyboard input to server.
12:44:41  172 Client::eventHandler(): sending mouse input to server.
12:44:41  172 Reticle received mouse event
12:44:41  172 Client socket index 0 following hero id 20
12:44:41  172 Reticle received step event
12:44:41  172 Hero::deserialize()
12:44:41  172 Weapon::deserialize()
12:44:41  172 Hero::deserialize()
12:44:41  172 Weapon::deserialize()
12:44:41  173 Client::eventHandler(): sending mouse input to server.
12:44:41  173 Reticle received mouse event
12:44:41  173 Client socket index 0 following hero id 20
12:44:41  173 Reticle received step event
12:44:41  173 Hero::deserialize()
12:44:41  173 Weapon::deserialize()
12:44:41  173 Hero::deserialize()
12:44:41  173 Weapon::deserialize()
12:44:41  174 Client::eventHandler(): sending mouse input to server.
12:44:41  174 Reticle received mouse event
12:44:41  174 Client socket index 0 following hero id 20
12:44:41  174 Reticle received step event
12:44:41  174 Hero::deserialize()
12:44:41  174 Weapon::deserialize()
12:44:41  174 Hero::deserialize()
12:44:41  174 Weapon::deserialize()
12:44:41  175 Client::eventHandler(): sending mouse input to server.
12:44:41  175 Reticle received mouse event
12:44:41  175 Client::eventHandler(): sending mouse input to server.
12:44:41  175 Reticle received mouse event
12:44:41  175 Client::eventHandler(): sending mouse input to server.
12:44:41  175 Reticle received mouse event
12:44:41  175 Client socket index 0 following hero id 20
12:44:41  175 Reticle received step event
12:44:41  175 Hero::deserialize()
12:44:41  175 Weapon::deserialize()
12:44:41  175 Hero::deserialize()
12:44:41  175 Weapon::deserialize()
12:44:41  176 Client::eventHandler(): sending mouse input to server.
12:44:41  176 Reticle received mouse event
12:44:41  176 Client socket index 0 following hero id 20
12:44:41  176 Reticle received step event
12:44:41  176 Hero::deserialize()
12:44:41  176 Weapon::deserialize()
12:44:41  176 Hero::deserialize()
12:44:41  176 Weapon::deserialize()
12:44:41  177 Client::eventHandler(): sending mouse input to server.
12:44:41  177 Reticle received mouse event
12:44:41  177 Client socket index 0 following hero id 20
12:44:41  177 Reticle received step event
12:44:41  177 Hero::deserialize()
12:44:41  177 Weapon::deserialize()
12:44:41  177 Hero::deserialize()
12:44:41  177 Weapon::deserialize()
12:44:41  178 Client::eventHandler(): sending mouse input to server.
12:44:41  178 Reticle received mouse event
12:44:41  178 Client socket index 0 following hero id 20
12:44:41  178 Reticle received step event
12:44:41  178 Hero::deserialize()
12:44:41  178 Weapon::deserialize()
12:44:41  178 Hero::deserialize()
12:44:41  178 Weapon::deserialize()
12:44:41  179 Client::eventHandler(): sending mouse input to server.
12:44:41  179 Reticle received mouse event
12:44:41  179 Client socket index 0 following hero id 20
12:44:41  179 Reticle received step event
12:44:41  179 Hero::deserialize()
12:44:41  179 Weapon::deserialize()
12:44:41  179 Hero::deserialize()
12:44:41  179 Weapon::deserialize()
12:44:41  180 Client::eventHandler(): sending mouse input to server.
12:44:41  180 Reticle received mouse event
12:44:41  180 Client socket index 0 following hero id 20
12:44:41  180 Reticle received step event
12:44:41  180 Hero::deserialize()
12:44:41  180 Weapon::deserialize()
12:44:41  180 Hero::deserialize()
12:44:41  180 Weapon::deserialize()
12:44:41  181 Client::eventHandler(): sending mouse input to server.
12:44:41  181 Reticle received mouse event
12:44:41  181 Client socket index 0 following hero id 20
12:44:41  181 Reticle received step event
12:44:41  181 Hero::deserialize()
12:44:41  181 Weapon::deserialize()
12:44:41  181 Hero::deserialize()
12:44:41  181 Weapon::deserialize()
12:44:41  182 Client::eventHandler(): sending mouse input to server.
12:44:41  182 Reticle received mouse event
12:44:41  182 Client socket index 0 following hero id 20
12:44:41  182 Reticle received step event
12:44:41  182 Hero::deserialize()
12:44:41  182 Weapon::deserialize()
12:44:41  182 Hero::deserialize()
12:44:41  182 Weapon::deserialize()
12:44:41  183 Client::eventHandler(): sending mouse input to server.
12:44:41  183 Reticle received mouse event
12:44:41  183 Client socket index 0 following hero id 20
12:44:41  183 Reticle received step event
12:44:41  183 Hero::deserialize()
12:44:41  183 Weapon::deserialize()
12:44:41  183 Hero::deserialize()
12:44:41  183 Weapon::deserialize()
12:44:41  184 Client::eventHandler(): sending mouse input to server.
12:44:41  184 Reticle received mouse event
12:44:41  184 Client socket index 0 following hero id 20
12:44:41  184 Reticle received step event
12:44:41  184 Hero::deserialize()
12:44:41  184 Weapon::deserialize()
12:44:41  184 Hero::deserialize()
12:44:41  184 Weapon::deserialize()
12:44:41  185 Client::eventHandler(): sending mouse input to server.
12:44:41  185 Reticle received mouse event
12:44:41  185 Client socket index 0 following hero id 20
12:44:41  185 Reticle received step event
12:44:41  185 Hero::deserialize()
12:44:41  185 Weapon::deserialize()
12:44:41  185 Hero::deserialize()
12:44:41  185 Weapon::deserialize()
12:44:41  186 Client::eventHandler(): sending mouse input to server.
12:44:41  186 Reticle received mouse event
12:44:41  186 Client socket index 0 following hero id 20
12:44:41  186 Reticle received step event
12:44:41  186 Hero::deserialize()
12:44:41  186 Weapon::deserialize()
12:44:41  186 Hero::deserialize()
12:44:41  186 Weapon::deserialize()
12:44:41  187 Client::eventHandler(): sending mouse input to server.
12:44:41  187 Reticle received mouse event
12:44:41  187 Client socket index 0 following hero id 20
12:44:41  187 Reticle received step event
12:44:41  187 Hero::deserialize()
12:44:41  187 Weapon::deserialize()
12:44:41  187 Hero::deserialize()
12:44:41  187 Weapon::deserialize()
12:44:41  188 Client::eventHandler(): sending mouse input to server.
12:44:41  188 Reticle received mouse event
12:44:41  188 Client socket index 0 following hero id 20
12:44:41  188 Reticle received step event
12:44:41  188 Hero::deserialize()
12:44:41  188 Weapon::deserialize()
12:44:41  188 Hero::deserialize()
12:44:41  188 Weapon::deserialize()
12:44:41  189 Client::eventHandler(): sending mouse input to server.
12:44:41  189 Reticle received mouse event
12:44:41  189 Client::eventHandler(): sending mouse input to server.
12:44:41  189 Reticle received mouse event
12:44:41  189 Client socket index 0 following hero id 20
12:44:41  189 Reticle received step event
12:44:41  189 Hero::deserialize()
12:44:41  189 Weapon::deserialize()
12:44:41  189 Hero::deserialize()
12:44:41  189 Weapon::deserialize()
12:44:41  190 Client socket index 0 following hero id 20
12:44:41  190 Reticle received step event
12:44:41  190 Hero::deserialize()
12:44:41  190 Weapon::deserialize()
12:44:41  190 Hero::deserialize()
12:44:41  190 Weapon::deserialize()
12:44:41  191 Client socket index 0 following hero id 20
12:44:41  191 Reticle received step event
12:44:41  191 Hero::deserialize()
12:44:41  191 Weapon::deserialize()
12:44:41  191 Hero::deserialize()
12:44:41  191 Weapon::deserialize()
12:44:41  192 Client socket index 0 following hero id 20
12:44:41  192 Reticle received step event
12:44:41  192 Hero::deserialize()
12:44:41  192 Weapon::deserialize()
12:44:41  192 Hero::deserialize()
12:44:41  192 Weapon::deserialize()
12:44:41  193 Client socket index 0 following hero id 20
12:44:41  193 Reticle received step event
12:44:41  193 Hero::deserialize()
12:44:41  193 Weapon::deserialize()
12:44:41  193 Hero::deserialize()
12:44:41  193 Weapon::deserialize()
12:44:41  194 Client socket index 0 following hero id 20
12:44:41  194 Reticle received step event
12:44:41  194 Hero::deserialize()
12:44:41  194 Weapon::deserialize()
12:44:41  194 Hero::deserialize()
12:44:41  194 Weapon::deserialize()
12:44:41  195 Client socket index 0 following hero id 20
12:44:41  195 Reticle received step event
12:44:41  195 Hero::deserialize()
12:44:41  195 Weapon::deserialize()
12:44:41  195 Hero::deserialize()
12:44:41  195 Weapon::deserialize()
12:44:41  196 Client socket index 0 following hero id 20
12:44:41  196 Reticle received step event
12:44:41  196 Hero::deserialize()
12:44:41  196 Weapon::deserialize()
12:44:41  196 Hero::deserialize()
12:44:41  196 Weapon::deserialize()
12:44:41  197 Client socket index 0 following hero id 20
12:44:41  197 Reticle received step event
12:44:41  197 Hero::deserialize()
12:44:41  197 Weapon::deserialize()
12:44:41  197 Hero::deserialize()
12:44:41  197 Weapon::deserialize()
12:44:41  198 Client socket index 0 following hero id 20
12:44:41  198 Reticle received step event
12:44:41  198 Hero::deserialize()
12:44:41  198 Weapon::deserialize()
12:44:41  198 Hero::deserialize()
12:44:41  198 Weapon::deserialize()
12:44:41  199 Client socket index 0 following hero id 20
12:44:41  199 Reticle received step event
12:44:41  199 Hero::deserialize()
12:44:41  199 Weapon::deserialize()
12:44:41  199 Hero::deserialize()
12:44:41  199 Weapon::deserialize()
12:44:42  200 Client socket index 0 following hero id 20
12:44:42  200 Reticle received step event
12:44:42  200 Hero::deserialize()
12:44:42  200 Weapon::deserialize()
12:44:42  200 Hero::deserialize()
12:44:42  200 Weapon::deserialize()
12:44:42  201 Client socket index 0 following hero id 20
12:44:42  201 Reticle received step event
12:44:42  201 Hero::deserialize()
12:44:42  201 Weapon::deserialize()
12:44:42  201 Hero::deserialize()
12:44:42  201 Weapon::deserialize()
12:44:42  202 Client socket index 0 following hero id 20
12:44:42  202 Reticle received step event
12:44:42  202 Hero::deserialize()
12:44:42  202 Weapon::deserialize()
12:44:42  202 Hero::deserialize()
12:44:42  202 Weapon::deserialize()
12:44:42  203 Client socket index 0 following hero id 20
12:44:42  203 Reticle received step event
12:44:42  203 Hero::deserialize()
12:44:42  203 Weapon::deserialize()
12:44:42  203 Hero::deserialize()
12:44:42  203 Weapon::deserialize()
12:44:42  204 Client socket index 0 following hero id 20
12:44:42  204 Reticle received step event
12:44:42  204 Hero::deserialize()
12:44:42  204 Weapon::deserialize()
12:44:42  204 Hero::deserialize()
12:44:42  204 Weapon::deserialize()
12:44:42  205 Client socket index 0 following hero id 20
12:44:42  205 Reticle received step event
12:44:42  205 Hero::deserialize()
12:44:42  205 Weapon::deserialize()
12:44:42  205 Hero::deserialize()
12:44:42  205 Weapon::deserialize()
12:44:42  206 Client socket index 0 following hero id 20
12:44:42  206 Reticle received step event
12:44:42  206 Hero::deserialize()
12:44:42  206 Weapon::deserialize()
12:44:42  206 Hero::deserialize()
12:44:42  206 Weapon::deserialize()
12:44:42  207 Client socket index 0 following hero id 20
12:44:42  207 Reticle received step event
12:44:42  207 Hero::deserialize()
12:44:42  207 Weapon::deserialize()
12:44:42  207 Hero::deserialize()
12:44:42  207 Weapon::deserialize()
12:44:42  208 Client socket index 0 following hero id 20
12:44:42  208 Reticle received step event
12:44:42  208 Hero::deserialize()
12:44:42  208 Weapon::deserialize()
12:44:42  208 Hero::deserialize()
12:44:42  208 Weapon::deserialize()
12:44:42  209 Client socket index 0 following hero id 20
12:44:42  209 Reticle received step event
12:44:42  209 Hero::deserialize()
12:44:42  209 Weapon::deserialize()
12:44:42  209 Hero::deserialize()
12:44:42  209 Weapon::deserialize()
12:44:42  210 Client socket index 0 following hero id 20
12:44:42  210 Reticle received step event
12:44:42  210 Hero::deserialize()
12:44:42  210 Weapon::deserialize()
12:44:42  210 Hero::deserialize()
12:44:42  210 Weapon::deserialize()
12:44:42  211 Client socket index 0 following hero id 20
12:44:42  211 Reticle received step event
12:44:42  211 Hero::deserialize()
12:44:42  211 Weapon::deserialize()
12:44:42  211 Hero::deserialize()
12:44:42  211 Weapon::deserialize()
12:44:42  212 Client socket index 0 following hero id 20
12:44:42  212 Reticle received step event
12:44:42  212 Hero::deserialize()
12:44:42  212 Weapon::deserialize()
12:44:42  212 Hero::deserialize()
12:44:42  212 Weapon::deserialize()
12:44:42  213 Client socket index 0 following hero id 20
12:44:42  213 Reticle received step event
12:44:42  213 Hero::deserialize()
12:44:42  213 Weapon::deserialize()
12:44:42  213 Hero::deserialize()
12:44:42  213 Weapon::deserialize()
12:44:42  214 Client socket index 0 following hero id 20
12:44:42  214 Reticle received step event
12:44:42  214 Hero::deserialize()
12:44:42  214 Weapon::deserialize()
12:44:42  214 Hero::deserialize()
12:44:42  214 Weapon::deserialize()
12:44:42  215 Client socket index 0 following hero id 20
12:44:42  215 Reticle received step event
12:44:42  215 Hero::deserialize()
12:44:42  215 Weapon::deserialize()
12:44:42  215 Hero::deserialize()
12:44:42  215 Weapon::deserialize()
12:44:42  216 InputManager::getInput(): Window close event. Setting game over.
12:44:42  216 Client socket index 0 following hero id 20
12:44:42  216 Reticle received step event
12:44:42  216 Hero::deserialize()
12:44:42  216 Weapon::deserialize()
12:44:42  216 Hero::deserialize()
12:44:42  216 Weapon::deserialize()
12:44:42  216 Hero::deserialize()
12:44:42  216 Weapon::deserialize()
12:44:42  216 Hero::deserialize()
12:44:42  216 Weapon::deserialize()
12:44:42  216 Hero::deserialize()
12:44:42  216 Weapon::deserialize()
12:44:42  216 Hero::deserialize()
12:44:42  216 Weapon::deserialize()
12:44:42  217 GameManager::run(): end of game loop
12:44:42  217 PathManager::shutDown(): successfully stopped.
12:44:42  217 Path manager stopped
12:44:42  217 WorldManager::shutDown(): Successfully stopped.
12:44:42  217 World manager stopped
12:44:42  217 ResourceManager::shutDown(): successfully stopped.
12:44:42  217 Resource manager stopped
12:44:42  217 NetworkManager::shutDown(): successfully stopped.
12:44:42  217 Network manager stopped
12:44:42  217 InputManager::shutDown(): successfully stopped.
12:44:42  217 Input manager stopped
12:44:42  217 DisplayManager::shutDown(): successfully stopped.
12:44:42  217 Display manager stopped
12:44:42  217 ** Game stopped **
12:44:42  217 ****************************************************
12:44:42  217 LogManager::shutDown(): successfully stopped.
