15:05:38    0 ****************************************************
15:05:38    0 ** Dragonfly version 4.9 **
15:05:39    0 Hello, Network! (v1.2)
15:05:39    0 ResourceManager::loadSprite(): Loading sprite 'sprites/explosion-spr.txt'
15:05:39    0 ResourceManager::loadSprite(): Opened file 'sprites/explosion-spr.txt'
15:05:39    0 ResourceManager::loadSprite(): Sprite 'explosion' successfully loaded
15:05:39    0 Client::Client(): Connecting to localhost at port 9876.
15:05:39    0 NetworkManager::connect(): Connecting to localhost, port 9876.
15:05:39    0 NetworkManager::connect(): Connection established.
15:05:39    0 Client::handleConnect(): Client connected!
15:05:39    0 Client::Client(): Client started.
15:05:39    0 GameManager::run(): starting game loop
15:05:39    0 Client::eventHandler(): sending mouse input to server.
15:05:39    0 Client::createObject(): creating object type 'Reticle'
15:05:40   25 Client::eventHandler(): sending mouse input to server.
15:05:40   25 Client::eventHandler(): sending mouse input to server.
15:05:40   25 Client::eventHandler(): sending mouse input to server.
15:05:40   26 Client::eventHandler(): sending mouse input to server.
15:05:40   26 Client::eventHandler(): sending mouse input to server.
15:05:40   27 Client::eventHandler(): sending mouse input to server.
15:05:40   29 Client::eventHandler(): sending mouse input to server.
15:05:40   30 Client::eventHandler(): sending mouse input to server.
15:05:40   30 Client::eventHandler(): sending mouse input to server.
15:05:40   31 Client::eventHandler(): sending mouse input to server.
15:05:40   32 Client::eventHandler(): sending mouse input to server.
15:05:40   33 Client::eventHandler(): sending mouse input to server.
15:05:40   34 Client::eventHandler(): sending mouse input to server.
15:05:40   35 Client::eventHandler(): sending mouse input to server.
15:05:40   36 Client::eventHandler(): sending mouse input to server.
15:05:40   37 Client::eventHandler(): sending mouse input to server.
15:05:40   38 Client::eventHandler(): sending mouse input to server.
15:05:40   39 Client::eventHandler(): sending mouse input to server.
15:05:40   39 Client::eventHandler(): sending mouse input to server.
15:05:40   40 Client::eventHandler(): sending mouse input to server.
15:05:40   41 Client::eventHandler(): sending mouse input to server.
15:05:40   41 Client::eventHandler(): sending mouse input to server.
15:05:40   41 Client::eventHandler(): sending mouse input to server.
15:05:40   42 Client::eventHandler(): sending mouse input to server.
15:05:41   51 Client::eventHandler(): sending mouse input to server.
15:05:41   52 Client::eventHandler(): sending mouse input to server.
15:05:41   53 Client::eventHandler(): sending mouse input to server.
15:05:41   54 Client::eventHandler(): sending mouse input to server.
15:05:41   55 Client::eventHandler(): sending mouse input to server.
15:05:41   56 Client::eventHandler(): sending mouse input to server.
15:05:41   59 Client::eventHandler(): sending mouse input to server.
15:05:41   60 Client::eventHandler(): sending mouse input to server.
15:05:41   61 Client::eventHandler(): sending mouse input to server.
15:05:41   62 Client::eventHandler(): sending mouse input to server.
15:05:41   66 Client::eventHandler(): sending mouse input to server.
15:05:41   66 Client::eventHandler(): sending mouse input to server.
15:05:41   67 Client::eventHandler(): sending mouse input to server.
15:05:41   68 Client::eventHandler(): sending mouse input to server.
15:05:41   68 Client::createObject(): creating object type 'Explosion'
15:05:41   69 Client::eventHandler(): sending mouse input to server.
15:05:41   70 Client::eventHandler(): sending mouse input to server.
15:05:41   71 Client::eventHandler(): sending mouse input to server.
15:05:41   71 Client::eventHandler(): sending mouse input to server.
15:05:41   72 Client::eventHandler(): sending mouse input to server.
15:05:41   72 Client::eventHandler(): sending mouse input to server.
15:05:41   72 Client::eventHandler(): sending mouse input to server.
15:05:41   73 Client::eventHandler(): sending mouse input to server.
15:05:41   73 Client::eventHandler(): sending mouse input to server.
15:05:41   74 Client::eventHandler(): sending mouse input to server.
15:05:41   74 Client::eventHandler(): sending mouse input to server.
15:05:41   75 Client::eventHandler(): sending mouse input to server.
15:05:41   75 Client::eventHandler(): sending mouse input to server.
15:05:41   76 Client::eventHandler(): sending mouse input to server.
15:05:41   76 Client::eventHandler(): sending mouse input to server.
15:05:41   77 Client::eventHandler(): sending mouse input to server.
15:05:41   77 Client::eventHandler(): sending mouse input to server.
15:05:41   78 Client::eventHandler(): sending mouse input to server.
15:05:41   78 Client::eventHandler(): sending mouse input to server.
15:05:42   79 Client::eventHandler(): sending mouse input to server.
15:05:42   79 Client::eventHandler(): sending mouse input to server.
15:05:42   80 Client::eventHandler(): sending mouse input to server.
15:05:42   80 Client::eventHandler(): sending mouse input to server.
15:05:42   81 Client::eventHandler(): sending mouse input to server.
15:05:42   81 Client::eventHandler(): sending mouse input to server.
15:05:42   81 Client::eventHandler(): sending mouse input to server.
15:05:42   82 Client::eventHandler(): sending mouse input to server.
15:05:42   82 Client::eventHandler(): sending mouse input to server.
15:05:42   83 Client::eventHandler(): sending mouse input to server.
15:05:42   83 Client::eventHandler(): sending mouse input to server.
15:05:42   84 Client::eventHandler(): sending mouse input to server.
15:05:42   85 Client::eventHandler(): sending mouse input to server.
15:05:42   85 Client::eventHandler(): sending mouse input to server.
15:05:42   86 Client::eventHandler(): sending mouse input to server.
15:05:42   86 Client::eventHandler(): sending mouse input to server.
15:05:42   87 Client::eventHandler(): sending mouse input to server.
15:05:42   88 Client::eventHandler(): sending mouse input to server.
15:05:42   89 Client::eventHandler(): sending mouse input to server.
15:05:52  119 Client::eventHandler(): sending mouse input to server.
15:05:52  120 Client::eventHandler(): sending mouse input to server.
15:05:52  121 Client::eventHandler(): sending mouse input to server.
15:05:52  122 Client::eventHandler(): sending mouse input to server.
15:05:52  123 Client::eventHandler(): sending mouse input to server.
15:05:52  124 Client::eventHandler(): sending mouse input to server.
15:05:52  125 Client::eventHandler(): sending mouse input to server.
15:05:52  125 Client::eventHandler(): sending mouse input to server.
15:05:52  125 Client::eventHandler(): sending mouse input to server.
15:05:52  125 Client::eventHandler(): sending mouse input to server.
15:05:53  126 Client::eventHandler(): sending mouse input to server.
15:05:53  127 Client::eventHandler(): sending mouse input to server.
15:05:53  127 Client::eventHandler(): sending mouse input to server.
15:05:53  127 Client::eventHandler(): sending mouse input to server.
15:05:53  128 Client::eventHandler(): sending mouse input to server.
15:05:53  128 Client::eventHandler(): sending mouse input to server.
15:05:53  129 Client::eventHandler(): sending mouse input to server.
15:05:53  129 Client::eventHandler(): sending mouse input to server.
15:05:53  129 Client::eventHandler(): sending mouse input to server.
15:05:53  129 Client::eventHandler(): sending mouse input to server.
15:05:53  130 Client::eventHandler(): sending mouse input to server.
15:05:53  130 Client::eventHandler(): sending mouse input to server.
15:05:53  131 Client::eventHandler(): sending mouse input to server.
15:05:53  131 Client::eventHandler(): sending mouse input to server.
15:05:53  132 Client::eventHandler(): sending mouse input to server.
15:05:53  133 Client::eventHandler(): sending mouse input to server.
15:05:53  134 Client::eventHandler(): sending mouse input to server.
15:05:53  134 Client::eventHandler(): sending mouse input to server.
15:05:53  134 Client::eventHandler(): sending mouse input to server.
15:05:53  135 Client::eventHandler(): sending mouse input to server.
15:05:53  136 Client::eventHandler(): sending mouse input to server.
15:05:53  137 Client::eventHandler(): sending mouse input to server.
15:05:53  138 Client::eventHandler(): sending mouse input to server.
15:05:53  139 Client::eventHandler(): sending mouse input to server.
15:05:53  140 Client::eventHandler(): sending mouse input to server.
15:05:53  141 Client::eventHandler(): sending mouse input to server.
15:05:53  141 Client::eventHandler(): sending mouse input to server.
15:05:53  142 Client::eventHandler(): sending mouse input to server.
15:05:53  143 Client::eventHandler(): sending mouse input to server.
15:05:53  144 Client::eventHandler(): sending mouse input to server.
15:05:53  145 Client::eventHandler(): sending mouse input to server.
15:05:53  146 Client::eventHandler(): sending mouse input to server.
15:05:53  146 Client::eventHandler(): sending mouse input to server.
15:05:53  146 Client::eventHandler(): sending mouse input to server.
15:05:53  147 Client::eventHandler(): sending mouse input to server.
15:05:53  148 Client::eventHandler(): sending mouse input to server.
15:05:53  149 Client::eventHandler(): sending mouse input to server.
15:05:53  150 Client::eventHandler(): sending mouse input to server.
15:05:53  150 Client::eventHandler(): sending mouse input to server.
15:05:53  151 Client::eventHandler(): sending mouse input to server.
15:05:53  152 Client::eventHandler(): sending mouse input to server.
15:05:53  153 Client::eventHandler(): sending mouse input to server.
15:05:54  158 Client::eventHandler(): sending mouse input to server.
15:05:54  159 Client::eventHandler(): sending mouse input to server.
15:05:54  169 Client::eventHandler(): sending mouse input to server.
15:05:54  170 Client::eventHandler(): sending mouse input to server.
15:05:54  171 Client::eventHandler(): sending mouse input to server.
15:05:54  174 Client::eventHandler(): sending mouse input to server.
15:05:54  175 Client::eventHandler(): sending mouse input to server.
15:05:54  176 Client::eventHandler(): sending mouse input to server.
15:05:54  177 Client::eventHandler(): sending mouse input to server.
15:05:54  178 Client::eventHandler(): sending mouse input to server.
15:05:54  179 Client::eventHandler(): sending mouse input to server.
15:05:54  180 Client::eventHandler(): sending mouse input to server.
15:05:55  187 Client::eventHandler(): sending mouse input to server.
15:05:55  189 Client::eventHandler(): sending mouse input to server.
15:05:55  190 Client::eventHandler(): sending mouse input to server.
15:05:55  191 Client::eventHandler(): sending mouse input to server.
15:05:55  192 Client::eventHandler(): sending mouse input to server.
15:05:55  196 Client::eventHandler(): sending mouse input to server.
15:05:55  197 Client::eventHandler(): sending mouse input to server.
15:05:55  197 Client::eventHandler(): sending mouse input to server.
15:05:55  198 Client::eventHandler(): sending mouse input to server.
15:05:55  199 Client::eventHandler(): sending mouse input to server.
15:05:55  200 Client::eventHandler(): sending mouse input to server.
15:05:55  201 Client::eventHandler(): sending mouse input to server.
15:05:55  201 Client::eventHandler(): sending mouse input to server.
15:05:55  201 Client::eventHandler(): sending mouse input to server.
15:05:55  202 Client::eventHandler(): sending mouse input to server.
15:05:55  203 Client::eventHandler(): sending mouse input to server.
15:05:55  203 Client::eventHandler(): sending mouse input to server.
15:05:55  204 Client::eventHandler(): sending mouse input to server.
15:05:55  205 Client::eventHandler(): sending mouse input to server.
15:05:55  205 Client::eventHandler(): sending mouse input to server.
15:05:55  206 Client::eventHandler(): sending mouse input to server.
15:05:55  207 Client::eventHandler(): sending mouse input to server.
15:05:55  208 Client::eventHandler(): sending mouse input to server.
15:05:55  208 Client::eventHandler(): sending mouse input to server.
15:05:55  209 Client::eventHandler(): sending mouse input to server.
15:05:55  210 Client::eventHandler(): sending mouse input to server.
15:05:55  210 Client::eventHandler(): sending mouse input to server.
15:05:55  211 Client::eventHandler(): sending mouse input to server.
15:05:55  212 Client::eventHandler(): sending mouse input to server.
15:05:55  213 Client::eventHandler(): sending mouse input to server.
15:05:55  213 Client::eventHandler(): sending mouse input to server.
15:05:55  213 Client::eventHandler(): sending mouse input to server.
15:05:55  214 Client::eventHandler(): sending mouse input to server.
15:05:55  215 Client::eventHandler(): sending mouse input to server.
15:05:55  216 Client::eventHandler(): sending mouse input to server.
15:05:56  217 Client::eventHandler(): sending mouse input to server.
15:05:56  218 Client::eventHandler(): sending mouse input to server.
15:05:56  219 Client::eventHandler(): sending mouse input to server.
15:05:56  220 Client::eventHandler(): sending mouse input to server.
15:05:56  221 Client::eventHandler(): sending mouse input to server.
15:05:56  221 Client::eventHandler(): sending mouse input to server.
15:05:56  221 Client::eventHandler(): sending mouse input to server.
15:05:56  221 Client::eventHandler(): sending mouse input to server.
15:05:56  222 Client::eventHandler(): sending mouse input to server.
15:05:56  222 Client::eventHandler(): sending mouse input to server.
15:05:56  222 Client::eventHandler(): sending mouse input to server.
15:05:56  223 Client::eventHandler(): sending mouse input to server.
15:05:56  224 Client::eventHandler(): sending mouse input to server.
15:05:56  225 Client::eventHandler(): sending mouse input to server.
15:05:56  226 Client::eventHandler(): sending mouse input to server.
15:05:56  226 Client::eventHandler(): sending mouse input to server.
15:05:56  227 Client::eventHandler(): sending mouse input to server.
15:05:56  227 Client::eventHandler(): sending mouse input to server.
15:05:56  227 Client::eventHandler(): sending mouse input to server.
15:05:56  227 Client::eventHandler(): sending mouse input to server.
15:05:56  227 Client::eventHandler(): sending mouse input to server.
15:05:56  228 Client::eventHandler(): sending mouse input to server.
15:05:56  228 Client::eventHandler(): sending mouse input to server.
15:05:56  228 Client::eventHandler(): sending mouse input to server.
15:05:56  228 Client::eventHandler(): sending mouse input to server.
15:05:56  229 Client::eventHandler(): sending mouse input to server.
15:05:56  230 Client::eventHandler(): sending mouse input to server.
15:05:56  231 Client::eventHandler(): sending mouse input to server.
15:05:56  231 Client::eventHandler(): sending mouse input to server.
15:05:56  231 Client::eventHandler(): sending mouse input to server.
15:05:56  231 Client::eventHandler(): sending mouse input to server.
15:05:56  232 Client::eventHandler(): sending mouse input to server.
15:05:56  232 Client::eventHandler(): sending mouse input to server.
15:05:56  233 Client::eventHandler(): sending mouse input to server.
15:05:56  233 Client::eventHandler(): sending mouse input to server.
15:05:56  233 Client::eventHandler(): sending mouse input to server.
15:05:56  233 Client::eventHandler(): sending mouse input to server.
15:05:56  233 Client::eventHandler(): sending mouse input to server.
15:05:56  234 Client::eventHandler(): sending mouse input to server.
15:05:56  234 Client::eventHandler(): sending mouse input to server.
15:05:56  235 Client::eventHandler(): sending mouse input to server.
15:05:56  236 Client::eventHandler(): sending mouse input to server.
15:05:56  237 Client::eventHandler(): sending mouse input to server.
15:05:56  237 Client::eventHandler(): sending mouse input to server.
15:05:56  237 Client::eventHandler(): sending mouse input to server.
15:05:56  238 Client::eventHandler(): sending mouse input to server.
15:05:56  239 Client::eventHandler(): sending mouse input to server.
15:05:56  239 Client::eventHandler(): sending mouse input to server.
15:05:56  239 Client::eventHandler(): sending mouse input to server.
15:05:56  239 Client::eventHandler(): sending mouse input to server.
15:05:56  240 Client::eventHandler(): sending mouse input to server.
15:05:56  241 Client::eventHandler(): sending mouse input to server.
15:05:56  242 Client::eventHandler(): sending mouse input to server.
15:05:56  243 Client::eventHandler(): sending mouse input to server.
15:05:56  243 Client::eventHandler(): sending mouse input to server.
15:05:56  243 Client::eventHandler(): sending mouse input to server.
15:05:56  243 Client::eventHandler(): sending mouse input to server.
15:05:56  244 Client::eventHandler(): sending mouse input to server.
15:05:56  245 Client::eventHandler(): sending mouse input to server.
15:05:56  245 Client::eventHandler(): sending mouse input to server.
15:05:56  245 Client::eventHandler(): sending mouse input to server.
15:05:56  245 Client::eventHandler(): sending mouse input to server.
15:05:56  246 Client::eventHandler(): sending mouse input to server.
15:05:57  247 Client::eventHandler(): sending mouse input to server.
15:05:57  247 Client::eventHandler(): sending mouse input to server.
15:05:57  248 Client::eventHandler(): sending mouse input to server.
15:05:57  249 Client::eventHandler(): sending mouse input to server.
15:05:57  249 Client::eventHandler(): sending mouse input to server.
15:05:57  250 Client::eventHandler(): sending mouse input to server.
15:05:57  250 Client::eventHandler(): sending mouse input to server.
15:05:57  250 Client::eventHandler(): sending mouse input to server.
15:05:57  251 Client::eventHandler(): sending mouse input to server.
15:05:57  252 Client::eventHandler(): sending mouse input to server.
15:05:57  252 Client::eventHandler(): sending mouse input to server.
15:05:57  253 Client::eventHandler(): sending mouse input to server.
15:05:57  254 Client::eventHandler(): sending mouse input to server.
15:05:57  255 Client::eventHandler(): sending mouse input to server.
15:05:57  256 Client::eventHandler(): sending mouse input to server.
15:05:57  256 Client::eventHandler(): sending mouse input to server.
15:05:57  257 Client::eventHandler(): sending mouse input to server.
15:05:57  257 Client::eventHandler(): sending mouse input to server.
15:05:57  258 Client::eventHandler(): sending mouse input to server.
15:05:57  259 Client::eventHandler(): sending mouse input to server.
15:05:57  260 Client::eventHandler(): sending mouse input to server.
15:05:57  261 Client::eventHandler(): sending mouse input to server.
15:05:57  262 Client::eventHandler(): sending mouse input to server.
15:05:57  263 Client::eventHandler(): sending mouse input to server.
15:05:57  265 Client::eventHandler(): sending mouse input to server.
15:05:57  265 Client::eventHandler(): sending mouse input to server.
15:05:57  266 Client::eventHandler(): sending mouse input to server.
15:05:57  267 Client::eventHandler(): sending mouse input to server.
15:05:57  267 Client::eventHandler(): sending mouse input to server.
15:05:57  268 Client::eventHandler(): sending mouse input to server.
15:05:58  289 Client::eventHandler(): sending mouse input to server.
15:05:58  290 Client::eventHandler(): sending mouse input to server.
15:05:58  291 Client::eventHandler(): sending mouse input to server.
15:05:58  292 Client::eventHandler(): sending mouse input to server.
15:05:58  293 Client::eventHandler(): sending mouse input to server.
15:05:58  294 Client::eventHandler(): sending mouse input to server.
15:05:58  295 Client::eventHandler(): sending mouse input to server.
15:05:58  296 Client::eventHandler(): sending mouse input to server.
15:05:58  297 Client::eventHandler(): sending mouse input to server.
15:05:58  298 Client::eventHandler(): sending mouse input to server.
15:05:58  299 Client::eventHandler(): sending mouse input to server.
15:05:58  300 Client::eventHandler(): sending mouse input to server.
15:05:58  301 Client::eventHandler(): sending mouse input to server.
15:05:58  302 Client::eventHandler(): sending mouse input to server.
15:05:58  303 Client::eventHandler(): sending mouse input to server.
15:06:01  387 Client::eventHandler(): sending mouse input to server.
15:06:01  388 Client::eventHandler(): sending mouse input to server.
15:06:01  389 Client::eventHandler(): sending mouse input to server.
15:06:01  391 GameManager::run(): end of game loop
15:06:01  391 PathManager::shutDown(): successfully stopped.
15:06:01  391 Path manager stopped
15:06:01  391 WorldManager::shutDown(): Successfully stopped.
15:06:01  391 World manager stopped
15:06:01  391 ResourceManager::shutDown(): successfully stopped.
15:06:01  391 Resource manager stopped
15:06:01  391 NetworkManager::shutDown(): successfully stopped.
15:06:01  391 Network manager stopped
15:06:01  391 InputManager::shutDown(): successfully stopped.
15:06:01  391 Input manager stopped
15:06:01  391 DisplayManager::shutDown(): successfully stopped.
15:06:01  391 Display manager stopped
15:06:01  391 ** Game stopped **
15:06:01  391 ****************************************************
15:06:01  391 LogManager::shutDown(): successfully stopped.
