03:23:08    0 ****************************************************
03:23:08    0 ** Dragonfly version 4.9 **
03:23:08    0 Hello, Network! (v1.2)
03:23:08    0 ResourceManager::loadSprite(): Loading sprite 'sprites/explosion-spr.txt'
03:23:08    0 ResourceManager::loadSprite(): Opened file 'sprites/explosion-spr.txt'
03:23:08    0 ResourceManager::loadSprite(): Sprite 'explosion' successfully loaded
03:23:08    0 ResourceManager::loadSprite(): Loading sprite 'sprites/level_select.txt'
03:23:08    0 ResourceManager::loadSprite(): Opened file 'sprites/level_select.txt'
03:23:08    0 ResourceManager::loadSprite(): Sprite 'level_select' successfully loaded
03:23:08    0 ResourceManager::loadSprite(): Loading sprite 'sprites/gamestart-spr.txt'
03:23:08    0 ResourceManager::loadSprite(): Opened file 'sprites/gamestart-spr.txt'
03:23:08    0 ResourceManager::loadSprite(): Sprite 'gamestart' successfully loaded
03:23:08    0 ResourceManager::loadSprite(): Loading sprite 'sprites/gameover-spr.txt'
03:23:08    0 ResourceManager::loadSprite(): Opened file 'sprites/gameover-spr.txt'
03:23:08    0 ResourceManager::loadSprite(): Sprite 'gameover' successfully loaded
03:23:08    0 ResourceManager::loadSprite(): Loading sprite 'sprites/level_won.txt'
03:23:08    0 ResourceManager::loadSprite(): Opened file 'sprites/level_won.txt'
03:23:08    0 ResourceManager::loadSprite(): Sprite 'level_won' successfully loaded
03:23:08    0 ResourceManager::loadSprite(): Loading sprite 'sprites/level_intro.txt'
03:23:08    0 ResourceManager::loadSprite(): Opened file 'sprites/level_intro.txt'
03:23:08    0 ResourceManager::loadSprite(): Sprite 'level_intro' successfully loaded
03:23:08    0 ResourceManager::loadSprite(): Loading sprite 'sprites/level_1.txt'
03:23:08    0 ResourceManager::loadSprite(): Opened file 'sprites/level_1.txt'
03:23:08    0 ResourceManager::loadSprite(): Sprite 'level_1' successfully loaded
03:23:08    0 ResourceManager::loadSprite(): Loading sprite 'sprites/saucer-spr.txt'
03:23:08    0 ResourceManager::loadSprite(): Opened file 'sprites/saucer-spr.txt'
03:23:08    0 ResourceManager::loadSprite(): Sprite 'saucer' successfully loaded
03:23:08    0 ResourceManager::loadSprite(): Loading sprite 'sprites/ship-spr.txt'
03:23:08    0 ResourceManager::loadSprite(): Opened file 'sprites/ship-spr.txt'
03:23:08    0 ResourceManager::loadSprite(): Sprite 'ship' successfully loaded
03:23:08    0 ResourceManager::loadSprite(): Loading sprite 'sprites/boss.txt'
03:23:08    0 ResourceManager::loadSprite(): Opened file 'sprites/boss.txt'
03:23:08    0 ResourceManager::loadSprite(): Sprite 'boss' successfully loaded
03:23:08    0 ResourceManager::loadSprite(): Loading sprite 'sprites/boss-weakpoint.txt'
03:23:08    0 ResourceManager::loadSprite(): Opened file 'sprites/boss-weakpoint.txt'
03:23:08    0 ResourceManager::loadSprite(): Sprite 'boss-weakpoint' successfully loaded
03:23:08    0 ResourceManager::loadSprite(): Loading sprite 'sprites/ak47_2.txt'
03:23:08    0 ResourceManager::loadSprite(): Opened file 'sprites/ak47_2.txt'
03:23:08    0 ResourceManager::loadSprite(): Sprite 'AK47' successfully loaded
03:23:08    0 ResourceManager::loadSprite(): Loading sprite 'sprites/awp.txt'
03:23:08    0 ResourceManager::loadSprite(): Opened file 'sprites/awp.txt'
03:23:08    0 ResourceManager::loadSprite(): Sprite 'AWP' successfully loaded
03:23:08    0 ResourceManager::loadSprite(): Loading sprite 'sprites/grenade-launcher.txt'
03:23:08    0 ResourceManager::loadSprite(): Opened file 'sprites/grenade-launcher.txt'
03:23:08    0 ResourceManager::loadSprite(): Sprite 'GrenadeLauncher' successfully loaded
03:23:08    0 ResourceManager::loadSprite(): Loading sprite 'sprites/ak47_bullet.txt'
03:23:08    0 ResourceManager::loadSprite(): Opened file 'sprites/ak47_bullet.txt'
03:23:08    0 ResourceManager::loadSprite(): Sprite 'AK47_bullet' successfully loaded
03:23:08    0 ResourceManager::loadSprite(): Loading sprite 'sprites/awp_bullet.txt'
03:23:08    0 ResourceManager::loadSprite(): Opened file 'sprites/awp_bullet.txt'
03:23:08    0 ResourceManager::loadSprite(): Sprite 'AWP_bullet' successfully loaded
03:23:08    0 ResourceManager::loadSprite(): Loading sprite 'sprites/grenade_bullet.txt'
03:23:08    0 ResourceManager::loadSprite(): Opened file 'sprites/grenade_bullet.txt'
03:23:08    0 ResourceManager::loadSprite(): Sprite 'GrenadeLauncher_bullet' successfully loaded
03:23:08    0 ResourceManager::loadSprite(): Loading sprite 'sprites/bullet_trail.txt'
03:23:08    0 ResourceManager::loadSprite(): Opened file 'sprites/bullet_trail.txt'
03:23:08    0 ResourceManager::loadSprite(): Sprite 'bullet_trail' successfully loaded
03:23:08    0 ResourceManager::loadSprite(): Loading sprite 'sprites/explosion-spr.txt'
03:23:08    0 ResourceManager::loadSprite(): Opened file 'sprites/explosion-spr.txt'
03:23:08    0 ResourceManager::loadSprite(): Sprite 'explosion' successfully loaded
03:23:08    0 ResourceManager::loadSprite(): Loading sprite 'sprites/nuke.txt'
03:23:08    0 ResourceManager::loadSprite(): Opened file 'sprites/nuke.txt'
03:23:08    0 ResourceManager::loadSprite(): Sprite 'nuke' successfully loaded
03:23:08    0 ResourceManager::loadSprite(): Loading sprite 'sprites/character-walk_2.txt'
03:23:08    0 ResourceManager::loadSprite(): Opened file 'sprites/character-walk_2.txt'
03:23:08    0 ResourceManager::loadSprite(): Sprite 'character-walk' successfully loaded
03:23:08    0 ResourceManager::loadSprite(): Loading sprite 'sprites/character-duck.txt'
03:23:08    0 ResourceManager::loadSprite(): Opened file 'sprites/character-duck.txt'
03:23:08    0 ResourceManager::loadSprite(): Sprite 'character-duck' successfully loaded
03:23:08    0 ResourceManager::loadSprite(): Loading sprite 'sprites/platform.txt'
03:23:08    0 ResourceManager::loadSprite(): Opened file 'sprites/platform.txt'
03:23:08    0 ResourceManager::loadSprite(): Sprite 'platform' successfully loaded
03:23:08    0 ResourceManager::loadSprite(): Loading sprite 'sprites/refill-ammo.txt'
03:23:08    0 ResourceManager::loadSprite(): Opened file 'sprites/refill-ammo.txt'
03:23:08    0 ResourceManager::loadSprite(): Sprite 'ammo-refill' successfully loaded
03:23:08    0 ResourceManager::loadSprite(): Loading sprite 'sprites/intro/1.txt'
03:23:08    0 ResourceManager::loadSprite(): Opened file 'sprites/intro/1.txt'
03:23:08    0 ResourceManager::loadSprite(): Sprite 'intro_1' successfully loaded
03:23:08    0 ResourceManager::loadSprite(): Loading sprite 'sprites/intro/2.txt'
03:23:08    0 ResourceManager::loadSprite(): Opened file 'sprites/intro/2.txt'
03:23:08    0 ResourceManager::loadSprite(): Sprite 'intro_2' successfully loaded
03:23:08    0 ResourceManager::loadSprite(): Loading sprite 'sprites/intro/3.txt'
03:23:08    0 ResourceManager::loadSprite(): Opened file 'sprites/intro/3.txt'
03:23:08    0 ResourceManager::loadSprite(): Sprite 'intro_3' successfully loaded
03:23:08    0 ResourceManager::loadSprite(): Loading sprite 'sprites/intro/4.txt'
03:23:08    0 ResourceManager::loadSprite(): Opened file 'sprites/intro/4.txt'
03:23:08    0 ResourceManager::loadSprite(): Sprite 'intro_4' successfully loaded
03:23:08    0 ResourceManager::loadSprite(): Loading sprite 'sprites/intro/5.txt'
03:23:08    0 ResourceManager::loadSprite(): Opened file 'sprites/intro/5.txt'
03:23:08    0 ResourceManager::loadSprite(): Sprite 'intro_5' successfully loaded
03:23:08    0 ResourceManager::loadSprite(): Loading sprite 'sprites/intro/6.txt'
03:23:08    0 ResourceManager::loadSprite(): Opened file 'sprites/intro/6.txt'
03:23:08    0 ResourceManager::loadSprite(): Sprite 'intro_6' successfully loaded
03:23:08    0 ResourceManager::loadSprite(): Loading sprite 'sprites/intro/7.txt'
03:23:08    0 ResourceManager::loadSprite(): Opened file 'sprites/intro/7.txt'
03:23:08    0 ResourceManager::loadSprite(): Sprite 'intro_7' successfully loaded
03:23:08    0 ResourceManager::loadSprite(): Loading sprite 'sprites/intro/small.txt'
03:23:08    0 ResourceManager::loadSprite(): Opened file 'sprites/intro/small.txt'
03:23:08    0 ResourceManager::loadSprite(): Sprite 'intro_small' successfully loaded
03:23:08    0 ResourceManager::loadSprite(): Loading sprite 'sprites/number_font/green_0.txt'
03:23:08    0 ResourceManager::loadSprite(): Opened file 'sprites/number_font/green_0.txt'
03:23:08    0 ResourceManager::loadSprite(): Sprite 'green_0' successfully loaded
03:23:08    0 ResourceManager::loadSprite(): Loading sprite 'sprites/number_font/green_1.txt'
03:23:08    0 ResourceManager::loadSprite(): Opened file 'sprites/number_font/green_1.txt'
03:23:08    0 ResourceManager::loadSprite(): Sprite 'green_1' successfully loaded
03:23:08    0 ResourceManager::loadSprite(): Loading sprite 'sprites/number_font/green_2.txt'
03:23:08    0 ResourceManager::loadSprite(): Opened file 'sprites/number_font/green_2.txt'
03:23:08    0 ResourceManager::loadSprite(): Sprite 'green_2' successfully loaded
03:23:08    0 ResourceManager::loadSprite(): Loading sprite 'sprites/number_font/green_3.txt'
03:23:08    0 ResourceManager::loadSprite(): Opened file 'sprites/number_font/green_3.txt'
03:23:08    0 ResourceManager::loadSprite(): Sprite 'green_3' successfully loaded
03:23:08    0 ResourceManager::loadSprite(): Loading sprite 'sprites/number_font/green_4.txt'
03:23:08    0 ResourceManager::loadSprite(): Opened file 'sprites/number_font/green_4.txt'
03:23:08    0 ResourceManager::loadSprite(): Sprite 'green_4' successfully loaded
03:23:08    0 ResourceManager::loadSprite(): Loading sprite 'sprites/number_font/green_5.txt'
03:23:08    0 ResourceManager::loadSprite(): Opened file 'sprites/number_font/green_5.txt'
03:23:08    0 ResourceManager::loadSprite(): Sprite 'green_5' successfully loaded
03:23:08    0 ResourceManager::loadSprite(): Loading sprite 'sprites/number_font/green_6.txt'
03:23:08    0 ResourceManager::loadSprite(): Opened file 'sprites/number_font/green_6.txt'
03:23:08    0 ResourceManager::loadSprite(): Sprite 'green_6' successfully loaded
03:23:08    0 ResourceManager::loadSprite(): Loading sprite 'sprites/number_font/green_7.txt'
03:23:08    0 ResourceManager::loadSprite(): Opened file 'sprites/number_font/green_7.txt'
03:23:08    0 ResourceManager::loadSprite(): Sprite 'green_7' successfully loaded
03:23:08    0 ResourceManager::loadSprite(): Loading sprite 'sprites/number_font/green_8.txt'
03:23:08    0 ResourceManager::loadSprite(): Opened file 'sprites/number_font/green_8.txt'
03:23:08    0 ResourceManager::loadSprite(): Sprite 'green_8' successfully loaded
03:23:08    0 ResourceManager::loadSprite(): Loading sprite 'sprites/number_font/green_9.txt'
03:23:08    0 ResourceManager::loadSprite(): Opened file 'sprites/number_font/green_9.txt'
03:23:08    0 ResourceManager::loadSprite(): Sprite 'green_9' successfully loaded
03:23:08    0 ResourceManager::loadSprite(): Loading sprite 'sprites/number_font/red_0.txt'
03:23:08    0 ResourceManager::loadSprite(): Opened file 'sprites/number_font/red_0.txt'
03:23:08    0 ResourceManager::loadSprite(): Sprite 'red_0' successfully loaded
03:23:08    0 ResourceManager::loadSprite(): Loading sprite 'sprites/number_font/red_1.txt'
03:23:08    0 ResourceManager::loadSprite(): Opened file 'sprites/number_font/red_1.txt'
03:23:08    0 ResourceManager::loadSprite(): Sprite 'red_1' successfully loaded
03:23:08    0 ResourceManager::loadSprite(): Loading sprite 'sprites/number_font/red_2.txt'
03:23:08    0 ResourceManager::loadSprite(): Opened file 'sprites/number_font/red_2.txt'
03:23:08    0 ResourceManager::loadSprite(): Sprite 'red_2' successfully loaded
03:23:08    0 ResourceManager::loadSprite(): Loading sprite 'sprites/number_font/red_3.txt'
03:23:08    0 ResourceManager::loadSprite(): Opened file 'sprites/number_font/red_3.txt'
03:23:08    0 ResourceManager::loadSprite(): Sprite 'red_3' successfully loaded
03:23:08    0 ResourceManager::loadSprite(): Loading sprite 'sprites/number_font/red_4.txt'
03:23:08    0 ResourceManager::loadSprite(): Opened file 'sprites/number_font/red_4.txt'
03:23:08    0 ResourceManager::loadSprite(): Sprite 'red_4' successfully loaded
03:23:08    0 ResourceManager::loadSprite(): Loading sprite 'sprites/number_font/red_5.txt'
03:23:08    0 ResourceManager::loadSprite(): Opened file 'sprites/number_font/red_5.txt'
03:23:08    0 ResourceManager::loadSprite(): Sprite 'red_5' successfully loaded
03:23:08    0 ResourceManager::loadSprite(): Loading sprite 'sprites/number_font/red_6.txt'
03:23:08    0 ResourceManager::loadSprite(): Opened file 'sprites/number_font/red_6.txt'
03:23:08    0 ResourceManager::loadSprite(): Sprite 'red_6' successfully loaded
03:23:08    0 ResourceManager::loadSprite(): Loading sprite 'sprites/number_font/red_7.txt'
03:23:08    0 ResourceManager::loadSprite(): Opened file 'sprites/number_font/red_7.txt'
03:23:08    0 ResourceManager::loadSprite(): Sprite 'red_7' successfully loaded
03:23:08    0 ResourceManager::loadSprite(): Loading sprite 'sprites/number_font/red_8.txt'
03:23:08    0 ResourceManager::loadSprite(): Opened file 'sprites/number_font/red_8.txt'
03:23:08    0 ResourceManager::loadSprite(): Sprite 'red_8' successfully loaded
03:23:08    0 ResourceManager::loadSprite(): Loading sprite 'sprites/number_font/red_9.txt'
03:23:08    0 ResourceManager::loadSprite(): Opened file 'sprites/number_font/red_9.txt'
03:23:08    0 ResourceManager::loadSprite(): Sprite 'red_9' successfully loaded
03:23:08    0 ResourceManager::loadSprite(): Loading sprite 'sprites/number_font/yellow_0.txt'
03:23:08    0 ResourceManager::loadSprite(): Opened file 'sprites/number_font/yellow_0.txt'
03:23:08    0 ResourceManager::loadSprite(): Sprite 'yellow_0' successfully loaded
03:23:08    0 ResourceManager::loadSprite(): Loading sprite 'sprites/number_font/yellow_1.txt'
03:23:08    0 ResourceManager::loadSprite(): Opened file 'sprites/number_font/yellow_1.txt'
03:23:08    0 ResourceManager::loadSprite(): Sprite 'yellow_1' successfully loaded
03:23:08    0 ResourceManager::loadSprite(): Loading sprite 'sprites/number_font/yellow_2.txt'
03:23:08    0 ResourceManager::loadSprite(): Opened file 'sprites/number_font/yellow_2.txt'
03:23:08    0 ResourceManager::loadSprite(): Sprite 'yellow_2' successfully loaded
03:23:08    0 ResourceManager::loadSprite(): Loading sprite 'sprites/number_font/yellow_3.txt'
03:23:08    0 ResourceManager::loadSprite(): Opened file 'sprites/number_font/yellow_3.txt'
03:23:08    0 ResourceManager::loadSprite(): Sprite 'yellow_3' successfully loaded
03:23:08    0 ResourceManager::loadSprite(): Loading sprite 'sprites/number_font/yellow_4.txt'
03:23:08    0 ResourceManager::loadSprite(): Opened file 'sprites/number_font/yellow_4.txt'
03:23:08    0 ResourceManager::loadSprite(): Sprite 'yellow_4' successfully loaded
03:23:08    0 ResourceManager::loadSprite(): Loading sprite 'sprites/number_font/yellow_5.txt'
03:23:08    0 ResourceManager::loadSprite(): Opened file 'sprites/number_font/yellow_5.txt'
03:23:08    0 ResourceManager::loadSprite(): Sprite 'yellow_5' successfully loaded
03:23:08    0 ResourceManager::loadSprite(): Loading sprite 'sprites/number_font/yellow_6.txt'
03:23:08    0 ResourceManager::loadSprite(): Opened file 'sprites/number_font/yellow_6.txt'
03:23:08    0 ResourceManager::loadSprite(): Sprite 'yellow_6' successfully loaded
03:23:08    0 ResourceManager::loadSprite(): Loading sprite 'sprites/number_font/yellow_7.txt'
03:23:08    0 ResourceManager::loadSprite(): Opened file 'sprites/number_font/yellow_7.txt'
03:23:08    0 ResourceManager::loadSprite(): Sprite 'yellow_7' successfully loaded
03:23:08    0 ResourceManager::loadSprite(): Loading sprite 'sprites/number_font/yellow_8.txt'
03:23:08    0 ResourceManager::loadSprite(): Opened file 'sprites/number_font/yellow_8.txt'
03:23:08    0 ResourceManager::loadSprite(): Sprite 'yellow_8' successfully loaded
03:23:08    0 ResourceManager::loadSprite(): Loading sprite 'sprites/number_font/yellow_9.txt'
03:23:08    0 ResourceManager::loadSprite(): Opened file 'sprites/number_font/yellow_9.txt'
03:23:08    0 ResourceManager::loadSprite(): Sprite 'yellow_9' successfully loaded
03:23:08    0 ResourceManager::loadSprite(): Loading sprite 'sprites/number_font/slash.txt'
03:23:08    0 ResourceManager::loadSprite(): Opened file 'sprites/number_font/slash.txt'
03:23:08    0 ResourceManager::loadSprite(): Sprite 'slash' successfully loaded
03:23:08    0 ResourceManager::loadSprite(): Loading sprite 'sprites/ammo_display.txt'
03:23:08    0 ResourceManager::loadSprite(): Opened file 'sprites/ammo_display.txt'
03:23:08    0 ResourceManager::loadSprite(): Sprite 'ammo_display' successfully loaded
03:23:09    0 ResourceManager::loadSound(): Sound 'AK47_fire' successfully loaded
03:23:09    0 ResourceManager::loadSound(): Sound 'AWP_fire' successfully loaded
03:23:09    0 ResourceManager::loadSound(): Sound 'GrenadeLauncher_fire' successfully loaded
03:23:09    0 ResourceManager::loadSound(): Sound 'ammo_empty' successfully loaded
03:23:09    0 ResourceManager::loadSound(): Sound 'AK47_reload' successfully loaded
03:23:10    0 ResourceManager::loadSound(): Sound 'AWP_reload' successfully loaded
03:23:10    0 ResourceManager::loadSound(): Sound 'GrenadeLauncher_reload' successfully loaded
03:23:10    0 ResourceManager::loadSound(): Sound 'awp_bolt' successfully loaded
03:23:10    0 ResourceManager::loadSound(): Sound 'pickup1' successfully loaded
03:23:10    0 ResourceManager::loadSound(): Sound 'pickup2' successfully loaded
03:23:10    0 ResourceManager::loadSound(): Sound 'explode' successfully loaded
03:23:10    0 ResourceManager::loadSound(): Sound 'nuke' successfully loaded
03:23:10    0 ResourceManager::loadSound(): Sound 'saucer_death' successfully loaded
03:23:10    0 ResourceManager::loadSound(): Sound 'game over' successfully loaded
03:23:11    0 ResourceManager::loadSound(): Sound 'level_won' successfully loaded
03:23:11    0 ResourceManager::loadMusic(): Music 'start music' successfully loaded
03:23:11    0 ResourceManager::loadMusic(): Music 'music_theme' successfully loaded
03:23:11    0 ResourceManager::loadMusic(): Music 'music_boss' successfully loaded
03:23:11    0 GameManager::run(): starting game loop
03:23:14   90 GameManager::run(): end of game loop
03:23:14   90 NetworkManager::setServer(): Ready for connections on port 9876.
03:23:14   90 Server::Server(): Setup for 3 connections.
03:23:14   90 Server::Server(): Server started
03:23:14   90 GameManager::run(): starting game loop
03:23:19  150 NetworkManager::accept(): New connection.
03:23:19  150 Server::handleAccept(): server now connected socket: 0
03:23:19  150 Server::eventHandler(): sending custom message: '20'
03:23:19  151 Server::doSync(): SYNC Hero (id 20).
03:23:19  151 Server::doSync(): SYNC Weapon (id 21).
03:23:19  151 Server::doSync(): SYNC Weapon (id 22).
03:23:19  151 Server::doSync(): SYNC Weapon (id 23).
03:23:19  151 Server::doSync(): SYNC Platform (id 101).
03:23:19  151 Server::doSync(): SYNC Platform (id 102).
03:23:19  151 Server::doSync(): SYNC Platform (id 103).
03:23:19  151 Server::doSync(): SYNC Platform (id 104).
03:23:19  151 Server::doSync(): SYNC Platform (id 105).
03:23:19  151 Server::doSync(): SYNC Platform (id 106).
03:23:19  151 Server::doSync(): SYNC Platform (id 107).
03:23:19  151 Server::doSync(): SYNC Platform (id 108).
03:23:19  151 Server::doSync(): SYNC Platform (id 109).
03:23:19  151 Server::doSync(): SYNC Platform (id 110).
03:23:19  151 Server::doSync(): SYNC Platform (id 111).
03:23:19  151 Server::doSync(): SYNC Platform (id 112).
03:23:19  151 Server::doSync(): SYNC Platform (id 113).
03:23:19  151 Server::doSync(): SYNC Platform (id 114).
03:23:19  151 Server::doSync(): SYNC Platform (id 115).
03:23:19  151 Server::doSync(): SYNC Platform (id 116).
03:23:19  151 Server::doSync(): SYNC Platform (id 117).
03:23:19  152 Server::doSync(): SYNC Hero (id 20).
03:23:19  152 Server::doSync(): SYNC Weapon (id 21).
03:23:19  153 Server::doSync(): SYNC Hero (id 20).
03:23:19  153 Server::doSync(): SYNC Weapon (id 21).
03:23:19  154 Server::doSync(): SYNC Hero (id 20).
03:23:19  154 Server::doSync(): SYNC Weapon (id 21).
03:23:19  155 Server::doSync(): SYNC Hero (id 20).
03:23:19  155 Server::doSync(): SYNC Weapon (id 21).
03:23:19  156 Server::doSync(): SYNC Hero (id 20).
03:23:19  156 Server::doSync(): SYNC Weapon (id 21).
03:23:19  157 Server::doSync(): SYNC Hero (id 20).
03:23:19  157 Server::doSync(): SYNC Weapon (id 21).
03:23:19  158 Server::doSync(): SYNC Hero (id 20).
03:23:19  158 Server::doSync(): SYNC Weapon (id 21).
03:23:19  159 Server::doSync(): SYNC Hero (id 20).
03:23:19  159 Server::doSync(): SYNC Weapon (id 21).
03:23:19  160 Server::doSync(): SYNC Hero (id 20).
03:23:19  160 Server::doSync(): SYNC Weapon (id 21).
03:23:19  161 Server::doSync(): SYNC Hero (id 20).
03:23:19  161 Server::doSync(): SYNC Weapon (id 21).
03:23:19  162 Server::doSync(): SYNC Hero (id 20).
03:23:19  162 Server::doSync(): SYNC Weapon (id 21).
03:23:19  163 Server::doSync(): SYNC Hero (id 20).
03:23:19  163 Server::doSync(): SYNC Weapon (id 21).
03:23:19  164 Server::doSync(): SYNC Hero (id 20).
03:23:19  164 Server::doSync(): SYNC Weapon (id 21).
03:23:19  165 Server::doSync(): SYNC Hero (id 20).
03:23:19  165 Server::doSync(): SYNC Weapon (id 21).
03:23:19  166 Server::doSync(): SYNC Hero (id 20).
03:23:19  166 Server::doSync(): SYNC Weapon (id 21).
03:23:19  167 Server::doSync(): SYNC Hero (id 20).
03:23:19  167 Server::doSync(): SYNC Weapon (id 21).
03:23:19  168 Server::doSync(): SYNC Hero (id 20).
03:23:19  168 Server::doSync(): SYNC Weapon (id 21).
03:23:19  169 Server::doSync(): SYNC Hero (id 20).
03:23:19  169 Server::doSync(): SYNC Weapon (id 21).
03:23:19  170 Server::doSync(): SYNC Hero (id 20).
03:23:19  170 Server::doSync(): SYNC Weapon (id 21).
03:23:19  171 Server::doSync(): SYNC Hero (id 20).
03:23:19  171 Server::doSync(): SYNC Weapon (id 21).
03:23:19  172 Server::doSync(): SYNC Hero (id 20).
03:23:19  172 Server::doSync(): SYNC Weapon (id 21).
03:23:19  173 Server::doSync(): SYNC Hero (id 20).
03:23:19  173 Server::doSync(): SYNC Weapon (id 21).
03:23:19  174 Server::doSync(): SYNC Hero (id 20).
03:23:19  174 Server::doSync(): SYNC Weapon (id 21).
03:23:19  175 Server::doSync(): SYNC Hero (id 20).
03:23:19  175 Server::doSync(): SYNC Weapon (id 21).
03:23:19  176 Server::doSync(): SYNC Hero (id 20).
03:23:19  176 Server::doSync(): SYNC Weapon (id 21).
03:23:20  177 Server::doSync(): SYNC Hero (id 20).
03:23:20  177 Server::doSync(): SYNC Weapon (id 21).
03:23:20  178 Server::doSync(): SYNC Hero (id 20).
03:23:20  178 Server::doSync(): SYNC Weapon (id 21).
03:23:20  179 Server::doSync(): SYNC Hero (id 20).
03:23:20  179 Server::doSync(): SYNC Weapon (id 21).
03:23:20  180 Server::doSync(): SYNC Hero (id 20).
03:23:20  180 Server::doSync(): SYNC Weapon (id 21).
03:23:20  181 Server::doSync(): SYNC Hero (id 20).
03:23:20  181 Server::doSync(): SYNC Weapon (id 21).
03:23:20  182 Server::doSync(): SYNC Hero (id 20).
03:23:20  182 Server::doSync(): SYNC Weapon (id 21).
03:23:20  183 Server::doSync(): SYNC Hero (id 20).
03:23:20  183 Server::doSync(): SYNC Weapon (id 21).
03:23:20  184 Server::doSync(): SYNC Hero (id 20).
03:23:20  184 Server::doSync(): SYNC Weapon (id 21).
03:23:20  185 Server::doSync(): SYNC Hero (id 20).
03:23:20  185 Server::doSync(): SYNC Weapon (id 21).
03:23:20  186 Server::doSync(): SYNC Hero (id 20).
03:23:20  186 Server::doSync(): SYNC Weapon (id 21).
03:23:20  187 Server::doSync(): SYNC Hero (id 20).
03:23:20  187 Server::doSync(): SYNC Weapon (id 21).
03:23:20  188 Server::doSync(): SYNC Hero (id 20).
03:23:20  188 Server::doSync(): SYNC Weapon (id 21).
03:23:20  189 Server::doSync(): SYNC Hero (id 20).
03:23:20  189 Server::doSync(): SYNC Weapon (id 21).
03:23:20  190 Server::doSync(): SYNC Hero (id 20).
03:23:20  190 Server::doSync(): SYNC Weapon (id 21).
03:23:20  191 Server::doSync(): SYNC Hero (id 20).
03:23:20  191 Server::doSync(): SYNC Weapon (id 21).
03:23:20  192 Server::doSync(): SYNC Hero (id 20).
03:23:20  192 Server::doSync(): SYNC Weapon (id 21).
03:23:20  193 Server::doSync(): SYNC Hero (id 20).
03:23:20  193 Server::doSync(): SYNC Weapon (id 21).
03:23:20  194 Server::doSync(): SYNC Hero (id 20).
03:23:20  194 Server::doSync(): SYNC Weapon (id 21).
03:23:20  195 Server::doSync(): SYNC Hero (id 20).
03:23:20  195 Server::doSync(): SYNC Weapon (id 21).
03:23:20  196 Server::doSync(): SYNC Hero (id 20).
03:23:20  196 Server::doSync(): SYNC Weapon (id 21).
03:23:20  197 Server::doSync(): SYNC Hero (id 20).
03:23:20  197 Server::doSync(): SYNC Weapon (id 21).
03:23:20  198 Server::doSync(): SYNC Hero (id 20).
03:23:20  198 Server::doSync(): SYNC Weapon (id 21).
03:23:20  199 Server::doSync(): SYNC Hero (id 20).
03:23:20  199 Server::doSync(): SYNC Weapon (id 21).
03:23:20  200 Server::doSync(): SYNC Hero (id 20).
03:23:20  200 Server::doSync(): SYNC Weapon (id 21).
03:23:20  201 Server::doSync(): SYNC Hero (id 20).
03:23:20  201 Server::doSync(): SYNC Weapon (id 21).
03:23:20  202 Server::doSync(): SYNC Hero (id 20).
03:23:20  202 Server::doSync(): SYNC Weapon (id 21).
03:23:20  203 Server::doSync(): SYNC Hero (id 20).
03:23:20  203 Server::doSync(): SYNC Weapon (id 21).
03:23:20  204 Server::doSync(): SYNC Hero (id 20).
03:23:20  204 Server::doSync(): SYNC Weapon (id 21).
03:23:20  205 Server::doSync(): SYNC Hero (id 20).
03:23:20  205 Server::doSync(): SYNC Weapon (id 21).
03:23:20  206 Server::doSync(): SYNC Hero (id 20).
03:23:20  206 Server::doSync(): SYNC Weapon (id 21).
03:23:21  207 Server::doSync(): SYNC Hero (id 20).
03:23:21  207 Server::doSync(): SYNC Weapon (id 21).
03:23:21  208 Server::doSync(): SYNC Hero (id 20).
03:23:21  208 Server::doSync(): SYNC Weapon (id 21).
03:23:21  209 Server::doSync(): SYNC Hero (id 20).
03:23:21  209 Server::doSync(): SYNC Weapon (id 21).
03:23:21  210 Server::doSync(): SYNC Hero (id 20).
03:23:21  210 Server::doSync(): SYNC Weapon (id 21).
03:23:21  211 Server::doSync(): SYNC Hero (id 20).
03:23:21  211 Server::doSync(): SYNC Weapon (id 21).
03:23:21  212 Server::doSync(): SYNC Hero (id 20).
03:23:21  212 Server::doSync(): SYNC Weapon (id 21).
03:23:21  213 Server::doSync(): SYNC Hero (id 20).
03:23:21  213 Server::doSync(): SYNC Weapon (id 21).
03:23:21  214 Server::doSync(): SYNC Hero (id 20).
03:23:21  214 Server::doSync(): SYNC Weapon (id 21).
03:23:21  215 Server::doSync(): SYNC Hero (id 20).
03:23:21  215 Server::doSync(): SYNC Weapon (id 21).
03:23:21  216 Server::doSync(): SYNC Hero (id 20).
03:23:21  216 Server::doSync(): SYNC Weapon (id 21).
03:23:21  217 Server::doSync(): SYNC Hero (id 20).
03:23:21  217 Server::doSync(): SYNC Weapon (id 21).
03:23:21  218 Server::doSync(): SYNC Hero (id 20).
03:23:21  218 Server::doSync(): SYNC Weapon (id 21).
03:23:21  219 Server::doSync(): SYNC Hero (id 20).
03:23:21  219 Server::doSync(): SYNC Weapon (id 21).
03:23:21  220 Server::doSync(): SYNC Hero (id 20).
03:23:21  220 Server::doSync(): SYNC Weapon (id 21).
03:23:21  221 Server::doSync(): SYNC Hero (id 20).
03:23:21  221 Server::doSync(): SYNC Weapon (id 21).
03:23:21  222 Server::doSync(): SYNC Hero (id 20).
03:23:21  222 Server::doSync(): SYNC Weapon (id 21).
03:23:21  223 Server::doSync(): SYNC Hero (id 20).
03:23:21  223 Server::doSync(): SYNC Weapon (id 21).
03:23:21  224 Server::doSync(): SYNC Hero (id 20).
03:23:21  224 Server::doSync(): SYNC Weapon (id 21).
03:23:21  225 Server::doSync(): SYNC Hero (id 20).
03:23:21  225 Server::doSync(): SYNC Weapon (id 21).
03:23:21  226 Server::doSync(): SYNC Hero (id 20).
03:23:21  226 Server::doSync(): SYNC Weapon (id 21).
03:23:21  227 Server::doSync(): SYNC Hero (id 20).
03:23:21  227 Server::doSync(): SYNC Weapon (id 21).
03:23:21  228 Server::doSync(): SYNC Hero (id 20).
03:23:21  228 Server::doSync(): SYNC Weapon (id 21).
03:23:21  229 Server::doSync(): SYNC Hero (id 20).
03:23:21  229 Server::doSync(): SYNC Weapon (id 21).
03:23:21  230 Server::doSync(): SYNC Hero (id 20).
03:23:21  230 Server::doSync(): SYNC Weapon (id 21).
03:23:21  231 Server::doSync(): SYNC Hero (id 20).
03:23:21  231 Server::doSync(): SYNC Weapon (id 21).
03:23:21  232 Server::doSync(): SYNC Hero (id 20).
03:23:21  232 Server::doSync(): SYNC Weapon (id 21).
03:23:21  233 Server::doSync(): SYNC Hero (id 20).
03:23:21  233 Server::doSync(): SYNC Weapon (id 21).
03:23:21  234 Server::doSync(): SYNC Hero (id 20).
03:23:21  234 Server::doSync(): SYNC Weapon (id 21).
03:23:21  235 Server::doSync(): SYNC Hero (id 20).
03:23:21  235 Server::doSync(): SYNC Weapon (id 21).
03:23:21  236 Server::doSync(): SYNC Hero (id 20).
03:23:21  236 Server::doSync(): SYNC Weapon (id 21).
03:23:22  237 Server::doSync(): SYNC Hero (id 20).
03:23:22  237 Server::doSync(): SYNC Weapon (id 21).
03:23:22  238 Server::doSync(): SYNC Hero (id 20).
03:23:22  238 Server::doSync(): SYNC Weapon (id 21).
03:23:22  239 Server::doSync(): SYNC Hero (id 20).
03:23:22  239 Server::doSync(): SYNC Weapon (id 21).
03:23:22  240 Server::doSync(): SYNC Hero (id 20).
03:23:22  240 Server::doSync(): SYNC Weapon (id 21).
03:23:22  241 Server::doSync(): SYNC Hero (id 20).
03:23:22  241 Server::doSync(): SYNC Weapon (id 21).
03:23:22  242 Server::doSync(): SYNC Hero (id 20).
03:23:22  242 Server::doSync(): SYNC Weapon (id 21).
03:23:22  243 Server::doSync(): SYNC Hero (id 20).
03:23:22  243 Server::doSync(): SYNC Weapon (id 21).
03:23:22  244 Server::doSync(): SYNC Hero (id 20).
03:23:22  244 Server::doSync(): SYNC Weapon (id 21).
03:23:22  245 Server::doSync(): SYNC Hero (id 20).
03:23:22  245 Server::doSync(): SYNC Weapon (id 21).
03:23:22  246 Server::doSync(): SYNC Hero (id 20).
03:23:22  246 Server::doSync(): SYNC Weapon (id 21).
03:23:22  247 Server::doSync(): SYNC Hero (id 20).
03:23:22  247 Server::doSync(): SYNC Weapon (id 21).
03:23:22  248 Server::doSync(): SYNC Hero (id 20).
03:23:22  248 Server::doSync(): SYNC Weapon (id 21).
03:23:22  249 Server::doSync(): SYNC Hero (id 20).
03:23:22  249 Server::doSync(): SYNC Weapon (id 21).
03:23:22  250 Server::doSync(): SYNC Hero (id 20).
03:23:22  250 Server::doSync(): SYNC Weapon (id 21).
03:23:22  251 Server::doSync(): SYNC Hero (id 20).
03:23:22  251 Server::doSync(): SYNC Weapon (id 21).
03:23:22  252 Server::doSync(): SYNC Hero (id 20).
03:23:22  252 Server::doSync(): SYNC Weapon (id 21).
03:23:22  253 Server::doSync(): SYNC Hero (id 20).
03:23:22  253 Server::doSync(): SYNC Weapon (id 21).
03:23:22  254 Server::doSync(): SYNC Hero (id 20).
03:23:22  254 Server::doSync(): SYNC Weapon (id 21).
03:23:22  255 Server::doSync(): SYNC Hero (id 20).
03:23:22  255 Server::doSync(): SYNC Weapon (id 21).
03:23:22  256 Server::doSync(): SYNC Hero (id 20).
03:23:22  256 Server::doSync(): SYNC Weapon (id 21).
03:23:22  257 Server::doSync(): SYNC Hero (id 20).
03:23:22  257 Server::doSync(): SYNC Weapon (id 21).
03:23:22  258 Server::doSync(): SYNC Hero (id 20).
03:23:22  258 Server::doSync(): SYNC Weapon (id 21).
03:23:22  259 Server::doSync(): SYNC Hero (id 20).
03:23:22  259 Server::doSync(): SYNC Weapon (id 21).
03:23:22  260 Server::doSync(): SYNC Hero (id 20).
03:23:22  260 Server::doSync(): SYNC Weapon (id 21).
03:23:22  261 Server::doSync(): SYNC Hero (id 20).
03:23:22  261 Server::doSync(): SYNC Weapon (id 21).
03:23:22  262 Server::doSync(): SYNC Hero (id 20).
03:23:22  262 Server::doSync(): SYNC Weapon (id 21).
03:23:22  263 Server::doSync(): SYNC Hero (id 20).
03:23:22  263 Server::doSync(): SYNC Weapon (id 21).
03:23:22  264 Server::doSync(): SYNC Hero (id 20).
03:23:22  264 Server::doSync(): SYNC Weapon (id 21).
03:23:22  265 Server::doSync(): SYNC Hero (id 20).
03:23:22  265 Server::doSync(): SYNC Weapon (id 21).
03:23:22  266 Server::doSync(): SYNC Hero (id 20).
03:23:22  266 Server::doSync(): SYNC Weapon (id 21).
03:23:22  267 Server::doSync(): SYNC Hero (id 20).
03:23:22  267 Server::doSync(): SYNC Weapon (id 21).
03:23:23  268 Server::doSync(): SYNC Hero (id 20).
03:23:23  268 Server::doSync(): SYNC Weapon (id 21).
03:23:23  269 Server::doSync(): SYNC Hero (id 20).
03:23:23  269 Server::doSync(): SYNC Weapon (id 21).
03:23:23  270 Server::doSync(): SYNC Hero (id 20).
03:23:23  270 Server::doSync(): SYNC Weapon (id 21).
03:23:23  271 Server::doSync(): SYNC Hero (id 20).
03:23:23  271 Server::doSync(): SYNC Weapon (id 21).
03:23:23  272 Server::doSync(): SYNC Hero (id 20).
03:23:23  272 Server::doSync(): SYNC Weapon (id 21).
03:23:23  273 Server::doSync(): SYNC Hero (id 20).
03:23:23  273 Server::doSync(): SYNC Weapon (id 21).
03:23:23  274 Server::doSync(): SYNC Hero (id 20).
03:23:23  274 Server::doSync(): SYNC Weapon (id 21).
03:23:23  275 Server::doSync(): SYNC Hero (id 20).
03:23:23  275 Server::doSync(): SYNC Weapon (id 21).
03:23:23  276 Server::doSync(): SYNC Hero (id 20).
03:23:23  276 Server::doSync(): SYNC Weapon (id 21).
03:23:23  277 Server::doSync(): SYNC Hero (id 20).
03:23:23  277 Server::doSync(): SYNC Weapon (id 21).
03:23:23  278 Server::doSync(): SYNC Hero (id 20).
03:23:23  278 Server::doSync(): SYNC Weapon (id 21).
03:23:23  279 Server::doSync(): SYNC Hero (id 20).
03:23:23  279 Server::doSync(): SYNC Weapon (id 21).
03:23:23  280 Server::doSync(): SYNC Hero (id 20).
03:23:23  280 Server::doSync(): SYNC Weapon (id 21).
03:23:23  281 Server::doSync(): SYNC Hero (id 20).
03:23:23  281 Server::doSync(): SYNC Weapon (id 21).
03:23:23  282 Server::doSync(): SYNC Hero (id 20).
03:23:23  282 Server::doSync(): SYNC Weapon (id 21).
03:23:23  283 Server::doSync(): SYNC Hero (id 20).
03:23:23  283 Server::doSync(): SYNC Weapon (id 21).
03:23:23  284 Server::doSync(): SYNC Hero (id 20).
03:23:23  284 Server::doSync(): SYNC Weapon (id 21).
03:23:23  285 Server::doSync(): SYNC Hero (id 20).
03:23:23  285 Server::doSync(): SYNC Weapon (id 21).
03:23:23  286 Server::doSync(): SYNC Hero (id 20).
03:23:23  286 Server::doSync(): SYNC Weapon (id 21).
03:23:23  287 Server::doSync(): SYNC Hero (id 20).
03:23:23  287 Server::doSync(): SYNC Weapon (id 21).
03:23:23  288 Server::doSync(): SYNC Hero (id 20).
03:23:23  288 Server::doSync(): SYNC Weapon (id 21).
03:23:23  289 Server::doSync(): SYNC Hero (id 20).
03:23:23  289 Server::doSync(): SYNC Weapon (id 21).
03:23:23  290 Server::doSync(): SYNC Hero (id 20).
03:23:23  290 Server::doSync(): SYNC Weapon (id 21).
03:23:23  291 Server::doSync(): SYNC Hero (id 20).
03:23:23  291 Server::doSync(): SYNC Weapon (id 21).
03:23:23  292 Server::doSync(): SYNC Hero (id 20).
03:23:23  292 Server::doSync(): SYNC Weapon (id 21).
03:23:23  293 Server::doSync(): SYNC Hero (id 20).
03:23:23  293 Server::doSync(): SYNC Weapon (id 21).
03:23:23  294 Server::doSync(): SYNC Hero (id 20).
03:23:23  294 Server::doSync(): SYNC Weapon (id 21).
03:23:23  295 Server::doSync(): SYNC Hero (id 20).
03:23:23  295 Server::doSync(): SYNC Weapon (id 21).
03:23:23  296 Server::doSync(): SYNC Hero (id 20).
03:23:23  296 Server::doSync(): SYNC Weapon (id 21).
03:23:23  297 Server::doSync(): SYNC Hero (id 20).
03:23:23  297 Server::doSync(): SYNC Weapon (id 21).
03:23:24  298 Server::doSync(): SYNC Hero (id 20).
03:23:24  298 Server::doSync(): SYNC Weapon (id 21).
03:23:24  299 Server::doSync(): SYNC Hero (id 20).
03:23:24  299 Server::doSync(): SYNC Weapon (id 21).
03:23:24  300 Server::doSync(): SYNC Hero (id 20).
03:23:24  300 Server::doSync(): SYNC Weapon (id 21).
03:23:24  301 Server::doSync(): SYNC Hero (id 20).
03:23:24  301 Server::doSync(): SYNC Weapon (id 21).
03:23:24  302 Server::doSync(): SYNC Hero (id 20).
03:23:24  302 Server::doSync(): SYNC Weapon (id 21).
03:23:24  303 Server::doSync(): SYNC Hero (id 20).
03:23:24  303 Server::doSync(): SYNC Weapon (id 21).
03:23:24  304 Server::doSync(): SYNC Hero (id 20).
03:23:24  304 Server::doSync(): SYNC Weapon (id 21).
03:23:24  305 Server::doSync(): SYNC Hero (id 20).
03:23:24  305 Server::doSync(): SYNC Weapon (id 21).
03:23:24  306 Server::doSync(): SYNC Hero (id 20).
03:23:24  306 Server::doSync(): SYNC Weapon (id 21).
03:23:24  307 Server::doSync(): SYNC Hero (id 20).
03:23:24  307 Server::doSync(): SYNC Weapon (id 21).
03:23:24  308 Server::doSync(): SYNC Hero (id 20).
03:23:24  308 Server::doSync(): SYNC Weapon (id 21).
03:23:24  309 Server::doSync(): SYNC Hero (id 20).
03:23:24  309 Server::doSync(): SYNC Weapon (id 21).
03:23:24  310 Server::doSync(): SYNC Hero (id 20).
03:23:24  310 Server::doSync(): SYNC Weapon (id 21).
03:23:24  311 Server::doSync(): SYNC Hero (id 20).
03:23:24  311 Server::doSync(): SYNC Weapon (id 21).
03:23:24  312 Server::doSync(): SYNC Hero (id 20).
03:23:24  312 Server::doSync(): SYNC Weapon (id 21).
03:23:24  313 Server::doSync(): SYNC Hero (id 20).
03:23:24  313 Server::doSync(): SYNC Weapon (id 21).
03:23:24  314 Server::doSync(): SYNC Hero (id 20).
03:23:24  314 Server::doSync(): SYNC Weapon (id 21).
03:23:24  315 Server::doSync(): SYNC Hero (id 20).
03:23:24  315 Server::doSync(): SYNC Weapon (id 21).
03:23:24  316 Server::doSync(): SYNC Hero (id 20).
03:23:24  316 Server::doSync(): SYNC Weapon (id 21).
03:23:24  317 Server::doSync(): SYNC Hero (id 20).
03:23:24  317 Server::doSync(): SYNC Weapon (id 21).
03:23:24  318 Server::doSync(): SYNC Hero (id 20).
03:23:24  318 Server::doSync(): SYNC Weapon (id 21).
03:23:24  319 Server::doSync(): SYNC Hero (id 20).
03:23:24  319 Server::doSync(): SYNC Weapon (id 21).
03:23:24  320 Server::doSync(): SYNC Hero (id 20).
03:23:24  320 Server::doSync(): SYNC Weapon (id 21).
03:23:24  321 Server::doSync(): SYNC Hero (id 20).
03:23:24  321 Server::doSync(): SYNC Weapon (id 21).
03:23:24  322 Server::doSync(): SYNC Hero (id 20).
03:23:24  322 Server::doSync(): SYNC Weapon (id 21).
03:23:24  323 Server::doSync(): SYNC Hero (id 20).
03:23:24  323 Server::doSync(): SYNC Weapon (id 21).
03:23:24  324 Server::doSync(): SYNC Hero (id 20).
03:23:24  324 Server::doSync(): SYNC Weapon (id 21).
03:23:24  325 Server::doSync(): SYNC Hero (id 20).
03:23:24  325 Server::doSync(): SYNC Weapon (id 21).
03:23:24  326 Server::doSync(): SYNC Hero (id 20).
03:23:24  326 Server::doSync(): SYNC Weapon (id 21).
03:23:24  327 Server::doSync(): SYNC Hero (id 20).
03:23:24  327 Server::doSync(): SYNC Weapon (id 21).
03:23:25  328 Server::doSync(): SYNC Hero (id 20).
03:23:25  328 Server::doSync(): SYNC Weapon (id 21).
03:23:25  329 Server::doSync(): SYNC Hero (id 20).
03:23:25  329 Server::doSync(): SYNC Weapon (id 21).
03:23:25  330 Server::doSync(): SYNC Hero (id 20).
03:23:25  330 Server::doSync(): SYNC Weapon (id 21).
03:23:25  331 Server::doSync(): SYNC Hero (id 20).
03:23:25  331 Server::doSync(): SYNC Weapon (id 21).
03:23:25  332 Server::doSync(): SYNC Hero (id 20).
03:23:25  332 Server::doSync(): SYNC Weapon (id 21).
03:23:25  333 Server::doSync(): SYNC Hero (id 20).
03:23:25  333 Server::doSync(): SYNC Weapon (id 21).
03:23:25  334 Server::doSync(): SYNC Hero (id 20).
03:23:25  334 Server::doSync(): SYNC Weapon (id 21).
03:23:25  335 Server::doSync(): SYNC Hero (id 20).
03:23:25  335 Server::doSync(): SYNC Weapon (id 21).
03:23:25  336 Server::doSync(): SYNC Hero (id 20).
03:23:25  336 Server::doSync(): SYNC Weapon (id 21).
03:23:25  337 Server::doSync(): SYNC Hero (id 20).
03:23:25  337 Server::doSync(): SYNC Weapon (id 21).
03:23:25  338 Server::doSync(): SYNC Hero (id 20).
03:23:25  338 Server::doSync(): SYNC Weapon (id 21).
03:23:25  339 Server::doSync(): SYNC Hero (id 20).
03:23:25  339 Server::doSync(): SYNC Weapon (id 21).
03:23:25  340 Server::doSync(): SYNC Hero (id 20).
03:23:25  340 Server::doSync(): SYNC Weapon (id 21).
03:23:25  341 Server::doSync(): SYNC Hero (id 20).
03:23:25  341 Server::doSync(): SYNC Weapon (id 21).
03:23:25  342 Server::doSync(): SYNC Hero (id 20).
03:23:25  342 Server::doSync(): SYNC Weapon (id 21).
03:23:25  343 Server::doSync(): SYNC Hero (id 20).
03:23:25  343 Server::doSync(): SYNC Weapon (id 21).
03:23:25  344 Server::doSync(): SYNC Hero (id 20).
03:23:25  344 Server::doSync(): SYNC Weapon (id 21).
03:23:25  345 Server::doSync(): SYNC Hero (id 20).
03:23:25  345 Server::doSync(): SYNC Weapon (id 21).
03:23:25  346 Server::doSync(): SYNC Hero (id 20).
03:23:25  346 Server::doSync(): SYNC Weapon (id 21).
03:23:25  347 Server::doSync(): SYNC Hero (id 20).
03:23:25  347 Server::doSync(): SYNC Weapon (id 21).
03:23:25  348 Server::doSync(): SYNC Hero (id 20).
03:23:25  348 Server::doSync(): SYNC Weapon (id 21).
03:23:25  349 Server::doSync(): SYNC Hero (id 20).
03:23:25  349 Server::doSync(): SYNC Weapon (id 21).
03:23:25  350 Server::doSync(): SYNC Hero (id 20).
03:23:25  350 Server::doSync(): SYNC Weapon (id 21).
03:23:25  351 Server::doSync(): SYNC Hero (id 20).
03:23:25  351 Server::doSync(): SYNC Weapon (id 21).
03:23:25  352 Server::doSync(): SYNC Hero (id 20).
03:23:25  352 Server::doSync(): SYNC Weapon (id 21).
03:23:25  353 Server::doSync(): SYNC Hero (id 20).
03:23:25  353 Server::doSync(): SYNC Weapon (id 21).
03:23:25  354 Server::doSync(): SYNC Hero (id 20).
03:23:25  354 Server::doSync(): SYNC Weapon (id 21).
03:23:25  355 Server::doSync(): SYNC Hero (id 20).
03:23:25  355 Server::doSync(): SYNC Weapon (id 21).
03:23:25  356 Server::doSync(): SYNC Hero (id 20).
03:23:25  356 Server::doSync(): SYNC Weapon (id 21).
03:23:25  357 Server::doSync(): SYNC Hero (id 20).
03:23:25  357 Server::doSync(): SYNC Weapon (id 21).
03:23:26  358 Server::doSync(): SYNC Hero (id 20).
03:23:26  358 Server::doSync(): SYNC Weapon (id 21).
03:23:26  359 Server::doSync(): SYNC Hero (id 20).
03:23:26  359 Server::doSync(): SYNC Weapon (id 21).
03:23:26  360 Server::doSync(): SYNC Hero (id 20).
03:23:26  360 Server::doSync(): SYNC Weapon (id 21).
03:23:26  361 Server::doSync(): SYNC Hero (id 20).
03:23:26  361 Server::doSync(): SYNC Weapon (id 21).
03:23:26  362 Server::doSync(): SYNC Hero (id 20).
03:23:26  362 Server::doSync(): SYNC Weapon (id 21).
03:23:26  363 Server::doSync(): SYNC Hero (id 20).
03:23:26  363 Server::doSync(): SYNC Weapon (id 21).
03:23:26  364 Server::doSync(): SYNC Hero (id 20).
03:23:26  364 Server::doSync(): SYNC Weapon (id 21).
03:23:26  365 Server::doSync(): SYNC Hero (id 20).
03:23:26  365 Server::doSync(): SYNC Weapon (id 21).
03:23:26  366 Server::doSync(): SYNC Hero (id 20).
03:23:26  366 Server::doSync(): SYNC Weapon (id 21).
03:23:26  367 Server::doSync(): SYNC Hero (id 20).
03:23:26  367 Server::doSync(): SYNC Weapon (id 21).
03:23:26  368 Server::doSync(): SYNC Hero (id 20).
03:23:26  368 Server::doSync(): SYNC Weapon (id 21).
03:23:26  369 Server::doSync(): SYNC Hero (id 20).
03:23:26  369 Server::doSync(): SYNC Weapon (id 21).
03:23:26  370 Server::doSync(): SYNC Hero (id 20).
03:23:26  370 Server::doSync(): SYNC Weapon (id 21).
03:23:26  371 Server::doSync(): SYNC Hero (id 20).
03:23:26  371 Server::doSync(): SYNC Weapon (id 21).
03:23:26  372 Server::doSync(): SYNC Hero (id 20).
03:23:26  372 Server::doSync(): SYNC Weapon (id 21).
03:23:26  373 Server::doSync(): SYNC Hero (id 20).
03:23:26  373 Server::doSync(): SYNC Weapon (id 21).
03:23:26  374 Server::doSync(): SYNC Hero (id 20).
03:23:26  374 Server::doSync(): SYNC Weapon (id 21).
03:23:26  375 Server::doSync(): SYNC Hero (id 20).
03:23:26  375 Server::doSync(): SYNC Weapon (id 21).
03:23:26  376 Server::doSync(): SYNC Hero (id 20).
03:23:26  376 Server::doSync(): SYNC Weapon (id 21).
03:23:26  377 Server::doSync(): SYNC Hero (id 20).
03:23:26  377 Server::doSync(): SYNC Weapon (id 21).
03:23:26  378 Server::doSync(): SYNC Hero (id 20).
03:23:26  378 Server::doSync(): SYNC Weapon (id 21).
03:23:26  379 Server::doSync(): SYNC Hero (id 20).
03:23:26  379 Server::doSync(): SYNC Weapon (id 21).
03:23:26  380 Server::doSync(): SYNC Hero (id 20).
03:23:26  380 Server::doSync(): SYNC Weapon (id 21).
03:23:26  381 Server::doSync(): SYNC Hero (id 20).
03:23:26  381 Server::doSync(): SYNC Weapon (id 21).
03:23:26  382 Server::doSync(): SYNC Hero (id 20).
03:23:26  382 Server::doSync(): SYNC Weapon (id 21).
03:23:26  383 Server::doSync(): SYNC Hero (id 20).
03:23:26  383 Server::doSync(): SYNC Weapon (id 21).
03:23:26  384 Server::doSync(): SYNC Hero (id 20).
03:23:26  384 Server::doSync(): SYNC Weapon (id 21).
03:23:26  385 Server::doSync(): SYNC Hero (id 20).
03:23:26  385 Server::doSync(): SYNC Weapon (id 21).
03:23:26  386 Server::doSync(): SYNC Hero (id 20).
03:23:26  386 Server::doSync(): SYNC Weapon (id 21).
03:23:26  387 Server::doSync(): SYNC Hero (id 20).
03:23:26  387 Server::doSync(): SYNC Weapon (id 21).
03:23:26  388 Server::doSync(): SYNC Hero (id 20).
03:23:26  388 Server::doSync(): SYNC Weapon (id 21).
03:23:27  389 Server::doSync(): SYNC Hero (id 20).
03:23:27  389 Server::doSync(): SYNC Weapon (id 21).
03:23:27  390 Server::doSync(): SYNC Hero (id 20).
03:23:27  390 Server::doSync(): SYNC Weapon (id 21).
03:23:27  391 Server::doSync(): SYNC Hero (id 20).
03:23:27  391 Server::doSync(): SYNC Weapon (id 21).
03:23:27  392 Server::doSync(): SYNC Hero (id 20).
03:23:27  392 Server::doSync(): SYNC Weapon (id 21).
03:23:27  393 Server::doSync(): SYNC Hero (id 20).
03:23:27  393 Server::doSync(): SYNC Weapon (id 21).
03:23:27  394 Server::doSync(): SYNC Hero (id 20).
03:23:27  394 Server::doSync(): SYNC Weapon (id 21).
03:23:27  395 Server::doSync(): SYNC Hero (id 20).
03:23:27  395 Server::doSync(): SYNC Weapon (id 21).
03:23:27  396 Server::doSync(): SYNC Hero (id 20).
03:23:27  396 Server::doSync(): SYNC Weapon (id 21).
03:23:27  397 Server::doSync(): SYNC Hero (id 20).
03:23:27  397 Server::doSync(): SYNC Weapon (id 21).
03:23:27  398 Server::doSync(): SYNC Hero (id 20).
03:23:27  398 Server::doSync(): SYNC Weapon (id 21).
03:23:27  399 Server::doSync(): SYNC Hero (id 20).
03:23:27  399 Server::doSync(): SYNC Weapon (id 21).
03:23:27  400 Server::doSync(): SYNC Hero (id 20).
03:23:27  400 Server::doSync(): SYNC Weapon (id 21).
03:23:27  401 Server::doSync(): SYNC Hero (id 20).
03:23:27  401 Server::doSync(): SYNC Weapon (id 21).
03:23:27  402 Server::doSync(): SYNC Hero (id 20).
03:23:27  402 Server::doSync(): SYNC Weapon (id 21).
03:23:27  403 Server::doSync(): SYNC Hero (id 20).
03:23:27  403 Server::doSync(): SYNC Weapon (id 21).
03:23:27  404 Server::doSync(): SYNC Hero (id 20).
03:23:27  404 Server::doSync(): SYNC Weapon (id 21).
03:23:27  405 Server::doSync(): SYNC Hero (id 20).
03:23:27  405 Server::doSync(): SYNC Weapon (id 21).
03:23:27  406 Server::doSync(): SYNC Hero (id 20).
03:23:27  406 Server::doSync(): SYNC Weapon (id 21).
03:23:27  407 Server::doSync(): SYNC Hero (id 20).
03:23:27  407 Server::doSync(): SYNC Weapon (id 21).
03:23:27  408 Server::doSync(): SYNC Hero (id 20).
03:23:27  408 Server::doSync(): SYNC Weapon (id 21).
03:23:27  409 Server::doSync(): SYNC Hero (id 20).
03:23:27  409 Server::doSync(): SYNC Weapon (id 21).
03:23:27  410 Server::doSync(): SYNC Hero (id 20).
03:23:27  410 Server::doSync(): SYNC Weapon (id 21).
03:23:27  411 Server::doSync(): SYNC Hero (id 20).
03:23:27  411 Server::doSync(): SYNC Weapon (id 21).
03:23:27  412 Server::doSync(): SYNC Hero (id 20).
03:23:27  412 Server::doSync(): SYNC Weapon (id 21).
03:23:27  413 Server::doSync(): SYNC Hero (id 20).
03:23:27  413 Server::doSync(): SYNC Weapon (id 21).
03:23:27  414 Server::doSync(): SYNC Hero (id 20).
03:23:27  414 Server::doSync(): SYNC Weapon (id 21).
03:23:27  415 Server::doSync(): SYNC Hero (id 20).
03:23:27  415 Server::doSync(): SYNC Weapon (id 21).
03:23:27  416 Server::doSync(): SYNC Hero (id 20).
03:23:27  416 Server::doSync(): SYNC Weapon (id 21).
03:23:27  417 Server::doSync(): SYNC Hero (id 20).
03:23:27  417 Server::doSync(): SYNC Weapon (id 21).
03:23:27  418 Server::doSync(): SYNC Hero (id 20).
03:23:27  418 Server::doSync(): SYNC Weapon (id 21).
03:23:28  419 Server::doSync(): SYNC Hero (id 20).
03:23:28  419 Server::doSync(): SYNC Weapon (id 21).
03:23:28  420 Server::doSync(): SYNC Hero (id 20).
03:23:28  420 Server::doSync(): SYNC Weapon (id 21).
03:23:28  421 Server::doSync(): SYNC Hero (id 20).
03:23:28  421 Server::doSync(): SYNC Weapon (id 21).
03:23:28  422 Server::doSync(): SYNC Hero (id 20).
03:23:28  422 Server::doSync(): SYNC Weapon (id 21).
03:23:28  423 Server::doSync(): SYNC Hero (id 20).
03:23:28  423 Server::doSync(): SYNC Weapon (id 21).
03:23:28  424 Server::doSync(): SYNC Hero (id 20).
03:23:28  424 Server::doSync(): SYNC Weapon (id 21).
03:23:28  425 Server::doSync(): SYNC Hero (id 20).
03:23:28  425 Server::doSync(): SYNC Weapon (id 21).
03:23:28  426 Server::doSync(): SYNC Hero (id 20).
03:23:28  426 Server::doSync(): SYNC Weapon (id 21).
03:23:28  427 Server::doSync(): SYNC Hero (id 20).
03:23:28  427 Server::doSync(): SYNC Weapon (id 21).
03:23:28  428 Server::doSync(): SYNC Hero (id 20).
03:23:28  428 Server::doSync(): SYNC Weapon (id 21).
03:23:28  429 Server::doSync(): SYNC Hero (id 20).
03:23:28  429 Server::doSync(): SYNC Weapon (id 21).
03:23:28  430 Server::doSync(): SYNC Hero (id 20).
03:23:28  430 Server::doSync(): SYNC Weapon (id 21).
03:23:28  431 Server::doSync(): SYNC Hero (id 20).
03:23:28  431 Server::doSync(): SYNC Weapon (id 21).
03:23:28  432 Server::doSync(): SYNC Hero (id 20).
03:23:28  432 Server::doSync(): SYNC Weapon (id 21).
03:23:28  433 Server::doSync(): SYNC Hero (id 20).
03:23:28  433 Server::doSync(): SYNC Weapon (id 21).
03:23:28  434 Server::doSync(): SYNC Hero (id 20).
03:23:28  434 Server::doSync(): SYNC Weapon (id 21).
03:23:28  435 Server::doSync(): SYNC Hero (id 20).
03:23:28  435 Server::doSync(): SYNC Weapon (id 21).
03:23:28  436 Server::doSync(): SYNC Hero (id 20).
03:23:28  436 Server::doSync(): SYNC Weapon (id 21).
03:23:28  437 Server::doSync(): SYNC Hero (id 20).
03:23:28  437 Server::doSync(): SYNC Weapon (id 21).
03:23:28  438 Server::doSync(): SYNC Hero (id 20).
03:23:28  438 Server::doSync(): SYNC Weapon (id 21).
03:23:28  439 Server::doSync(): SYNC Hero (id 20).
03:23:28  439 Server::doSync(): SYNC Weapon (id 21).
03:23:28  440 Server::doSync(): SYNC Hero (id 20).
03:23:28  440 Server::doSync(): SYNC Weapon (id 21).
03:23:28  441 Server::doSync(): SYNC Hero (id 20).
03:23:28  441 Server::doSync(): SYNC Weapon (id 21).
03:23:28  442 Server::doSync(): SYNC Hero (id 20).
03:23:28  442 Server::doSync(): SYNC Weapon (id 21).
03:23:28  443 Server::doSync(): SYNC Hero (id 20).
03:23:28  443 Server::doSync(): SYNC Weapon (id 21).
03:23:28  444 Server::doSync(): SYNC Hero (id 20).
03:23:28  444 Server::doSync(): SYNC Weapon (id 21).
03:23:28  445 Server::doSync(): SYNC Hero (id 20).
03:23:28  445 Server::doSync(): SYNC Weapon (id 21).
03:23:28  446 Server::doSync(): SYNC Hero (id 20).
03:23:28  446 Server::doSync(): SYNC Weapon (id 21).
03:23:28  447 Server::doSync(): SYNC Hero (id 20).
03:23:28  447 Server::doSync(): SYNC Weapon (id 21).
03:23:28  448 Server::doSync(): SYNC Hero (id 20).
03:23:28  448 Server::doSync(): SYNC Weapon (id 21).
03:23:29  449 Server::doSync(): SYNC Hero (id 20).
03:23:29  449 Server::doSync(): SYNC Weapon (id 21).
03:23:29  450 Server::doSync(): SYNC Hero (id 20).
03:23:29  450 Server::doSync(): SYNC Weapon (id 21).
03:23:29  451 Server::doSync(): SYNC Hero (id 20).
03:23:29  451 Server::doSync(): SYNC Weapon (id 21).
03:23:29  452 Server::doSync(): SYNC Hero (id 20).
03:23:29  452 Server::doSync(): SYNC Weapon (id 21).
03:23:29  453 Server::doSync(): SYNC Hero (id 20).
03:23:29  453 Server::doSync(): SYNC Weapon (id 21).
03:23:29  454 Server::doSync(): SYNC Hero (id 20).
03:23:29  454 Server::doSync(): SYNC Weapon (id 21).
03:23:29  455 Server::doSync(): SYNC Hero (id 20).
03:23:29  455 Server::doSync(): SYNC Weapon (id 21).
03:23:29  456 Server::doSync(): SYNC Hero (id 20).
03:23:29  456 Server::doSync(): SYNC Weapon (id 21).
03:23:29  457 Server::doSync(): SYNC Hero (id 20).
03:23:29  457 Server::doSync(): SYNC Weapon (id 21).
03:23:29  458 Server::doSync(): SYNC Hero (id 20).
03:23:29  458 Server::doSync(): SYNC Weapon (id 21).
03:23:29  459 Server::doSync(): SYNC Hero (id 20).
03:23:29  459 Server::doSync(): SYNC Weapon (id 21).
03:23:29  460 Server::doSync(): SYNC Hero (id 20).
03:23:29  460 Server::doSync(): SYNC Weapon (id 21).
03:23:29  461 Server::doSync(): SYNC Hero (id 20).
03:23:29  461 Server::doSync(): SYNC Weapon (id 21).
03:23:29  462 Server::doSync(): SYNC Hero (id 20).
03:23:29  462 Server::doSync(): SYNC Weapon (id 21).
03:23:29  463 Server::doSync(): SYNC Hero (id 20).
03:23:29  463 Server::doSync(): SYNC Weapon (id 21).
03:23:29  464 Server::doSync(): SYNC Hero (id 20).
03:23:29  464 Server::doSync(): SYNC Weapon (id 21).
03:23:29  465 Server::doSync(): SYNC Hero (id 20).
03:23:29  465 Server::doSync(): SYNC Weapon (id 21).
03:23:29  466 Server::doSync(): SYNC Hero (id 20).
03:23:29  466 Server::doSync(): SYNC Weapon (id 21).
03:23:29  467 Server::doSync(): SYNC Hero (id 20).
03:23:29  467 Server::doSync(): SYNC Weapon (id 21).
03:23:29  468 Server::doSync(): SYNC Hero (id 20).
03:23:29  468 Server::doSync(): SYNC Weapon (id 21).
03:23:29  469 Server::doSync(): SYNC Hero (id 20).
03:23:29  469 Server::doSync(): SYNC Weapon (id 21).
03:23:29  470 Server::doSync(): SYNC Hero (id 20).
03:23:29  470 Server::doSync(): SYNC Weapon (id 21).
03:23:29  471 Server::doSync(): SYNC Hero (id 20).
03:23:29  471 Server::doSync(): SYNC Weapon (id 21).
03:23:29  472 Server::doSync(): SYNC Hero (id 20).
03:23:29  472 Server::doSync(): SYNC Weapon (id 21).
03:23:29  473 Server::doSync(): SYNC Hero (id 20).
03:23:29  473 Server::doSync(): SYNC Weapon (id 21).
03:23:29  474 Server::doSync(): SYNC Hero (id 20).
03:23:29  474 Server::doSync(): SYNC Weapon (id 21).
03:23:29  475 Server::doSync(): SYNC Hero (id 20).
03:23:29  475 Server::doSync(): SYNC Weapon (id 21).
03:23:29  476 Server::doSync(): SYNC Hero (id 20).
03:23:29  476 Server::doSync(): SYNC Weapon (id 21).
03:23:29  477 Server::doSync(): SYNC Hero (id 20).
03:23:29  477 Server::doSync(): SYNC Weapon (id 21).
03:23:29  478 Server::doSync(): SYNC Hero (id 20).
03:23:29  478 Server::doSync(): SYNC Weapon (id 21).
03:23:29  479 Server::doSync(): SYNC Hero (id 20).
03:23:29  479 Server::doSync(): SYNC Weapon (id 21).
03:23:30  480 Server::doSync(): SYNC Hero (id 20).
03:23:30  480 Server::doSync(): SYNC Weapon (id 21).
03:23:30  481 Server::doSync(): SYNC Hero (id 20).
03:23:30  481 Server::doSync(): SYNC Weapon (id 21).
03:23:30  482 Server::doSync(): SYNC Hero (id 20).
03:23:30  482 Server::doSync(): SYNC Weapon (id 21).
03:23:30  483 Server::doSync(): SYNC Hero (id 20).
03:23:30  483 Server::doSync(): SYNC Weapon (id 21).
03:23:30  484 Server::doSync(): SYNC Hero (id 20).
03:23:30  484 Server::doSync(): SYNC Weapon (id 21).
03:23:30  485 Server::doSync(): SYNC Hero (id 20).
03:23:30  485 Server::doSync(): SYNC Weapon (id 21).
03:23:30  486 Server::doSync(): SYNC Hero (id 20).
03:23:30  486 Server::doSync(): SYNC Weapon (id 21).
03:23:30  487 Server::doSync(): SYNC Hero (id 20).
03:23:30  487 Server::doSync(): SYNC Weapon (id 21).
03:23:30  488 Server::doSync(): SYNC Hero (id 20).
03:23:30  488 Server::doSync(): SYNC Weapon (id 21).
03:23:30  489 Server::doSync(): SYNC Hero (id 20).
03:23:30  489 Server::doSync(): SYNC Weapon (id 21).
03:23:30  490 Server::doSync(): SYNC Hero (id 20).
03:23:30  490 Server::doSync(): SYNC Weapon (id 21).
03:23:30  491 Server::doSync(): SYNC Hero (id 20).
03:23:30  491 Server::doSync(): SYNC Weapon (id 21).
03:23:30  492 Server::doSync(): SYNC Hero (id 20).
03:23:30  492 Server::doSync(): SYNC Weapon (id 21).
03:23:30  493 Server::doSync(): SYNC Hero (id 20).
03:23:30  493 Server::doSync(): SYNC Weapon (id 21).
03:23:30  494 Server::doSync(): SYNC Hero (id 20).
03:23:30  494 Server::doSync(): SYNC Weapon (id 21).
03:23:30  495 Server::doSync(): SYNC Hero (id 20).
03:23:30  495 Server::doSync(): SYNC Weapon (id 21).
03:23:30  496 Server::doSync(): SYNC Hero (id 20).
03:23:30  496 Server::doSync(): SYNC Weapon (id 21).
03:23:30  497 Server::doSync(): SYNC Hero (id 20).
03:23:30  497 Server::doSync(): SYNC Weapon (id 21).
03:23:30  498 Server::doSync(): SYNC Hero (id 20).
03:23:30  498 Server::doSync(): SYNC Weapon (id 21).
03:23:30  499 Server::doSync(): SYNC Hero (id 20).
03:23:30  499 Server::doSync(): SYNC Weapon (id 21).
03:23:30  500 Server::doSync(): SYNC Hero (id 20).
03:23:30  500 Server::doSync(): SYNC Weapon (id 21).
03:23:30  501 Server::doSync(): SYNC Hero (id 20).
03:23:30  501 Server::doSync(): SYNC Weapon (id 21).
03:23:30  502 Server::doSync(): SYNC Hero (id 20).
03:23:30  502 Server::doSync(): SYNC Weapon (id 21).
03:23:30  503 Server::doSync(): SYNC Hero (id 20).
03:23:30  503 Server::doSync(): SYNC Weapon (id 21).
03:23:30  504 Server::doSync(): SYNC Hero (id 20).
03:23:30  504 Server::doSync(): SYNC Weapon (id 21).
03:23:30  505 Server::doSync(): SYNC Hero (id 20).
03:23:30  505 Server::doSync(): SYNC Weapon (id 21).
03:23:30  506 Server::doSync(): SYNC Hero (id 20).
03:23:30  506 Server::doSync(): SYNC Weapon (id 21).
03:23:30  507 Server::doSync(): SYNC Hero (id 20).
03:23:30  507 Server::doSync(): SYNC Weapon (id 21).
03:23:30  508 Server::doSync(): SYNC Hero (id 20).
03:23:30  508 Server::doSync(): SYNC Weapon (id 21).
03:23:30  509 Server::doSync(): SYNC Hero (id 20).
03:23:30  509 Server::doSync(): SYNC Weapon (id 21).
03:23:31  510 Server::doSync(): SYNC Hero (id 20).
03:23:31  510 Server::doSync(): SYNC Weapon (id 21).
03:23:31  511 Server::doSync(): SYNC Hero (id 20).
03:23:31  511 Server::doSync(): SYNC Weapon (id 21).
03:23:31  512 Server::doSync(): SYNC Hero (id 20).
03:23:31  512 Server::doSync(): SYNC Weapon (id 21).
03:23:31  513 Server::doSync(): SYNC Hero (id 20).
03:23:31  513 Server::doSync(): SYNC Weapon (id 21).
03:23:31  514 Server::doSync(): SYNC Hero (id 20).
03:23:31  514 Server::doSync(): SYNC Weapon (id 21).
03:23:31  515 Server::doSync(): SYNC Hero (id 20).
03:23:31  515 Server::doSync(): SYNC Weapon (id 21).
03:23:31  516 Server::doSync(): SYNC Hero (id 20).
03:23:31  516 Server::doSync(): SYNC Weapon (id 21).
03:23:31  517 Server::doSync(): SYNC Hero (id 20).
03:23:31  517 Server::doSync(): SYNC Weapon (id 21).
03:23:31  518 Server::doSync(): SYNC Hero (id 20).
03:23:31  518 Server::doSync(): SYNC Weapon (id 21).
03:23:31  519 Server::doSync(): SYNC Hero (id 20).
03:23:31  519 Server::doSync(): SYNC Weapon (id 21).
03:23:31  520 Server::doSync(): SYNC Hero (id 20).
03:23:31  520 Server::doSync(): SYNC Weapon (id 21).
03:23:31  521 Server::doSync(): SYNC Hero (id 20).
03:23:31  521 Server::doSync(): SYNC Weapon (id 21).
03:23:31  522 Server::doSync(): SYNC Hero (id 20).
03:23:31  522 Server::doSync(): SYNC Weapon (id 21).
03:23:31  523 Server::doSync(): SYNC Hero (id 20).
03:23:31  523 Server::doSync(): SYNC Weapon (id 21).
03:23:31  524 Server::doSync(): SYNC Hero (id 20).
03:23:31  524 Server::doSync(): SYNC Weapon (id 21).
03:23:31  525 Server::doSync(): SYNC Hero (id 20).
03:23:31  525 Server::doSync(): SYNC Weapon (id 21).
03:23:31  526 Server::doSync(): SYNC Hero (id 20).
03:23:31  526 Server::doSync(): SYNC Weapon (id 21).
03:23:31  527 Server::doSync(): SYNC Hero (id 20).
03:23:31  527 Server::doSync(): SYNC Weapon (id 21).
03:23:31  528 Server::doSync(): SYNC Hero (id 20).
03:23:31  528 Server::doSync(): SYNC Weapon (id 21).
03:23:31  529 Server::doSync(): SYNC Hero (id 20).
03:23:31  529 Server::doSync(): SYNC Weapon (id 21).
03:23:31  530 Server::doSync(): SYNC Hero (id 20).
03:23:31  530 Server::doSync(): SYNC Weapon (id 21).
03:23:31  531 Server::doSync(): SYNC Hero (id 20).
03:23:31  531 Server::doSync(): SYNC Weapon (id 21).
03:23:31  532 Server::doSync(): SYNC Hero (id 20).
03:23:31  532 Server::doSync(): SYNC Weapon (id 21).
03:23:31  533 Server::doSync(): SYNC Hero (id 20).
03:23:31  533 Server::doSync(): SYNC Weapon (id 21).
03:23:31  534 Server::doSync(): SYNC Hero (id 20).
03:23:31  534 Server::doSync(): SYNC Weapon (id 21).
03:23:31  535 Server::doSync(): SYNC Hero (id 20).
03:23:31  535 Server::doSync(): SYNC Weapon (id 21).
03:23:31  536 Server::doSync(): SYNC Hero (id 20).
03:23:31  536 Server::doSync(): SYNC Weapon (id 21).
03:23:31  537 Server::doSync(): SYNC Hero (id 20).
03:23:31  537 Server::doSync(): SYNC Weapon (id 21).
03:23:31  538 Server::doSync(): SYNC Hero (id 20).
03:23:31  538 Server::doSync(): SYNC Weapon (id 21).
03:23:31  539 Server::doSync(): SYNC Hero (id 20).
03:23:31  539 Server::doSync(): SYNC Weapon (id 21).
03:23:32  540 Server::doSync(): SYNC Hero (id 20).
03:23:32  540 Server::doSync(): SYNC Weapon (id 21).
03:23:32  541 Server::doSync(): SYNC Hero (id 20).
03:23:32  541 Server::doSync(): SYNC Weapon (id 21).
03:23:32  542 Server::doSync(): SYNC Hero (id 20).
03:23:32  542 Server::doSync(): SYNC Weapon (id 21).
03:23:32  543 Server::doSync(): SYNC Hero (id 20).
03:23:32  543 Server::doSync(): SYNC Weapon (id 21).
03:23:32  544 Server::doSync(): SYNC Hero (id 20).
03:23:32  544 Server::doSync(): SYNC Weapon (id 21).
03:23:32  545 Server::doSync(): SYNC Hero (id 20).
03:23:32  545 Server::doSync(): SYNC Weapon (id 21).
03:23:32  546 Server::doSync(): SYNC Hero (id 20).
03:23:32  546 Server::doSync(): SYNC Weapon (id 21).
03:23:32  547 Server::doSync(): SYNC Hero (id 20).
03:23:32  547 Server::doSync(): SYNC Weapon (id 21).
03:23:32  548 Server::doSync(): SYNC Hero (id 20).
03:23:32  548 Server::doSync(): SYNC Weapon (id 21).
03:23:32  549 Server::doSync(): SYNC Hero (id 20).
03:23:32  549 Server::doSync(): SYNC Weapon (id 21).
03:23:32  550 Server::doSync(): SYNC Hero (id 20).
03:23:32  550 Server::doSync(): SYNC Weapon (id 21).
03:23:32  551 Server::doSync(): SYNC Hero (id 20).
03:23:32  551 Server::doSync(): SYNC Weapon (id 21).
03:23:32  552 Server::doSync(): SYNC Hero (id 20).
03:23:32  552 Server::doSync(): SYNC Weapon (id 21).
03:23:32  553 Server::doSync(): SYNC Hero (id 20).
03:23:32  553 Server::doSync(): SYNC Weapon (id 21).
03:23:32  554 Server::doSync(): SYNC Hero (id 20).
03:23:32  554 Server::doSync(): SYNC Weapon (id 21).
03:23:32  555 Server::doSync(): SYNC Hero (id 20).
03:23:32  555 Server::doSync(): SYNC Weapon (id 21).
03:23:32  556 Server::doSync(): SYNC Hero (id 20).
03:23:32  556 Server::doSync(): SYNC Weapon (id 21).
03:23:32  557 Server::doSync(): SYNC Hero (id 20).
03:23:32  557 Server::doSync(): SYNC Weapon (id 21).
03:23:32  558 Server::doSync(): SYNC Hero (id 20).
03:23:32  558 Server::doSync(): SYNC Weapon (id 21).
03:23:32  559 Server::doSync(): SYNC Hero (id 20).
03:23:32  559 Server::doSync(): SYNC Weapon (id 21).
03:23:32  560 Server::doSync(): SYNC Hero (id 20).
03:23:32  560 Server::doSync(): SYNC Weapon (id 21).
03:23:32  561 Server::doSync(): SYNC Hero (id 20).
03:23:32  561 Server::doSync(): SYNC Weapon (id 21).
03:23:32  562 Server::doSync(): SYNC Hero (id 20).
03:23:32  562 Server::doSync(): SYNC Weapon (id 21).
03:23:32  563 Server::doSync(): SYNC Hero (id 20).
03:23:32  563 Server::doSync(): SYNC Weapon (id 21).
03:23:32  564 Server::doSync(): SYNC Hero (id 20).
03:23:32  564 Server::doSync(): SYNC Weapon (id 21).
03:23:32  565 Server::doSync(): SYNC Hero (id 20).
03:23:32  565 Server::doSync(): SYNC Weapon (id 21).
03:23:32  566 Server::doSync(): SYNC Hero (id 20).
03:23:32  566 Server::doSync(): SYNC Weapon (id 21).
03:23:32  567 Server::doSync(): SYNC Hero (id 20).
03:23:32  567 Server::doSync(): SYNC Weapon (id 21).
03:23:32  568 Server::doSync(): SYNC Hero (id 20).
03:23:32  568 Server::doSync(): SYNC Weapon (id 21).
03:23:32  569 Server::doSync(): SYNC Hero (id 20).
03:23:32  569 Server::doSync(): SYNC Weapon (id 21).
03:23:32  570 Server::doSync(): SYNC Hero (id 20).
03:23:32  570 Server::doSync(): SYNC Weapon (id 21).
03:23:33  571 Server::doSync(): SYNC Hero (id 20).
03:23:33  571 Server::doSync(): SYNC Weapon (id 21).
03:23:33  572 Server::doSync(): SYNC Hero (id 20).
03:23:33  572 Server::doSync(): SYNC Weapon (id 21).
03:23:33  573 Server::doSync(): SYNC Hero (id 20).
03:23:33  573 Server::doSync(): SYNC Weapon (id 21).
03:23:33  574 Server::doSync(): SYNC Hero (id 20).
03:23:33  574 Server::doSync(): SYNC Weapon (id 21).
03:23:33  575 Server::doSync(): SYNC Hero (id 20).
03:23:33  575 Server::doSync(): SYNC Weapon (id 21).
03:23:33  576 Server::doSync(): SYNC Hero (id 20).
03:23:33  576 Server::doSync(): SYNC Weapon (id 21).
03:23:33  577 Server::doSync(): SYNC Hero (id 20).
03:23:33  577 Server::doSync(): SYNC Weapon (id 21).
03:23:33  578 Server::doSync(): SYNC Hero (id 20).
03:23:33  578 Server::doSync(): SYNC Weapon (id 21).
03:23:33  579 Server::doSync(): SYNC Hero (id 20).
03:23:33  579 Server::doSync(): SYNC Weapon (id 21).
03:23:33  580 Server::doSync(): SYNC Hero (id 20).
03:23:33  580 Server::doSync(): SYNC Weapon (id 21).
03:23:33  581 Server::doSync(): SYNC Hero (id 20).
03:23:33  581 Server::doSync(): SYNC Weapon (id 21).
03:23:33  582 Server::doSync(): SYNC Hero (id 20).
03:23:33  582 Server::doSync(): SYNC Weapon (id 21).
03:23:33  583 Server::doSync(): SYNC Hero (id 20).
03:23:33  583 Server::doSync(): SYNC Weapon (id 21).
03:23:33  584 Server::doSync(): SYNC Hero (id 20).
03:23:33  584 Server::doSync(): SYNC Weapon (id 21).
03:23:33  585 Server::doSync(): SYNC Hero (id 20).
03:23:33  585 Server::doSync(): SYNC Weapon (id 21).
03:23:33  586 Server::doSync(): SYNC Hero (id 20).
03:23:33  586 Server::doSync(): SYNC Weapon (id 21).
03:23:33  587 Server::doSync(): SYNC Hero (id 20).
03:23:33  587 Server::doSync(): SYNC Weapon (id 21).
03:23:33  588 Server::doSync(): SYNC Hero (id 20).
03:23:33  588 Server::doSync(): SYNC Weapon (id 21).
03:23:33  589 Server::doSync(): SYNC Hero (id 20).
03:23:33  589 Server::doSync(): SYNC Weapon (id 21).
03:23:33  590 Server::doSync(): SYNC Hero (id 20).
03:23:33  590 Server::doSync(): SYNC Weapon (id 21).
03:23:33  591 Server::doSync(): SYNC Hero (id 20).
03:23:33  591 Server::doSync(): SYNC Weapon (id 21).
03:23:33  592 Server::doSync(): SYNC Hero (id 20).
03:23:33  592 Server::doSync(): SYNC Weapon (id 21).
03:23:33  593 Server::doSync(): SYNC Hero (id 20).
03:23:33  593 Server::doSync(): SYNC Weapon (id 21).
03:23:33  594 Server::doSync(): SYNC Hero (id 20).
03:23:33  594 Server::doSync(): SYNC Weapon (id 21).
03:23:33  595 Server::doSync(): SYNC Hero (id 20).
03:23:33  595 Server::doSync(): SYNC Weapon (id 21).
03:23:33  596 Server::doSync(): SYNC Hero (id 20).
03:23:33  596 Server::doSync(): SYNC Weapon (id 21).
03:23:33  597 Server::doSync(): SYNC Hero (id 20).
03:23:33  597 Server::doSync(): SYNC Weapon (id 21).
03:23:33  598 Server::doSync(): SYNC Hero (id 20).
03:23:33  598 Server::doSync(): SYNC Weapon (id 21).
03:23:33  599 Server::doSync(): SYNC Hero (id 20).
03:23:33  599 Server::doSync(): SYNC Weapon (id 21).
03:23:33  600 Server::doSync(): SYNC Hero (id 20).
03:23:33  600 Server::doSync(): SYNC Weapon (id 21).
03:23:34  601 Server::doSync(): SYNC Hero (id 20).
03:23:34  601 Server::doSync(): SYNC Weapon (id 21).
03:23:34  602 Server::doSync(): SYNC Hero (id 20).
03:23:34  602 Server::doSync(): SYNC Weapon (id 21).
03:23:34  603 Server::doSync(): SYNC Hero (id 20).
03:23:34  603 Server::doSync(): SYNC Weapon (id 21).
03:23:34  604 Server::doSync(): SYNC Hero (id 20).
03:23:34  604 Server::doSync(): SYNC Weapon (id 21).
03:23:34  605 Server::doSync(): SYNC Hero (id 20).
03:23:34  605 Server::doSync(): SYNC Weapon (id 21).
03:23:34  606 Server::doSync(): SYNC Hero (id 20).
03:23:34  606 Server::doSync(): SYNC Weapon (id 21).
03:23:34  607 Server::doSync(): SYNC Hero (id 20).
03:23:34  607 Server::doSync(): SYNC Weapon (id 21).
03:23:34  608 Server::doSync(): SYNC Hero (id 20).
03:23:34  608 Server::doSync(): SYNC Weapon (id 21).
03:23:34  609 Server::doSync(): SYNC Hero (id 20).
03:23:34  609 Server::doSync(): SYNC Weapon (id 21).
03:23:34  610 Server::doSync(): SYNC Hero (id 20).
03:23:34  610 Server::doSync(): SYNC Weapon (id 21).
03:23:34  611 Server::doSync(): SYNC Hero (id 20).
03:23:34  611 Server::doSync(): SYNC Weapon (id 21).
03:23:34  612 Server::doSync(): SYNC Hero (id 20).
03:23:34  612 Server::doSync(): SYNC Weapon (id 21).
03:23:34  613 Server::doSync(): SYNC Hero (id 20).
03:23:34  613 Server::doSync(): SYNC Weapon (id 21).
03:23:34  614 Server::doSync(): SYNC Hero (id 20).
03:23:34  614 Server::doSync(): SYNC Weapon (id 21).
03:23:34  615 Server::doSync(): SYNC Hero (id 20).
03:23:34  615 Server::doSync(): SYNC Weapon (id 21).
03:23:34  616 Server::doSync(): SYNC Hero (id 20).
03:23:34  616 Server::doSync(): SYNC Weapon (id 21).
03:23:34  617 Server::doSync(): SYNC Hero (id 20).
03:23:34  617 Server::doSync(): SYNC Weapon (id 21).
03:23:34  618 Server::doSync(): SYNC Hero (id 20).
03:23:34  618 Server::doSync(): SYNC Weapon (id 21).
03:23:34  619 Server::doSync(): SYNC Hero (id 20).
03:23:34  619 Server::doSync(): SYNC Weapon (id 21).
03:23:34  620 Server::doSync(): SYNC Hero (id 20).
03:23:34  620 Server::doSync(): SYNC Weapon (id 21).
03:23:34  621 Server::doSync(): SYNC Hero (id 20).
03:23:34  621 Server::doSync(): SYNC Weapon (id 21).
03:23:34  622 Server::doSync(): SYNC Hero (id 20).
03:23:34  622 Server::doSync(): SYNC Weapon (id 21).
03:23:34  623 Server::doSync(): SYNC Hero (id 20).
03:23:34  623 Server::doSync(): SYNC Weapon (id 21).
03:23:34  624 Server::doSync(): SYNC Hero (id 20).
03:23:34  624 Server::doSync(): SYNC Weapon (id 21).
03:23:34  625 Server::doSync(): SYNC Hero (id 20).
03:23:34  625 Server::doSync(): SYNC Weapon (id 21).
03:23:34  626 Server::doSync(): SYNC Hero (id 20).
03:23:34  626 Server::doSync(): SYNC Weapon (id 21).
03:23:34  627 Server::doSync(): SYNC Hero (id 20).
03:23:34  627 Server::doSync(): SYNC Weapon (id 21).
03:23:34  628 Server::doSync(): SYNC Hero (id 20).
03:23:34  628 Server::doSync(): SYNC Weapon (id 21).
03:23:34  629 Server::doSync(): SYNC Hero (id 20).
03:23:34  629 Server::doSync(): SYNC Weapon (id 21).
03:23:34  630 Server::doSync(): SYNC Hero (id 20).
03:23:34  630 Server::doSync(): SYNC Weapon (id 21).
03:23:35  631 Server::doSync(): SYNC Hero (id 20).
03:23:35  631 Server::doSync(): SYNC Weapon (id 21).
03:23:35  632 Server::doSync(): SYNC Hero (id 20).
03:23:35  632 Server::doSync(): SYNC Weapon (id 21).
03:23:35  633 Server::doSync(): SYNC Hero (id 20).
03:23:35  633 Server::doSync(): SYNC Weapon (id 21).
03:23:35  634 Server::doSync(): SYNC Hero (id 20).
03:23:35  634 Server::doSync(): SYNC Weapon (id 21).
03:23:35  635 Server::doSync(): SYNC Hero (id 20).
03:23:35  635 Server::doSync(): SYNC Weapon (id 21).
03:23:35  636 Server::doSync(): SYNC Hero (id 20).
03:23:35  636 Server::doSync(): SYNC Weapon (id 21).
03:23:35  637 Server::doSync(): SYNC Hero (id 20).
03:23:35  637 Server::doSync(): SYNC Weapon (id 21).
03:23:35  638 Server::doSync(): SYNC Hero (id 20).
03:23:35  638 Server::doSync(): SYNC Weapon (id 21).
03:23:35  639 Server::doSync(): SYNC Hero (id 20).
03:23:35  639 Server::doSync(): SYNC Weapon (id 21).
03:23:35  640 Server::doSync(): SYNC Hero (id 20).
03:23:35  640 Server::doSync(): SYNC Weapon (id 21).
03:23:35  641 Server::doSync(): SYNC Hero (id 20).
03:23:35  641 Server::doSync(): SYNC Weapon (id 21).
03:23:35  642 Server::doSync(): SYNC Hero (id 20).
03:23:35  642 Server::doSync(): SYNC Weapon (id 21).
03:23:35  643 Server::doSync(): SYNC Hero (id 20).
03:23:35  643 Server::doSync(): SYNC Weapon (id 21).
03:23:35  644 Server::doSync(): SYNC Hero (id 20).
03:23:35  644 Server::doSync(): SYNC Weapon (id 21).
03:23:35  645 Server::doSync(): SYNC Hero (id 20).
03:23:35  645 Server::doSync(): SYNC Weapon (id 21).
03:23:35  646 Server::doSync(): SYNC Hero (id 20).
03:23:35  646 Server::doSync(): SYNC Weapon (id 21).
03:23:35  647 Server::doSync(): SYNC Hero (id 20).
03:23:35  647 Server::doSync(): SYNC Weapon (id 21).
03:23:35  648 Server::doSync(): SYNC Hero (id 20).
03:23:35  648 Server::doSync(): SYNC Weapon (id 21).
03:23:35  649 Server::doSync(): SYNC Hero (id 20).
03:23:35  649 Server::doSync(): SYNC Weapon (id 21).
03:23:35  650 Server::doSync(): SYNC Hero (id 20).
03:23:35  650 Server::doSync(): SYNC Weapon (id 21).
03:23:35  651 Server::doSync(): SYNC Hero (id 20).
03:23:35  651 Server::doSync(): SYNC Weapon (id 21).
03:23:35  652 Server::doSync(): SYNC Hero (id 20).
03:23:35  652 Server::doSync(): SYNC Weapon (id 21).
03:23:35  653 Server::doSync(): SYNC Hero (id 20).
03:23:35  653 Server::doSync(): SYNC Weapon (id 21).
03:23:35  654 Server::doSync(): SYNC Hero (id 20).
03:23:35  654 Server::doSync(): SYNC Weapon (id 21).
03:23:35  655 Server::doSync(): SYNC Hero (id 20).
03:23:35  655 Server::doSync(): SYNC Weapon (id 21).
03:23:35  656 Server::doSync(): SYNC Hero (id 20).
03:23:35  656 Server::doSync(): SYNC Weapon (id 21).
03:23:35  657 Server::doSync(): SYNC Hero (id 20).
03:23:35  657 Server::doSync(): SYNC Weapon (id 21).
03:23:35  658 Server::doSync(): SYNC Hero (id 20).
03:23:35  658 Server::doSync(): SYNC Weapon (id 21).
03:23:35  659 Server::doSync(): SYNC Hero (id 20).
03:23:35  659 Server::doSync(): SYNC Weapon (id 21).
03:23:35  660 Server::doSync(): SYNC Hero (id 20).
03:23:35  660 Server::doSync(): SYNC Weapon (id 21).
03:23:35  661 Server::doSync(): SYNC Hero (id 20).
03:23:35  661 Server::doSync(): SYNC Weapon (id 21).
03:23:36  662 Server::doSync(): SYNC Hero (id 20).
03:23:36  662 Server::doSync(): SYNC Weapon (id 21).
03:23:36  663 Server::doSync(): SYNC Hero (id 20).
03:23:36  663 Server::doSync(): SYNC Weapon (id 21).
03:23:36  664 Server::doSync(): SYNC Hero (id 20).
03:23:36  664 Server::doSync(): SYNC Weapon (id 21).
03:23:36  665 Server::doSync(): SYNC Hero (id 20).
03:23:36  665 Server::doSync(): SYNC Weapon (id 21).
03:23:36  666 Server::doSync(): SYNC Hero (id 20).
03:23:36  666 Server::doSync(): SYNC Weapon (id 21).
03:23:36  667 Server::doSync(): SYNC Hero (id 20).
03:23:36  667 Server::doSync(): SYNC Weapon (id 21).
03:23:36  668 Server::doSync(): SYNC Hero (id 20).
03:23:36  668 Server::doSync(): SYNC Weapon (id 21).
03:23:36  669 Server::doSync(): SYNC Hero (id 20).
03:23:36  669 Server::doSync(): SYNC Weapon (id 21).
03:23:36  670 Server::doSync(): SYNC Hero (id 20).
03:23:36  670 Server::doSync(): SYNC Weapon (id 21).
03:23:36  671 Server::doSync(): SYNC Hero (id 20).
03:23:36  671 Server::doSync(): SYNC Weapon (id 21).
03:23:36  672 Server::doSync(): SYNC Hero (id 20).
03:23:36  672 Server::doSync(): SYNC Weapon (id 21).
03:23:36  673 Server::doSync(): SYNC Hero (id 20).
03:23:36  673 Server::doSync(): SYNC Weapon (id 21).
03:23:36  674 Server::doSync(): SYNC Hero (id 20).
03:23:36  674 Server::doSync(): SYNC Weapon (id 21).
03:23:36  675 Server::doSync(): SYNC Hero (id 20).
03:23:36  675 Server::doSync(): SYNC Weapon (id 21).
03:23:36  676 Server::doSync(): SYNC Hero (id 20).
03:23:36  676 Server::doSync(): SYNC Weapon (id 21).
03:23:36  677 Server::doSync(): SYNC Hero (id 20).
03:23:36  677 Server::doSync(): SYNC Weapon (id 21).
03:23:36  678 Server::doSync(): SYNC Hero (id 20).
03:23:36  678 Server::doSync(): SYNC Weapon (id 21).
03:23:36  679 Server::doSync(): SYNC Hero (id 20).
03:23:36  679 Server::doSync(): SYNC Weapon (id 21).
03:23:36  680 Server::doSync(): SYNC Hero (id 20).
03:23:36  680 Server::doSync(): SYNC Weapon (id 21).
03:23:36  681 Server::doSync(): SYNC Hero (id 20).
03:23:36  681 Server::doSync(): SYNC Weapon (id 21).
03:23:36  682 Server::doSync(): SYNC Hero (id 20).
03:23:36  682 Server::doSync(): SYNC Weapon (id 21).
03:23:36  683 Server::doSync(): SYNC Hero (id 20).
03:23:36  683 Server::doSync(): SYNC Weapon (id 21).
03:23:36  684 Server::doSync(): SYNC Hero (id 20).
03:23:36  684 Server::doSync(): SYNC Weapon (id 21).
03:23:36  685 Server::doSync(): SYNC Hero (id 20).
03:23:36  685 Server::doSync(): SYNC Weapon (id 21).
03:23:36  686 Server::doSync(): SYNC Hero (id 20).
03:23:36  686 Server::doSync(): SYNC Weapon (id 21).
03:23:36  687 Server::doSync(): SYNC Hero (id 20).
03:23:36  687 Server::doSync(): SYNC Weapon (id 21).
03:23:36  688 Server::doSync(): SYNC Hero (id 20).
03:23:36  688 Server::doSync(): SYNC Weapon (id 21).
03:23:36  689 Server::doSync(): SYNC Hero (id 20).
03:23:36  689 Server::doSync(): SYNC Weapon (id 21).
03:23:36  690 Server::doSync(): SYNC Hero (id 20).
03:23:36  690 Server::doSync(): SYNC Weapon (id 21).
03:23:36  691 Server::doSync(): SYNC Hero (id 20).
03:23:36  691 Server::doSync(): SYNC Weapon (id 21).
03:23:37  692 Server::doSync(): SYNC Hero (id 20).
03:23:37  692 Server::doSync(): SYNC Weapon (id 21).
03:23:37  693 Server::doSync(): SYNC Hero (id 20).
03:23:37  693 Server::doSync(): SYNC Weapon (id 21).
03:23:37  694 Server::doSync(): SYNC Hero (id 20).
03:23:37  694 Server::doSync(): SYNC Weapon (id 21).
03:23:37  695 Server::doSync(): SYNC Hero (id 20).
03:23:37  695 Server::doSync(): SYNC Weapon (id 21).
03:23:37  696 Server::doSync(): SYNC Hero (id 20).
03:23:37  696 Server::doSync(): SYNC Weapon (id 21).
03:23:37  697 Server::doSync(): SYNC Hero (id 20).
03:23:37  697 Server::doSync(): SYNC Weapon (id 21).
03:23:37  698 Server::doSync(): SYNC Hero (id 20).
03:23:37  698 Server::doSync(): SYNC Weapon (id 21).
03:23:37  699 Server::doSync(): SYNC Hero (id 20).
03:23:37  699 Server::doSync(): SYNC Weapon (id 21).
03:23:37  700 Server::doSync(): SYNC Hero (id 20).
03:23:37  700 Server::doSync(): SYNC Weapon (id 21).
03:23:37  701 Server::doSync(): SYNC Hero (id 20).
03:23:37  701 Server::doSync(): SYNC Weapon (id 21).
03:23:37  702 Server::doSync(): SYNC Hero (id 20).
03:23:37  702 Server::doSync(): SYNC Weapon (id 21).
03:23:37  703 Server::doSync(): SYNC Hero (id 20).
03:23:37  703 Server::doSync(): SYNC Weapon (id 21).
03:23:37  704 Server::doSync(): SYNC Hero (id 20).
03:23:37  704 Server::doSync(): SYNC Weapon (id 21).
03:23:37  705 Server::doSync(): SYNC Hero (id 20).
03:23:37  705 Server::doSync(): SYNC Weapon (id 21).
03:23:37  706 Server::doSync(): SYNC Hero (id 20).
03:23:37  706 Server::doSync(): SYNC Weapon (id 21).
03:23:37  707 Server::doSync(): SYNC Hero (id 20).
03:23:37  707 Server::doSync(): SYNC Weapon (id 21).
03:23:37  708 Server::doSync(): SYNC Hero (id 20).
03:23:37  708 Server::doSync(): SYNC Weapon (id 21).
03:23:37  709 Server::doSync(): SYNC Hero (id 20).
03:23:37  709 Server::doSync(): SYNC Weapon (id 21).
03:23:37  710 Server::doSync(): SYNC Hero (id 20).
03:23:37  710 Server::doSync(): SYNC Weapon (id 21).
03:23:37  711 Server::doSync(): SYNC Hero (id 20).
03:23:37  711 Server::doSync(): SYNC Weapon (id 21).
03:23:37  712 Server::doSync(): SYNC Hero (id 20).
03:23:37  712 Server::doSync(): SYNC Weapon (id 21).
03:23:37  713 Server::doSync(): SYNC Hero (id 20).
03:23:37  713 Server::doSync(): SYNC Weapon (id 21).
03:23:37  714 Server::doSync(): SYNC Hero (id 20).
03:23:37  714 Server::doSync(): SYNC Weapon (id 21).
03:23:37  715 Server::doSync(): SYNC Hero (id 20).
03:23:37  715 Server::doSync(): SYNC Weapon (id 21).
03:23:37  716 Server::doSync(): SYNC Hero (id 20).
03:23:37  716 Server::doSync(): SYNC Weapon (id 21).
03:23:37  717 Server::doSync(): SYNC Hero (id 20).
03:23:37  717 Server::doSync(): SYNC Weapon (id 21).
03:23:37  718 Server::doSync(): SYNC Hero (id 20).
03:23:37  718 Server::doSync(): SYNC Weapon (id 21).
03:23:37  719 Server::doSync(): SYNC Hero (id 20).
03:23:37  719 Server::doSync(): SYNC Weapon (id 21).
03:23:37  720 Server::doSync(): SYNC Hero (id 20).
03:23:37  720 Server::doSync(): SYNC Weapon (id 21).
03:23:37  721 Server::doSync(): SYNC Hero (id 20).
03:23:37  721 Server::doSync(): SYNC Weapon (id 21).
03:23:38  722 Server::doSync(): SYNC Hero (id 20).
03:23:38  722 Server::doSync(): SYNC Weapon (id 21).
03:23:38  723 Server::doSync(): SYNC Hero (id 20).
03:23:38  723 Server::doSync(): SYNC Weapon (id 21).
03:23:38  724 Server::doSync(): SYNC Hero (id 20).
03:23:38  724 Server::doSync(): SYNC Weapon (id 21).
03:23:38  725 GameManager::run(): end of game loop
03:23:38  725 NetworkManager::send(): Error! send() returned:
03:23:38  725 	10053 - An established connection was aborted by the software in your host machine.
03:23:38  725 NetworkNode::sendMessage(): Error sending!
03:23:38  725 PathManager::shutDown(): successfully stopped.
03:23:38  725 Path manager stopped
