17:40:54    0 ****************************************************
17:40:54    0 ** Dragonfly version 4.9 **
17:40:55    0 Hello, Network! (v1.2)
17:40:55    0 ResourceManager::loadSprite(): Loading sprite 'sprites/explosion-spr.txt'
17:40:55    0 ResourceManager::loadSprite(): Opened file 'sprites/explosion-spr.txt'
17:40:55    0 ResourceManager::loadSprite(): Sprite 'explosion' successfully loaded
17:40:55    0 ResourceManager::loadSprite(): Loading sprite 'sprites/level_select.txt'
17:40:55    0 ResourceManager::loadSprite(): Opened file 'sprites/level_select.txt'
17:40:55    0 ResourceManager::loadSprite(): Sprite 'level_select' successfully loaded
17:40:55    0 ResourceManager::loadSprite(): Loading sprite 'sprites/gamestart-spr.txt'
17:40:55    0 ResourceManager::loadSprite(): Opened file 'sprites/gamestart-spr.txt'
17:40:55    0 ResourceManager::loadSprite(): Sprite 'gamestart' successfully loaded
17:40:55    0 ResourceManager::loadSprite(): Loading sprite 'sprites/gameover-spr.txt'
17:40:55    0 ResourceManager::loadSprite(): Opened file 'sprites/gameover-spr.txt'
17:40:55    0 ResourceManager::loadSprite(): Sprite 'gameover' successfully loaded
17:40:55    0 ResourceManager::loadSprite(): Loading sprite 'sprites/level_won.txt'
17:40:55    0 ResourceManager::loadSprite(): Opened file 'sprites/level_won.txt'
17:40:55    0 ResourceManager::loadSprite(): Sprite 'level_won' successfully loaded
17:40:55    0 ResourceManager::loadSprite(): Loading sprite 'sprites/level_intro.txt'
17:40:55    0 ResourceManager::loadSprite(): Opened file 'sprites/level_intro.txt'
17:40:55    0 ResourceManager::loadSprite(): Sprite 'level_intro' successfully loaded
17:40:55    0 ResourceManager::loadSprite(): Loading sprite 'sprites/level_1.txt'
17:40:55    0 ResourceManager::loadSprite(): Opened file 'sprites/level_1.txt'
17:40:55    0 ResourceManager::loadSprite(): Sprite 'level_1' successfully loaded
17:40:55    0 ResourceManager::loadSprite(): Loading sprite 'sprites/saucer-spr.txt'
17:40:55    0 ResourceManager::loadSprite(): Opened file 'sprites/saucer-spr.txt'
17:40:55    0 ResourceManager::loadSprite(): Sprite 'saucer' successfully loaded
17:40:55    0 ResourceManager::loadSprite(): Loading sprite 'sprites/ship-spr.txt'
17:40:55    0 ResourceManager::loadSprite(): Opened file 'sprites/ship-spr.txt'
17:40:55    0 ResourceManager::loadSprite(): Sprite 'ship' successfully loaded
17:40:55    0 ResourceManager::loadSprite(): Loading sprite 'sprites/boss.txt'
17:40:55    0 ResourceManager::loadSprite(): Opened file 'sprites/boss.txt'
17:40:55    0 ResourceManager::loadSprite(): Sprite 'boss' successfully loaded
17:40:55    0 ResourceManager::loadSprite(): Loading sprite 'sprites/boss-weakpoint.txt'
17:40:55    0 ResourceManager::loadSprite(): Opened file 'sprites/boss-weakpoint.txt'
17:40:55    0 ResourceManager::loadSprite(): Sprite 'boss-weakpoint' successfully loaded
17:40:55    0 ResourceManager::loadSprite(): Loading sprite 'sprites/ak47_2.txt'
17:40:55    0 ResourceManager::loadSprite(): Opened file 'sprites/ak47_2.txt'
17:40:55    0 ResourceManager::loadSprite(): Sprite 'AK47' successfully loaded
17:40:55    0 ResourceManager::loadSprite(): Loading sprite 'sprites/awp.txt'
17:40:55    0 ResourceManager::loadSprite(): Opened file 'sprites/awp.txt'
17:40:55    0 ResourceManager::loadSprite(): Sprite 'AWP' successfully loaded
17:40:55    0 ResourceManager::loadSprite(): Loading sprite 'sprites/grenade-launcher.txt'
17:40:55    0 ResourceManager::loadSprite(): Opened file 'sprites/grenade-launcher.txt'
17:40:55    0 ResourceManager::loadSprite(): Sprite 'GrenadeLauncher' successfully loaded
17:40:55    0 ResourceManager::loadSprite(): Loading sprite 'sprites/ak47_bullet.txt'
17:40:55    0 ResourceManager::loadSprite(): Opened file 'sprites/ak47_bullet.txt'
17:40:55    0 ResourceManager::loadSprite(): Sprite 'AK47_bullet' successfully loaded
17:40:55    0 ResourceManager::loadSprite(): Loading sprite 'sprites/awp_bullet.txt'
17:40:55    0 ResourceManager::loadSprite(): Opened file 'sprites/awp_bullet.txt'
17:40:55    0 ResourceManager::loadSprite(): Sprite 'AWP_bullet' successfully loaded
17:40:55    0 ResourceManager::loadSprite(): Loading sprite 'sprites/grenade_bullet.txt'
17:40:55    0 ResourceManager::loadSprite(): Opened file 'sprites/grenade_bullet.txt'
17:40:55    0 ResourceManager::loadSprite(): Sprite 'GrenadeLauncher_bullet' successfully loaded
17:40:55    0 ResourceManager::loadSprite(): Loading sprite 'sprites/bullet_trail.txt'
17:40:55    0 ResourceManager::loadSprite(): Opened file 'sprites/bullet_trail.txt'
17:40:55    0 ResourceManager::loadSprite(): Sprite 'bullet_trail' successfully loaded
17:40:55    0 ResourceManager::loadSprite(): Loading sprite 'sprites/explosion-spr.txt'
17:40:55    0 ResourceManager::loadSprite(): Opened file 'sprites/explosion-spr.txt'
17:40:55    0 ResourceManager::loadSprite(): Sprite 'explosion' successfully loaded
17:40:55    0 ResourceManager::loadSprite(): Loading sprite 'sprites/nuke.txt'
17:40:55    0 ResourceManager::loadSprite(): Opened file 'sprites/nuke.txt'
17:40:55    0 ResourceManager::loadSprite(): Sprite 'nuke' successfully loaded
17:40:55    0 ResourceManager::loadSprite(): Loading sprite 'sprites/character-walk_2.txt'
17:40:55    0 ResourceManager::loadSprite(): Opened file 'sprites/character-walk_2.txt'
17:40:55    0 ResourceManager::loadSprite(): Sprite 'character-walk' successfully loaded
17:40:55    0 ResourceManager::loadSprite(): Loading sprite 'sprites/character-duck.txt'
17:40:55    0 ResourceManager::loadSprite(): Opened file 'sprites/character-duck.txt'
17:40:55    0 ResourceManager::loadSprite(): Sprite 'character-duck' successfully loaded
17:40:55    0 ResourceManager::loadSprite(): Loading sprite 'sprites/platform.txt'
17:40:55    0 ResourceManager::loadSprite(): Opened file 'sprites/platform.txt'
17:40:55    0 ResourceManager::loadSprite(): Sprite 'platform' successfully loaded
17:40:55    0 ResourceManager::loadSprite(): Loading sprite 'sprites/refill-ammo.txt'
17:40:55    0 ResourceManager::loadSprite(): Opened file 'sprites/refill-ammo.txt'
17:40:55    0 ResourceManager::loadSprite(): Sprite 'ammo-refill' successfully loaded
17:40:55    0 ResourceManager::loadSprite(): Loading sprite 'sprites/intro/1.txt'
17:40:55    0 ResourceManager::loadSprite(): Opened file 'sprites/intro/1.txt'
17:40:55    0 ResourceManager::loadSprite(): Sprite 'intro_1' successfully loaded
17:40:55    0 ResourceManager::loadSprite(): Loading sprite 'sprites/intro/2.txt'
17:40:55    0 ResourceManager::loadSprite(): Opened file 'sprites/intro/2.txt'
17:40:55    0 ResourceManager::loadSprite(): Sprite 'intro_2' successfully loaded
17:40:55    0 ResourceManager::loadSprite(): Loading sprite 'sprites/intro/3.txt'
17:40:55    0 ResourceManager::loadSprite(): Opened file 'sprites/intro/3.txt'
17:40:55    0 ResourceManager::loadSprite(): Sprite 'intro_3' successfully loaded
17:40:55    0 ResourceManager::loadSprite(): Loading sprite 'sprites/intro/4.txt'
17:40:55    0 ResourceManager::loadSprite(): Opened file 'sprites/intro/4.txt'
17:40:55    0 ResourceManager::loadSprite(): Sprite 'intro_4' successfully loaded
17:40:55    0 ResourceManager::loadSprite(): Loading sprite 'sprites/intro/5.txt'
17:40:55    0 ResourceManager::loadSprite(): Opened file 'sprites/intro/5.txt'
17:40:55    0 ResourceManager::loadSprite(): Sprite 'intro_5' successfully loaded
17:40:55    0 ResourceManager::loadSprite(): Loading sprite 'sprites/intro/6.txt'
17:40:55    0 ResourceManager::loadSprite(): Opened file 'sprites/intro/6.txt'
17:40:55    0 ResourceManager::loadSprite(): Sprite 'intro_6' successfully loaded
17:40:55    0 ResourceManager::loadSprite(): Loading sprite 'sprites/intro/7.txt'
17:40:55    0 ResourceManager::loadSprite(): Opened file 'sprites/intro/7.txt'
17:40:55    0 ResourceManager::loadSprite(): Sprite 'intro_7' successfully loaded
17:40:55    0 ResourceManager::loadSprite(): Loading sprite 'sprites/intro/small.txt'
17:40:55    0 ResourceManager::loadSprite(): Opened file 'sprites/intro/small.txt'
17:40:55    0 ResourceManager::loadSprite(): Sprite 'intro_small' successfully loaded
17:40:55    0 ResourceManager::loadSprite(): Loading sprite 'sprites/number_font/green_0.txt'
17:40:55    0 ResourceManager::loadSprite(): Opened file 'sprites/number_font/green_0.txt'
17:40:55    0 ResourceManager::loadSprite(): Sprite 'green_0' successfully loaded
17:40:55    0 ResourceManager::loadSprite(): Loading sprite 'sprites/number_font/green_1.txt'
17:40:55    0 ResourceManager::loadSprite(): Opened file 'sprites/number_font/green_1.txt'
17:40:55    0 ResourceManager::loadSprite(): Sprite 'green_1' successfully loaded
17:40:55    0 ResourceManager::loadSprite(): Loading sprite 'sprites/number_font/green_2.txt'
17:40:55    0 ResourceManager::loadSprite(): Opened file 'sprites/number_font/green_2.txt'
17:40:55    0 ResourceManager::loadSprite(): Sprite 'green_2' successfully loaded
17:40:55    0 ResourceManager::loadSprite(): Loading sprite 'sprites/number_font/green_3.txt'
17:40:55    0 ResourceManager::loadSprite(): Opened file 'sprites/number_font/green_3.txt'
17:40:55    0 ResourceManager::loadSprite(): Sprite 'green_3' successfully loaded
17:40:55    0 ResourceManager::loadSprite(): Loading sprite 'sprites/number_font/green_4.txt'
17:40:55    0 ResourceManager::loadSprite(): Opened file 'sprites/number_font/green_4.txt'
17:40:55    0 ResourceManager::loadSprite(): Sprite 'green_4' successfully loaded
17:40:55    0 ResourceManager::loadSprite(): Loading sprite 'sprites/number_font/green_5.txt'
17:40:55    0 ResourceManager::loadSprite(): Opened file 'sprites/number_font/green_5.txt'
17:40:55    0 ResourceManager::loadSprite(): Sprite 'green_5' successfully loaded
17:40:55    0 ResourceManager::loadSprite(): Loading sprite 'sprites/number_font/green_6.txt'
17:40:55    0 ResourceManager::loadSprite(): Opened file 'sprites/number_font/green_6.txt'
17:40:55    0 ResourceManager::loadSprite(): Sprite 'green_6' successfully loaded
17:40:55    0 ResourceManager::loadSprite(): Loading sprite 'sprites/number_font/green_7.txt'
17:40:55    0 ResourceManager::loadSprite(): Opened file 'sprites/number_font/green_7.txt'
17:40:55    0 ResourceManager::loadSprite(): Sprite 'green_7' successfully loaded
17:40:55    0 ResourceManager::loadSprite(): Loading sprite 'sprites/number_font/green_8.txt'
17:40:55    0 ResourceManager::loadSprite(): Opened file 'sprites/number_font/green_8.txt'
17:40:55    0 ResourceManager::loadSprite(): Sprite 'green_8' successfully loaded
17:40:55    0 ResourceManager::loadSprite(): Loading sprite 'sprites/number_font/green_9.txt'
17:40:55    0 ResourceManager::loadSprite(): Opened file 'sprites/number_font/green_9.txt'
17:40:55    0 ResourceManager::loadSprite(): Sprite 'green_9' successfully loaded
17:40:55    0 ResourceManager::loadSprite(): Loading sprite 'sprites/number_font/red_0.txt'
17:40:55    0 ResourceManager::loadSprite(): Opened file 'sprites/number_font/red_0.txt'
17:40:55    0 ResourceManager::loadSprite(): Sprite 'red_0' successfully loaded
17:40:55    0 ResourceManager::loadSprite(): Loading sprite 'sprites/number_font/red_1.txt'
17:40:55    0 ResourceManager::loadSprite(): Opened file 'sprites/number_font/red_1.txt'
17:40:55    0 ResourceManager::loadSprite(): Sprite 'red_1' successfully loaded
17:40:55    0 ResourceManager::loadSprite(): Loading sprite 'sprites/number_font/red_2.txt'
17:40:55    0 ResourceManager::loadSprite(): Opened file 'sprites/number_font/red_2.txt'
17:40:55    0 ResourceManager::loadSprite(): Sprite 'red_2' successfully loaded
17:40:55    0 ResourceManager::loadSprite(): Loading sprite 'sprites/number_font/red_3.txt'
17:40:55    0 ResourceManager::loadSprite(): Opened file 'sprites/number_font/red_3.txt'
17:40:55    0 ResourceManager::loadSprite(): Sprite 'red_3' successfully loaded
17:40:55    0 ResourceManager::loadSprite(): Loading sprite 'sprites/number_font/red_4.txt'
17:40:55    0 ResourceManager::loadSprite(): Opened file 'sprites/number_font/red_4.txt'
17:40:55    0 ResourceManager::loadSprite(): Sprite 'red_4' successfully loaded
17:40:55    0 ResourceManager::loadSprite(): Loading sprite 'sprites/number_font/red_5.txt'
17:40:55    0 ResourceManager::loadSprite(): Opened file 'sprites/number_font/red_5.txt'
17:40:55    0 ResourceManager::loadSprite(): Sprite 'red_5' successfully loaded
17:40:55    0 ResourceManager::loadSprite(): Loading sprite 'sprites/number_font/red_6.txt'
17:40:55    0 ResourceManager::loadSprite(): Opened file 'sprites/number_font/red_6.txt'
17:40:55    0 ResourceManager::loadSprite(): Sprite 'red_6' successfully loaded
17:40:55    0 ResourceManager::loadSprite(): Loading sprite 'sprites/number_font/red_7.txt'
17:40:55    0 ResourceManager::loadSprite(): Opened file 'sprites/number_font/red_7.txt'
17:40:55    0 ResourceManager::loadSprite(): Sprite 'red_7' successfully loaded
17:40:55    0 ResourceManager::loadSprite(): Loading sprite 'sprites/number_font/red_8.txt'
17:40:55    0 ResourceManager::loadSprite(): Opened file 'sprites/number_font/red_8.txt'
17:40:55    0 ResourceManager::loadSprite(): Sprite 'red_8' successfully loaded
17:40:55    0 ResourceManager::loadSprite(): Loading sprite 'sprites/number_font/red_9.txt'
17:40:55    0 ResourceManager::loadSprite(): Opened file 'sprites/number_font/red_9.txt'
17:40:55    0 ResourceManager::loadSprite(): Sprite 'red_9' successfully loaded
17:40:55    0 ResourceManager::loadSprite(): Loading sprite 'sprites/number_font/yellow_0.txt'
17:40:55    0 ResourceManager::loadSprite(): Opened file 'sprites/number_font/yellow_0.txt'
17:40:55    0 ResourceManager::loadSprite(): Sprite 'yellow_0' successfully loaded
17:40:55    0 ResourceManager::loadSprite(): Loading sprite 'sprites/number_font/yellow_1.txt'
17:40:55    0 ResourceManager::loadSprite(): Opened file 'sprites/number_font/yellow_1.txt'
17:40:55    0 ResourceManager::loadSprite(): Sprite 'yellow_1' successfully loaded
17:40:55    0 ResourceManager::loadSprite(): Loading sprite 'sprites/number_font/yellow_2.txt'
17:40:55    0 ResourceManager::loadSprite(): Opened file 'sprites/number_font/yellow_2.txt'
17:40:55    0 ResourceManager::loadSprite(): Sprite 'yellow_2' successfully loaded
17:40:55    0 ResourceManager::loadSprite(): Loading sprite 'sprites/number_font/yellow_3.txt'
17:40:55    0 ResourceManager::loadSprite(): Opened file 'sprites/number_font/yellow_3.txt'
17:40:55    0 ResourceManager::loadSprite(): Sprite 'yellow_3' successfully loaded
17:40:55    0 ResourceManager::loadSprite(): Loading sprite 'sprites/number_font/yellow_4.txt'
17:40:55    0 ResourceManager::loadSprite(): Opened file 'sprites/number_font/yellow_4.txt'
17:40:55    0 ResourceManager::loadSprite(): Sprite 'yellow_4' successfully loaded
17:40:55    0 ResourceManager::loadSprite(): Loading sprite 'sprites/number_font/yellow_5.txt'
17:40:55    0 ResourceManager::loadSprite(): Opened file 'sprites/number_font/yellow_5.txt'
17:40:55    0 ResourceManager::loadSprite(): Sprite 'yellow_5' successfully loaded
17:40:55    0 ResourceManager::loadSprite(): Loading sprite 'sprites/number_font/yellow_6.txt'
17:40:55    0 ResourceManager::loadSprite(): Opened file 'sprites/number_font/yellow_6.txt'
17:40:55    0 ResourceManager::loadSprite(): Sprite 'yellow_6' successfully loaded
17:40:55    0 ResourceManager::loadSprite(): Loading sprite 'sprites/number_font/yellow_7.txt'
17:40:55    0 ResourceManager::loadSprite(): Opened file 'sprites/number_font/yellow_7.txt'
17:40:55    0 ResourceManager::loadSprite(): Sprite 'yellow_7' successfully loaded
17:40:55    0 ResourceManager::loadSprite(): Loading sprite 'sprites/number_font/yellow_8.txt'
17:40:55    0 ResourceManager::loadSprite(): Opened file 'sprites/number_font/yellow_8.txt'
17:40:55    0 ResourceManager::loadSprite(): Sprite 'yellow_8' successfully loaded
17:40:55    0 ResourceManager::loadSprite(): Loading sprite 'sprites/number_font/yellow_9.txt'
17:40:55    0 ResourceManager::loadSprite(): Opened file 'sprites/number_font/yellow_9.txt'
17:40:55    0 ResourceManager::loadSprite(): Sprite 'yellow_9' successfully loaded
17:40:55    0 ResourceManager::loadSprite(): Loading sprite 'sprites/number_font/slash.txt'
17:40:55    0 ResourceManager::loadSprite(): Opened file 'sprites/number_font/slash.txt'
17:40:55    0 ResourceManager::loadSprite(): Sprite 'slash' successfully loaded
17:40:55    0 ResourceManager::loadSprite(): Loading sprite 'sprites/ammo_display.txt'
17:40:55    0 ResourceManager::loadSprite(): Opened file 'sprites/ammo_display.txt'
17:40:55    0 ResourceManager::loadSprite(): Sprite 'ammo_display' successfully loaded
17:40:55    0 ResourceManager::loadSound(): Sound 'AK47_fire' successfully loaded
17:40:55    0 ResourceManager::loadSound(): Sound 'AWP_fire' successfully loaded
17:40:55    0 ResourceManager::loadSound(): Sound 'GrenadeLauncher_fire' successfully loaded
17:40:55    0 ResourceManager::loadSound(): Sound 'ammo_empty' successfully loaded
17:40:56    0 ResourceManager::loadSound(): Sound 'AK47_reload' successfully loaded
17:40:56    0 ResourceManager::loadSound(): Sound 'AWP_reload' successfully loaded
17:40:56    0 ResourceManager::loadSound(): Sound 'GrenadeLauncher_reload' successfully loaded
17:40:56    0 ResourceManager::loadSound(): Sound 'awp_bolt' successfully loaded
17:40:56    0 ResourceManager::loadSound(): Sound 'pickup1' successfully loaded
17:40:56    0 ResourceManager::loadSound(): Sound 'pickup2' successfully loaded
17:40:56    0 ResourceManager::loadSound(): Sound 'explode' successfully loaded
17:40:56    0 ResourceManager::loadSound(): Sound 'nuke' successfully loaded
17:40:57    0 ResourceManager::loadSound(): Sound 'saucer_death' successfully loaded
17:40:57    0 ResourceManager::loadSound(): Sound 'game over' successfully loaded
17:40:57    0 ResourceManager::loadSound(): Sound 'level_won' successfully loaded
17:40:57    0 ResourceManager::loadMusic(): Music 'start music' successfully loaded
17:40:57    0 ResourceManager::loadMusic(): Music 'music_theme' successfully loaded
17:40:57    0 ResourceManager::loadMusic(): Music 'music_boss' successfully loaded
17:40:57    0 Client::Client(): Connecting to localhost at port 9876.
17:40:57    0 NetworkManager::connect(): Connecting to localhost, port 9876.
17:40:57    0 NetworkManager::connect(): Connection established.
17:40:57    0 Client::handleConnect(): Client connected!
17:40:57    0 Client::Client(): Client started.
17:40:57    0 GameManager::run(): starting game loop
17:40:57    0 Client::eventHandler(): sending mouse input to server.
17:40:57    0 Client::eventHandler(): sending mouse input to server.
17:40:57    0 Client::createObject(): creating object type 'Hero'
17:40:57    0 Hero::deserialize()
17:40:57    0 Client::createObject(): creating object type 'Platform'
17:40:57    0 Client::createObject(): creating object type 'Platform'
17:40:57    0 Client::createObject(): creating object type 'Platform'
17:40:57    0 Client::createObject(): creating object type 'Platform'
17:40:57    0 Client::createObject(): creating object type 'Platform'
17:40:57    0 Client::createObject(): creating object type 'Platform'
17:40:57    0 Client::createObject(): creating object type 'Platform'
17:40:57    0 Client::createObject(): creating object type 'Platform'
17:40:57    0 Client::createObject(): creating object type 'Platform'
17:40:57    0 Client::createObject(): creating object type 'Platform'
17:40:57    0 Client::createObject(): creating object type 'Platform'
17:40:57    0 Client::createObject(): creating object type 'Platform'
17:40:57    0 Client::createObject(): creating object type 'Platform'
17:40:57    1 Client::eventHandler(): sending mouse input to server.
17:40:57    2 Client::eventHandler(): sending mouse input to server.
17:40:57    2 Hero::deserialize()
17:40:57    2 SceneGraph::updateAltitude(): remove from old altitude (4) failed!
17:40:57    2 SceneGraph::updateAltitude(): remove from old altitude (4) failed!
17:40:57    3 Client::eventHandler(): sending mouse input to server.
17:40:57    3 Hero::deserialize()
17:40:57    4 Client::eventHandler(): sending mouse input to server.
17:40:57    4 Hero::deserialize()
17:40:57    5 Client::eventHandler(): sending mouse input to server.
17:40:57    5 Hero::deserialize()
17:40:57    6 Client::eventHandler(): sending mouse input to server.
17:40:57    6 Hero::deserialize()
17:40:57    7 Client::eventHandler(): sending mouse input to server.
17:40:57    7 Hero::deserialize()
17:40:57    7 Client::createObject(): creating object type 'Saucer'
17:40:57    8 Client::eventHandler(): sending mouse input to server.
17:40:57    8 Hero::deserialize()
17:40:57    9 Client::eventHandler(): sending mouse input to server.
17:40:57    9 Hero::deserialize()
17:40:58   10 Client::eventHandler(): sending mouse input to server.
17:40:58   10 Hero::deserialize()
17:40:58   11 Client::eventHandler(): sending mouse input to server.
17:40:58   11 Hero::deserialize()
17:40:58   12 Client::eventHandler(): sending mouse input to server.
17:40:58   12 Hero::deserialize()
17:40:58   12 Client::createObject(): creating object type 'Saucer'
17:40:58   13 Client::eventHandler(): sending mouse input to server.
17:40:58   13 Hero::deserialize()
17:40:58   14 Client::eventHandler(): sending mouse input to server.
17:40:58   14 Hero::deserialize()
17:40:58   15 Client::eventHandler(): sending mouse input to server.
17:40:58   15 Hero::deserialize()
17:40:58   16 Client::eventHandler(): sending mouse input to server.
17:40:58   16 Hero::deserialize()
17:40:58   17 Client::eventHandler(): sending mouse input to server.
17:40:58   17 Hero::deserialize()
17:40:58   17 Client::createObject(): creating object type 'Saucer'
17:40:58   18 Client::eventHandler(): sending mouse input to server.
17:40:58   18 Hero::deserialize()
17:40:58   19 Client::eventHandler(): sending mouse input to server.
17:40:58   19 Hero::deserialize()
17:40:58   20 Client::eventHandler(): sending mouse input to server.
17:40:58   20 Hero::deserialize()
17:40:58   21 Client::eventHandler(): sending mouse input to server.
17:40:58   21 Hero::deserialize()
17:40:58   22 Client::eventHandler(): sending mouse input to server.
17:40:58   22 Client::eventHandler(): sending mouse input to server.
17:40:58   22 Client::eventHandler(): sending mouse input to server.
17:40:58   22 Client::eventHandler(): sending mouse input to server.
17:40:58   22 Hero::deserialize()
17:40:58   22 Client::createObject(): creating object type 'Saucer'
17:40:58   23 Client::eventHandler(): sending mouse input to server.
17:40:58   23 Client::eventHandler(): sending mouse input to server.
17:40:58   23 Hero::deserialize()
17:40:58   24 Client::eventHandler(): sending mouse input to server.
17:40:58   24 Hero::deserialize()
17:40:58   25 Client::eventHandler(): sending mouse input to server.
17:40:58   25 Hero::deserialize()
17:40:58   26 Client::eventHandler(): sending mouse input to server.
17:40:58   26 Hero::deserialize()
17:40:58   27 Client::eventHandler(): sending mouse input to server.
17:40:58   27 Hero::deserialize()
17:40:58   28 Client::eventHandler(): sending mouse input to server.
17:40:58   28 Hero::deserialize()
17:40:58   29 Client::eventHandler(): sending mouse input to server.
17:40:58   29 Client::eventHandler(): sending mouse input to server.
17:40:58   29 Hero::deserialize()
17:40:58   30 Client::eventHandler(): sending mouse input to server.
17:40:58   30 Hero::deserialize()
17:40:58   31 Client::eventHandler(): sending mouse input to server.
17:40:58   31 Hero::deserialize()
17:40:58   32 Client::eventHandler(): sending mouse input to server.
17:40:58   32 Client::eventHandler(): sending mouse input to server.
17:40:58   32 Hero::deserialize()
17:40:58   33 Client::eventHandler(): sending mouse input to server.
17:40:58   33 Client::eventHandler(): sending mouse input to server.
17:40:58   33 Hero::deserialize()
17:40:58   34 Client::eventHandler(): sending mouse input to server.
17:40:58   34 Hero::deserialize()
17:40:58   35 Client::eventHandler(): sending mouse input to server.
17:40:58   35 Client::eventHandler(): sending keyboard input to server.
17:40:58   35 Client::eventHandler(): sending mouse input to server.
17:40:58   35 Client::eventHandler(): sending mouse input to server.
17:40:58   35 Client::eventHandler(): sending keyboard input to server.
17:40:58   35 Hero::deserialize()
17:40:58   36 Client::eventHandler(): sending keyboard input to server.
17:40:58   36 Hero::deserialize()
17:40:58   37 Client::eventHandler(): sending keyboard input to server.
17:40:58   37 Hero::deserialize()
17:40:58   38 Client::eventHandler(): sending keyboard input to server.
17:40:58   38 Hero::deserialize()
17:40:58   39 Client::eventHandler(): sending keyboard input to server.
17:40:58   39 Hero::deserialize()
17:40:59   40 Client::eventHandler(): sending keyboard input to server.
17:40:59   40 Hero::deserialize()
17:40:59   41 Client::eventHandler(): sending keyboard input to server.
17:40:59   41 Hero::deserialize()
17:40:59   42 Client::eventHandler(): sending keyboard input to server.
17:40:59   42 Hero::deserialize()
17:40:59   43 Client::eventHandler(): sending keyboard input to server.
17:40:59   43 Hero::deserialize()
17:40:59   44 Client::eventHandler(): sending keyboard input to server.
17:40:59   44 Hero::deserialize()
17:40:59   45 Client::eventHandler(): sending keyboard input to server.
17:40:59   45 Hero::deserialize()
17:40:59   46 Hero::deserialize()
17:40:59   47 Hero::deserialize()
17:40:59   48 Hero::deserialize()
17:40:59   49 Hero::deserialize()
17:40:59   50 Hero::deserialize()
17:40:59   51 Hero::deserialize()
17:40:59   52 Client::eventHandler(): sending mouse input to server.
17:40:59   52 Hero::deserialize()
17:40:59   53 Client::eventHandler(): sending mouse input to server.
17:40:59   53 Hero::deserialize()
17:40:59   54 Client::eventHandler(): sending mouse input to server.
17:40:59   54 Hero::deserialize()
17:40:59   55 Client::eventHandler(): sending mouse input to server.
17:40:59   55 Hero::deserialize()
17:40:59   56 Hero::deserialize()
17:40:59   57 Hero::deserialize()
17:40:59   58 Hero::deserialize()
17:40:59   59 Hero::deserialize()
17:40:59   60 Hero::deserialize()
17:40:59   61 Client::eventHandler(): sending keyboard input to server.
17:40:59   61 Client::eventHandler(): sending keyboard input to server.
17:40:59   61 Hero::deserialize()
17:40:59   62 Client::eventHandler(): sending keyboard input to server.
17:40:59   62 Hero::deserialize()
17:40:59   63 Client::eventHandler(): sending keyboard input to server.
17:40:59   63 Hero::deserialize()
17:40:59   64 Client::eventHandler(): sending keyboard input to server.
17:40:59   64 Hero::deserialize()
17:40:59   65 Client::eventHandler(): sending keyboard input to server.
17:40:59   65 Hero::deserialize()
17:40:59   66 Client::eventHandler(): sending keyboard input to server.
17:40:59   67 Client::eventHandler(): sending keyboard input to server.
17:40:59   67 Hero::deserialize()
17:40:59   67 Hero::deserialize()
17:40:59   68 Client::eventHandler(): sending keyboard input to server.
17:40:59   69 Client::eventHandler(): sending keyboard input to server.
17:40:59   69 Hero::deserialize()
17:40:59   69 Hero::deserialize()
17:40:59   70 Client::eventHandler(): sending keyboard input to server.
17:40:59   70 Hero::deserialize()
17:41:00   71 Client::eventHandler(): sending keyboard input to server.
17:41:00   71 Hero::deserialize()
17:41:00   72 Client::eventHandler(): sending keyboard input to server.
17:41:00   73 Client::eventHandler(): sending keyboard input to server.
17:41:00   73 Hero::deserialize()
17:41:00   73 Hero::deserialize()
17:41:00   74 Client::eventHandler(): sending mouse input to server.
17:41:00   74 Client::eventHandler(): sending keyboard input to server.
17:41:00   74 Hero::deserialize()
17:41:00   75 Client::eventHandler(): sending mouse input to server.
17:41:00   75 Client::eventHandler(): sending keyboard input to server.
17:41:00   75 Hero::deserialize()
17:41:00   76 Client::eventHandler(): sending mouse input to server.
17:41:00   76 Client::eventHandler(): sending keyboard input to server.
17:41:00   76 Hero::deserialize()
17:41:00   77 Client::eventHandler(): sending mouse input to server.
17:41:00   77 Client::eventHandler(): sending mouse input to server.
17:41:00   77 Client::eventHandler(): sending keyboard input to server.
17:41:00   77 Hero::deserialize()
17:41:00   78 Client::eventHandler(): sending mouse input to server.
17:41:00   78 Client::eventHandler(): sending mouse input to server.
17:41:00   78 Client::eventHandler(): sending keyboard input to server.
17:41:00   78 Hero::deserialize()
17:41:00   79 Client::eventHandler(): sending mouse input to server.
17:41:00   79 Client::eventHandler(): sending keyboard input to server.
17:41:00   79 Client::eventHandler(): sending mouse input to server.
17:41:00   79 Hero::deserialize()
17:41:00   80 Client::eventHandler(): sending mouse input to server.
17:41:00   80 Client::eventHandler(): sending mouse input to server.
17:41:00   80 Hero::deserialize()
17:41:00   81 Client::eventHandler(): sending mouse input to server.
17:41:00   81 Hero::deserialize()
17:41:00   82 Client::eventHandler(): sending mouse input to server.
17:41:00   82 Client::eventHandler(): sending mouse input to server.
17:41:00   82 Hero::deserialize()
17:41:00   83 Client::eventHandler(): sending mouse input to server.
17:41:00   83 Hero::deserialize()
17:41:00   84 Client::eventHandler(): sending mouse input to server.
17:41:00   85 Client::eventHandler(): sending mouse input to server.
17:41:00   85 Hero::deserialize()
17:41:00   85 Hero::deserialize()
17:41:00   87 Hero::deserialize()
17:41:00   88 Client::eventHandler(): sending keyboard input to server.
17:41:00   88 Client::eventHandler(): sending keyboard input to server.
17:41:00   88 Hero::deserialize()
17:41:00   88 Hero::deserialize()
17:41:00   89 Client::eventHandler(): sending keyboard input to server.
17:41:00   90 Client::eventHandler(): sending keyboard input to server.
17:41:00   90 Hero::deserialize()
17:41:00   90 Hero::deserialize()
17:41:00   91 Client::eventHandler(): sending keyboard input to server.
17:41:00   91 Hero::deserialize()
17:41:00   92 Client::eventHandler(): sending keyboard input to server.
17:41:00   92 Hero::deserialize()
17:41:00   93 Client::eventHandler(): sending keyboard input to server.
17:41:00   94 Client::eventHandler(): sending keyboard input to server.
17:41:00   94 Hero::deserialize()
17:41:00   94 Hero::deserialize()
17:41:00   95 Client::eventHandler(): sending keyboard input to server.
17:41:00   95 Hero::deserialize()
17:41:00   96 Client::eventHandler(): sending mouse input to server.
17:41:00   96 Client::eventHandler(): sending keyboard input to server.
17:41:00   96 Hero::deserialize()
17:41:00   97 Client::eventHandler(): sending keyboard input to server.
17:41:00   97 Hero::deserialize()
17:41:00   97 Client::createObject(): creating object type 'Bullet'
17:41:00   98 Client::eventHandler(): sending keyboard input to server.
17:41:00   98 Hero::deserialize()
17:41:00   99 Client::eventHandler(): sending keyboard input to server.
17:41:00   99 Client::createObject(): creating object type 'BulletTrail'
17:41:00   99 Client::createObject(): creating object type 'BulletTrail'
17:41:00   99 Hero::deserialize()
17:41:00   99 Client::createObject(): creating object type 'BulletTrail'
17:41:00   99 Client::createObject(): creating object type 'BulletTrail'
17:41:01  100 Client::eventHandler(): sending keyboard input to server.
17:41:01  101 Client::eventHandler(): sending keyboard input to server.
17:41:01  101 Hero::deserialize()
17:41:01  101 Client::createObject(): creating object type 'BulletTrail'
17:41:01  101 Client::createObject(): creating object type 'BulletTrail'
17:41:01  101 Hero::deserialize()
17:41:01  101 Client::createObject(): creating object type 'BulletTrail'
17:41:01  101 Client::createObject(): creating object type 'BulletTrail'
17:41:01  102 Client::eventHandler(): sending keyboard input to server.
17:41:01  102 Hero::deserialize()
17:41:01  103 Client::eventHandler(): sending keyboard input to server.
17:41:01  103 Client::createObject(): creating object type 'Bullet'
17:41:01  103 Client::createObject(): creating object type 'BulletTrail'
17:41:01  103 Client::createObject(): creating object type 'BulletTrail'
17:41:01  103 Hero::deserialize()
17:41:01  103 Client::createObject(): creating object type 'BulletTrail'
17:41:01  103 Client::createObject(): creating object type 'BulletTrail'
17:41:01  103 Client::createObject(): creating object type 'BulletTrail'
17:41:01  103 Client::createObject(): creating object type 'BulletTrail'
17:41:01  103 Client::createObject(): creating object type 'BulletTrail'
17:41:01  104 Client::eventHandler(): sending keyboard input to server.
17:41:01  104 Hero::deserialize()
17:41:01  104 Client::createObject(): creating object type 'BulletTrail'
17:41:01  104 Client::createObject(): creating object type 'BulletTrail'
17:41:01  104 Client::createObject(): creating object type 'BulletTrail'
17:41:01  104 Client::createObject(): creating object type 'BulletTrail'
17:41:01  104 Client::createObject(): creating object type 'BulletTrail'
17:41:01  105 Client::eventHandler(): sending keyboard input to server.
17:41:01  105 Client::eventHandler(): sending keyboard input to server.
17:41:01  105 Hero::deserialize()
17:41:01  106 Client::eventHandler(): sending keyboard input to server.
17:41:01  106 Client::createObject(): creating object type 'BulletTrail'
17:41:01  106 Client::createObject(): creating object type 'BulletTrail'
17:41:01  106 Client::createObject(): creating object type 'BulletTrail'
17:41:01  106 Client::createObject(): creating object type 'BulletTrail'
17:41:01  106 Client::createObject(): creating object type 'BulletTrail'
17:41:01  106 Hero::deserialize()
17:41:01  106 Client::createObject(): creating object type 'BulletTrail'
17:41:01  106 Client::createObject(): creating object type 'BulletTrail'
17:41:01  106 Client::createObject(): creating object type 'BulletTrail'
17:41:01  106 Client::createObject(): creating object type 'BulletTrail'
17:41:01  106 Client::createObject(): creating object type 'BulletTrail'
17:41:01  107 Client::eventHandler(): sending keyboard input to server.
17:41:01  107 Hero::deserialize()
17:41:01  108 Client::eventHandler(): sending keyboard input to server.
17:41:01  108 Client::createObject(): creating object type 'Bullet'
17:41:01  108 Client::createObject(): creating object type 'BulletTrail'
17:41:01  108 Client::createObject(): creating object type 'BulletTrail'
17:41:01  108 Client::createObject(): creating object type 'BulletTrail'
17:41:01  108 Client::createObject(): creating object type 'BulletTrail'
17:41:01  108 Client::createObject(): creating object type 'BulletTrail'
17:41:01  108 Hero::deserialize()
17:41:01  108 Client::createObject(): creating object type 'BulletTrail'
17:41:01  108 Client::createObject(): creating object type 'BulletTrail'
17:41:01  108 Client::createObject(): creating object type 'BulletTrail'
17:41:01  108 Client::createObject(): creating object type 'BulletTrail'
17:41:01  108 Client::createObject(): creating object type 'BulletTrail'
17:41:01  108 Client::createObject(): creating object type 'BulletTrail'
17:41:01  108 Client::createObject(): creating object type 'BulletTrail'
17:41:01  108 Client::createObject(): creating object type 'BulletTrail'
17:41:01  108 GameManager::run(): Can't keep up! frame_time 33 ms, split 34 ms
17:41:01  109 Client::eventHandler(): sending keyboard input to server.
17:41:01  109 Hero::deserialize()
17:41:01  110 Client::eventHandler(): sending keyboard input to server.
17:41:01  110 Client::createObject(): creating object type 'BulletTrail'
17:41:01  110 Client::createObject(): creating object type 'BulletTrail'
17:41:01  110 Client::createObject(): creating object type 'BulletTrail'
17:41:01  110 Client::createObject(): creating object type 'BulletTrail'
17:41:01  110 Client::createObject(): creating object type 'BulletTrail'
17:41:01  110 Client::createObject(): creating object type 'BulletTrail'
17:41:01  110 Client::createObject(): creating object type 'BulletTrail'
17:41:01  110 Client::createObject(): creating object type 'BulletTrail'
17:41:01  110 Hero::deserialize()
17:41:01  110 Client::createObject(): creating object type 'BulletTrail'
17:41:01  110 Client::createObject(): creating object type 'BulletTrail'
17:41:01  110 Client::createObject(): creating object type 'BulletTrail'
17:41:01  110 Client::createObject(): creating object type 'BulletTrail'
17:41:01  110 Client::createObject(): creating object type 'BulletTrail'
17:41:01  110 Client::createObject(): creating object type 'BulletTrail'
17:41:01  110 Client::createObject(): creating object type 'BulletTrail'
17:41:01  110 Client::createObject(): creating object type 'BulletTrail'
17:41:01  111 Client::eventHandler(): sending keyboard input to server.
17:41:01  112 Client::eventHandler(): sending keyboard input to server.
17:41:01  112 Hero::deserialize()
17:41:01  112 Client::createObject(): creating object type 'BulletTrail'
17:41:01  112 Client::createObject(): creating object type 'BulletTrail'
17:41:01  112 Client::createObject(): creating object type 'BulletTrail'
17:41:01  112 Client::createObject(): creating object type 'BulletTrail'
17:41:01  112 Client::createObject(): creating object type 'BulletTrail'
17:41:01  113 Client::eventHandler(): sending keyboard input to server.
17:41:01  113 Hero::deserialize()
17:41:01  113 Client::createObject(): creating object type 'Bullet'
17:41:01  113 Client::createObject(): creating object type 'BulletTrail'
17:41:01  113 Client::createObject(): creating object type 'BulletTrail'
17:41:01  113 Client::createObject(): creating object type 'BulletTrail'
17:41:01  113 Client::createObject(): creating object type 'BulletTrail'
17:41:01  113 Client::createObject(): creating object type 'BulletTrail'
17:41:01  114 Client::eventHandler(): sending keyboard input to server.
17:41:01  114 Hero::deserialize()
17:41:01  114 Client::createObject(): creating object type 'BulletTrail'
17:41:01  114 Client::createObject(): creating object type 'BulletTrail'
17:41:01  114 Client::createObject(): creating object type 'BulletTrail'
17:41:01  114 Client::createObject(): creating object type 'BulletTrail'
17:41:01  114 Client::createObject(): creating object type 'BulletTrail'
17:41:01  114 Hero::deserialize()
17:41:01  115 Client::eventHandler(): sending keyboard input to server.
17:41:01  115 Client::createObject(): creating object type 'BulletTrail'
17:41:01  115 Client::createObject(): creating object type 'BulletTrail'
17:41:01  115 Client::createObject(): creating object type 'BulletTrail'
17:41:01  115 Client::createObject(): creating object type 'BulletTrail'
17:41:01  115 Client::createObject(): creating object type 'BulletTrail'
17:41:01  116 Client::eventHandler(): sending keyboard input to server.
17:41:01  116 Hero::deserialize()
17:41:01  116 Client::createObject(): creating object type 'BulletTrail'
17:41:01  116 Client::createObject(): creating object type 'BulletTrail'
17:41:01  116 Client::createObject(): creating object type 'BulletTrail'
17:41:01  116 Client::createObject(): creating object type 'BulletTrail'
17:41:01  116 Client::createObject(): creating object type 'BulletTrail'
17:41:01  116 Hero::deserialize()
17:41:01  116 Client::createObject(): creating object type 'BulletTrail'
17:41:01  116 Client::createObject(): creating object type 'BulletTrail'
17:41:01  116 Client::createObject(): creating object type 'BulletTrail'
17:41:01  116 Client::createObject(): creating object type 'BulletTrail'
17:41:01  116 Client::createObject(): creating object type 'BulletTrail'
17:41:01  116 GameManager::run(): Can't keep up! frame_time 33 ms, split 34 ms
17:41:01  117 Client::eventHandler(): sending keyboard input to server.
17:41:01  118 Client::eventHandler(): sending keyboard input to server.
17:41:01  118 Hero::deserialize()
17:41:01  118 Client::createObject(): creating object type 'BulletTrail'
17:41:01  118 Client::createObject(): creating object type 'BulletTrail'
17:41:01  118 Client::createObject(): creating object type 'BulletTrail'
17:41:01  118 Client::createObject(): creating object type 'BulletTrail'
17:41:01  118 Client::createObject(): creating object type 'BulletTrail'
17:41:01  118 Hero::deserialize()
17:41:01  118 Client::createObject(): creating object type 'BulletTrail'
17:41:01  118 Client::createObject(): creating object type 'BulletTrail'
17:41:01  119 Client::eventHandler(): sending keyboard input to server.
17:41:01  119 Client::createObject(): creating object type 'BulletTrail'
17:41:01  119 Client::createObject(): creating object type 'BulletTrail'
17:41:01  119 Client::createObject(): creating object type 'BulletTrail'
17:41:01  119 Client::createObject(): creating object type 'BulletTrail'
17:41:01  120 Client::eventHandler(): sending keyboard input to server.
17:41:01  121 Client::eventHandler(): sending keyboard input to server.
17:41:01  121 Client::createObject(): creating object type 'BulletTrail'
17:41:01  121 Client::createObject(): creating object type 'BulletTrail'
17:41:01  121 Client::createObject(): creating object type 'BulletTrail'
17:41:01  121 Client::createObject(): creating object type 'BulletTrail'
17:41:01  121 Client::createObject(): creating object type 'BulletTrail'
17:41:01  121 Client::createObject(): creating object type 'BulletTrail'
17:41:01  122 Client::eventHandler(): sending keyboard input to server.
17:41:01  123 Client::eventHandler(): sending keyboard input to server.
17:41:01  123 Client::createObject(): creating object type 'BulletTrail'
17:41:01  123 Client::createObject(): creating object type 'BulletTrail'
17:41:01  123 Client::createObject(): creating object type 'BulletTrail'
17:41:01  124 Client::createObject(): creating object type 'BulletTrail'
17:41:01  124 Client::createObject(): creating object type 'BulletTrail'
17:41:01  124 Client::createObject(): creating object type 'BulletTrail'
17:41:01  125 Client::createObject(): creating object type 'BulletTrail'
17:41:01  125 Client::createObject(): creating object type 'BulletTrail'
17:41:01  125 Client::createObject(): creating object type 'BulletTrail'
17:41:01  126 Client::createObject(): creating object type 'BulletTrail'
17:41:01  126 Client::createObject(): creating object type 'BulletTrail'
17:41:01  126 Client::createObject(): creating object type 'BulletTrail'
17:41:01  127 Client::createObject(): creating object type 'BulletTrail'
17:41:01  127 Client::createObject(): creating object type 'BulletTrail'
17:41:01  128 Client::createObject(): creating object type 'BulletTrail'
17:41:01  128 Client::createObject(): creating object type 'BulletTrail'
17:41:01  129 Client::createObject(): creating object type 'BulletTrail'
17:41:01  129 Client::createObject(): creating object type 'BulletTrail'
17:41:01  129 Client::createObject(): creating object type 'BulletTrail'
17:41:01  129 Client::createObject(): creating object type 'BulletTrail'
17:41:01  129 GameManager::run(): Can't keep up! frame_time 33 ms, split 33 ms
17:41:02  137 GameManager::run(): Can't keep up! frame_time 33 ms, split 34 ms
17:41:02  140 Client::eventHandler(): sending keyboard input to server.
17:41:02  140 Client::eventHandler(): sending keyboard input to server.
17:41:02  140 GameManager::run(): Can't keep up! frame_time 33 ms, split 35 ms
17:41:02  141 Client::eventHandler(): sending keyboard input to server.
17:41:02  141 GameManager::run(): Can't keep up! frame_time 33 ms, split 36 ms
17:41:02  142 Client::eventHandler(): sending mouse input to server.
17:41:02  142 Client::eventHandler(): sending keyboard input to server.
17:41:02  143 Client::eventHandler(): sending mouse input to server.
17:41:02  143 Client::eventHandler(): sending keyboard input to server.
17:41:02  144 Client::eventHandler(): sending mouse input to server.
17:41:02  144 Client::eventHandler(): sending keyboard input to server.
17:41:02  145 Client::eventHandler(): sending mouse input to server.
17:41:02  145 Client::eventHandler(): sending keyboard input to server.
17:41:02  145 GameManager::run(): Can't keep up! frame_time 33 ms, split 36 ms
17:41:02  146 Client::eventHandler(): sending mouse input to server.
17:41:02  146 Client::eventHandler(): sending keyboard input to server.
17:41:02  147 Client::eventHandler(): sending mouse input to server.
17:41:02  147 Client::eventHandler(): sending mouse input to server.
17:41:02  147 Client::eventHandler(): sending keyboard input to server.
17:41:02  148 Client::eventHandler(): sending keyboard input to server.
17:41:02  149 Client::eventHandler(): sending keyboard input to server.
17:41:02  150 Client::eventHandler(): sending keyboard input to server.
17:41:02  151 Client::eventHandler(): sending keyboard input to server.
17:41:02  152 Client::eventHandler(): sending keyboard input to server.
17:41:02  153 Client::eventHandler(): sending keyboard input to server.
17:41:02  154 Client::eventHandler(): sending keyboard input to server.
17:41:02  155 Client::eventHandler(): sending keyboard input to server.
17:41:02  156 Client::eventHandler(): sending keyboard input to server.
17:41:02  158 Client::eventHandler(): sending keyboard input to server.
17:41:02  158 Client::eventHandler(): sending keyboard input to server.
17:41:02  159 Client::eventHandler(): sending keyboard input to server.
17:41:03  160 Client::eventHandler(): sending keyboard input to server.
17:41:03  161 Client::eventHandler(): sending keyboard input to server.
17:41:03  162 Client::eventHandler(): sending keyboard input to server.
17:41:03  162 GameManager::run(): Can't keep up! frame_time 33 ms, split 34 ms
17:41:03  163 Client::eventHandler(): sending keyboard input to server.
17:41:03  163 GameManager::run(): Can't keep up! frame_time 33 ms, split 34 ms
17:41:03  164 Client::eventHandler(): sending keyboard input to server.
17:41:03  164 GameManager::run(): Can't keep up! frame_time 33 ms, split 35 ms
17:41:03  165 Client::eventHandler(): sending keyboard input to server.
17:41:03  165 GameManager::run(): Can't keep up! frame_time 33 ms, split 37 ms
17:41:03  166 Client::eventHandler(): sending keyboard input to server.
17:41:03  167 Client::eventHandler(): sending keyboard input to server.
17:41:03  168 Client::eventHandler(): sending keyboard input to server.
17:41:03  169 Client::eventHandler(): sending mouse input to server.
17:41:03  170 Client::eventHandler(): sending mouse input to server.
17:41:03  171 Client::eventHandler(): sending mouse input to server.
17:41:03  172 Client::eventHandler(): sending mouse input to server.
17:41:03  172 Client::eventHandler(): sending keyboard input to server.
17:41:03  172 Client::eventHandler(): sending mouse input to server.
17:41:03  172 Client::eventHandler(): sending keyboard input to server.
17:41:03  173 Client::eventHandler(): sending mouse input to server.
17:41:03  173 Client::eventHandler(): sending mouse input to server.
17:41:03  173 Client::eventHandler(): sending keyboard input to server.
17:41:03  174 Client::eventHandler(): sending mouse input to server.
17:41:03  174 Client::eventHandler(): sending keyboard input to server.
17:41:03  175 Client::eventHandler(): sending mouse input to server.
17:41:03  175 Client::eventHandler(): sending keyboard input to server.
17:41:03  176 Client::eventHandler(): sending mouse input to server.
17:41:03  176 Client::eventHandler(): sending mouse input to server.
17:41:03  176 Client::eventHandler(): sending keyboard input to server.
17:41:03  177 Client::eventHandler(): sending mouse input to server.
17:41:03  177 Client::eventHandler(): sending mouse input to server.
17:41:03  177 Client::eventHandler(): sending keyboard input to server.
17:41:03  178 Client::eventHandler(): sending mouse input to server.
17:41:03  178 Client::eventHandler(): sending keyboard input to server.
17:41:03  179 Client::eventHandler(): sending mouse input to server.
17:41:03  179 Client::eventHandler(): sending keyboard input to server.
17:41:03  179 Client::eventHandler(): sending mouse input to server.
17:41:03  180 GameManager::run(): Can't keep up! frame_time 33 ms, split 34 ms
17:41:03  181 GameManager::run(): Can't keep up! frame_time 33 ms, split 33 ms
17:41:03  187 GameManager::run(): Can't keep up! frame_time 33 ms, split 34 ms
17:41:03  188 GameManager::run(): Can't keep up! frame_time 33 ms, split 35 ms
17:41:04  196 GameManager::run(): Can't keep up! frame_time 33 ms, split 37 ms
17:41:04  206 GameManager::run(): Can't keep up! frame_time 33 ms, split 33 ms
17:41:04  207 GameManager::run(): Can't keep up! frame_time 33 ms, split 33 ms
17:41:04  210 GameManager::run(): Can't keep up! frame_time 33 ms, split 34 ms
17:41:04  212 GameManager::run(): Can't keep up! frame_time 33 ms, split 33 ms
17:41:04  213 GameManager::run(): Can't keep up! frame_time 33 ms, split 35 ms
17:41:04  214 GameManager::run(): Can't keep up! frame_time 33 ms, split 34 ms
17:41:04  218 GameManager::run(): Can't keep up! frame_time 33 ms, split 36 ms
17:41:05  219 GameManager::run(): Can't keep up! frame_time 33 ms, split 33 ms
17:41:05  220 InputManager::getInput(): Window close event. Setting game over.
17:41:05  220 GameManager::run(): Can't keep up! frame_time 33 ms, split 173 ms
17:41:05  221 GameManager::run(): end of game loop
17:41:05  221 PathManager::shutDown(): successfully stopped.
17:41:05  221 Path manager stopped
17:41:05  221 WorldManager::shutDown(): Successfully stopped.
17:41:05  221 World manager stopped
17:41:05  221 ResourceManager::shutDown(): successfully stopped.
17:41:05  221 Resource manager stopped
17:41:05  221 NetworkManager::shutDown(): successfully stopped.
17:41:05  221 Network manager stopped
17:41:05  221 InputManager::shutDown(): successfully stopped.
17:41:05  221 Input manager stopped
17:41:05  221 DisplayManager::shutDown(): successfully stopped.
17:41:05  221 Display manager stopped
17:41:05  221 ** Game stopped **
17:41:05  221 ****************************************************
17:41:05  221 LogManager::shutDown(): successfully stopped.
