14:42:31    0 ****************************************************
14:42:31    0 ** Dragonfly version 4.9 **
14:42:31    0 Hello, Network! (v1.2)
14:42:31    0 ResourceManager::loadSprite(): Loading sprite 'sprites/explosion-spr.txt'
14:42:31    0 ResourceManager::loadSprite(): Opened file 'sprites/explosion-spr.txt'
14:42:31    0 ResourceManager::loadSprite(): Sprite 'explosion' successfully loaded
14:42:31    0 Client::Client(): Connecting to localhost at port 9876.
14:42:31    0 NetworkManager::connect(): Connecting to localhost, port 9876.
14:42:31    0 NetworkManager::connect(): Connection established.
14:42:31    0 Client::handleConnect(): Client connected!
14:42:31    0 Client::Client(): Client started.
14:42:31    0 GameManager::run(): starting game loop
14:42:31    0 Client::createObject(): creating object type 'Reticle'
14:42:32   33 Client::eventHandler(): sending mouse input to server.
14:42:32   33 Client::eventHandler(): sending mouse input to server.
14:42:32   34 Client::eventHandler(): sending mouse input to server.
14:42:32   35 Client::eventHandler(): sending mouse input to server.
14:42:32   36 Client::eventHandler(): sending mouse input to server.
14:42:33   37 Client::eventHandler(): sending mouse input to server.
14:42:33   38 Client::eventHandler(): sending mouse input to server.
14:42:33   39 Client::eventHandler(): sending mouse input to server.
14:42:33   40 Client::eventHandler(): sending mouse input to server.
14:42:33   41 Client::eventHandler(): sending mouse input to server.
14:42:33   42 Client::eventHandler(): sending mouse input to server.
14:42:33   42 Client::eventHandler(): sending mouse input to server.
14:42:33   42 Client::eventHandler(): sending mouse input to server.
14:42:33   43 Client::eventHandler(): sending mouse input to server.
14:42:33   44 Client::eventHandler(): sending mouse input to server.
14:42:33   50 Client::eventHandler(): sending mouse input to server.
14:42:33   51 Client::eventHandler(): sending mouse input to server.
14:42:33   52 Client::eventHandler(): sending mouse input to server.
14:42:33   53 Client::eventHandler(): sending mouse input to server.
14:42:33   54 Client::eventHandler(): sending mouse input to server.
14:42:33   55 Client::eventHandler(): sending mouse input to server.
14:42:33   56 Client::eventHandler(): sending mouse input to server.
14:42:33   57 Client::eventHandler(): sending mouse input to server.
14:42:33   58 Client::eventHandler(): sending mouse input to server.
14:42:33   59 Client::eventHandler(): sending mouse input to server.
14:42:33   59 Client::eventHandler(): sending mouse input to server.
14:42:33   60 Client::eventHandler(): sending mouse input to server.
14:42:33   61 Client::eventHandler(): sending mouse input to server.
14:42:33   61 Client::eventHandler(): sending mouse input to server.
14:42:33   62 Client::eventHandler(): sending mouse input to server.
14:42:33   63 Client::eventHandler(): sending mouse input to server.
14:42:33   63 Client::eventHandler(): sending mouse input to server.
14:42:33   64 Client::eventHandler(): sending mouse input to server.
14:42:33   65 Client::eventHandler(): sending mouse input to server.
14:42:33   66 Client::eventHandler(): sending mouse input to server.
14:42:34   67 Client::eventHandler(): sending mouse input to server.
14:42:34   68 Client::eventHandler(): sending mouse input to server.
14:42:34   69 Client::eventHandler(): sending mouse input to server.
14:42:34   70 Client::eventHandler(): sending mouse input to server.
14:42:34   71 Client::eventHandler(): sending mouse input to server.
14:42:34   72 Client::eventHandler(): sending mouse input to server.
14:42:34   73 Client::eventHandler(): sending mouse input to server.
14:42:34   73 Client::eventHandler(): sending mouse input to server.
14:42:34   73 Client::eventHandler(): sending mouse input to server.
14:42:34   73 Client::eventHandler(): sending mouse input to server.
14:42:34   74 Client::eventHandler(): sending mouse input to server.
14:42:34   74 Client::eventHandler(): sending mouse input to server.
14:42:34   74 Client::eventHandler(): sending mouse input to server.
14:42:34   74 Client::eventHandler(): sending mouse input to server.
14:42:34   74 Client::eventHandler(): sending mouse input to server.
14:42:34   75 Client::eventHandler(): sending mouse input to server.
14:42:34   76 Client::eventHandler(): sending mouse input to server.
14:42:34   77 Client::eventHandler(): sending mouse input to server.
14:42:34   78 Client::eventHandler(): sending mouse input to server.
14:42:34   78 Client::eventHandler(): sending mouse input to server.
14:42:34   79 Client::eventHandler(): sending mouse input to server.
14:42:34   80 Client::eventHandler(): sending mouse input to server.
14:42:34   81 Client::eventHandler(): sending mouse input to server.
14:42:34   82 Client::eventHandler(): sending mouse input to server.
14:42:34   82 Client::eventHandler(): sending mouse input to server.
14:42:34   82 Client::eventHandler(): sending mouse input to server.
14:42:34   83 Client::eventHandler(): sending mouse input to server.
14:42:34   84 Client::eventHandler(): sending mouse input to server.
14:42:34   85 Client::eventHandler(): sending mouse input to server.
14:42:34   85 Client::eventHandler(): sending mouse input to server.
14:42:34   85 Client::eventHandler(): sending mouse input to server.
14:42:34   85 Client::eventHandler(): sending mouse input to server.
14:42:34   86 Client::eventHandler(): sending mouse input to server.
14:42:34   86 Client::eventHandler(): sending mouse input to server.
14:42:34   87 Client::eventHandler(): sending mouse input to server.
14:42:34   87 Client::eventHandler(): sending mouse input to server.
14:42:34   88 Client::eventHandler(): sending mouse input to server.
14:42:34   89 Client::eventHandler(): sending mouse input to server.
14:42:34   91 Client::eventHandler(): sending mouse input to server.
14:42:34   92 Client::eventHandler(): sending mouse input to server.
14:42:34   93 Client::eventHandler(): sending mouse input to server.
14:42:34   93 Client::eventHandler(): sending mouse input to server.
14:42:34   94 Client::eventHandler(): sending mouse input to server.
14:42:34   95 Client::eventHandler(): sending mouse input to server.
14:42:34   95 Client::eventHandler(): sending mouse input to server.
14:42:34   95 Client::eventHandler(): sending mouse input to server.
14:42:34   96 Client::eventHandler(): sending mouse input to server.
14:42:35   97 Client::eventHandler(): sending mouse input to server.
14:42:35   98 Client::eventHandler(): sending mouse input to server.
14:42:35   99 Client::eventHandler(): sending mouse input to server.
14:42:35  100 Client::eventHandler(): sending mouse input to server.
14:42:35  101 Client::eventHandler(): sending mouse input to server.
14:42:35  102 Client::eventHandler(): sending mouse input to server.
14:42:35  103 Client::eventHandler(): sending mouse input to server.
14:42:35  113 Client::eventHandler(): sending mouse input to server.
14:42:35  114 Client::eventHandler(): sending mouse input to server.
14:42:35  115 Client::eventHandler(): sending mouse input to server.
14:42:35  116 Client::eventHandler(): sending mouse input to server.
14:42:35  117 Client::eventHandler(): sending mouse input to server.
14:42:35  118 Client::eventHandler(): sending mouse input to server.
14:42:35  121 Client::eventHandler(): sending mouse input to server.
14:42:35  122 Client::eventHandler(): sending mouse input to server.
14:42:35  123 Client::eventHandler(): sending mouse input to server.
14:42:35  124 Client::eventHandler(): sending mouse input to server.
14:42:35  125 Client::eventHandler(): sending mouse input to server.
14:42:35  125 Client::eventHandler(): sending mouse input to server.
14:42:35  126 Client::eventHandler(): sending mouse input to server.
14:42:35  127 Client::eventHandler(): sending mouse input to server.
14:42:35  127 Client::createObject(): creating object type 'Explosion'
14:42:36  131 Client::eventHandler(): sending mouse input to server.
14:42:36  132 Client::eventHandler(): sending mouse input to server.
14:42:36  132 Client::eventHandler(): sending mouse input to server.
14:42:36  132 Client::eventHandler(): sending mouse input to server.
14:42:36  132 Client::eventHandler(): sending mouse input to server.
14:42:36  132 Client::eventHandler(): sending mouse input to server.
14:42:36  132 Client::eventHandler(): sending mouse input to server.
14:42:36  133 Client::eventHandler(): sending mouse input to server.
14:42:36  134 Client::eventHandler(): sending mouse input to server.
14:42:36  135 Client::eventHandler(): sending mouse input to server.
14:42:36  136 Client::eventHandler(): sending mouse input to server.
14:42:36  137 Client::eventHandler(): sending mouse input to server.
14:42:36  138 Client::eventHandler(): sending mouse input to server.
14:42:36  139 Client::eventHandler(): sending mouse input to server.
14:42:36  142 Client::eventHandler(): sending mouse input to server.
14:42:36  143 Client::eventHandler(): sending mouse input to server.
14:42:36  143 Client::eventHandler(): sending mouse input to server.
14:42:36  143 Client::eventHandler(): sending mouse input to server.
14:42:36  144 Client::eventHandler(): sending mouse input to server.
14:42:36  144 Client::eventHandler(): sending mouse input to server.
14:42:36  145 Client::eventHandler(): sending mouse input to server.
14:42:36  145 Client::createObject(): creating object type 'Explosion'
14:42:36  146 Client::eventHandler(): sending mouse input to server.
14:42:36  147 Client::eventHandler(): sending mouse input to server.
14:42:36  148 Client::eventHandler(): sending mouse input to server.
14:42:36  148 Client::eventHandler(): sending mouse input to server.
14:42:36  148 Client::eventHandler(): sending mouse input to server.
14:42:36  149 Client::eventHandler(): sending mouse input to server.
14:42:36  150 Client::eventHandler(): sending mouse input to server.
14:42:36  151 Client::eventHandler(): sending mouse input to server.
14:42:36  151 Client::eventHandler(): sending mouse input to server.
14:42:36  151 Client::eventHandler(): sending mouse input to server.
14:42:36  152 Client::eventHandler(): sending mouse input to server.
14:42:36  153 Client::eventHandler(): sending mouse input to server.
14:42:36  154 Client::eventHandler(): sending mouse input to server.
14:42:36  155 Client::eventHandler(): sending mouse input to server.
14:42:36  156 Client::eventHandler(): sending mouse input to server.
14:42:36  156 Client::eventHandler(): sending mouse input to server.
14:42:36  157 Client::eventHandler(): sending mouse input to server.
14:42:37  158 Client::eventHandler(): sending mouse input to server.
14:42:37  159 Client::eventHandler(): sending mouse input to server.
14:42:37  160 Client::eventHandler(): sending mouse input to server.
14:42:37  163 Client::eventHandler(): sending mouse input to server.
14:42:37  165 Client::eventHandler(): sending mouse input to server.
14:42:37  165 Client::eventHandler(): sending mouse input to server.
14:42:37  166 Client::eventHandler(): sending mouse input to server.
14:42:37  167 Client::eventHandler(): sending mouse input to server.
14:42:37  167 Client::createObject(): creating object type 'Explosion'
14:42:37  168 Client::eventHandler(): sending mouse input to server.
14:42:37  169 Client::eventHandler(): sending mouse input to server.
14:42:37  176 Client::eventHandler(): sending mouse input to server.
14:42:37  179 Client::eventHandler(): sending mouse input to server.
14:42:37  180 Client::eventHandler(): sending mouse input to server.
14:42:37  181 Client::eventHandler(): sending mouse input to server.
14:42:37  182 Client::eventHandler(): sending mouse input to server.
14:42:37  183 Client::eventHandler(): sending mouse input to server.
14:42:37  184 Client::eventHandler(): sending mouse input to server.
14:42:37  185 Client::eventHandler(): sending mouse input to server.
14:42:37  186 Client::eventHandler(): sending mouse input to server.
14:42:38  191 Client::eventHandler(): sending mouse input to server.
14:42:38  205 Client::eventHandler(): sending mouse input to server.
14:42:38  206 Client::eventHandler(): sending mouse input to server.
14:42:38  206 Client::eventHandler(): sending mouse input to server.
14:42:38  207 Client::eventHandler(): sending mouse input to server.
14:42:38  208 Client::eventHandler(): sending mouse input to server.
14:42:38  209 Client::eventHandler(): sending mouse input to server.
14:42:38  210 Client::eventHandler(): sending mouse input to server.
14:42:38  212 Client::eventHandler(): sending mouse input to server.
14:42:39  231 Client::eventHandler(): sending mouse input to server.
14:42:39  235 Client::eventHandler(): sending mouse input to server.
14:42:39  239 Client::eventHandler(): sending mouse input to server.
14:42:39  241 Client::eventHandler(): sending mouse input to server.
14:42:46  436 Client::eventHandler(): sending mouse input to server.
14:42:46  437 Client::eventHandler(): sending mouse input to server.
14:42:46  439 Client::eventHandler(): sending mouse input to server.
14:42:46  440 Client::eventHandler(): sending mouse input to server.
14:42:46  440 Client::eventHandler(): sending mouse input to server.
14:42:46  441 Client::eventHandler(): sending mouse input to server.
14:42:46  441 Client::eventHandler(): sending mouse input to server.
14:42:46  441 Client::eventHandler(): sending mouse input to server.
14:42:46  442 Client::eventHandler(): sending mouse input to server.
14:42:46  443 Client::eventHandler(): sending mouse input to server.
14:42:46  446 Client::eventHandler(): sending mouse input to server.
14:42:46  448 Client::eventHandler(): sending mouse input to server.
14:42:46  449 Client::eventHandler(): sending mouse input to server.
14:42:46  451 Client::eventHandler(): sending mouse input to server.
14:42:46  454 Client::eventHandler(): sending mouse input to server.
14:42:46  455 Client::eventHandler(): sending mouse input to server.
14:42:46  456 Client::eventHandler(): sending mouse input to server.
14:42:46  457 Client::eventHandler(): sending mouse input to server.
14:42:46  458 Client::eventHandler(): sending mouse input to server.
14:42:46  459 Client::eventHandler(): sending mouse input to server.
14:42:46  459 Client::eventHandler(): sending mouse input to server.
14:42:46  460 Client::eventHandler(): sending mouse input to server.
14:42:47  461 Client::eventHandler(): sending mouse input to server.
14:42:47  462 Client::eventHandler(): sending mouse input to server.
14:42:47  463 Client::eventHandler(): sending mouse input to server.
14:42:47  464 Client::eventHandler(): sending mouse input to server.
14:42:47  465 Client::eventHandler(): sending mouse input to server.
14:42:47  466 Client::eventHandler(): sending mouse input to server.
14:42:47  467 Client::eventHandler(): sending mouse input to server.
14:42:47  468 Client::eventHandler(): sending mouse input to server.
14:42:47  469 Client::eventHandler(): sending mouse input to server.
14:42:47  470 Client::eventHandler(): sending mouse input to server.
14:42:47  471 Client::eventHandler(): sending mouse input to server.
14:42:47  472 Client::eventHandler(): sending mouse input to server.
14:42:47  473 Client::eventHandler(): sending mouse input to server.
14:42:47  474 Client::eventHandler(): sending mouse input to server.
14:42:47  488 Client::eventHandler(): sending mouse input to server.
14:42:49  537 Client::eventHandler(): sending mouse input to server.
14:42:49  537 Client::eventHandler(): sending mouse input to server.
14:42:49  538 Client::eventHandler(): sending mouse input to server.
14:42:49  538 Client::eventHandler(): sending mouse input to server.
14:42:50  553 Client::eventHandler(): sending mouse input to server.
14:42:50  553 Client::eventHandler(): sending mouse input to server.
14:42:50  553 Client::eventHandler(): sending mouse input to server.
14:42:50  554 Client::eventHandler(): sending mouse input to server.
14:42:50  555 Client::eventHandler(): sending mouse input to server.
14:42:50  555 Client::eventHandler(): sending mouse input to server.
14:42:50  556 Client::eventHandler(): sending mouse input to server.
14:42:50  558 Client::eventHandler(): sending mouse input to server.
14:42:50  559 Client::eventHandler(): sending mouse input to server.
14:42:50  561 Client::eventHandler(): sending mouse input to server.
14:42:50  562 Client::eventHandler(): sending mouse input to server.
14:42:50  565 Client::eventHandler(): sending mouse input to server.
14:42:50  566 Client::eventHandler(): sending mouse input to server.
14:42:50  566 Client::eventHandler(): sending mouse input to server.
14:42:50  566 Client::eventHandler(): sending mouse input to server.
14:42:50  566 Client::eventHandler(): sending mouse input to server.
14:42:50  567 Client::eventHandler(): sending mouse input to server.
14:42:50  567 Client::eventHandler(): sending mouse input to server.
14:42:50  568 Client::eventHandler(): sending mouse input to server.
14:42:50  569 Client::eventHandler(): sending mouse input to server.
14:42:50  570 Client::eventHandler(): sending mouse input to server.
14:42:50  571 Client::eventHandler(): sending mouse input to server.
14:42:50  572 Client::eventHandler(): sending mouse input to server.
14:42:50  572 Client::eventHandler(): sending mouse input to server.
14:42:50  573 Client::eventHandler(): sending mouse input to server.
14:42:50  575 Client::eventHandler(): sending mouse input to server.
14:42:50  576 Client::eventHandler(): sending mouse input to server.
14:42:50  577 Client::eventHandler(): sending mouse input to server.
14:42:50  577 Client::eventHandler(): sending mouse input to server.
14:42:50  578 Client::eventHandler(): sending mouse input to server.
14:42:50  579 Client::eventHandler(): sending mouse input to server.
14:42:50  579 Client::eventHandler(): sending mouse input to server.
14:42:50  579 Client::eventHandler(): sending mouse input to server.
14:42:50  580 Client::eventHandler(): sending mouse input to server.
14:42:51  584 Client::eventHandler(): sending mouse input to server.
14:42:51  585 Client::eventHandler(): sending mouse input to server.
14:42:51  586 Client::eventHandler(): sending mouse input to server.
14:42:51  587 Client::eventHandler(): sending mouse input to server.
14:42:51  588 Client::eventHandler(): sending mouse input to server.
14:42:51  588 Client::eventHandler(): sending mouse input to server.
14:42:51  588 Client::eventHandler(): sending mouse input to server.
14:42:51  589 Client::eventHandler(): sending mouse input to server.
14:42:51  589 Client::eventHandler(): sending mouse input to server.
14:42:51  590 Client::createObject(): creating object type 'Explosion'
14:42:51  593 Client::eventHandler(): sending mouse input to server.
14:42:51  593 Client::eventHandler(): sending mouse input to server.
14:42:51  594 Client::eventHandler(): sending mouse input to server.
14:42:51  595 Client::eventHandler(): sending mouse input to server.
14:42:51  595 Client::eventHandler(): sending mouse input to server.
14:42:51  595 Client::eventHandler(): sending mouse input to server.
14:42:51  596 Client::eventHandler(): sending mouse input to server.
14:42:51  597 Client::eventHandler(): sending mouse input to server.
14:42:51  598 Client::eventHandler(): sending mouse input to server.
14:42:51  599 Client::eventHandler(): sending mouse input to server.
14:42:51  600 Client::eventHandler(): sending mouse input to server.
14:42:51  600 Client::eventHandler(): sending mouse input to server.
14:42:51  601 Client::eventHandler(): sending mouse input to server.
14:42:51  602 Client::eventHandler(): sending mouse input to server.
14:42:51  602 Client::createObject(): creating object type 'Explosion'
14:42:51  603 Client::eventHandler(): sending mouse input to server.
14:42:51  604 Client::eventHandler(): sending mouse input to server.
14:42:51  605 Client::eventHandler(): sending mouse input to server.
14:42:51  606 Client::eventHandler(): sending mouse input to server.
14:42:51  607 Client::eventHandler(): sending mouse input to server.
14:42:51  609 Client::eventHandler(): sending mouse input to server.
14:42:51  609 Client::eventHandler(): sending mouse input to server.
14:42:51  610 Client::eventHandler(): sending mouse input to server.
14:42:51  611 Client::eventHandler(): sending mouse input to server.
14:42:51  611 Client::createObject(): creating object type 'Explosion'
14:42:52  612 Client::eventHandler(): sending mouse input to server.
14:42:52  613 Client::eventHandler(): sending mouse input to server.
14:42:52  614 Client::eventHandler(): sending mouse input to server.
14:42:52  615 Client::eventHandler(): sending mouse input to server.
14:42:52  616 Client::eventHandler(): sending mouse input to server.
14:42:52  617 Client::eventHandler(): sending mouse input to server.
14:42:52  618 Client::eventHandler(): sending mouse input to server.
14:42:52  618 Client::eventHandler(): sending mouse input to server.
14:42:52  618 Client::eventHandler(): sending mouse input to server.
14:42:52  618 Client::eventHandler(): sending mouse input to server.
14:42:52  619 Client::eventHandler(): sending mouse input to server.
14:42:52  619 Client::eventHandler(): sending mouse input to server.
14:42:52  620 Client::eventHandler(): sending mouse input to server.
14:42:52  620 Client::eventHandler(): sending mouse input to server.
14:42:52  620 Client::createObject(): creating object type 'Explosion'
14:42:52  621 Client::eventHandler(): sending mouse input to server.
14:42:52  621 Client::eventHandler(): sending mouse input to server.
14:42:52  621 Client::eventHandler(): sending mouse input to server.
14:42:52  622 Client::eventHandler(): sending mouse input to server.
14:42:52  622 Client::eventHandler(): sending mouse input to server.
14:42:52  622 Client::eventHandler(): sending mouse input to server.
14:42:52  623 Client::eventHandler(): sending mouse input to server.
14:42:52  623 Client::eventHandler(): sending mouse input to server.
14:42:52  623 Client::eventHandler(): sending mouse input to server.
14:42:52  624 Client::eventHandler(): sending mouse input to server.
14:42:52  624 Client::eventHandler(): sending mouse input to server.
14:42:52  625 Client::eventHandler(): sending mouse input to server.
14:42:52  625 Client::eventHandler(): sending mouse input to server.
14:42:52  626 Client::eventHandler(): sending mouse input to server.
14:42:52  626 Client::eventHandler(): sending mouse input to server.
14:42:52  626 Client::eventHandler(): sending mouse input to server.
14:42:52  627 Client::eventHandler(): sending mouse input to server.
14:42:52  627 Client::eventHandler(): sending mouse input to server.
14:42:52  628 Client::eventHandler(): sending mouse input to server.
14:42:52  628 Client::eventHandler(): sending mouse input to server.
14:42:52  629 Client::eventHandler(): sending mouse input to server.
14:42:52  629 Client::eventHandler(): sending mouse input to server.
14:42:52  630 Client::eventHandler(): sending mouse input to server.
14:42:52  630 Client::eventHandler(): sending mouse input to server.
14:42:52  631 Client::eventHandler(): sending mouse input to server.
14:42:52  631 Client::eventHandler(): sending mouse input to server.
14:42:52  632 Client::eventHandler(): sending mouse input to server.
14:42:52  632 Client::eventHandler(): sending mouse input to server.
14:42:52  633 Client::eventHandler(): sending mouse input to server.
14:42:52  633 Client::eventHandler(): sending mouse input to server.
14:42:52  633 Client::eventHandler(): sending mouse input to server.
14:42:52  634 Client::eventHandler(): sending mouse input to server.
14:42:52  634 Client::eventHandler(): sending mouse input to server.
14:42:52  635 Client::eventHandler(): sending mouse input to server.
14:42:52  635 Client::eventHandler(): sending mouse input to server.
14:42:52  636 Client::eventHandler(): sending mouse input to server.
14:42:52  636 Client::eventHandler(): sending mouse input to server.
14:42:52  637 Client::eventHandler(): sending mouse input to server.
14:42:52  637 Client::eventHandler(): sending mouse input to server.
14:42:52  638 Client::eventHandler(): sending mouse input to server.
14:42:52  638 Client::eventHandler(): sending mouse input to server.
14:42:52  638 Client::eventHandler(): sending mouse input to server.
14:42:52  639 Client::eventHandler(): sending mouse input to server.
14:42:52  639 Client::eventHandler(): sending mouse input to server.
14:42:52  639 Client::eventHandler(): sending mouse input to server.
14:42:52  640 Client::eventHandler(): sending mouse input to server.
14:42:52  640 Client::eventHandler(): sending mouse input to server.
14:42:52  641 Client::eventHandler(): sending mouse input to server.
14:42:52  641 Client::eventHandler(): sending mouse input to server.
14:42:52  642 Client::eventHandler(): sending mouse input to server.
14:42:52  642 Client::eventHandler(): sending mouse input to server.
14:42:53  643 Client::eventHandler(): sending mouse input to server.
14:42:53  643 Client::eventHandler(): sending mouse input to server.
14:42:53  644 Client::eventHandler(): sending mouse input to server.
14:42:53  644 Client::eventHandler(): sending mouse input to server.
14:42:53  645 Client::eventHandler(): sending mouse input to server.
14:42:53  645 Client::eventHandler(): sending mouse input to server.
14:42:53  646 Client::eventHandler(): sending mouse input to server.
14:42:53  646 Client::eventHandler(): sending mouse input to server.
14:42:53  647 Client::eventHandler(): sending mouse input to server.
14:42:53  647 Client::eventHandler(): sending mouse input to server.
14:42:53  648 Client::eventHandler(): sending mouse input to server.
14:42:53  648 Client::eventHandler(): sending mouse input to server.
14:42:53  649 Client::eventHandler(): sending mouse input to server.
14:42:53  649 Client::eventHandler(): sending mouse input to server.
14:42:53  650 Client::eventHandler(): sending mouse input to server.
14:42:53  650 Client::eventHandler(): sending mouse input to server.
14:42:53  651 Client::eventHandler(): sending mouse input to server.
14:42:53  651 Client::eventHandler(): sending mouse input to server.
14:42:53  652 Client::eventHandler(): sending mouse input to server.
14:42:53  652 Client::eventHandler(): sending mouse input to server.
14:42:53  653 Client::eventHandler(): sending mouse input to server.
14:42:53  653 Client::eventHandler(): sending mouse input to server.
14:42:53  654 Client::eventHandler(): sending mouse input to server.
14:42:53  654 Client::eventHandler(): sending mouse input to server.
14:42:53  655 Client::eventHandler(): sending mouse input to server.
14:42:53  655 Client::eventHandler(): sending mouse input to server.
14:42:53  656 Client::eventHandler(): sending mouse input to server.
14:42:53  660 Client::eventHandler(): sending mouse input to server.
14:42:53  660 Client::eventHandler(): sending mouse input to server.
14:42:53  661 Client::eventHandler(): sending mouse input to server.
14:42:53  662 Client::eventHandler(): sending mouse input to server.
14:42:53  662 Client::createObject(): creating object type 'Explosion'
14:42:53  665 Client::eventHandler(): sending mouse input to server.
14:42:53  666 Client::eventHandler(): sending mouse input to server.
14:42:53  667 Client::eventHandler(): sending mouse input to server.
14:42:53  668 Client::eventHandler(): sending mouse input to server.
14:42:53  668 Client::eventHandler(): sending mouse input to server.
14:42:53  669 Client::eventHandler(): sending mouse input to server.
14:42:53  670 Client::eventHandler(): sending mouse input to server.
14:42:53  671 Client::eventHandler(): sending mouse input to server.
14:42:53  672 Client::eventHandler(): sending mouse input to server.
14:42:54  673 Client::eventHandler(): sending mouse input to server.
14:42:54  674 Client::eventHandler(): sending mouse input to server.
14:42:54  674 Client::eventHandler(): sending mouse input to server.
14:42:54  675 Client::eventHandler(): sending mouse input to server.
14:42:54  676 Client::eventHandler(): sending mouse input to server.
14:42:54  677 Client::eventHandler(): sending mouse input to server.
14:42:54  678 Client::eventHandler(): sending mouse input to server.
14:42:54  678 Client::eventHandler(): sending mouse input to server.
14:42:54  678 Client::eventHandler(): sending mouse input to server.
14:42:54  679 Client::eventHandler(): sending mouse input to server.
14:42:54  680 Client::eventHandler(): sending mouse input to server.
14:42:54  680 Client::createObject(): creating object type 'Explosion'
14:42:54  684 Client::eventHandler(): sending mouse input to server.
14:42:54  684 Client::eventHandler(): sending mouse input to server.
14:42:54  685 Client::eventHandler(): sending mouse input to server.
14:42:54  686 Client::createObject(): creating object type 'Explosion'
14:42:54  689 Client::eventHandler(): sending mouse input to server.
14:42:54  689 Client::eventHandler(): sending mouse input to server.
14:42:54  690 Client::eventHandler(): sending mouse input to server.
14:42:54  690 Client::eventHandler(): sending mouse input to server.
14:42:54  691 Client::eventHandler(): sending mouse input to server.
14:42:54  691 Client::eventHandler(): sending mouse input to server.
14:42:54  692 Client::eventHandler(): sending mouse input to server.
14:42:54  692 Client::eventHandler(): sending mouse input to server.
14:42:54  692 Client::eventHandler(): sending mouse input to server.
14:42:54  692 Client::eventHandler(): sending mouse input to server.
14:42:55  706 Client::eventHandler(): sending mouse input to server.
14:42:55  707 Client::eventHandler(): sending mouse input to server.
14:42:55  708 Client::eventHandler(): sending mouse input to server.
14:43:52 2448 Client::eventHandler(): sending mouse input to server.
14:43:52 2449 Client::eventHandler(): sending mouse input to server.
14:43:52 2454 Client::eventHandler(): sending mouse input to server.
14:43:52 2455 Client::eventHandler(): sending mouse input to server.
14:43:52 2456 Client::eventHandler(): sending mouse input to server.
14:43:52 2457 Client::eventHandler(): sending mouse input to server.
14:43:52 2458 Client::eventHandler(): sending mouse input to server.
14:43:52 2459 Client::eventHandler(): sending mouse input to server.
14:43:52 2460 Client::eventHandler(): sending mouse input to server.
14:43:53 2461 Client::eventHandler(): sending mouse input to server.
14:43:53 2461 Client::eventHandler(): sending mouse input to server.
14:43:53 2461 Client::eventHandler(): sending mouse input to server.
14:43:53 2461 Client::eventHandler(): sending mouse input to server.
14:43:53 2461 Client::eventHandler(): sending mouse input to server.
14:43:53 2462 Client::eventHandler(): sending mouse input to server.
14:43:53 2474 Client::eventHandler(): sending mouse input to server.
14:43:53 2475 Client::eventHandler(): sending mouse input to server.
14:43:53 2476 Client::eventHandler(): sending mouse input to server.
14:43:53 2476 Client::eventHandler(): sending mouse input to server.
14:43:53 2477 Client::eventHandler(): sending mouse input to server.
14:43:53 2478 Client::eventHandler(): sending mouse input to server.
14:43:53 2479 Client::eventHandler(): sending mouse input to server.
14:43:53 2479 Client::eventHandler(): sending mouse input to server.
14:43:53 2480 Client::eventHandler(): sending mouse input to server.
14:43:53 2480 Client::eventHandler(): sending mouse input to server.
14:43:53 2481 Client::eventHandler(): sending mouse input to server.
14:43:53 2481 Client::eventHandler(): sending mouse input to server.
14:43:53 2481 Client::eventHandler(): sending mouse input to server.
14:43:53 2482 Client::eventHandler(): sending mouse input to server.
14:43:53 2483 Client::eventHandler(): sending mouse input to server.
14:43:53 2485 Client::eventHandler(): sending mouse input to server.
14:43:53 2486 Client::eventHandler(): sending mouse input to server.
14:43:53 2487 Client::eventHandler(): sending mouse input to server.
14:43:53 2488 Client::eventHandler(): sending mouse input to server.
14:43:53 2488 Client::eventHandler(): sending mouse input to server.
14:43:53 2488 Client::eventHandler(): sending mouse input to server.
14:43:53 2489 Client::eventHandler(): sending mouse input to server.
14:43:53 2489 Client::eventHandler(): sending mouse input to server.
14:43:53 2489 Client::eventHandler(): sending mouse input to server.
14:43:53 2489 Client::eventHandler(): sending mouse input to server.
14:43:53 2489 Client::eventHandler(): sending mouse input to server.
14:43:53 2490 Client::eventHandler(): sending mouse input to server.
14:43:53 2490 Client::eventHandler(): sending mouse input to server.
14:43:54 2491 Client::eventHandler(): sending mouse input to server.
14:43:54 2491 Client::eventHandler(): sending mouse input to server.
14:43:54 2492 Client::eventHandler(): sending mouse input to server.
14:43:54 2492 Client::eventHandler(): sending mouse input to server.
14:43:54 2492 Client::eventHandler(): sending mouse input to server.
14:43:54 2492 Client::eventHandler(): sending mouse input to server.
14:43:55 2543 Client::eventHandler(): sending mouse input to server.
14:43:55 2543 Client::eventHandler(): sending mouse input to server.
14:43:55 2543 Client::eventHandler(): sending mouse input to server.
14:43:55 2543 Client::eventHandler(): sending mouse input to server.
14:43:55 2543 Client::eventHandler(): sending mouse input to server.
14:43:55 2544 Client::eventHandler(): sending mouse input to server.
14:43:55 2544 Client::eventHandler(): sending mouse input to server.
14:43:55 2545 Client::eventHandler(): sending mouse input to server.
14:43:55 2545 Client::eventHandler(): sending mouse input to server.
14:43:55 2545 Client::eventHandler(): sending mouse input to server.
14:43:55 2546 Client::eventHandler(): sending mouse input to server.
14:43:55 2547 Client::eventHandler(): sending mouse input to server.
14:43:55 2547 Client::eventHandler(): sending mouse input to server.
14:43:55 2548 Client::eventHandler(): sending mouse input to server.
14:43:55 2549 Client::eventHandler(): sending mouse input to server.
14:43:55 2549 Client::eventHandler(): sending mouse input to server.
14:43:55 2549 Client::eventHandler(): sending mouse input to server.
14:43:55 2549 Client::eventHandler(): sending mouse input to server.
14:43:55 2550 Client::eventHandler(): sending mouse input to server.
14:43:55 2551 Client::eventHandler(): sending mouse input to server.
14:43:55 2551 Client::eventHandler(): sending mouse input to server.
14:43:56 2552 Client::eventHandler(): sending mouse input to server.
14:43:56 2561 Client::eventHandler(): sending mouse input to server.
14:43:56 2561 Client::eventHandler(): sending mouse input to server.
14:43:56 2562 Client::eventHandler(): sending mouse input to server.
14:43:56 2563 Client::eventHandler(): sending mouse input to server.
14:43:56 2564 Client::eventHandler(): sending mouse input to server.
14:43:56 2565 Client::eventHandler(): sending mouse input to server.
14:43:56 2566 Client::eventHandler(): sending mouse input to server.
14:43:56 2566 Client::eventHandler(): sending mouse input to server.
14:43:56 2567 Client::eventHandler(): sending mouse input to server.
14:43:56 2568 Client::eventHandler(): sending mouse input to server.
14:43:56 2569 Client::eventHandler(): sending mouse input to server.
14:43:56 2570 Client::eventHandler(): sending mouse input to server.
14:43:56 2570 Client::eventHandler(): sending mouse input to server.
14:43:56 2571 Client::eventHandler(): sending mouse input to server.
14:43:56 2572 Client::eventHandler(): sending mouse input to server.
14:43:56 2573 Client::eventHandler(): sending mouse input to server.
14:43:56 2573 Client::eventHandler(): sending mouse input to server.
14:43:56 2574 Client::eventHandler(): sending mouse input to server.
14:43:56 2574 Client::eventHandler(): sending mouse input to server.
14:43:56 2574 Client::eventHandler(): sending mouse input to server.
14:43:56 2575 Client::eventHandler(): sending mouse input to server.
14:43:56 2576 Client::eventHandler(): sending mouse input to server.
14:43:56 2576 Client::eventHandler(): sending mouse input to server.
14:43:56 2576 Client::eventHandler(): sending mouse input to server.
14:43:56 2577 Client::eventHandler(): sending mouse input to server.
14:43:56 2578 Client::eventHandler(): sending mouse input to server.
14:43:56 2579 Client::eventHandler(): sending mouse input to server.
14:43:56 2580 Client::eventHandler(): sending mouse input to server.
14:43:56 2580 Client::eventHandler(): sending mouse input to server.
14:43:56 2581 Client::eventHandler(): sending mouse input to server.
14:43:57 2582 Client::eventHandler(): sending mouse input to server.
14:43:57 2582 Client::eventHandler(): sending mouse input to server.
14:43:57 2583 Client::eventHandler(): sending mouse input to server.
14:43:57 2584 Client::eventHandler(): sending mouse input to server.
14:43:57 2584 Client::eventHandler(): sending mouse input to server.
14:43:57 2585 Client::eventHandler(): sending mouse input to server.
14:43:57 2585 Client::eventHandler(): sending mouse input to server.
14:43:57 2586 Client::eventHandler(): sending mouse input to server.
14:43:57 2587 Client::eventHandler(): sending mouse input to server.
14:43:57 2588 Client::eventHandler(): sending mouse input to server.
14:43:57 2589 Client::eventHandler(): sending mouse input to server.
14:43:57 2589 Client::eventHandler(): sending mouse input to server.
14:43:57 2590 Client::eventHandler(): sending mouse input to server.
14:43:57 2591 Client::eventHandler(): sending mouse input to server.
14:43:57 2592 Client::eventHandler(): sending mouse input to server.
14:43:57 2593 Client::eventHandler(): sending mouse input to server.
14:43:57 2593 Client::eventHandler(): sending mouse input to server.
14:43:57 2594 Client::eventHandler(): sending mouse input to server.
14:43:57 2594 Client::eventHandler(): sending mouse input to server.
14:43:57 2595 Client::eventHandler(): sending mouse input to server.
14:43:57 2596 Client::eventHandler(): sending mouse input to server.
14:43:57 2596 Client::eventHandler(): sending mouse input to server.
14:43:57 2597 Client::eventHandler(): sending mouse input to server.
14:43:57 2598 Client::eventHandler(): sending mouse input to server.
14:43:57 2599 Client::eventHandler(): sending mouse input to server.
14:43:57 2599 Client::eventHandler(): sending mouse input to server.
14:43:57 2600 Client::eventHandler(): sending mouse input to server.
14:43:57 2601 Client::eventHandler(): sending mouse input to server.
14:43:57 2601 Client::eventHandler(): sending mouse input to server.
14:43:57 2601 Client::eventHandler(): sending mouse input to server.
14:43:57 2601 Client::eventHandler(): sending mouse input to server.
14:43:57 2602 Client::eventHandler(): sending mouse input to server.
14:43:57 2603 Client::eventHandler(): sending mouse input to server.
14:43:57 2604 Client::eventHandler(): sending mouse input to server.
14:43:57 2605 Client::eventHandler(): sending mouse input to server.
14:43:57 2606 Client::eventHandler(): sending mouse input to server.
14:43:57 2606 Client::eventHandler(): sending mouse input to server.
14:43:57 2606 Client::eventHandler(): sending mouse input to server.
14:43:57 2606 Client::eventHandler(): sending mouse input to server.
14:43:57 2607 Client::eventHandler(): sending mouse input to server.
14:43:57 2608 Client::eventHandler(): sending mouse input to server.
14:43:57 2609 Client::eventHandler(): sending mouse input to server.
14:43:57 2610 Client::eventHandler(): sending mouse input to server.
14:43:57 2611 Client::eventHandler(): sending mouse input to server.
14:43:58 2612 Client::eventHandler(): sending mouse input to server.
14:43:58 2612 Client::eventHandler(): sending mouse input to server.
14:43:58 2613 Client::eventHandler(): sending mouse input to server.
14:43:58 2613 Client::eventHandler(): sending mouse input to server.
14:43:58 2614 Client::eventHandler(): sending mouse input to server.
14:43:58 2615 Client::eventHandler(): sending mouse input to server.
14:43:58 2616 Client::eventHandler(): sending mouse input to server.
14:43:58 2617 Client::eventHandler(): sending mouse input to server.
14:43:58 2618 Client::eventHandler(): sending mouse input to server.
14:43:58 2619 Client::eventHandler(): sending mouse input to server.
14:43:58 2620 Client::eventHandler(): sending mouse input to server.
14:43:58 2621 Client::eventHandler(): sending mouse input to server.
14:43:58 2622 Client::eventHandler(): sending mouse input to server.
14:43:58 2622 Client::eventHandler(): sending mouse input to server.
14:43:58 2623 Client::eventHandler(): sending mouse input to server.
14:43:58 2624 Client::eventHandler(): sending mouse input to server.
14:43:58 2625 Client::eventHandler(): sending mouse input to server.
14:43:58 2626 Client::eventHandler(): sending mouse input to server.
14:43:58 2627 Client::eventHandler(): sending mouse input to server.
14:43:58 2628 Client::eventHandler(): sending mouse input to server.
14:43:58 2628 Client::eventHandler(): sending mouse input to server.
14:43:58 2629 Client::eventHandler(): sending mouse input to server.
14:43:58 2630 Client::eventHandler(): sending mouse input to server.
14:43:58 2630 Client::eventHandler(): sending mouse input to server.
14:43:58 2631 Client::eventHandler(): sending mouse input to server.
14:43:58 2632 Client::eventHandler(): sending mouse input to server.
14:43:58 2632 Client::eventHandler(): sending mouse input to server.
14:43:58 2632 Client::eventHandler(): sending mouse input to server.
14:43:58 2633 Client::eventHandler(): sending mouse input to server.
14:43:58 2633 Client::eventHandler(): sending mouse input to server.
14:43:58 2633 Client::eventHandler(): sending mouse input to server.
14:43:58 2634 Client::eventHandler(): sending mouse input to server.
14:43:58 2635 Client::eventHandler(): sending mouse input to server.
14:43:58 2636 Client::eventHandler(): sending mouse input to server.
14:43:58 2637 Client::eventHandler(): sending mouse input to server.
14:43:58 2638 Client::eventHandler(): sending mouse input to server.
14:43:58 2639 Client::eventHandler(): sending mouse input to server.
14:43:58 2639 Client::eventHandler(): sending mouse input to server.
14:43:58 2639 Client::eventHandler(): sending mouse input to server.
14:43:58 2640 Client::eventHandler(): sending mouse input to server.
14:43:58 2641 Client::eventHandler(): sending mouse input to server.
14:43:58 2641 Client::eventHandler(): sending mouse input to server.
14:43:58 2642 Client::eventHandler(): sending mouse input to server.
14:43:58 2642 Client::eventHandler(): sending mouse input to server.
14:43:59 2643 Client::eventHandler(): sending mouse input to server.
14:43:59 2644 Client::eventHandler(): sending mouse input to server.
14:43:59 2645 Client::eventHandler(): sending mouse input to server.
14:43:59 2646 Client::eventHandler(): sending mouse input to server.
14:43:59 2646 Client::eventHandler(): sending mouse input to server.
14:43:59 2646 Client::eventHandler(): sending mouse input to server.
14:43:59 2646 Client::eventHandler(): sending mouse input to server.
14:43:59 2647 Client::eventHandler(): sending mouse input to server.
14:43:59 2648 Client::eventHandler(): sending mouse input to server.
14:43:59 2649 Client::eventHandler(): sending mouse input to server.
14:43:59 2650 Client::eventHandler(): sending mouse input to server.
14:43:59 2651 Client::eventHandler(): sending mouse input to server.
14:43:59 2652 Client::eventHandler(): sending mouse input to server.
14:43:59 2653 Client::eventHandler(): sending mouse input to server.
14:43:59 2654 Client::eventHandler(): sending mouse input to server.
14:43:59 2655 Client::eventHandler(): sending mouse input to server.
14:43:59 2655 Client::eventHandler(): sending mouse input to server.
14:43:59 2655 Client::eventHandler(): sending mouse input to server.
14:43:59 2655 Client::eventHandler(): sending mouse input to server.
14:43:59 2655 Client::eventHandler(): sending mouse input to server.
14:43:59 2656 Client::eventHandler(): sending mouse input to server.
14:43:59 2656 Client::eventHandler(): sending mouse input to server.
14:43:59 2657 Client::eventHandler(): sending mouse input to server.
14:43:59 2658 Client::eventHandler(): sending mouse input to server.
14:43:59 2659 Client::eventHandler(): sending mouse input to server.
14:43:59 2659 Client::eventHandler(): sending mouse input to server.
14:43:59 2659 Client::eventHandler(): sending mouse input to server.
14:43:59 2659 Client::eventHandler(): sending mouse input to server.
14:43:59 2660 Client::eventHandler(): sending mouse input to server.
14:43:59 2661 Client::eventHandler(): sending mouse input to server.
14:43:59 2661 Client::eventHandler(): sending mouse input to server.
14:43:59 2662 Client::eventHandler(): sending mouse input to server.
14:43:59 2663 Client::eventHandler(): sending mouse input to server.
14:43:59 2664 Client::eventHandler(): sending mouse input to server.
14:43:59 2664 Client::eventHandler(): sending mouse input to server.
14:43:59 2665 Client::eventHandler(): sending mouse input to server.
14:43:59 2665 Client::eventHandler(): sending mouse input to server.
14:43:59 2665 Client::eventHandler(): sending mouse input to server.
14:43:59 2665 Client::eventHandler(): sending mouse input to server.
14:43:59 2666 Client::eventHandler(): sending mouse input to server.
14:43:59 2667 Client::eventHandler(): sending mouse input to server.
14:43:59 2668 Client::eventHandler(): sending mouse input to server.
14:43:59 2668 Client::eventHandler(): sending mouse input to server.
14:43:59 2668 Client::eventHandler(): sending mouse input to server.
14:43:59 2668 Client::eventHandler(): sending mouse input to server.
14:43:59 2669 Client::eventHandler(): sending mouse input to server.
14:43:59 2669 Client::eventHandler(): sending mouse input to server.
14:43:59 2670 Client::eventHandler(): sending mouse input to server.
14:43:59 2671 Client::eventHandler(): sending mouse input to server.
14:43:59 2671 Client::eventHandler(): sending mouse input to server.
14:43:59 2671 Client::eventHandler(): sending mouse input to server.
14:43:59 2672 Client::eventHandler(): sending mouse input to server.
14:44:00 2673 Client::eventHandler(): sending mouse input to server.
14:44:00 2674 Client::eventHandler(): sending mouse input to server.
14:44:00 2675 Client::eventHandler(): sending mouse input to server.
14:44:00 2675 Client::eventHandler(): sending mouse input to server.
14:44:00 2676 Client::eventHandler(): sending mouse input to server.
14:44:00 2677 Client::eventHandler(): sending mouse input to server.
14:44:00 2677 Client::eventHandler(): sending mouse input to server.
14:44:00 2677 Client::eventHandler(): sending mouse input to server.
14:44:00 2677 Client::eventHandler(): sending mouse input to server.
14:44:00 2678 Client::eventHandler(): sending mouse input to server.
14:44:00 2679 Client::eventHandler(): sending mouse input to server.
14:44:00 2680 Client::eventHandler(): sending mouse input to server.
14:44:00 2681 Client::eventHandler(): sending mouse input to server.
14:44:00 2681 Client::eventHandler(): sending mouse input to server.
14:44:00 2681 Client::eventHandler(): sending mouse input to server.
14:44:00 2682 Client::eventHandler(): sending mouse input to server.
14:44:00 2683 Client::eventHandler(): sending mouse input to server.
14:44:00 2684 Client::eventHandler(): sending mouse input to server.
14:44:00 2685 Client::eventHandler(): sending mouse input to server.
14:44:00 2686 Client::eventHandler(): sending mouse input to server.
14:44:00 2687 Client::eventHandler(): sending mouse input to server.
14:44:00 2689 Client::eventHandler(): sending mouse input to server.
14:44:00 2690 Client::eventHandler(): sending mouse input to server.
14:44:00 2691 Client::eventHandler(): sending mouse input to server.
14:44:00 2691 Client::eventHandler(): sending mouse input to server.
14:44:00 2692 Client::eventHandler(): sending mouse input to server.
14:44:00 2693 Client::eventHandler(): sending mouse input to server.
14:44:00 2693 Client::eventHandler(): sending mouse input to server.
14:44:00 2694 Client::eventHandler(): sending mouse input to server.
14:44:00 2695 Client::eventHandler(): sending mouse input to server.
14:44:00 2696 Client::eventHandler(): sending mouse input to server.
14:44:00 2697 Client::eventHandler(): sending mouse input to server.
14:44:00 2697 Client::eventHandler(): sending mouse input to server.
14:44:00 2698 Client::eventHandler(): sending mouse input to server.
14:44:00 2699 Client::eventHandler(): sending mouse input to server.
14:44:00 2700 Client::eventHandler(): sending mouse input to server.
14:44:00 2701 Client::eventHandler(): sending mouse input to server.
14:44:00 2702 Client::eventHandler(): sending mouse input to server.
14:44:01 2703 Client::eventHandler(): sending mouse input to server.
14:44:01 2703 Client::eventHandler(): sending mouse input to server.
14:44:01 2704 Client::eventHandler(): sending mouse input to server.
14:44:01 2705 Client::eventHandler(): sending mouse input to server.
14:44:01 2706 Client::eventHandler(): sending mouse input to server.
14:44:01 2707 Client::eventHandler(): sending mouse input to server.
14:44:01 2707 Client::eventHandler(): sending mouse input to server.
14:44:01 2707 Client::eventHandler(): sending mouse input to server.
14:44:01 2707 Client::eventHandler(): sending mouse input to server.
14:44:01 2707 Client::eventHandler(): sending mouse input to server.
14:44:01 2708 Client::eventHandler(): sending mouse input to server.
14:44:01 2708 Client::eventHandler(): sending mouse input to server.
14:44:01 2709 Client::eventHandler(): sending mouse input to server.
14:44:01 2709 Client::eventHandler(): sending mouse input to server.
14:44:01 2710 Client::eventHandler(): sending mouse input to server.
14:44:01 2711 Client::eventHandler(): sending mouse input to server.
14:44:01 2711 Client::eventHandler(): sending mouse input to server.
14:44:01 2712 Client::eventHandler(): sending mouse input to server.
14:44:01 2712 Client::eventHandler(): sending mouse input to server.
14:44:01 2713 Client::eventHandler(): sending mouse input to server.
14:44:01 2714 Client::eventHandler(): sending mouse input to server.
14:44:01 2715 Client::eventHandler(): sending mouse input to server.
14:44:01 2715 Client::eventHandler(): sending mouse input to server.
14:44:01 2716 Client::eventHandler(): sending mouse input to server.
14:44:01 2716 Client::eventHandler(): sending mouse input to server.
14:44:01 2717 Client::eventHandler(): sending mouse input to server.
14:44:01 2718 Client::eventHandler(): sending mouse input to server.
14:44:01 2719 Client::eventHandler(): sending mouse input to server.
14:44:01 2720 Client::eventHandler(): sending mouse input to server.
14:44:01 2721 Client::eventHandler(): sending mouse input to server.
14:44:01 2722 Client::eventHandler(): sending mouse input to server.
14:44:01 2723 Client::eventHandler(): sending mouse input to server.
14:44:01 2724 Client::eventHandler(): sending mouse input to server.
14:44:01 2725 Client::eventHandler(): sending mouse input to server.
14:44:01 2726 Client::eventHandler(): sending mouse input to server.
14:44:01 2727 Client::eventHandler(): sending mouse input to server.
14:44:01 2728 Client::eventHandler(): sending mouse input to server.
14:44:01 2729 Client::eventHandler(): sending mouse input to server.
14:44:01 2729 Client::eventHandler(): sending mouse input to server.
14:44:01 2730 Client::eventHandler(): sending mouse input to server.
14:44:01 2731 Client::eventHandler(): sending mouse input to server.
14:44:01 2731 Client::eventHandler(): sending mouse input to server.
14:44:01 2731 Client::eventHandler(): sending mouse input to server.
14:44:01 2731 Client::eventHandler(): sending mouse input to server.
14:44:01 2732 Client::eventHandler(): sending mouse input to server.
14:44:01 2733 Client::eventHandler(): sending mouse input to server.
14:44:02 2734 Client::eventHandler(): sending mouse input to server.
14:44:02 2734 Client::eventHandler(): sending mouse input to server.
14:44:02 2735 Client::eventHandler(): sending mouse input to server.
14:44:02 2735 Client::eventHandler(): sending mouse input to server.
14:44:02 2736 Client::eventHandler(): sending mouse input to server.
14:44:02 2737 Client::eventHandler(): sending mouse input to server.
14:44:02 2737 Client::eventHandler(): sending mouse input to server.
14:44:02 2738 Client::eventHandler(): sending mouse input to server.
14:44:02 2738 Client::eventHandler(): sending mouse input to server.
14:44:02 2739 Client::eventHandler(): sending mouse input to server.
14:44:02 2740 Client::eventHandler(): sending mouse input to server.
14:44:02 2740 Client::eventHandler(): sending mouse input to server.
14:44:02 2741 Client::eventHandler(): sending mouse input to server.
14:44:02 2742 Client::eventHandler(): sending mouse input to server.
14:44:02 2743 Client::eventHandler(): sending mouse input to server.
14:44:02 2744 Client::eventHandler(): sending mouse input to server.
14:44:02 2745 Client::eventHandler(): sending mouse input to server.
14:44:02 2746 Client::eventHandler(): sending mouse input to server.
14:44:02 2747 Client::eventHandler(): sending mouse input to server.
14:44:02 2748 Client::eventHandler(): sending mouse input to server.
14:44:02 2749 Client::eventHandler(): sending mouse input to server.
14:44:02 2750 Client::eventHandler(): sending mouse input to server.
14:44:02 2751 Client::eventHandler(): sending mouse input to server.
14:44:02 2752 Client::eventHandler(): sending mouse input to server.
14:44:02 2753 Client::eventHandler(): sending mouse input to server.
14:44:02 2753 Client::eventHandler(): sending mouse input to server.
14:44:02 2753 Client::eventHandler(): sending mouse input to server.
14:44:02 2754 Client::eventHandler(): sending mouse input to server.
14:44:02 2755 Client::eventHandler(): sending mouse input to server.
14:44:02 2756 Client::eventHandler(): sending mouse input to server.
14:44:02 2757 Client::eventHandler(): sending mouse input to server.
14:44:02 2758 Client::eventHandler(): sending mouse input to server.
14:44:02 2759 Client::eventHandler(): sending mouse input to server.
14:44:02 2759 Client::eventHandler(): sending mouse input to server.
14:44:02 2760 Client::eventHandler(): sending mouse input to server.
14:44:02 2761 Client::eventHandler(): sending mouse input to server.
14:44:02 2762 Client::eventHandler(): sending mouse input to server.
14:44:02 2762 Client::eventHandler(): sending mouse input to server.
14:44:02 2763 Client::eventHandler(): sending mouse input to server.
14:44:03 2764 Client::eventHandler(): sending mouse input to server.
14:44:03 2765 Client::eventHandler(): sending mouse input to server.
14:44:03 2765 Client::eventHandler(): sending mouse input to server.
14:44:03 2766 Client::eventHandler(): sending mouse input to server.
14:44:03 2767 Client::eventHandler(): sending mouse input to server.
14:44:03 2768 Client::eventHandler(): sending mouse input to server.
14:44:03 2769 Client::eventHandler(): sending mouse input to server.
14:44:03 2770 Client::eventHandler(): sending mouse input to server.
14:44:03 2770 Client::eventHandler(): sending mouse input to server.
14:44:03 2770 Client::eventHandler(): sending mouse input to server.
14:44:03 2770 Client::eventHandler(): sending mouse input to server.
14:44:03 2771 Client::eventHandler(): sending mouse input to server.
14:44:03 2772 Client::eventHandler(): sending mouse input to server.
14:44:03 2773 Client::eventHandler(): sending mouse input to server.
14:44:03 2774 Client::eventHandler(): sending mouse input to server.
14:44:03 2775 Client::eventHandler(): sending mouse input to server.
14:44:03 2775 Client::eventHandler(): sending mouse input to server.
14:44:03 2776 Client::eventHandler(): sending mouse input to server.
14:44:03 2776 Client::eventHandler(): sending mouse input to server.
14:44:03 2777 Client::eventHandler(): sending mouse input to server.
14:44:03 2778 Client::eventHandler(): sending mouse input to server.
14:44:03 2779 Client::eventHandler(): sending mouse input to server.
14:44:03 2780 Client::eventHandler(): sending mouse input to server.
14:44:03 2781 Client::eventHandler(): sending mouse input to server.
14:44:03 2782 Client::eventHandler(): sending mouse input to server.
14:44:03 2782 Client::eventHandler(): sending mouse input to server.
14:44:03 2782 Client::eventHandler(): sending mouse input to server.
14:44:03 2782 Client::eventHandler(): sending mouse input to server.
14:44:03 2783 Client::eventHandler(): sending mouse input to server.
14:44:03 2783 Client::eventHandler(): sending mouse input to server.
14:44:03 2783 Client::eventHandler(): sending mouse input to server.
14:44:03 2783 Client::eventHandler(): sending mouse input to server.
14:44:03 2784 Client::eventHandler(): sending mouse input to server.
14:44:03 2784 Client::eventHandler(): sending mouse input to server.
14:44:03 2784 Client::eventHandler(): sending mouse input to server.
14:44:03 2785 Client::eventHandler(): sending mouse input to server.
14:44:03 2785 Client::eventHandler(): sending mouse input to server.
14:44:03 2786 Client::eventHandler(): sending mouse input to server.
14:44:03 2787 Client::eventHandler(): sending mouse input to server.
14:44:03 2788 Client::eventHandler(): sending mouse input to server.
14:44:03 2789 Client::eventHandler(): sending mouse input to server.
14:44:03 2790 Client::eventHandler(): sending mouse input to server.
14:44:03 2791 Client::eventHandler(): sending mouse input to server.
14:44:03 2791 Client::eventHandler(): sending mouse input to server.
14:44:03 2791 Client::eventHandler(): sending mouse input to server.
14:44:03 2792 Client::eventHandler(): sending mouse input to server.
14:44:03 2792 Client::eventHandler(): sending mouse input to server.
14:44:03 2793 Client::eventHandler(): sending mouse input to server.
14:44:04 2794 Client::eventHandler(): sending mouse input to server.
14:44:04 2795 Client::eventHandler(): sending mouse input to server.
14:44:04 2796 Client::eventHandler(): sending mouse input to server.
14:44:04 2796 Client::eventHandler(): sending mouse input to server.
14:44:04 2796 Client::eventHandler(): sending mouse input to server.
14:44:04 2797 Client::eventHandler(): sending mouse input to server.
14:44:04 2797 Client::eventHandler(): sending mouse input to server.
14:44:04 2798 Client::eventHandler(): sending mouse input to server.
14:44:04 2799 Client::eventHandler(): sending mouse input to server.
14:44:04 2800 Client::eventHandler(): sending mouse input to server.
14:44:04 2800 Client::eventHandler(): sending mouse input to server.
14:44:04 2801 Client::eventHandler(): sending mouse input to server.
14:44:04 2802 Client::eventHandler(): sending mouse input to server.
14:44:04 2803 Client::eventHandler(): sending mouse input to server.
14:44:04 2804 Client::eventHandler(): sending mouse input to server.
14:44:04 2805 Client::eventHandler(): sending mouse input to server.
14:44:04 2806 Client::eventHandler(): sending mouse input to server.
14:44:04 2807 Client::eventHandler(): sending mouse input to server.
14:44:04 2807 Client::eventHandler(): sending mouse input to server.
14:44:04 2808 Client::eventHandler(): sending mouse input to server.
14:44:04 2809 Client::eventHandler(): sending mouse input to server.
14:44:04 2810 Client::eventHandler(): sending mouse input to server.
14:44:04 2811 Client::eventHandler(): sending mouse input to server.
14:44:04 2812 Client::eventHandler(): sending mouse input to server.
14:44:04 2813 Client::eventHandler(): sending mouse input to server.
14:44:04 2814 Client::eventHandler(): sending mouse input to server.
14:44:04 2815 Client::eventHandler(): sending mouse input to server.
14:44:04 2815 Client::eventHandler(): sending mouse input to server.
14:44:04 2815 Client::eventHandler(): sending mouse input to server.
14:44:04 2815 Client::eventHandler(): sending mouse input to server.
14:44:04 2815 Client::eventHandler(): sending mouse input to server.
14:44:04 2816 Client::eventHandler(): sending mouse input to server.
14:44:04 2816 Client::eventHandler(): sending mouse input to server.
14:44:04 2817 Client::eventHandler(): sending mouse input to server.
14:44:04 2818 Client::eventHandler(): sending mouse input to server.
14:44:04 2819 Client::eventHandler(): sending mouse input to server.
14:44:04 2820 Client::eventHandler(): sending mouse input to server.
14:44:04 2820 Client::eventHandler(): sending mouse input to server.
14:44:04 2820 Client::eventHandler(): sending mouse input to server.
14:44:04 2820 Client::eventHandler(): sending mouse input to server.
14:44:04 2821 Client::eventHandler(): sending mouse input to server.
14:44:04 2822 Client::eventHandler(): sending mouse input to server.
14:44:04 2823 Client::eventHandler(): sending mouse input to server.
14:44:04 2823 Client::eventHandler(): sending mouse input to server.
14:44:04 2824 Client::eventHandler(): sending mouse input to server.
14:44:04 2824 Client::eventHandler(): sending mouse input to server.
14:44:05 2825 Client::eventHandler(): sending mouse input to server.
14:44:05 2826 Client::eventHandler(): sending mouse input to server.
14:44:05 2827 Client::eventHandler(): sending mouse input to server.
14:44:05 2827 Client::eventHandler(): sending mouse input to server.
14:44:05 2827 Client::eventHandler(): sending mouse input to server.
14:44:05 2828 Client::eventHandler(): sending mouse input to server.
14:44:05 2829 Client::eventHandler(): sending mouse input to server.
14:44:05 2830 Client::eventHandler(): sending mouse input to server.
14:44:05 2831 Client::eventHandler(): sending mouse input to server.
14:44:05 2831 Client::eventHandler(): sending mouse input to server.
14:44:05 2832 Client::eventHandler(): sending mouse input to server.
14:44:05 2833 Client::eventHandler(): sending mouse input to server.
14:44:05 2834 Client::eventHandler(): sending mouse input to server.
14:44:05 2834 Client::eventHandler(): sending mouse input to server.
14:44:05 2835 Client::eventHandler(): sending mouse input to server.
14:44:05 2835 Client::eventHandler(): sending mouse input to server.
14:44:05 2836 Client::eventHandler(): sending mouse input to server.
14:44:05 2837 Client::eventHandler(): sending mouse input to server.
14:44:05 2837 Client::eventHandler(): sending mouse input to server.
14:44:05 2838 Client::eventHandler(): sending mouse input to server.
14:44:05 2838 Client::eventHandler(): sending mouse input to server.
14:44:05 2839 Client::eventHandler(): sending mouse input to server.
14:44:05 2840 Client::eventHandler(): sending mouse input to server.
14:44:05 2841 Client::eventHandler(): sending mouse input to server.
14:44:05 2841 Client::eventHandler(): sending mouse input to server.
14:44:05 2842 Client::eventHandler(): sending mouse input to server.
14:44:05 2843 Client::eventHandler(): sending mouse input to server.
14:44:05 2844 Client::eventHandler(): sending mouse input to server.
14:44:05 2844 Client::eventHandler(): sending mouse input to server.
14:44:05 2845 Client::eventHandler(): sending mouse input to server.
14:44:05 2846 Client::eventHandler(): sending mouse input to server.
14:44:05 2847 Client::eventHandler(): sending mouse input to server.
14:44:05 2848 Client::eventHandler(): sending mouse input to server.
14:44:05 2849 Client::eventHandler(): sending mouse input to server.
14:44:05 2850 Client::eventHandler(): sending mouse input to server.
14:44:05 2851 Client::eventHandler(): sending mouse input to server.
14:44:05 2852 Client::eventHandler(): sending mouse input to server.
14:44:05 2853 Client::eventHandler(): sending mouse input to server.
14:44:05 2853 Client::eventHandler(): sending mouse input to server.
14:44:05 2853 Client::eventHandler(): sending mouse input to server.
14:44:05 2854 Client::eventHandler(): sending mouse input to server.
14:44:05 2854 Client::eventHandler(): sending mouse input to server.
14:44:05 2854 Client::eventHandler(): sending mouse input to server.
14:44:05 2854 Client::eventHandler(): sending mouse input to server.
14:44:06 2855 Client::eventHandler(): sending mouse input to server.
14:44:06 2856 Client::eventHandler(): sending mouse input to server.
14:44:06 2857 Client::eventHandler(): sending mouse input to server.
14:44:06 2857 Client::eventHandler(): sending mouse input to server.
14:44:06 2857 Client::eventHandler(): sending mouse input to server.
14:44:06 2857 Client::eventHandler(): sending mouse input to server.
14:44:06 2858 Client::eventHandler(): sending mouse input to server.
14:44:06 2858 Client::eventHandler(): sending mouse input to server.
14:44:06 2859 Client::eventHandler(): sending mouse input to server.
14:44:06 2859 Client::eventHandler(): sending mouse input to server.
14:44:06 2859 Client::eventHandler(): sending mouse input to server.
14:44:06 2860 Client::eventHandler(): sending mouse input to server.
14:44:06 2861 Client::eventHandler(): sending mouse input to server.
14:44:06 2861 Client::eventHandler(): sending mouse input to server.
14:44:06 2862 Client::eventHandler(): sending mouse input to server.
14:44:06 2863 Client::eventHandler(): sending mouse input to server.
14:44:06 2864 Client::eventHandler(): sending mouse input to server.
14:44:06 2865 Client::eventHandler(): sending mouse input to server.
14:44:06 2866 Client::eventHandler(): sending mouse input to server.
14:44:06 2867 Client::eventHandler(): sending mouse input to server.
14:44:06 2867 Client::eventHandler(): sending mouse input to server.
14:44:06 2868 Client::eventHandler(): sending mouse input to server.
14:44:06 2869 Client::eventHandler(): sending mouse input to server.
14:44:06 2870 Client::eventHandler(): sending mouse input to server.
14:44:06 2871 Client::eventHandler(): sending mouse input to server.
14:44:06 2872 Client::eventHandler(): sending mouse input to server.
14:44:06 2873 Client::eventHandler(): sending mouse input to server.
14:44:06 2874 Client::eventHandler(): sending mouse input to server.
14:44:06 2874 Client::eventHandler(): sending mouse input to server.
14:44:06 2874 Client::eventHandler(): sending mouse input to server.
14:44:06 2874 Client::eventHandler(): sending mouse input to server.
14:44:06 2875 Client::eventHandler(): sending mouse input to server.
14:44:06 2876 Client::eventHandler(): sending mouse input to server.
14:44:06 2877 Client::eventHandler(): sending mouse input to server.
14:44:06 2878 Client::eventHandler(): sending mouse input to server.
14:44:06 2878 Client::eventHandler(): sending mouse input to server.
14:44:06 2878 Client::eventHandler(): sending mouse input to server.
14:44:06 2878 Client::eventHandler(): sending mouse input to server.
14:44:06 2879 Client::eventHandler(): sending mouse input to server.
14:44:06 2880 Client::eventHandler(): sending mouse input to server.
14:44:06 2881 Client::eventHandler(): sending mouse input to server.
14:44:06 2881 Client::eventHandler(): sending mouse input to server.
14:44:06 2882 Client::eventHandler(): sending mouse input to server.
14:44:06 2883 Client::eventHandler(): sending mouse input to server.
14:44:06 2883 Client::eventHandler(): sending mouse input to server.
14:44:06 2884 Client::eventHandler(): sending mouse input to server.
14:44:07 2885 Client::eventHandler(): sending mouse input to server.
14:44:07 2886 Client::eventHandler(): sending mouse input to server.
14:44:07 2886 Client::eventHandler(): sending mouse input to server.
14:44:07 2887 Client::eventHandler(): sending mouse input to server.
14:44:07 2888 Client::eventHandler(): sending mouse input to server.
14:44:07 2888 Client::eventHandler(): sending mouse input to server.
14:44:07 2889 Client::eventHandler(): sending mouse input to server.
14:44:07 2889 Client::eventHandler(): sending mouse input to server.
14:44:07 2890 Client::eventHandler(): sending mouse input to server.
14:44:07 2891 Client::eventHandler(): sending mouse input to server.
14:44:07 2891 Client::eventHandler(): sending mouse input to server.
14:44:07 2891 Client::eventHandler(): sending mouse input to server.
14:44:07 2892 Client::eventHandler(): sending mouse input to server.
14:44:07 2893 Client::eventHandler(): sending mouse input to server.
14:44:07 2893 Client::eventHandler(): sending mouse input to server.
14:44:07 2894 Client::eventHandler(): sending mouse input to server.
14:44:07 2895 Client::eventHandler(): sending mouse input to server.
14:44:07 2896 Client::eventHandler(): sending mouse input to server.
14:44:07 2897 Client::eventHandler(): sending mouse input to server.
14:44:07 2898 Client::eventHandler(): sending mouse input to server.
14:44:07 2899 Client::eventHandler(): sending mouse input to server.
14:44:07 2900 Client::eventHandler(): sending mouse input to server.
14:44:07 2901 Client::eventHandler(): sending mouse input to server.
14:44:07 2902 Client::eventHandler(): sending mouse input to server.
14:44:07 2902 Client::eventHandler(): sending mouse input to server.
14:44:07 2903 Client::eventHandler(): sending mouse input to server.
14:44:07 2904 Client::eventHandler(): sending mouse input to server.
14:44:07 2905 Client::eventHandler(): sending mouse input to server.
14:44:07 2906 Client::eventHandler(): sending mouse input to server.
14:44:07 2907 Client::eventHandler(): sending mouse input to server.
14:44:07 2907 Client::eventHandler(): sending mouse input to server.
14:44:07 2908 Client::eventHandler(): sending mouse input to server.
14:44:07 2909 Client::eventHandler(): sending mouse input to server.
14:44:07 2910 Client::eventHandler(): sending mouse input to server.
14:44:07 2911 Client::eventHandler(): sending mouse input to server.
14:44:07 2912 Client::eventHandler(): sending mouse input to server.
14:44:07 2913 Client::eventHandler(): sending mouse input to server.
14:44:07 2914 Client::eventHandler(): sending mouse input to server.
14:44:08 2915 Client::eventHandler(): sending mouse input to server.
14:44:08 2916 Client::eventHandler(): sending mouse input to server.
14:44:08 2917 Client::eventHandler(): sending mouse input to server.
14:44:08 2918 Client::eventHandler(): sending mouse input to server.
14:44:08 2919 Client::eventHandler(): sending mouse input to server.
14:44:08 2920 Client::eventHandler(): sending mouse input to server.
14:44:08 2921 Client::eventHandler(): sending mouse input to server.
14:44:08 2922 Client::eventHandler(): sending mouse input to server.
14:44:08 2923 Client::eventHandler(): sending mouse input to server.
14:44:08 2924 Client::eventHandler(): sending mouse input to server.
14:44:08 2924 Client::eventHandler(): sending mouse input to server.
14:44:08 2924 Client::eventHandler(): sending mouse input to server.
14:44:08 2925 Client::eventHandler(): sending mouse input to server.
14:44:08 2926 Client::eventHandler(): sending mouse input to server.
14:44:08 2926 Client::eventHandler(): sending mouse input to server.
14:44:08 2926 Client::eventHandler(): sending mouse input to server.
14:44:08 2927 Client::eventHandler(): sending mouse input to server.
14:44:08 2928 Client::eventHandler(): sending mouse input to server.
14:44:08 2928 Client::eventHandler(): sending mouse input to server.
14:44:08 2929 Client::eventHandler(): sending mouse input to server.
14:44:08 2929 Client::eventHandler(): sending mouse input to server.
14:44:08 2930 Client::eventHandler(): sending mouse input to server.
14:44:08 2930 Client::eventHandler(): sending mouse input to server.
14:44:08 2931 Client::eventHandler(): sending mouse input to server.
14:44:08 2931 Client::eventHandler(): sending mouse input to server.
14:44:08 2932 Client::eventHandler(): sending mouse input to server.
14:44:08 2932 Client::eventHandler(): sending mouse input to server.
14:44:08 2933 Client::eventHandler(): sending mouse input to server.
14:44:08 2934 Client::eventHandler(): sending mouse input to server.
14:44:08 2935 Client::eventHandler(): sending mouse input to server.
14:44:08 2935 Client::eventHandler(): sending mouse input to server.
14:44:08 2935 Client::eventHandler(): sending mouse input to server.
14:44:08 2936 Client::eventHandler(): sending mouse input to server.
14:44:08 2937 Client::eventHandler(): sending mouse input to server.
14:44:08 2938 Client::eventHandler(): sending mouse input to server.
14:44:08 2939 Client::eventHandler(): sending mouse input to server.
14:44:08 2940 Client::eventHandler(): sending mouse input to server.
14:44:08 2941 Client::eventHandler(): sending mouse input to server.
14:44:08 2942 Client::eventHandler(): sending mouse input to server.
14:44:08 2943 Client::eventHandler(): sending mouse input to server.
14:44:08 2943 Client::eventHandler(): sending mouse input to server.
14:44:08 2943 Client::eventHandler(): sending mouse input to server.
14:44:08 2944 Client::eventHandler(): sending mouse input to server.
14:44:08 2945 Client::eventHandler(): sending mouse input to server.
14:44:08 2945 Client::eventHandler(): sending mouse input to server.
14:44:08 2945 Client::eventHandler(): sending mouse input to server.
14:44:08 2945 Client::eventHandler(): sending mouse input to server.
14:44:09 2946 Client::eventHandler(): sending mouse input to server.
14:44:09 2947 Client::eventHandler(): sending mouse input to server.
14:44:09 2947 Client::eventHandler(): sending mouse input to server.
14:44:09 2947 Client::eventHandler(): sending mouse input to server.
14:44:09 2947 Client::eventHandler(): sending mouse input to server.
14:44:09 2948 Client::eventHandler(): sending mouse input to server.
14:44:09 2949 Client::eventHandler(): sending mouse input to server.
14:44:09 2950 Client::eventHandler(): sending mouse input to server.
14:44:09 2951 Client::eventHandler(): sending mouse input to server.
14:44:09 2952 Client::eventHandler(): sending mouse input to server.
14:44:09 2953 Client::eventHandler(): sending mouse input to server.
14:44:09 2954 Client::eventHandler(): sending mouse input to server.
14:44:09 2955 Client::eventHandler(): sending mouse input to server.
14:44:09 2956 Client::eventHandler(): sending mouse input to server.
14:44:09 2957 Client::eventHandler(): sending mouse input to server.
14:44:09 2958 Client::eventHandler(): sending mouse input to server.
14:44:09 2959 Client::eventHandler(): sending mouse input to server.
14:44:09 2960 Client::eventHandler(): sending mouse input to server.
14:44:09 2961 Client::eventHandler(): sending mouse input to server.
14:44:09 2962 Client::eventHandler(): sending mouse input to server.
14:44:09 2962 Client::eventHandler(): sending mouse input to server.
14:44:09 2963 Client::eventHandler(): sending mouse input to server.
14:44:09 2964 Client::eventHandler(): sending mouse input to server.
14:44:09 2965 Client::eventHandler(): sending mouse input to server.
14:44:09 2966 Client::eventHandler(): sending mouse input to server.
14:44:09 2967 Client::eventHandler(): sending mouse input to server.
14:44:09 2968 Client::eventHandler(): sending mouse input to server.
14:44:09 2968 Client::eventHandler(): sending mouse input to server.
14:44:09 2968 Client::eventHandler(): sending mouse input to server.
14:44:09 2969 Client::eventHandler(): sending mouse input to server.
14:44:09 2970 Client::eventHandler(): sending mouse input to server.
14:44:09 2971 Client::eventHandler(): sending mouse input to server.
14:44:09 2971 Client::eventHandler(): sending mouse input to server.
14:44:09 2972 Client::eventHandler(): sending mouse input to server.
14:44:09 2972 Client::eventHandler(): sending mouse input to server.
14:44:09 2972 Client::eventHandler(): sending mouse input to server.
14:44:09 2972 Client::eventHandler(): sending mouse input to server.
14:44:09 2973 Client::eventHandler(): sending mouse input to server.
14:44:09 2973 Client::eventHandler(): sending mouse input to server.
14:44:09 2973 Client::eventHandler(): sending mouse input to server.
14:44:09 2974 Client::eventHandler(): sending mouse input to server.
14:44:09 2975 Client::eventHandler(): sending mouse input to server.
14:44:10 2976 Client::eventHandler(): sending mouse input to server.
14:44:10 2977 Client::eventHandler(): sending mouse input to server.
14:44:10 2978 Client::eventHandler(): sending mouse input to server.
14:44:10 2978 Client::eventHandler(): sending mouse input to server.
14:44:10 2979 Client::eventHandler(): sending mouse input to server.
14:44:10 2979 Client::eventHandler(): sending mouse input to server.
14:44:10 2979 Client::eventHandler(): sending mouse input to server.
14:44:10 2980 Client::eventHandler(): sending mouse input to server.
14:44:10 2980 Client::eventHandler(): sending mouse input to server.
14:44:10 2981 Client::eventHandler(): sending mouse input to server.
14:44:10 2982 Client::eventHandler(): sending mouse input to server.
14:44:10 2983 Client::eventHandler(): sending mouse input to server.
14:44:10 2984 Client::eventHandler(): sending mouse input to server.
14:44:10 2985 Client::eventHandler(): sending mouse input to server.
14:44:10 2985 Client::eventHandler(): sending mouse input to server.
14:44:10 2985 Client::eventHandler(): sending mouse input to server.
14:44:10 2985 Client::eventHandler(): sending mouse input to server.
14:44:10 2986 Client::eventHandler(): sending mouse input to server.
14:44:10 2986 Client::eventHandler(): sending mouse input to server.
14:44:10 2987 Client::eventHandler(): sending mouse input to server.
14:44:10 2988 Client::eventHandler(): sending mouse input to server.
14:44:10 2989 Client::eventHandler(): sending mouse input to server.
14:44:10 2990 Client::eventHandler(): sending mouse input to server.
14:44:10 2991 Client::eventHandler(): sending mouse input to server.
14:44:10 2992 Client::eventHandler(): sending mouse input to server.
14:44:10 2992 Client::eventHandler(): sending mouse input to server.
14:44:10 2992 Client::eventHandler(): sending mouse input to server.
14:44:10 2992 Client::eventHandler(): sending mouse input to server.
14:44:10 2992 Client::eventHandler(): sending mouse input to server.
14:44:10 2993 Client::eventHandler(): sending mouse input to server.
14:44:10 2994 Client::eventHandler(): sending mouse input to server.
14:44:10 2995 Client::eventHandler(): sending mouse input to server.
14:44:10 2996 Client::eventHandler(): sending mouse input to server.
14:44:10 2997 Client::eventHandler(): sending mouse input to server.
14:44:10 2998 Client::eventHandler(): sending mouse input to server.
14:44:10 2999 Client::eventHandler(): sending mouse input to server.
14:44:10 3000 Client::eventHandler(): sending mouse input to server.
14:44:10 3001 Client::eventHandler(): sending mouse input to server.
14:44:10 3002 Client::eventHandler(): sending mouse input to server.
14:44:10 3003 Client::eventHandler(): sending mouse input to server.
14:44:10 3004 Client::eventHandler(): sending mouse input to server.
14:44:10 3005 Client::eventHandler(): sending mouse input to server.
14:44:11 3006 Client::eventHandler(): sending mouse input to server.
14:44:11 3006 Client::eventHandler(): sending mouse input to server.
14:44:11 3007 Client::eventHandler(): sending mouse input to server.
14:44:11 3008 Client::eventHandler(): sending mouse input to server.
14:44:11 3008 Client::eventHandler(): sending mouse input to server.
14:44:11 3009 Client::eventHandler(): sending mouse input to server.
14:44:11 3010 Client::eventHandler(): sending mouse input to server.
14:44:11 3011 Client::eventHandler(): sending mouse input to server.
14:44:11 3012 Client::eventHandler(): sending mouse input to server.
14:44:11 3013 Client::eventHandler(): sending mouse input to server.
14:44:11 3014 Client::eventHandler(): sending mouse input to server.
14:44:11 3015 Client::eventHandler(): sending mouse input to server.
14:44:11 3015 Client::eventHandler(): sending mouse input to server.
14:44:11 3015 Client::eventHandler(): sending mouse input to server.
14:44:11 3015 Client::eventHandler(): sending mouse input to server.
14:44:11 3016 Client::eventHandler(): sending mouse input to server.
14:44:11 3016 Client::eventHandler(): sending mouse input to server.
14:44:11 3017 Client::eventHandler(): sending mouse input to server.
14:44:11 3018 Client::eventHandler(): sending mouse input to server.
14:44:11 3018 Client::eventHandler(): sending mouse input to server.
14:44:11 3018 Client::eventHandler(): sending mouse input to server.
14:44:11 3019 Client::eventHandler(): sending mouse input to server.
14:44:11 3020 Client::eventHandler(): sending mouse input to server.
14:44:11 3021 Client::eventHandler(): sending mouse input to server.
14:44:11 3022 Client::eventHandler(): sending mouse input to server.
14:44:11 3022 Client::eventHandler(): sending mouse input to server.
14:44:11 3023 Client::eventHandler(): sending mouse input to server.
14:44:11 3024 Client::eventHandler(): sending mouse input to server.
14:44:11 3024 Client::eventHandler(): sending mouse input to server.
14:44:11 3025 Client::eventHandler(): sending mouse input to server.
14:44:11 3025 Client::eventHandler(): sending mouse input to server.
14:44:11 3025 Client::eventHandler(): sending mouse input to server.
14:44:11 3026 Client::eventHandler(): sending mouse input to server.
14:44:11 3026 Client::eventHandler(): sending mouse input to server.
14:44:11 3026 Client::eventHandler(): sending mouse input to server.
14:44:11 3026 Client::eventHandler(): sending mouse input to server.
14:44:11 3026 Client::eventHandler(): sending mouse input to server.
14:44:11 3027 Client::eventHandler(): sending mouse input to server.
14:44:11 3028 Client::eventHandler(): sending mouse input to server.
14:44:11 3029 Client::eventHandler(): sending mouse input to server.
14:44:11 3029 Client::eventHandler(): sending mouse input to server.
14:44:11 3029 Client::eventHandler(): sending mouse input to server.
14:44:11 3030 Client::eventHandler(): sending mouse input to server.
14:44:11 3031 Client::eventHandler(): sending mouse input to server.
14:44:11 3031 Client::eventHandler(): sending mouse input to server.
14:44:11 3031 Client::eventHandler(): sending mouse input to server.
14:44:11 3032 Client::eventHandler(): sending mouse input to server.
14:44:11 3033 Client::eventHandler(): sending mouse input to server.
14:44:11 3034 Client::eventHandler(): sending mouse input to server.
14:44:11 3035 Client::eventHandler(): sending mouse input to server.
14:44:11 3036 Client::eventHandler(): sending mouse input to server.
14:44:12 3037 Client::eventHandler(): sending mouse input to server.
14:44:12 3038 Client::eventHandler(): sending mouse input to server.
14:44:12 3039 Client::eventHandler(): sending mouse input to server.
14:44:12 3040 Client::eventHandler(): sending mouse input to server.
14:44:12 3040 Client::eventHandler(): sending mouse input to server.
14:44:12 3041 Client::eventHandler(): sending mouse input to server.
14:44:12 3042 Client::eventHandler(): sending mouse input to server.
14:44:12 3042 Client::eventHandler(): sending mouse input to server.
14:44:12 3043 Client::eventHandler(): sending mouse input to server.
14:44:12 3043 Client::eventHandler(): sending mouse input to server.
14:44:12 3044 Client::eventHandler(): sending mouse input to server.
14:44:12 3045 Client::eventHandler(): sending mouse input to server.
14:44:12 3046 Client::eventHandler(): sending mouse input to server.
14:44:12 3047 Client::eventHandler(): sending mouse input to server.
14:44:12 3048 Client::eventHandler(): sending mouse input to server.
14:44:12 3049 Client::eventHandler(): sending mouse input to server.
14:44:12 3050 Client::eventHandler(): sending mouse input to server.
14:44:12 3051 Client::eventHandler(): sending mouse input to server.
14:44:12 3052 Client::eventHandler(): sending mouse input to server.
14:44:12 3053 Client::eventHandler(): sending mouse input to server.
14:44:12 3054 Client::eventHandler(): sending mouse input to server.
14:44:12 3055 Client::eventHandler(): sending mouse input to server.
14:44:12 3056 Client::eventHandler(): sending mouse input to server.
14:44:12 3057 Client::eventHandler(): sending mouse input to server.
14:44:12 3058 Client::eventHandler(): sending mouse input to server.
14:44:12 3058 Client::eventHandler(): sending mouse input to server.
14:44:12 3058 Client::eventHandler(): sending mouse input to server.
14:44:12 3058 Client::eventHandler(): sending mouse input to server.
14:44:12 3059 Client::eventHandler(): sending mouse input to server.
14:44:12 3060 Client::eventHandler(): sending mouse input to server.
14:44:12 3060 Client::eventHandler(): sending mouse input to server.
14:44:12 3060 Client::eventHandler(): sending mouse input to server.
14:44:12 3060 Client::eventHandler(): sending mouse input to server.
14:44:12 3061 Client::eventHandler(): sending mouse input to server.
14:44:12 3062 Client::eventHandler(): sending mouse input to server.
14:44:12 3063 Client::eventHandler(): sending mouse input to server.
14:44:12 3064 Client::eventHandler(): sending mouse input to server.
14:44:12 3065 Client::eventHandler(): sending mouse input to server.
14:44:12 3065 Client::eventHandler(): sending mouse input to server.
14:44:12 3066 Client::eventHandler(): sending mouse input to server.
14:44:13 3067 Client::eventHandler(): sending mouse input to server.
14:44:13 3067 Client::eventHandler(): sending mouse input to server.
14:44:13 3067 Client::eventHandler(): sending mouse input to server.
14:44:13 3067 Client::eventHandler(): sending mouse input to server.
14:44:13 3068 Client::eventHandler(): sending mouse input to server.
14:44:13 3068 Client::eventHandler(): sending mouse input to server.
14:44:13 3069 Client::eventHandler(): sending mouse input to server.
14:44:13 3072 Client::eventHandler(): sending mouse input to server.
14:44:13 3073 Client::eventHandler(): sending mouse input to server.
14:44:13 3073 Client::eventHandler(): sending mouse input to server.
14:44:13 3074 Client::eventHandler(): sending mouse input to server.
14:44:13 3075 Client::eventHandler(): sending mouse input to server.
14:44:13 3077 Client::eventHandler(): sending mouse input to server.
14:44:13 3078 Client::eventHandler(): sending mouse input to server.
14:44:13 3079 Client::eventHandler(): sending mouse input to server.
14:44:13 3079 Client::eventHandler(): sending mouse input to server.
14:44:13 3080 Client::eventHandler(): sending mouse input to server.
14:44:13 3081 Client::eventHandler(): sending mouse input to server.
14:44:13 3082 Client::eventHandler(): sending mouse input to server.
14:44:13 3083 Client::eventHandler(): sending mouse input to server.
14:44:13 3083 Client::eventHandler(): sending mouse input to server.
14:44:13 3083 Client::eventHandler(): sending mouse input to server.
14:44:13 3084 Client::eventHandler(): sending mouse input to server.
14:44:13 3085 Client::eventHandler(): sending mouse input to server.
14:44:13 3086 Client::eventHandler(): sending mouse input to server.
14:44:19 3252 Client::eventHandler(): sending mouse input to server.
14:44:19 3252 Client::eventHandler(): sending mouse input to server.
14:44:19 3253 Client::eventHandler(): sending mouse input to server.
14:44:19 3254 Client::eventHandler(): sending mouse input to server.
14:44:19 3255 Client::eventHandler(): sending mouse input to server.
14:44:19 3256 Client::eventHandler(): sending mouse input to server.
14:44:19 3257 Client::eventHandler(): sending mouse input to server.
14:44:19 3257 Client::eventHandler(): sending mouse input to server.
14:44:19 3257 Client::eventHandler(): sending mouse input to server.
14:44:19 3258 Client::eventHandler(): sending mouse input to server.
14:44:19 3259 Client::eventHandler(): sending mouse input to server.
14:44:19 3260 Client::eventHandler(): sending mouse input to server.
14:44:19 3261 Client::eventHandler(): sending mouse input to server.
14:44:19 3264 Client::eventHandler(): sending mouse input to server.
14:44:19 3265 Client::eventHandler(): sending mouse input to server.
14:44:19 3265 Client::eventHandler(): sending mouse input to server.
14:44:19 3265 Client::eventHandler(): sending mouse input to server.
14:44:19 3265 Client::eventHandler(): sending mouse input to server.
14:44:19 3266 Client::eventHandler(): sending mouse input to server.
14:44:19 3267 Client::eventHandler(): sending mouse input to server.
14:44:19 3268 Client::eventHandler(): sending mouse input to server.
14:44:19 3268 Client::eventHandler(): sending mouse input to server.
14:44:19 3269 Client::eventHandler(): sending mouse input to server.
14:44:19 3270 Client::eventHandler(): sending mouse input to server.
14:44:19 3271 Client::eventHandler(): sending mouse input to server.
14:44:19 3272 Client::eventHandler(): sending mouse input to server.
14:44:19 3273 Client::eventHandler(): sending mouse input to server.
14:44:19 3274 Client::eventHandler(): sending mouse input to server.
14:44:19 3275 Client::eventHandler(): sending mouse input to server.
14:44:19 3276 Client::eventHandler(): sending mouse input to server.
14:44:20 3283 Client::eventHandler(): sending mouse input to server.
14:44:20 3284 Client::eventHandler(): sending mouse input to server.
14:44:20 3285 Client::eventHandler(): sending mouse input to server.
14:44:20 3285 Client::eventHandler(): sending mouse input to server.
14:44:20 3286 Client::eventHandler(): sending mouse input to server.
14:44:20 3286 Client::eventHandler(): sending mouse input to server.
14:44:20 3286 Client::eventHandler(): sending mouse input to server.
14:44:20 3287 Client::eventHandler(): sending mouse input to server.
14:44:20 3292 Client::eventHandler(): sending mouse input to server.
14:44:20 3294 Client::eventHandler(): sending mouse input to server.
14:44:20 3295 Client::eventHandler(): sending mouse input to server.
14:44:20 3296 Client::eventHandler(): sending mouse input to server.
14:44:20 3297 Client::eventHandler(): sending mouse input to server.
14:44:20 3298 Client::eventHandler(): sending mouse input to server.
14:44:20 3299 Client::eventHandler(): sending mouse input to server.
14:44:20 3300 Client::eventHandler(): sending mouse input to server.
14:44:20 3301 Client::eventHandler(): sending mouse input to server.
14:44:20 3303 Client::eventHandler(): sending mouse input to server.
14:44:20 3304 Client::eventHandler(): sending mouse input to server.
14:44:21 3309 Client::eventHandler(): sending mouse input to server.
14:44:21 3310 Client::eventHandler(): sending mouse input to server.
14:44:21 3311 Client::eventHandler(): sending mouse input to server.
14:44:21 3312 Client::eventHandler(): sending mouse input to server.
14:44:21 3313 Client::eventHandler(): sending mouse input to server.
14:44:21 3316 Client::eventHandler(): sending mouse input to server.
14:44:21 3317 Client::eventHandler(): sending mouse input to server.
14:44:21 3317 Client::eventHandler(): sending mouse input to server.
14:44:21 3318 Client::eventHandler(): sending mouse input to server.
14:44:21 3318 Client::eventHandler(): sending mouse input to server.
14:44:21 3319 Client::eventHandler(): sending mouse input to server.
14:44:21 3319 Client::createObject(): creating object type 'Explosion'
14:44:24 3423 Client::eventHandler(): sending mouse input to server.
14:44:24 3424 Client::eventHandler(): sending mouse input to server.
14:44:24 3429 Client::eventHandler(): sending mouse input to server.
14:44:25 3443 Client::eventHandler(): sending mouse input to server.
14:44:25 3445 Client::eventHandler(): sending mouse input to server.
14:44:25 3446 Client::eventHandler(): sending mouse input to server.
14:44:25 3448 Client::eventHandler(): sending mouse input to server.
14:44:25 3460 Client::eventHandler(): sending mouse input to server.
14:44:26 3472 Client::eventHandler(): sending mouse input to server.
14:44:26 3473 Client::eventHandler(): sending mouse input to server.
14:44:26 3474 Client::eventHandler(): sending mouse input to server.
14:44:26 3474 Client::eventHandler(): sending mouse input to server.
14:44:26 3475 Client::eventHandler(): sending mouse input to server.
14:44:26 3475 Client::eventHandler(): sending mouse input to server.
14:44:26 3476 Client::eventHandler(): sending mouse input to server.
14:44:26 3477 Client::eventHandler(): sending mouse input to server.
14:44:26 3478 Client::eventHandler(): sending mouse input to server.
14:44:26 3479 Client::eventHandler(): sending mouse input to server.
14:44:26 3480 Client::eventHandler(): sending mouse input to server.
14:44:26 3481 Client::eventHandler(): sending mouse input to server.
14:44:26 3482 Client::eventHandler(): sending mouse input to server.
14:44:26 3482 Client::eventHandler(): sending mouse input to server.
14:44:28 3535 Client::eventHandler(): sending mouse input to server.
14:44:28 3536 Client::eventHandler(): sending mouse input to server.
14:44:28 3536 Client::eventHandler(): sending mouse input to server.
14:44:28 3536 Client::eventHandler(): sending mouse input to server.
14:44:28 3536 Client::eventHandler(): sending mouse input to server.
14:44:28 3537 Client::eventHandler(): sending mouse input to server.
14:44:28 3537 Client::eventHandler(): sending mouse input to server.
14:44:28 3537 Client::eventHandler(): sending mouse input to server.
14:44:28 3537 Client::eventHandler(): sending mouse input to server.
14:44:28 3538 Client::eventHandler(): sending mouse input to server.
14:44:34 3729 Client::eventHandler(): sending mouse input to server.
14:44:34 3730 Client::eventHandler(): sending mouse input to server.
14:44:34 3731 Client::eventHandler(): sending mouse input to server.
14:44:38 3826 Client::eventHandler(): sending mouse input to server.
14:44:38 3827 Client::eventHandler(): sending mouse input to server.
14:44:38 3828 Client::eventHandler(): sending mouse input to server.
14:44:39 3861 Client::eventHandler(): sending mouse input to server.
14:44:39 3862 Client::eventHandler(): sending mouse input to server.
14:44:39 3863 Client::eventHandler(): sending mouse input to server.
14:44:43 3980 Client::eventHandler(): sending mouse input to server.
14:44:43 3981 Client::eventHandler(): sending mouse input to server.
14:44:43 3982 Client::eventHandler(): sending mouse input to server.
14:44:44 4007 Client::eventHandler(): sending mouse input to server.
14:44:44 4008 Client::eventHandler(): sending mouse input to server.
14:44:45 4047 Client::eventHandler(): sending mouse input to server.
14:44:45 4051 Client::eventHandler(): sending mouse input to server.
14:46:46 7708 Client::eventHandler(): sending mouse input to server.
14:46:46 7709 Client::eventHandler(): sending mouse input to server.
14:46:46 7710 Client::eventHandler(): sending mouse input to server.
14:46:46 7711 Client::eventHandler(): sending mouse input to server.
14:46:46 7711 Client::eventHandler(): sending mouse input to server.
14:46:46 7712 Client::eventHandler(): sending mouse input to server.
14:46:46 7713 Client::eventHandler(): sending mouse input to server.
14:46:46 7714 Client::eventHandler(): sending mouse input to server.
14:46:46 7715 Client::eventHandler(): sending mouse input to server.
14:46:46 7716 Client::eventHandler(): sending mouse input to server.
14:46:46 7717 Client::eventHandler(): sending mouse input to server.
14:46:46 7718 Client::eventHandler(): sending mouse input to server.
14:46:46 7718 Client::eventHandler(): sending mouse input to server.
14:46:46 7718 Client::eventHandler(): sending mouse input to server.
14:46:46 7718 Client::eventHandler(): sending mouse input to server.
14:46:46 7718 Client::eventHandler(): sending mouse input to server.
14:46:46 7718 Client::eventHandler(): sending mouse input to server.
14:46:46 7718 Client::eventHandler(): sending mouse input to server.
14:46:47 7741 InputManager::getInput(): Window close event. Setting game over.
14:46:47 7742 GameManager::run(): end of game loop
14:46:47 7742 PathManager::shutDown(): successfully stopped.
14:46:47 7742 Path manager stopped
14:46:47 7742 WorldManager::shutDown(): Successfully stopped.
14:46:47 7742 World manager stopped
14:46:47 7742 ResourceManager::shutDown(): successfully stopped.
14:46:47 7742 Resource manager stopped
14:46:47 7742 NetworkManager::shutDown(): successfully stopped.
14:46:47 7742 Network manager stopped
14:46:47 7742 InputManager::shutDown(): successfully stopped.
14:46:47 7742 Input manager stopped
14:46:47 7742 DisplayManager::shutDown(): successfully stopped.
14:46:47 7742 Display manager stopped
14:46:47 7742 ** Game stopped **
14:46:47 7742 ****************************************************
14:46:47 7742 LogManager::shutDown(): successfully stopped.
