21:29:38    0 ****************************************************
21:29:38    0 ** Dragonfly version 4.9 **
21:29:38    0 Hello, Network! (v1.2)
21:29:38    0 ResourceManager::loadSprite(): Loading sprite 'sprites/explosion-spr.txt'
21:29:38    0 ResourceManager::loadSprite(): Opened file 'sprites/explosion-spr.txt'
21:29:38    0 ResourceManager::loadSprite(): Sprite 'explosion' successfully loaded
21:29:38    0 ResourceManager::loadSprite(): Loading sprite 'sprites/level_select.txt'
21:29:38    0 ResourceManager::loadSprite(): Opened file 'sprites/level_select.txt'
21:29:38    0 ResourceManager::loadSprite(): Sprite 'level_select' successfully loaded
21:29:39    0 ResourceManager::loadSprite(): Loading sprite 'sprites/gamestart-spr.txt'
21:29:39    0 ResourceManager::loadSprite(): Opened file 'sprites/gamestart-spr.txt'
21:29:39    0 ResourceManager::loadSprite(): Sprite 'gamestart' successfully loaded
21:29:39    0 ResourceManager::loadSprite(): Loading sprite 'sprites/gameover-spr.txt'
21:29:39    0 ResourceManager::loadSprite(): Opened file 'sprites/gameover-spr.txt'
21:29:39    0 ResourceManager::loadSprite(): Sprite 'gameover' successfully loaded
21:29:39    0 ResourceManager::loadSprite(): Loading sprite 'sprites/level_won.txt'
21:29:39    0 ResourceManager::loadSprite(): Opened file 'sprites/level_won.txt'
21:29:39    0 ResourceManager::loadSprite(): Sprite 'level_won' successfully loaded
21:29:39    0 ResourceManager::loadSprite(): Loading sprite 'sprites/level_intro.txt'
21:29:39    0 ResourceManager::loadSprite(): Opened file 'sprites/level_intro.txt'
21:29:39    0 ResourceManager::loadSprite(): Sprite 'level_intro' successfully loaded
21:29:39    0 ResourceManager::loadSprite(): Loading sprite 'sprites/level_1.txt'
21:29:39    0 ResourceManager::loadSprite(): Opened file 'sprites/level_1.txt'
21:29:39    0 ResourceManager::loadSprite(): Sprite 'level_1' successfully loaded
21:29:39    0 ResourceManager::loadSprite(): Loading sprite 'sprites/saucer-spr.txt'
21:29:39    0 ResourceManager::loadSprite(): Opened file 'sprites/saucer-spr.txt'
21:29:39    0 ResourceManager::loadSprite(): Sprite 'saucer' successfully loaded
21:29:39    0 ResourceManager::loadSprite(): Loading sprite 'sprites/ship-spr.txt'
21:29:39    0 ResourceManager::loadSprite(): Opened file 'sprites/ship-spr.txt'
21:29:39    0 ResourceManager::loadSprite(): Sprite 'ship' successfully loaded
21:29:39    0 ResourceManager::loadSprite(): Loading sprite 'sprites/boss.txt'
21:29:39    0 ResourceManager::loadSprite(): Opened file 'sprites/boss.txt'
21:29:39    0 ResourceManager::loadSprite(): Sprite 'boss' successfully loaded
21:29:39    0 ResourceManager::loadSprite(): Loading sprite 'sprites/boss-weakpoint.txt'
21:29:39    0 ResourceManager::loadSprite(): Opened file 'sprites/boss-weakpoint.txt'
21:29:39    0 ResourceManager::loadSprite(): Sprite 'boss-weakpoint' successfully loaded
21:29:39    0 ResourceManager::loadSprite(): Loading sprite 'sprites/ak47_2.txt'
21:29:39    0 ResourceManager::loadSprite(): Opened file 'sprites/ak47_2.txt'
21:29:39    0 ResourceManager::loadSprite(): Sprite 'AK47' successfully loaded
21:29:39    0 ResourceManager::loadSprite(): Loading sprite 'sprites/awp.txt'
21:29:39    0 ResourceManager::loadSprite(): Opened file 'sprites/awp.txt'
21:29:39    0 ResourceManager::loadSprite(): Sprite 'AWP' successfully loaded
21:29:39    0 ResourceManager::loadSprite(): Loading sprite 'sprites/grenade-launcher.txt'
21:29:39    0 ResourceManager::loadSprite(): Opened file 'sprites/grenade-launcher.txt'
21:29:39    0 ResourceManager::loadSprite(): Sprite 'GrenadeLauncher' successfully loaded
21:29:39    0 ResourceManager::loadSprite(): Loading sprite 'sprites/ak47_bullet.txt'
21:29:39    0 ResourceManager::loadSprite(): Opened file 'sprites/ak47_bullet.txt'
21:29:39    0 ResourceManager::loadSprite(): Sprite 'AK47_bullet' successfully loaded
21:29:39    0 ResourceManager::loadSprite(): Loading sprite 'sprites/awp_bullet.txt'
21:29:39    0 ResourceManager::loadSprite(): Opened file 'sprites/awp_bullet.txt'
21:29:39    0 ResourceManager::loadSprite(): Sprite 'AWP_bullet' successfully loaded
21:29:39    0 ResourceManager::loadSprite(): Loading sprite 'sprites/grenade_bullet.txt'
21:29:39    0 ResourceManager::loadSprite(): Opened file 'sprites/grenade_bullet.txt'
21:29:39    0 ResourceManager::loadSprite(): Sprite 'GrenadeLauncher_bullet' successfully loaded
21:29:39    0 ResourceManager::loadSprite(): Loading sprite 'sprites/bullet_trail.txt'
21:29:39    0 ResourceManager::loadSprite(): Opened file 'sprites/bullet_trail.txt'
21:29:39    0 ResourceManager::loadSprite(): Sprite 'bullet_trail' successfully loaded
21:29:39    0 ResourceManager::loadSprite(): Loading sprite 'sprites/explosion-spr.txt'
21:29:39    0 ResourceManager::loadSprite(): Opened file 'sprites/explosion-spr.txt'
21:29:39    0 ResourceManager::loadSprite(): Sprite 'explosion' successfully loaded
21:29:39    0 ResourceManager::loadSprite(): Loading sprite 'sprites/nuke.txt'
21:29:39    0 ResourceManager::loadSprite(): Opened file 'sprites/nuke.txt'
21:29:39    0 ResourceManager::loadSprite(): Sprite 'nuke' successfully loaded
21:29:39    0 ResourceManager::loadSprite(): Loading sprite 'sprites/character-walk_2.txt'
21:29:39    0 ResourceManager::loadSprite(): Opened file 'sprites/character-walk_2.txt'
21:29:39    0 ResourceManager::loadSprite(): Sprite 'character-walk' successfully loaded
21:29:39    0 ResourceManager::loadSprite(): Loading sprite 'sprites/character-duck.txt'
21:29:39    0 ResourceManager::loadSprite(): Opened file 'sprites/character-duck.txt'
21:29:39    0 ResourceManager::loadSprite(): Sprite 'character-duck' successfully loaded
21:29:39    0 ResourceManager::loadSprite(): Loading sprite 'sprites/platform.txt'
21:29:39    0 ResourceManager::loadSprite(): Opened file 'sprites/platform.txt'
21:29:39    0 ResourceManager::loadSprite(): Sprite 'platform' successfully loaded
21:29:39    0 ResourceManager::loadSprite(): Loading sprite 'sprites/refill-ammo.txt'
21:29:39    0 ResourceManager::loadSprite(): Opened file 'sprites/refill-ammo.txt'
21:29:39    0 ResourceManager::loadSprite(): Sprite 'ammo-refill' successfully loaded
21:29:39    0 ResourceManager::loadSprite(): Loading sprite 'sprites/intro/1.txt'
21:29:39    0 ResourceManager::loadSprite(): Opened file 'sprites/intro/1.txt'
21:29:39    0 ResourceManager::loadSprite(): Sprite 'intro_1' successfully loaded
21:29:39    0 ResourceManager::loadSprite(): Loading sprite 'sprites/intro/2.txt'
21:29:39    0 ResourceManager::loadSprite(): Opened file 'sprites/intro/2.txt'
21:29:39    0 ResourceManager::loadSprite(): Sprite 'intro_2' successfully loaded
21:29:39    0 ResourceManager::loadSprite(): Loading sprite 'sprites/intro/3.txt'
21:29:39    0 ResourceManager::loadSprite(): Opened file 'sprites/intro/3.txt'
21:29:39    0 ResourceManager::loadSprite(): Sprite 'intro_3' successfully loaded
21:29:39    0 ResourceManager::loadSprite(): Loading sprite 'sprites/intro/4.txt'
21:29:39    0 ResourceManager::loadSprite(): Opened file 'sprites/intro/4.txt'
21:29:39    0 ResourceManager::loadSprite(): Sprite 'intro_4' successfully loaded
21:29:39    0 ResourceManager::loadSprite(): Loading sprite 'sprites/intro/5.txt'
21:29:39    0 ResourceManager::loadSprite(): Opened file 'sprites/intro/5.txt'
21:29:39    0 ResourceManager::loadSprite(): Sprite 'intro_5' successfully loaded
21:29:39    0 ResourceManager::loadSprite(): Loading sprite 'sprites/intro/6.txt'
21:29:39    0 ResourceManager::loadSprite(): Opened file 'sprites/intro/6.txt'
21:29:39    0 ResourceManager::loadSprite(): Sprite 'intro_6' successfully loaded
21:29:39    0 ResourceManager::loadSprite(): Loading sprite 'sprites/intro/7.txt'
21:29:39    0 ResourceManager::loadSprite(): Opened file 'sprites/intro/7.txt'
21:29:39    0 ResourceManager::loadSprite(): Sprite 'intro_7' successfully loaded
21:29:39    0 ResourceManager::loadSprite(): Loading sprite 'sprites/intro/small.txt'
21:29:39    0 ResourceManager::loadSprite(): Opened file 'sprites/intro/small.txt'
21:29:39    0 ResourceManager::loadSprite(): Sprite 'intro_small' successfully loaded
21:29:39    0 ResourceManager::loadSprite(): Loading sprite 'sprites/number_font/green_0.txt'
21:29:39    0 ResourceManager::loadSprite(): Opened file 'sprites/number_font/green_0.txt'
21:29:39    0 ResourceManager::loadSprite(): Sprite 'green_0' successfully loaded
21:29:39    0 ResourceManager::loadSprite(): Loading sprite 'sprites/number_font/green_1.txt'
21:29:39    0 ResourceManager::loadSprite(): Opened file 'sprites/number_font/green_1.txt'
21:29:39    0 ResourceManager::loadSprite(): Sprite 'green_1' successfully loaded
21:29:39    0 ResourceManager::loadSprite(): Loading sprite 'sprites/number_font/green_2.txt'
21:29:39    0 ResourceManager::loadSprite(): Opened file 'sprites/number_font/green_2.txt'
21:29:39    0 ResourceManager::loadSprite(): Sprite 'green_2' successfully loaded
21:29:39    0 ResourceManager::loadSprite(): Loading sprite 'sprites/number_font/green_3.txt'
21:29:39    0 ResourceManager::loadSprite(): Opened file 'sprites/number_font/green_3.txt'
21:29:39    0 ResourceManager::loadSprite(): Sprite 'green_3' successfully loaded
21:29:39    0 ResourceManager::loadSprite(): Loading sprite 'sprites/number_font/green_4.txt'
21:29:39    0 ResourceManager::loadSprite(): Opened file 'sprites/number_font/green_4.txt'
21:29:39    0 ResourceManager::loadSprite(): Sprite 'green_4' successfully loaded
21:29:39    0 ResourceManager::loadSprite(): Loading sprite 'sprites/number_font/green_5.txt'
21:29:39    0 ResourceManager::loadSprite(): Opened file 'sprites/number_font/green_5.txt'
21:29:39    0 ResourceManager::loadSprite(): Sprite 'green_5' successfully loaded
21:29:39    0 ResourceManager::loadSprite(): Loading sprite 'sprites/number_font/green_6.txt'
21:29:39    0 ResourceManager::loadSprite(): Opened file 'sprites/number_font/green_6.txt'
21:29:39    0 ResourceManager::loadSprite(): Sprite 'green_6' successfully loaded
21:29:39    0 ResourceManager::loadSprite(): Loading sprite 'sprites/number_font/green_7.txt'
21:29:39    0 ResourceManager::loadSprite(): Opened file 'sprites/number_font/green_7.txt'
21:29:39    0 ResourceManager::loadSprite(): Sprite 'green_7' successfully loaded
21:29:39    0 ResourceManager::loadSprite(): Loading sprite 'sprites/number_font/green_8.txt'
21:29:39    0 ResourceManager::loadSprite(): Opened file 'sprites/number_font/green_8.txt'
21:29:39    0 ResourceManager::loadSprite(): Sprite 'green_8' successfully loaded
21:29:39    0 ResourceManager::loadSprite(): Loading sprite 'sprites/number_font/green_9.txt'
21:29:39    0 ResourceManager::loadSprite(): Opened file 'sprites/number_font/green_9.txt'
21:29:39    0 ResourceManager::loadSprite(): Sprite 'green_9' successfully loaded
21:29:39    0 ResourceManager::loadSprite(): Loading sprite 'sprites/number_font/red_0.txt'
21:29:39    0 ResourceManager::loadSprite(): Opened file 'sprites/number_font/red_0.txt'
21:29:39    0 ResourceManager::loadSprite(): Sprite 'red_0' successfully loaded
21:29:39    0 ResourceManager::loadSprite(): Loading sprite 'sprites/number_font/red_1.txt'
21:29:39    0 ResourceManager::loadSprite(): Opened file 'sprites/number_font/red_1.txt'
21:29:39    0 ResourceManager::loadSprite(): Sprite 'red_1' successfully loaded
21:29:39    0 ResourceManager::loadSprite(): Loading sprite 'sprites/number_font/red_2.txt'
21:29:39    0 ResourceManager::loadSprite(): Opened file 'sprites/number_font/red_2.txt'
21:29:39    0 ResourceManager::loadSprite(): Sprite 'red_2' successfully loaded
21:29:39    0 ResourceManager::loadSprite(): Loading sprite 'sprites/number_font/red_3.txt'
21:29:39    0 ResourceManager::loadSprite(): Opened file 'sprites/number_font/red_3.txt'
21:29:39    0 ResourceManager::loadSprite(): Sprite 'red_3' successfully loaded
21:29:39    0 ResourceManager::loadSprite(): Loading sprite 'sprites/number_font/red_4.txt'
21:29:39    0 ResourceManager::loadSprite(): Opened file 'sprites/number_font/red_4.txt'
21:29:39    0 ResourceManager::loadSprite(): Sprite 'red_4' successfully loaded
21:29:39    0 ResourceManager::loadSprite(): Loading sprite 'sprites/number_font/red_5.txt'
21:29:39    0 ResourceManager::loadSprite(): Opened file 'sprites/number_font/red_5.txt'
21:29:39    0 ResourceManager::loadSprite(): Sprite 'red_5' successfully loaded
21:29:39    0 ResourceManager::loadSprite(): Loading sprite 'sprites/number_font/red_6.txt'
21:29:39    0 ResourceManager::loadSprite(): Opened file 'sprites/number_font/red_6.txt'
21:29:39    0 ResourceManager::loadSprite(): Sprite 'red_6' successfully loaded
21:29:39    0 ResourceManager::loadSprite(): Loading sprite 'sprites/number_font/red_7.txt'
21:29:39    0 ResourceManager::loadSprite(): Opened file 'sprites/number_font/red_7.txt'
21:29:39    0 ResourceManager::loadSprite(): Sprite 'red_7' successfully loaded
21:29:39    0 ResourceManager::loadSprite(): Loading sprite 'sprites/number_font/red_8.txt'
21:29:39    0 ResourceManager::loadSprite(): Opened file 'sprites/number_font/red_8.txt'
21:29:39    0 ResourceManager::loadSprite(): Sprite 'red_8' successfully loaded
21:29:39    0 ResourceManager::loadSprite(): Loading sprite 'sprites/number_font/red_9.txt'
21:29:39    0 ResourceManager::loadSprite(): Opened file 'sprites/number_font/red_9.txt'
21:29:39    0 ResourceManager::loadSprite(): Sprite 'red_9' successfully loaded
21:29:39    0 ResourceManager::loadSprite(): Loading sprite 'sprites/number_font/yellow_0.txt'
21:29:39    0 ResourceManager::loadSprite(): Opened file 'sprites/number_font/yellow_0.txt'
21:29:39    0 ResourceManager::loadSprite(): Sprite 'yellow_0' successfully loaded
21:29:39    0 ResourceManager::loadSprite(): Loading sprite 'sprites/number_font/yellow_1.txt'
21:29:39    0 ResourceManager::loadSprite(): Opened file 'sprites/number_font/yellow_1.txt'
21:29:39    0 ResourceManager::loadSprite(): Sprite 'yellow_1' successfully loaded
21:29:39    0 ResourceManager::loadSprite(): Loading sprite 'sprites/number_font/yellow_2.txt'
21:29:39    0 ResourceManager::loadSprite(): Opened file 'sprites/number_font/yellow_2.txt'
21:29:39    0 ResourceManager::loadSprite(): Sprite 'yellow_2' successfully loaded
21:29:39    0 ResourceManager::loadSprite(): Loading sprite 'sprites/number_font/yellow_3.txt'
21:29:39    0 ResourceManager::loadSprite(): Opened file 'sprites/number_font/yellow_3.txt'
21:29:39    0 ResourceManager::loadSprite(): Sprite 'yellow_3' successfully loaded
21:29:39    0 ResourceManager::loadSprite(): Loading sprite 'sprites/number_font/yellow_4.txt'
21:29:39    0 ResourceManager::loadSprite(): Opened file 'sprites/number_font/yellow_4.txt'
21:29:39    0 ResourceManager::loadSprite(): Sprite 'yellow_4' successfully loaded
21:29:39    0 ResourceManager::loadSprite(): Loading sprite 'sprites/number_font/yellow_5.txt'
21:29:39    0 ResourceManager::loadSprite(): Opened file 'sprites/number_font/yellow_5.txt'
21:29:39    0 ResourceManager::loadSprite(): Sprite 'yellow_5' successfully loaded
21:29:39    0 ResourceManager::loadSprite(): Loading sprite 'sprites/number_font/yellow_6.txt'
21:29:39    0 ResourceManager::loadSprite(): Opened file 'sprites/number_font/yellow_6.txt'
21:29:39    0 ResourceManager::loadSprite(): Sprite 'yellow_6' successfully loaded
21:29:39    0 ResourceManager::loadSprite(): Loading sprite 'sprites/number_font/yellow_7.txt'
21:29:39    0 ResourceManager::loadSprite(): Opened file 'sprites/number_font/yellow_7.txt'
21:29:39    0 ResourceManager::loadSprite(): Sprite 'yellow_7' successfully loaded
21:29:39    0 ResourceManager::loadSprite(): Loading sprite 'sprites/number_font/yellow_8.txt'
21:29:39    0 ResourceManager::loadSprite(): Opened file 'sprites/number_font/yellow_8.txt'
21:29:39    0 ResourceManager::loadSprite(): Sprite 'yellow_8' successfully loaded
21:29:39    0 ResourceManager::loadSprite(): Loading sprite 'sprites/number_font/yellow_9.txt'
21:29:39    0 ResourceManager::loadSprite(): Opened file 'sprites/number_font/yellow_9.txt'
21:29:39    0 ResourceManager::loadSprite(): Sprite 'yellow_9' successfully loaded
21:29:39    0 ResourceManager::loadSprite(): Loading sprite 'sprites/number_font/slash.txt'
21:29:39    0 ResourceManager::loadSprite(): Opened file 'sprites/number_font/slash.txt'
21:29:39    0 ResourceManager::loadSprite(): Sprite 'slash' successfully loaded
21:29:39    0 ResourceManager::loadSprite(): Loading sprite 'sprites/ammo_display.txt'
21:29:39    0 ResourceManager::loadSprite(): Opened file 'sprites/ammo_display.txt'
21:29:39    0 ResourceManager::loadSprite(): Sprite 'ammo_display' successfully loaded
21:29:39    0 ResourceManager::loadSound(): Sound 'AK47_fire' successfully loaded
21:29:39    0 ResourceManager::loadSound(): Sound 'AWP_fire' successfully loaded
21:29:39    0 ResourceManager::loadSound(): Sound 'GrenadeLauncher_fire' successfully loaded
21:29:39    0 ResourceManager::loadSound(): Sound 'ammo_empty' successfully loaded
21:29:40    0 ResourceManager::loadSound(): Sound 'AK47_reload' successfully loaded
21:29:40    0 ResourceManager::loadSound(): Sound 'AWP_reload' successfully loaded
21:29:40    0 ResourceManager::loadSound(): Sound 'GrenadeLauncher_reload' successfully loaded
21:29:40    0 ResourceManager::loadSound(): Sound 'awp_bolt' successfully loaded
21:29:40    0 ResourceManager::loadSound(): Sound 'pickup1' successfully loaded
21:29:40    0 ResourceManager::loadSound(): Sound 'pickup2' successfully loaded
21:29:40    0 ResourceManager::loadSound(): Sound 'explode' successfully loaded
21:29:40    0 ResourceManager::loadSound(): Sound 'nuke' successfully loaded
21:29:40    0 ResourceManager::loadSound(): Sound 'saucer_death' successfully loaded
21:29:41    0 ResourceManager::loadSound(): Sound 'game over' successfully loaded
21:29:41    0 ResourceManager::loadSound(): Sound 'level_won' successfully loaded
21:29:41    0 ResourceManager::loadMusic(): Music 'start music' successfully loaded
21:29:41    0 ResourceManager::loadMusic(): Music 'music_theme' successfully loaded
21:29:41    0 ResourceManager::loadMusic(): Music 'music_boss' successfully loaded
21:29:41    0 Client::Client(): Connecting to localhost at port 9876.
21:29:41    0 NetworkManager::connect(): Connecting to localhost, port 9876.
21:29:41    0 NetworkManager::connect(): Connection established.
21:29:41    0 Client::handleConnect(): Client connected!
21:29:41    0 Client::Client(): Client started.
21:29:41    0 GameManager::run(): starting game loop
21:29:41    0 Client::eventHandler(): sending mouse input to server.
21:29:41    0 Client::eventHandler(): sending mouse input to server.
21:29:41    0 Client following hero id 0
21:29:41    0 Client::eventHandler(): received custom network event.
21:29:41    0 	message: 48
21:29:41    0 GameManager::run(): Warning! Residual network data.
21:29:41    1 GameManager::run(): Warning! Residual network data.
21:29:41    2 GameManager::run(): Warning! Residual network data.
21:29:41    3 GameManager::run(): Warning! Residual network data.
21:29:41    4 GameManager::run(): Warning! Residual network data.
21:29:41    5 GameManager::run(): Warning! Residual network data.
21:29:41    6 GameManager::run(): Warning! Residual network data.
21:29:41    7 GameManager::run(): Warning! Residual network data.
21:29:41    8 GameManager::run(): Warning! Residual network data.
21:29:41    9 GameManager::run(): Warning! Residual network data.
21:29:41   10 GameManager::run(): Warning! Residual network data.
21:29:41   11 GameManager::run(): Warning! Residual network data.
21:29:41   12 GameManager::run(): Warning! Residual network data.
21:29:41   13 GameManager::run(): Warning! Residual network data.
21:29:41   14 GameManager::run(): Warning! Residual network data.
21:29:41   15 GameManager::run(): Warning! Residual network data.
21:29:42   16 GameManager::run(): Warning! Residual network data.
21:29:42   17 GameManager::run(): Warning! Residual network data.
21:29:42   18 GameManager::run(): Warning! Residual network data.
21:29:42   19 GameManager::run(): Warning! Residual network data.
21:29:42   20 GameManager::run(): Warning! Residual network data.
21:29:42   21 GameManager::run(): Warning! Residual network data.
21:29:42   22 GameManager::run(): Warning! Residual network data.
21:29:42   23 GameManager::run(): Warning! Residual network data.
21:29:42   24 GameManager::run(): Warning! Residual network data.
21:29:42   25 GameManager::run(): Warning! Residual network data.
21:29:42   26 GameManager::run(): Warning! Residual network data.
21:29:42   27 GameManager::run(): Warning! Residual network data.
21:29:42   28 GameManager::run(): Warning! Residual network data.
21:29:42   29 GameManager::run(): Warning! Residual network data.
21:29:42   30 GameManager::run(): Warning! Residual network data.
21:29:42   31 GameManager::run(): Warning! Residual network data.
21:29:42   32 GameManager::run(): Warning! Residual network data.
21:29:42   33 GameManager::run(): Warning! Residual network data.
21:29:42   34 GameManager::run(): Warning! Residual network data.
21:29:42   35 GameManager::run(): Warning! Residual network data.
21:29:42   36 GameManager::run(): Warning! Residual network data.
21:29:42   37 GameManager::run(): Warning! Residual network data.
21:29:42   38 GameManager::run(): Warning! Residual network data.
21:29:42   39 GameManager::run(): Warning! Residual network data.
21:29:42   40 GameManager::run(): Warning! Residual network data.
21:29:42   41 GameManager::run(): Warning! Residual network data.
21:29:42   42 GameManager::run(): Warning! Residual network data.
21:29:42   43 GameManager::run(): Warning! Residual network data.
21:29:42   44 GameManager::run(): Warning! Residual network data.
21:29:42   45 GameManager::run(): Warning! Residual network data.
21:29:43   46 GameManager::run(): Warning! Residual network data.
21:29:43   47 GameManager::run(): Warning! Residual network data.
21:29:43   48 GameManager::run(): Warning! Residual network data.
21:29:43   49 GameManager::run(): Warning! Residual network data.
21:29:43   50 GameManager::run(): Warning! Residual network data.
21:29:43   51 GameManager::run(): Warning! Residual network data.
21:29:43   52 GameManager::run(): Warning! Residual network data.
21:29:43   53 GameManager::run(): Warning! Residual network data.
21:29:43   54 GameManager::run(): Warning! Residual network data.
21:29:43   55 GameManager::run(): Warning! Residual network data.
21:29:43   56 GameManager::run(): Warning! Residual network data.
21:29:43   57 GameManager::run(): Warning! Residual network data.
21:29:43   58 GameManager::run(): Warning! Residual network data.
21:29:43   59 GameManager::run(): Warning! Residual network data.
21:29:43   60 GameManager::run(): Warning! Residual network data.
21:29:43   61 GameManager::run(): Warning! Residual network data.
21:29:43   62 GameManager::run(): Warning! Residual network data.
21:29:43   63 GameManager::run(): Warning! Residual network data.
21:29:43   64 GameManager::run(): Warning! Residual network data.
21:29:43   65 GameManager::run(): Warning! Residual network data.
21:29:43   66 GameManager::run(): Warning! Residual network data.
21:29:43   67 GameManager::run(): Warning! Residual network data.
21:29:43   68 GameManager::run(): Warning! Residual network data.
21:29:43   69 GameManager::run(): Warning! Residual network data.
21:29:43   70 GameManager::run(): Warning! Residual network data.
21:29:43   71 GameManager::run(): Warning! Residual network data.
21:29:43   72 GameManager::run(): Warning! Residual network data.
21:29:43   73 GameManager::run(): Warning! Residual network data.
21:29:43   74 GameManager::run(): Warning! Residual network data.
21:29:43   75 GameManager::run(): Warning! Residual network data.
21:29:44   76 GameManager::run(): Warning! Residual network data.
21:29:44   77 GameManager::run(): Warning! Residual network data.
21:29:44   78 GameManager::run(): Warning! Residual network data.
21:29:44   79 GameManager::run(): Warning! Residual network data.
21:29:44   80 GameManager::run(): Warning! Residual network data.
21:29:44   81 GameManager::run(): Warning! Residual network data.
21:29:44   82 GameManager::run(): Warning! Residual network data.
21:29:44   83 GameManager::run(): Warning! Residual network data.
21:29:44   84 GameManager::run(): Warning! Residual network data.
21:29:44   85 GameManager::run(): Warning! Residual network data.
21:29:44   86 GameManager::run(): Warning! Residual network data.
21:29:44   87 GameManager::run(): Warning! Residual network data.
21:29:44   88 GameManager::run(): Warning! Residual network data.
21:29:44   89 GameManager::run(): Warning! Residual network data.
21:29:44   90 GameManager::run(): Warning! Residual network data.
21:29:44   91 GameManager::run(): Warning! Residual network data.
21:29:44   92 GameManager::run(): Warning! Residual network data.
21:29:44   93 InputManager::getInput(): Window close event. Setting game over.
21:29:44   93 GameManager::run(): Warning! Residual network data.
21:29:44   94 GameManager::run(): end of game loop
21:29:44   94 PathManager::shutDown(): successfully stopped.
21:29:44   94 Path manager stopped
21:29:44   94 WorldManager::shutDown(): Successfully stopped.
21:29:44   94 World manager stopped
21:29:44   94 ResourceManager::shutDown(): successfully stopped.
21:29:44   94 Resource manager stopped
21:29:44   94 NetworkManager::shutDown(): successfully stopped.
21:29:44   94 Network manager stopped
21:29:44   94 InputManager::shutDown(): successfully stopped.
21:29:44   94 Input manager stopped
21:29:44   94 DisplayManager::shutDown(): successfully stopped.
21:29:44   94 Display manager stopped
21:29:44   94 ** Game stopped **
21:29:44   94 ****************************************************
21:29:44   94 LogManager::shutDown(): successfully stopped.
