c:\users\vuxua\documents\github\ms_game\online_directory\vs-2017\x64\release\vc141.pdb
c:\users\vuxua\documents\github\ms_game\online_directory\vs-2017\x64\release\weapon.obj
c:\users\vuxua\documents\github\ms_game\online_directory\vs-2017\x64\release\weakpoint.obj
c:\users\vuxua\documents\github\ms_game\online_directory\vs-2017\x64\release\util.obj
c:\users\vuxua\documents\github\ms_game\online_directory\vs-2017\x64\release\server.obj
c:\users\vuxua\documents\github\ms_game\online_directory\vs-2017\x64\release\saucer.obj
c:\users\vuxua\documents\github\ms_game\online_directory\vs-2017\x64\release\reticle.obj
c:\users\vuxua\documents\github\ms_game\online_directory\vs-2017\x64\release\platform.obj
c:\users\vuxua\documents\github\ms_game\online_directory\vs-2017\x64\release\level1.obj
c:\users\vuxua\documents\github\ms_game\online_directory\vs-2017\x64\release\level.obj
c:\users\vuxua\documents\github\ms_game\online_directory\vs-2017\x64\release\hero.obj
c:\users\vuxua\documents\github\ms_game\online_directory\vs-2017\x64\release\game.obj
c:\users\vuxua\documents\github\ms_game\online_directory\vs-2017\x64\release\explosion.obj
c:\users\vuxua\documents\github\ms_game\online_directory\vs-2017\x64\release\eventbosstookdamage.obj
c:\users\vuxua\documents\github\ms_game\online_directory\vs-2017\x64\release\enemymovement.obj
c:\users\vuxua\documents\github\ms_game\online_directory\vs-2017\x64\release\enemyattack.obj
c:\users\vuxua\documents\github\ms_game\online_directory\vs-2017\x64\release\client.obj
c:\users\vuxua\documents\github\ms_game\online_directory\vs-2017\x64\release\bullettrail.obj
c:\users\vuxua\documents\github\ms_game\online_directory\vs-2017\x64\release\bullet.obj
c:\users\vuxua\documents\github\ms_game\online_directory\vs-2017\x64\release\boss.obj
c:\users\vuxua\documents\github\ms_game\online_directory\vs-2017\x64\release\ammodisplay.obj
c:\users\vuxua\documents\github\ms_game\online_directory\vs-2017\x64\release\game.ipdb
c:\users\vuxua\documents\github\ms_game\online_directory\vs-2017\x64\release\game.iobj
c:\users\vuxua\documents\github\ms_game\online_directory\vs-2017\x64\release\game.exe
c:\users\vuxua\documents\github\ms_game\online_directory\vs-2017\x64\release\game.pdb
c:\users\vuxua\documents\github\ms_game\online_directory\vs-2017\x64\release\game.tlog\cl.command.1.tlog
c:\users\vuxua\documents\github\ms_game\online_directory\vs-2017\x64\release\game.tlog\cl.read.1.tlog
c:\users\vuxua\documents\github\ms_game\online_directory\vs-2017\x64\release\game.tlog\cl.write.1.tlog
c:\users\vuxua\documents\github\ms_game\online_directory\vs-2017\x64\release\game.tlog\game.write.1u.tlog
c:\users\vuxua\documents\github\ms_game\online_directory\vs-2017\x64\release\game.tlog\link.command.1.tlog
c:\users\vuxua\documents\github\ms_game\online_directory\vs-2017\x64\release\game.tlog\link.read.1.tlog
c:\users\vuxua\documents\github\ms_game\online_directory\vs-2017\x64\release\game.tlog\link.write.1.tlog
