16:40:42    0 ****************************************************
16:40:42    0 ** Dragonfly version 4.9 **
16:40:43    0 Hello, Network! (v1.2)
16:40:43    0 ResourceManager::loadSprite(): Loading sprite 'sprites/explosion-spr.txt'
16:40:43    0 ResourceManager::loadSprite(): Opened file 'sprites/explosion-spr.txt'
16:40:43    0 ResourceManager::loadSprite(): Sprite 'explosion' successfully loaded
16:40:43    0 ResourceManager::loadSprite(): Loading sprite 'sprites/level_select.txt'
16:40:43    0 ResourceManager::loadSprite(): Opened file 'sprites/level_select.txt'
16:40:43    0 ResourceManager::loadSprite(): Sprite 'level_select' successfully loaded
16:40:43    0 ResourceManager::loadSprite(): Loading sprite 'sprites/gamestart-spr.txt'
16:40:43    0 ResourceManager::loadSprite(): Opened file 'sprites/gamestart-spr.txt'
16:40:43    0 ResourceManager::loadSprite(): Sprite 'gamestart' successfully loaded
16:40:43    0 ResourceManager::loadSprite(): Loading sprite 'sprites/gameover-spr.txt'
16:40:43    0 ResourceManager::loadSprite(): Opened file 'sprites/gameover-spr.txt'
16:40:43    0 ResourceManager::loadSprite(): Sprite 'gameover' successfully loaded
16:40:43    0 ResourceManager::loadSprite(): Loading sprite 'sprites/level_won.txt'
16:40:43    0 ResourceManager::loadSprite(): Opened file 'sprites/level_won.txt'
16:40:43    0 ResourceManager::loadSprite(): Sprite 'level_won' successfully loaded
16:40:43    0 ResourceManager::loadSprite(): Loading sprite 'sprites/level_intro.txt'
16:40:43    0 ResourceManager::loadSprite(): Opened file 'sprites/level_intro.txt'
16:40:43    0 ResourceManager::loadSprite(): Sprite 'level_intro' successfully loaded
16:40:43    0 ResourceManager::loadSprite(): Loading sprite 'sprites/level_1.txt'
16:40:43    0 ResourceManager::loadSprite(): Opened file 'sprites/level_1.txt'
16:40:43    0 ResourceManager::loadSprite(): Sprite 'level_1' successfully loaded
16:40:43    0 ResourceManager::loadSprite(): Loading sprite 'sprites/saucer-spr.txt'
16:40:43    0 ResourceManager::loadSprite(): Opened file 'sprites/saucer-spr.txt'
16:40:43    0 ResourceManager::loadSprite(): Sprite 'saucer' successfully loaded
16:40:43    0 ResourceManager::loadSprite(): Loading sprite 'sprites/ship-spr.txt'
16:40:43    0 ResourceManager::loadSprite(): Opened file 'sprites/ship-spr.txt'
16:40:43    0 ResourceManager::loadSprite(): Sprite 'ship' successfully loaded
16:40:43    0 ResourceManager::loadSprite(): Loading sprite 'sprites/boss.txt'
16:40:43    0 ResourceManager::loadSprite(): Opened file 'sprites/boss.txt'
16:40:43    0 ResourceManager::loadSprite(): Sprite 'boss' successfully loaded
16:40:43    0 ResourceManager::loadSprite(): Loading sprite 'sprites/boss-weakpoint.txt'
16:40:43    0 ResourceManager::loadSprite(): Opened file 'sprites/boss-weakpoint.txt'
16:40:43    0 ResourceManager::loadSprite(): Sprite 'boss-weakpoint' successfully loaded
16:40:43    0 ResourceManager::loadSprite(): Loading sprite 'sprites/ak47_2.txt'
16:40:43    0 ResourceManager::loadSprite(): Opened file 'sprites/ak47_2.txt'
16:40:43    0 ResourceManager::loadSprite(): Sprite 'AK47' successfully loaded
16:40:43    0 ResourceManager::loadSprite(): Loading sprite 'sprites/awp.txt'
16:40:43    0 ResourceManager::loadSprite(): Opened file 'sprites/awp.txt'
16:40:43    0 ResourceManager::loadSprite(): Sprite 'AWP' successfully loaded
16:40:43    0 ResourceManager::loadSprite(): Loading sprite 'sprites/grenade-launcher.txt'
16:40:43    0 ResourceManager::loadSprite(): Opened file 'sprites/grenade-launcher.txt'
16:40:43    0 ResourceManager::loadSprite(): Sprite 'GrenadeLauncher' successfully loaded
16:40:43    0 ResourceManager::loadSprite(): Loading sprite 'sprites/ak47_bullet.txt'
16:40:43    0 ResourceManager::loadSprite(): Opened file 'sprites/ak47_bullet.txt'
16:40:43    0 ResourceManager::loadSprite(): Sprite 'AK47_bullet' successfully loaded
16:40:43    0 ResourceManager::loadSprite(): Loading sprite 'sprites/awp_bullet.txt'
16:40:43    0 ResourceManager::loadSprite(): Opened file 'sprites/awp_bullet.txt'
16:40:43    0 ResourceManager::loadSprite(): Sprite 'AWP_bullet' successfully loaded
16:40:43    0 ResourceManager::loadSprite(): Loading sprite 'sprites/grenade_bullet.txt'
16:40:43    0 ResourceManager::loadSprite(): Opened file 'sprites/grenade_bullet.txt'
16:40:43    0 ResourceManager::loadSprite(): Sprite 'GrenadeLauncher_bullet' successfully loaded
16:40:43    0 ResourceManager::loadSprite(): Loading sprite 'sprites/bullet_trail.txt'
16:40:43    0 ResourceManager::loadSprite(): Opened file 'sprites/bullet_trail.txt'
16:40:43    0 ResourceManager::loadSprite(): Sprite 'bullet_trail' successfully loaded
16:40:43    0 ResourceManager::loadSprite(): Loading sprite 'sprites/explosion-spr.txt'
16:40:43    0 ResourceManager::loadSprite(): Opened file 'sprites/explosion-spr.txt'
16:40:43    0 ResourceManager::loadSprite(): Sprite 'explosion' successfully loaded
16:40:43    0 ResourceManager::loadSprite(): Loading sprite 'sprites/nuke.txt'
16:40:43    0 ResourceManager::loadSprite(): Opened file 'sprites/nuke.txt'
16:40:43    0 ResourceManager::loadSprite(): Sprite 'nuke' successfully loaded
16:40:43    0 ResourceManager::loadSprite(): Loading sprite 'sprites/character-walk_2.txt'
16:40:43    0 ResourceManager::loadSprite(): Opened file 'sprites/character-walk_2.txt'
16:40:43    0 ResourceManager::loadSprite(): Sprite 'character-walk' successfully loaded
16:40:43    0 ResourceManager::loadSprite(): Loading sprite 'sprites/character-duck.txt'
16:40:43    0 ResourceManager::loadSprite(): Opened file 'sprites/character-duck.txt'
16:40:43    0 ResourceManager::loadSprite(): Sprite 'character-duck' successfully loaded
16:40:43    0 ResourceManager::loadSprite(): Loading sprite 'sprites/platform.txt'
16:40:43    0 ResourceManager::loadSprite(): Opened file 'sprites/platform.txt'
16:40:43    0 ResourceManager::loadSprite(): Sprite 'platform' successfully loaded
16:40:43    0 ResourceManager::loadSprite(): Loading sprite 'sprites/refill-ammo.txt'
16:40:43    0 ResourceManager::loadSprite(): Opened file 'sprites/refill-ammo.txt'
16:40:43    0 ResourceManager::loadSprite(): Sprite 'ammo-refill' successfully loaded
16:40:43    0 ResourceManager::loadSprite(): Loading sprite 'sprites/intro/1.txt'
16:40:43    0 ResourceManager::loadSprite(): Opened file 'sprites/intro/1.txt'
16:40:43    0 ResourceManager::loadSprite(): Sprite 'intro_1' successfully loaded
16:40:43    0 ResourceManager::loadSprite(): Loading sprite 'sprites/intro/2.txt'
16:40:43    0 ResourceManager::loadSprite(): Opened file 'sprites/intro/2.txt'
16:40:43    0 ResourceManager::loadSprite(): Sprite 'intro_2' successfully loaded
16:40:43    0 ResourceManager::loadSprite(): Loading sprite 'sprites/intro/3.txt'
16:40:43    0 ResourceManager::loadSprite(): Opened file 'sprites/intro/3.txt'
16:40:43    0 ResourceManager::loadSprite(): Sprite 'intro_3' successfully loaded
16:40:43    0 ResourceManager::loadSprite(): Loading sprite 'sprites/intro/4.txt'
16:40:43    0 ResourceManager::loadSprite(): Opened file 'sprites/intro/4.txt'
16:40:43    0 ResourceManager::loadSprite(): Sprite 'intro_4' successfully loaded
16:40:43    0 ResourceManager::loadSprite(): Loading sprite 'sprites/intro/5.txt'
16:40:43    0 ResourceManager::loadSprite(): Opened file 'sprites/intro/5.txt'
16:40:43    0 ResourceManager::loadSprite(): Sprite 'intro_5' successfully loaded
16:40:43    0 ResourceManager::loadSprite(): Loading sprite 'sprites/intro/6.txt'
16:40:43    0 ResourceManager::loadSprite(): Opened file 'sprites/intro/6.txt'
16:40:43    0 ResourceManager::loadSprite(): Sprite 'intro_6' successfully loaded
16:40:43    0 ResourceManager::loadSprite(): Loading sprite 'sprites/intro/7.txt'
16:40:43    0 ResourceManager::loadSprite(): Opened file 'sprites/intro/7.txt'
16:40:43    0 ResourceManager::loadSprite(): Sprite 'intro_7' successfully loaded
16:40:43    0 ResourceManager::loadSprite(): Loading sprite 'sprites/intro/small.txt'
16:40:43    0 ResourceManager::loadSprite(): Opened file 'sprites/intro/small.txt'
16:40:43    0 ResourceManager::loadSprite(): Sprite 'intro_small' successfully loaded
16:40:43    0 ResourceManager::loadSprite(): Loading sprite 'sprites/number_font/green_0.txt'
16:40:43    0 ResourceManager::loadSprite(): Opened file 'sprites/number_font/green_0.txt'
16:40:43    0 ResourceManager::loadSprite(): Sprite 'green_0' successfully loaded
16:40:43    0 ResourceManager::loadSprite(): Loading sprite 'sprites/number_font/green_1.txt'
16:40:43    0 ResourceManager::loadSprite(): Opened file 'sprites/number_font/green_1.txt'
16:40:43    0 ResourceManager::loadSprite(): Sprite 'green_1' successfully loaded
16:40:43    0 ResourceManager::loadSprite(): Loading sprite 'sprites/number_font/green_2.txt'
16:40:43    0 ResourceManager::loadSprite(): Opened file 'sprites/number_font/green_2.txt'
16:40:43    0 ResourceManager::loadSprite(): Sprite 'green_2' successfully loaded
16:40:43    0 ResourceManager::loadSprite(): Loading sprite 'sprites/number_font/green_3.txt'
16:40:43    0 ResourceManager::loadSprite(): Opened file 'sprites/number_font/green_3.txt'
16:40:43    0 ResourceManager::loadSprite(): Sprite 'green_3' successfully loaded
16:40:43    0 ResourceManager::loadSprite(): Loading sprite 'sprites/number_font/green_4.txt'
16:40:43    0 ResourceManager::loadSprite(): Opened file 'sprites/number_font/green_4.txt'
16:40:43    0 ResourceManager::loadSprite(): Sprite 'green_4' successfully loaded
16:40:43    0 ResourceManager::loadSprite(): Loading sprite 'sprites/number_font/green_5.txt'
16:40:43    0 ResourceManager::loadSprite(): Opened file 'sprites/number_font/green_5.txt'
16:40:43    0 ResourceManager::loadSprite(): Sprite 'green_5' successfully loaded
16:40:43    0 ResourceManager::loadSprite(): Loading sprite 'sprites/number_font/green_6.txt'
16:40:43    0 ResourceManager::loadSprite(): Opened file 'sprites/number_font/green_6.txt'
16:40:43    0 ResourceManager::loadSprite(): Sprite 'green_6' successfully loaded
16:40:43    0 ResourceManager::loadSprite(): Loading sprite 'sprites/number_font/green_7.txt'
16:40:43    0 ResourceManager::loadSprite(): Opened file 'sprites/number_font/green_7.txt'
16:40:43    0 ResourceManager::loadSprite(): Sprite 'green_7' successfully loaded
16:40:43    0 ResourceManager::loadSprite(): Loading sprite 'sprites/number_font/green_8.txt'
16:40:43    0 ResourceManager::loadSprite(): Opened file 'sprites/number_font/green_8.txt'
16:40:43    0 ResourceManager::loadSprite(): Sprite 'green_8' successfully loaded
16:40:43    0 ResourceManager::loadSprite(): Loading sprite 'sprites/number_font/green_9.txt'
16:40:43    0 ResourceManager::loadSprite(): Opened file 'sprites/number_font/green_9.txt'
16:40:43    0 ResourceManager::loadSprite(): Sprite 'green_9' successfully loaded
16:40:43    0 ResourceManager::loadSprite(): Loading sprite 'sprites/number_font/red_0.txt'
16:40:43    0 ResourceManager::loadSprite(): Opened file 'sprites/number_font/red_0.txt'
16:40:43    0 ResourceManager::loadSprite(): Sprite 'red_0' successfully loaded
16:40:43    0 ResourceManager::loadSprite(): Loading sprite 'sprites/number_font/red_1.txt'
16:40:43    0 ResourceManager::loadSprite(): Opened file 'sprites/number_font/red_1.txt'
16:40:43    0 ResourceManager::loadSprite(): Sprite 'red_1' successfully loaded
16:40:43    0 ResourceManager::loadSprite(): Loading sprite 'sprites/number_font/red_2.txt'
16:40:43    0 ResourceManager::loadSprite(): Opened file 'sprites/number_font/red_2.txt'
16:40:43    0 ResourceManager::loadSprite(): Sprite 'red_2' successfully loaded
16:40:43    0 ResourceManager::loadSprite(): Loading sprite 'sprites/number_font/red_3.txt'
16:40:43    0 ResourceManager::loadSprite(): Opened file 'sprites/number_font/red_3.txt'
16:40:43    0 ResourceManager::loadSprite(): Sprite 'red_3' successfully loaded
16:40:43    0 ResourceManager::loadSprite(): Loading sprite 'sprites/number_font/red_4.txt'
16:40:43    0 ResourceManager::loadSprite(): Opened file 'sprites/number_font/red_4.txt'
16:40:43    0 ResourceManager::loadSprite(): Sprite 'red_4' successfully loaded
16:40:43    0 ResourceManager::loadSprite(): Loading sprite 'sprites/number_font/red_5.txt'
16:40:43    0 ResourceManager::loadSprite(): Opened file 'sprites/number_font/red_5.txt'
16:40:43    0 ResourceManager::loadSprite(): Sprite 'red_5' successfully loaded
16:40:43    0 ResourceManager::loadSprite(): Loading sprite 'sprites/number_font/red_6.txt'
16:40:43    0 ResourceManager::loadSprite(): Opened file 'sprites/number_font/red_6.txt'
16:40:43    0 ResourceManager::loadSprite(): Sprite 'red_6' successfully loaded
16:40:43    0 ResourceManager::loadSprite(): Loading sprite 'sprites/number_font/red_7.txt'
16:40:43    0 ResourceManager::loadSprite(): Opened file 'sprites/number_font/red_7.txt'
16:40:43    0 ResourceManager::loadSprite(): Sprite 'red_7' successfully loaded
16:40:43    0 ResourceManager::loadSprite(): Loading sprite 'sprites/number_font/red_8.txt'
16:40:43    0 ResourceManager::loadSprite(): Opened file 'sprites/number_font/red_8.txt'
16:40:43    0 ResourceManager::loadSprite(): Sprite 'red_8' successfully loaded
16:40:43    0 ResourceManager::loadSprite(): Loading sprite 'sprites/number_font/red_9.txt'
16:40:43    0 ResourceManager::loadSprite(): Opened file 'sprites/number_font/red_9.txt'
16:40:43    0 ResourceManager::loadSprite(): Sprite 'red_9' successfully loaded
16:40:43    0 ResourceManager::loadSprite(): Loading sprite 'sprites/number_font/yellow_0.txt'
16:40:43    0 ResourceManager::loadSprite(): Opened file 'sprites/number_font/yellow_0.txt'
16:40:43    0 ResourceManager::loadSprite(): Sprite 'yellow_0' successfully loaded
16:40:43    0 ResourceManager::loadSprite(): Loading sprite 'sprites/number_font/yellow_1.txt'
16:40:43    0 ResourceManager::loadSprite(): Opened file 'sprites/number_font/yellow_1.txt'
16:40:43    0 ResourceManager::loadSprite(): Sprite 'yellow_1' successfully loaded
16:40:43    0 ResourceManager::loadSprite(): Loading sprite 'sprites/number_font/yellow_2.txt'
16:40:43    0 ResourceManager::loadSprite(): Opened file 'sprites/number_font/yellow_2.txt'
16:40:43    0 ResourceManager::loadSprite(): Sprite 'yellow_2' successfully loaded
16:40:43    0 ResourceManager::loadSprite(): Loading sprite 'sprites/number_font/yellow_3.txt'
16:40:43    0 ResourceManager::loadSprite(): Opened file 'sprites/number_font/yellow_3.txt'
16:40:43    0 ResourceManager::loadSprite(): Sprite 'yellow_3' successfully loaded
16:40:43    0 ResourceManager::loadSprite(): Loading sprite 'sprites/number_font/yellow_4.txt'
16:40:43    0 ResourceManager::loadSprite(): Opened file 'sprites/number_font/yellow_4.txt'
16:40:43    0 ResourceManager::loadSprite(): Sprite 'yellow_4' successfully loaded
16:40:43    0 ResourceManager::loadSprite(): Loading sprite 'sprites/number_font/yellow_5.txt'
16:40:43    0 ResourceManager::loadSprite(): Opened file 'sprites/number_font/yellow_5.txt'
16:40:43    0 ResourceManager::loadSprite(): Sprite 'yellow_5' successfully loaded
16:40:43    0 ResourceManager::loadSprite(): Loading sprite 'sprites/number_font/yellow_6.txt'
16:40:43    0 ResourceManager::loadSprite(): Opened file 'sprites/number_font/yellow_6.txt'
16:40:43    0 ResourceManager::loadSprite(): Sprite 'yellow_6' successfully loaded
16:40:43    0 ResourceManager::loadSprite(): Loading sprite 'sprites/number_font/yellow_7.txt'
16:40:43    0 ResourceManager::loadSprite(): Opened file 'sprites/number_font/yellow_7.txt'
16:40:43    0 ResourceManager::loadSprite(): Sprite 'yellow_7' successfully loaded
16:40:43    0 ResourceManager::loadSprite(): Loading sprite 'sprites/number_font/yellow_8.txt'
16:40:43    0 ResourceManager::loadSprite(): Opened file 'sprites/number_font/yellow_8.txt'
16:40:43    0 ResourceManager::loadSprite(): Sprite 'yellow_8' successfully loaded
16:40:43    0 ResourceManager::loadSprite(): Loading sprite 'sprites/number_font/yellow_9.txt'
16:40:43    0 ResourceManager::loadSprite(): Opened file 'sprites/number_font/yellow_9.txt'
16:40:43    0 ResourceManager::loadSprite(): Sprite 'yellow_9' successfully loaded
16:40:43    0 ResourceManager::loadSprite(): Loading sprite 'sprites/number_font/slash.txt'
16:40:43    0 ResourceManager::loadSprite(): Opened file 'sprites/number_font/slash.txt'
16:40:43    0 ResourceManager::loadSprite(): Sprite 'slash' successfully loaded
16:40:43    0 ResourceManager::loadSprite(): Loading sprite 'sprites/ammo_display.txt'
16:40:43    0 ResourceManager::loadSprite(): Opened file 'sprites/ammo_display.txt'
16:40:43    0 ResourceManager::loadSprite(): Sprite 'ammo_display' successfully loaded
16:40:43    0 ResourceManager::loadSound(): Sound 'AK47_fire' successfully loaded
16:40:43    0 ResourceManager::loadSound(): Sound 'AWP_fire' successfully loaded
16:40:44    0 ResourceManager::loadSound(): Sound 'GrenadeLauncher_fire' successfully loaded
16:40:44    0 ResourceManager::loadSound(): Sound 'ammo_empty' successfully loaded
16:40:44    0 ResourceManager::loadSound(): Sound 'AK47_reload' successfully loaded
16:40:44    0 ResourceManager::loadSound(): Sound 'AWP_reload' successfully loaded
16:40:45    0 ResourceManager::loadSound(): Sound 'GrenadeLauncher_reload' successfully loaded
16:40:45    0 ResourceManager::loadSound(): Sound 'awp_bolt' successfully loaded
16:40:45    0 ResourceManager::loadSound(): Sound 'pickup1' successfully loaded
16:40:45    0 ResourceManager::loadSound(): Sound 'pickup2' successfully loaded
16:40:45    0 ResourceManager::loadSound(): Sound 'explode' successfully loaded
16:40:45    0 ResourceManager::loadSound(): Sound 'nuke' successfully loaded
16:40:45    0 ResourceManager::loadSound(): Sound 'saucer_death' successfully loaded
16:40:45    0 ResourceManager::loadSound(): Sound 'game over' successfully loaded
16:40:46    0 ResourceManager::loadSound(): Sound 'level_won' successfully loaded
16:40:46    0 ResourceManager::loadMusic(): Music 'start music' successfully loaded
16:40:46    0 ResourceManager::loadMusic(): Music 'music_theme' successfully loaded
16:40:46    0 ResourceManager::loadMusic(): Music 'music_boss' successfully loaded
16:40:46    0 GameManager::run(): starting game loop
16:40:49   90 GameManager::run(): end of game loop
16:40:49   90 NetworkManager::setServer(): Ready for connections on port 9876.
16:40:49   90 Server::Server(): Setup for 3 connections.
16:40:49   90 Server::Server(): Server started
16:40:49   90 GameManager::run(): starting game loop
16:40:57  266 NetworkManager::accept(): New connection.
16:40:57  266 Server::handleAccept(): server now connected socket: 0
16:40:58  267 Server::doSync(): SYNC Hero (id 12).
16:40:58  267 Server::doSync(): SYNC Weapon (id 13).
16:40:58  267 Server::doSync(): SYNC Weapon (id 14).
16:40:58  267 Server::doSync(): SYNC Weapon (id 15).
16:40:58  268 Server::doSync(): SYNC Hero (id 12).
16:40:58  268 Server::doSync(): SYNC Weapon (id 13).
16:40:58  269 Server::doSync(): SYNC Hero (id 12).
16:40:58  269 Server::doSync(): SYNC Weapon (id 13).
16:40:58  270 Server::doSync(): SYNC Hero (id 12).
16:40:58  270 Server::doSync(): SYNC Weapon (id 13).
16:40:58  271 Server::doSync(): SYNC Hero (id 12).
16:40:58  271 Server::doSync(): SYNC Weapon (id 13).
16:40:58  272 Server::doSync(): SYNC Hero (id 12).
16:40:58  272 Server::doSync(): SYNC Weapon (id 13).
16:40:58  273 Server::doSync(): SYNC Hero (id 12).
16:40:58  273 Server::doSync(): SYNC Weapon (id 13).
16:40:58  274 Server::doSync(): SYNC Hero (id 12).
16:40:58  274 Server::doSync(): SYNC Weapon (id 13).
16:40:58  275 Server::doSync(): SYNC Hero (id 12).
16:40:58  275 Server::doSync(): SYNC Weapon (id 13).
16:40:58  276 Server::doSync(): SYNC Hero (id 12).
16:40:58  276 Server::doSync(): SYNC Weapon (id 13).
16:40:58  277 Server::doSync(): SYNC Hero (id 12).
16:40:58  277 Server::doSync(): SYNC Weapon (id 13).
16:40:58  278 Server::doSync(): SYNC Hero (id 12).
16:40:58  278 Server::doSync(): SYNC Weapon (id 13).
16:40:58  279 Server::doSync(): SYNC Hero (id 12).
16:40:58  279 Server::doSync(): SYNC Weapon (id 13).
16:40:58  280 Server::doSync(): SYNC Hero (id 12).
16:40:58  280 Server::doSync(): SYNC Weapon (id 13).
16:40:58  281 Server::doSync(): SYNC Hero (id 12).
16:40:58  281 Server::doSync(): SYNC Weapon (id 13).
16:40:58  282 Server::doSync(): SYNC Hero (id 12).
16:40:58  282 Server::doSync(): SYNC Weapon (id 13).
16:40:58  283 Server::doSync(): SYNC Hero (id 12).
16:40:58  283 Server::doSync(): SYNC Weapon (id 13).
16:40:58  284 Server::doSync(): SYNC Hero (id 12).
16:40:58  284 Server::doSync(): SYNC Weapon (id 13).
16:40:58  285 Server::doSync(): SYNC Hero (id 12).
16:40:58  285 Server::doSync(): SYNC Weapon (id 13).
16:40:58  285 GameManager::run(): Can't keep up! frame_time 33 ms, split 34 ms
16:40:58  286 Server::doSync(): SYNC Hero (id 12).
16:40:58  286 Server::doSync(): SYNC Weapon (id 13).
16:40:58  286 GameManager::run(): Can't keep up! frame_time 33 ms, split 40 ms
16:40:58  287 Server::doSync(): SYNC Hero (id 12).
16:40:58  287 Server::doSync(): SYNC Weapon (id 13).
16:40:58  287 GameManager::run(): Can't keep up! frame_time 33 ms, split 33 ms
16:40:58  288 Server::doSync(): SYNC Hero (id 12).
16:40:58  288 Server::doSync(): SYNC Weapon (id 13).
16:40:58  289 Server::doSync(): SYNC Hero (id 12).
16:40:58  289 Server::doSync(): SYNC Weapon (id 13).
16:40:58  290 Server::doSync(): SYNC Hero (id 12).
16:40:58  290 Server::doSync(): SYNC Weapon (id 13).
16:40:58  291 Server::doSync(): SYNC Hero (id 12).
16:40:58  291 Server::doSync(): SYNC Weapon (id 13).
16:40:58  292 Server::doSync(): SYNC Hero (id 12).
16:40:58  292 Server::doSync(): SYNC Weapon (id 13).
16:40:58  292 GameManager::run(): Can't keep up! frame_time 33 ms, split 38 ms
16:40:58  293 Server::doSync(): SYNC Hero (id 12).
16:40:58  293 Server::doSync(): SYNC Weapon (id 13).
16:40:58  294 Server::doSync(): SYNC Hero (id 12).
16:40:58  294 Server::doSync(): SYNC Weapon (id 13).
16:40:58  295 Server::doSync(): SYNC Hero (id 12).
16:40:58  295 Server::doSync(): SYNC Weapon (id 13).
16:40:58  296 Server::doSync(): SYNC Hero (id 12).
16:40:58  296 Server::doSync(): SYNC Weapon (id 13).
16:40:59  297 Server::doSync(): SYNC Hero (id 12).
16:40:59  297 Server::doSync(): SYNC Weapon (id 13).
16:40:59  298 Server::doSync(): SYNC Hero (id 12).
16:40:59  298 Server::doSync(): SYNC Weapon (id 13).
16:40:59  299 Server::doSync(): SYNC Hero (id 12).
16:40:59  299 Server::doSync(): SYNC Weapon (id 13).
16:40:59  300 Server::doSync(): SYNC Hero (id 12).
16:40:59  300 Server::doSync(): SYNC Weapon (id 13).
16:40:59  301 Server::doSync(): SYNC Hero (id 12).
16:40:59  301 Server::doSync(): SYNC Weapon (id 13).
16:40:59  302 Server::doSync(): SYNC Hero (id 12).
16:40:59  302 Server::doSync(): SYNC Weapon (id 13).
16:40:59  303 Server::doSync(): SYNC Hero (id 12).
16:40:59  303 Server::doSync(): SYNC Weapon (id 13).
16:40:59  304 Server::doSync(): SYNC Hero (id 12).
16:40:59  304 Server::doSync(): SYNC Weapon (id 13).
16:40:59  305 Server::doSync(): SYNC Hero (id 12).
16:40:59  305 Server::doSync(): SYNC Weapon (id 13).
16:40:59  306 Server::doSync(): SYNC Hero (id 12).
16:40:59  306 Server::doSync(): SYNC Weapon (id 13).
16:40:59  307 Server::doSync(): SYNC Hero (id 12).
16:40:59  307 Server::doSync(): SYNC Weapon (id 13).
16:40:59  308 Server::doSync(): SYNC Hero (id 12).
16:40:59  308 Server::doSync(): SYNC Weapon (id 13).
16:40:59  309 Server::doSync(): SYNC Hero (id 12).
16:40:59  309 Server::doSync(): SYNC Weapon (id 13).
16:40:59  310 Server::doSync(): SYNC Hero (id 12).
16:40:59  310 Server::doSync(): SYNC Weapon (id 13).
16:40:59  311 Server::doSync(): SYNC Hero (id 12).
16:40:59  311 Server::doSync(): SYNC Weapon (id 13).
16:40:59  312 Server::doSync(): SYNC Hero (id 12).
16:40:59  312 Server::doSync(): SYNC Weapon (id 13).
16:40:59  313 Server::doSync(): SYNC Hero (id 12).
16:40:59  313 Server::doSync(): SYNC Weapon (id 13).
16:40:59  314 Server::doSync(): SYNC Hero (id 12).
16:40:59  314 Server::doSync(): SYNC Weapon (id 13).
16:40:59  315 Server::doSync(): SYNC Hero (id 12).
16:40:59  315 Server::doSync(): SYNC Weapon (id 13).
16:40:59  316 Server::doSync(): SYNC Hero (id 12).
16:40:59  316 Server::doSync(): SYNC Weapon (id 13).
16:40:59  317 Server::doSync(): SYNC Hero (id 12).
16:40:59  317 Server::doSync(): SYNC Weapon (id 13).
16:40:59  318 Server::doSync(): SYNC Hero (id 12).
16:40:59  318 Server::doSync(): SYNC Weapon (id 13).
16:40:59  319 Server::doSync(): SYNC Hero (id 12).
16:40:59  319 Server::doSync(): SYNC Weapon (id 13).
16:40:59  320 Server::doSync(): SYNC Hero (id 12).
16:40:59  320 Server::doSync(): SYNC Weapon (id 13).
16:40:59  321 Server::doSync(): SYNC Hero (id 12).
16:40:59  321 Server::doSync(): SYNC Weapon (id 13).
16:40:59  322 Server::doSync(): SYNC Hero (id 12).
16:40:59  322 Server::doSync(): SYNC Weapon (id 13).
16:40:59  323 Server::doSync(): SYNC Hero (id 12).
16:40:59  323 Server::doSync(): SYNC Weapon (id 13).
16:40:59  324 Server::doSync(): SYNC Hero (id 12).
16:40:59  324 Server::doSync(): SYNC Weapon (id 13).
16:40:59  325 Server::doSync(): SYNC Hero (id 12).
16:40:59  325 Server::doSync(): SYNC Weapon (id 13).
16:40:59  325 GameManager::run(): Can't keep up! frame_time 33 ms, split 34 ms
16:40:59  326 Server::doSync(): SYNC Hero (id 12).
16:40:59  326 Server::doSync(): SYNC Weapon (id 13).
16:41:00  327 Server::doSync(): SYNC Hero (id 12).
16:41:00  327 Server::doSync(): SYNC Weapon (id 13).
16:41:00  328 Server::doSync(): SYNC Hero (id 12).
16:41:00  328 Server::doSync(): SYNC Weapon (id 13).
16:41:00  329 Server::doSync(): SYNC Hero (id 12).
16:41:00  329 Server::doSync(): SYNC Weapon (id 13).
16:41:00  330 Server::doSync(): SYNC Hero (id 12).
16:41:00  330 Server::doSync(): SYNC Weapon (id 13).
16:41:00  331 Server::doSync(): SYNC Hero (id 12).
16:41:00  331 Server::doSync(): SYNC Weapon (id 13).
16:41:00  332 Server::doSync(): SYNC Hero (id 12).
16:41:00  332 Server::doSync(): SYNC Weapon (id 13).
16:41:00  333 Server::doSync(): SYNC Hero (id 12).
16:41:00  333 Server::doSync(): SYNC Weapon (id 13).
16:41:00  334 Server::doSync(): SYNC Hero (id 12).
16:41:00  334 Server::doSync(): SYNC Weapon (id 13).
16:41:00  335 Server::doSync(): SYNC Hero (id 12).
16:41:00  335 Server::doSync(): SYNC Weapon (id 13).
16:41:00  336 Server::doSync(): SYNC Hero (id 12).
16:41:00  336 Server::doSync(): SYNC Weapon (id 13).
16:41:00  337 Server::doSync(): SYNC Hero (id 12).
16:41:00  337 Server::doSync(): SYNC Weapon (id 13).
16:41:00  338 Server::doSync(): SYNC Hero (id 12).
16:41:00  338 Server::doSync(): SYNC Weapon (id 13).
16:41:00  339 Server::doSync(): SYNC Hero (id 12).
16:41:00  339 Server::doSync(): SYNC Weapon (id 13).
16:41:00  340 Server::doSync(): SYNC Hero (id 12).
16:41:00  340 Server::doSync(): SYNC Weapon (id 13).
16:41:00  341 Server::doSync(): SYNC Hero (id 12).
16:41:00  341 Server::doSync(): SYNC Weapon (id 13).
16:41:00  342 Server::doSync(): SYNC Hero (id 12).
16:41:00  342 Server::doSync(): SYNC Weapon (id 13).
16:41:00  343 Server::doSync(): SYNC Hero (id 12).
16:41:00  343 Server::doSync(): SYNC Weapon (id 13).
16:41:00  344 Server::doSync(): SYNC Hero (id 12).
16:41:00  344 Server::doSync(): SYNC Weapon (id 13).
16:41:00  345 Server::doSync(): SYNC Hero (id 12).
16:41:00  345 Server::doSync(): SYNC Weapon (id 13).
16:41:00  346 Server::doSync(): SYNC Hero (id 12).
16:41:00  346 Server::doSync(): SYNC Weapon (id 13).
16:41:00  347 Server::doSync(): SYNC Hero (id 12).
16:41:00  347 Server::doSync(): SYNC Weapon (id 13).
16:41:00  348 Server::doSync(): SYNC Hero (id 12).
16:41:00  348 Server::doSync(): SYNC Weapon (id 13).
16:41:00  349 Server::doSync(): SYNC Hero (id 12).
16:41:00  349 Server::doSync(): SYNC Weapon (id 13).
16:41:00  350 Server::doSync(): SYNC Hero (id 12).
16:41:00  350 Server::doSync(): SYNC Weapon (id 13).
16:41:00  351 Server::doSync(): SYNC Hero (id 12).
16:41:00  351 Server::doSync(): SYNC Weapon (id 13).
16:41:00  352 Server::doSync(): SYNC Hero (id 12).
16:41:00  352 Server::doSync(): SYNC Weapon (id 13).
16:41:00  353 Server::doSync(): SYNC Hero (id 12).
16:41:00  353 Server::doSync(): SYNC Weapon (id 13).
16:41:00  354 Server::doSync(): SYNC Hero (id 12).
16:41:00  354 Server::doSync(): SYNC Weapon (id 13).
16:41:00  355 Server::doSync(): SYNC Hero (id 12).
16:41:00  355 Server::doSync(): SYNC Weapon (id 13).
16:41:00  356 Server::doSync(): SYNC Hero (id 12).
16:41:00  356 Server::doSync(): SYNC Weapon (id 13).
16:41:01  357 Server::doSync(): SYNC Hero (id 12).
16:41:01  357 Server::doSync(): SYNC Weapon (id 13).
16:41:01  358 Server::doSync(): SYNC Hero (id 12).
16:41:01  358 Server::doSync(): SYNC Weapon (id 13).
16:41:01  359 Server::doSync(): SYNC Hero (id 12).
16:41:01  359 Server::doSync(): SYNC Weapon (id 13).
16:41:01  360 Server::doSync(): SYNC Hero (id 12).
16:41:01  360 Server::doSync(): SYNC Weapon (id 13).
16:41:01  361 Server::doSync(): SYNC Hero (id 12).
16:41:01  361 Server::doSync(): SYNC Weapon (id 13).
16:41:01  362 Server::doSync(): SYNC Hero (id 12).
16:41:01  362 Server::doSync(): SYNC Weapon (id 13).
16:41:01  363 Server::doSync(): SYNC Hero (id 12).
16:41:01  363 Server::doSync(): SYNC Weapon (id 13).
16:41:01  364 Server::doSync(): SYNC Hero (id 12).
16:41:01  364 Server::doSync(): SYNC Weapon (id 13).
16:41:01  365 Server::doSync(): SYNC Hero (id 12).
16:41:01  365 Server::doSync(): SYNC Weapon (id 13).
16:41:01  366 Server::doSync(): SYNC Hero (id 12).
16:41:01  366 Server::doSync(): SYNC Weapon (id 13).
16:41:01  367 Server::doSync(): SYNC Hero (id 12).
16:41:01  367 Server::doSync(): SYNC Weapon (id 13).
16:41:01  368 Server::doSync(): SYNC Hero (id 12).
16:41:01  368 Server::doSync(): SYNC Weapon (id 13).
16:41:01  369 Server::doSync(): SYNC Hero (id 12).
16:41:01  369 Server::doSync(): SYNC Weapon (id 13).
16:41:01  370 Server::doSync(): SYNC Hero (id 12).
16:41:01  370 Server::doSync(): SYNC Weapon (id 13).
16:41:01  371 Server::doSync(): SYNC Hero (id 12).
16:41:01  371 Server::doSync(): SYNC Weapon (id 13).
