22:04:57    0 ****************************************************
22:04:57    0 ** Dragonfly version 4.4 **
22:04:58    0 GameManager::run(): Can't keep up! frame_time 33 ms, split 238 ms
22:04:58    1 GameManager::run(): Can't keep up! frame_time 33 ms, split 66 ms
22:04:59   38 ResourceManager::loadSprite(): Loading sprite 'sprites/saucer-spr.txt'
22:04:59   38 ResourceManager::loadSprite(): Loading sprite 'sprites/ship-spr.txt'
22:04:59   38 ResourceManager::loadSprite(): Loading sprite 'sprites/ak47_2.txt'
22:04:59   38 ResourceManager::loadSprite(): Loading sprite 'sprites/ak47_bullet.txt'
22:04:59   38 ResourceManager::loadSprite(): Loading sprite 'sprites/awp_bullet.txt'
22:04:59   38 ResourceManager::loadSprite(): Loading sprite 'sprites/grenade_bullet.txt'
22:04:59   38 ResourceManager::loadSprite(): Loading sprite 'sprites/bullet_trail.txt'
22:04:59   38 ResourceManager::loadSprite(): Loading sprite 'sprites/explosion-spr.txt'
22:04:59   38 ResourceManager::loadSprite(): Loading sprite 'sprites/nuke.txt'
22:04:59   38 ResourceManager::loadSprite(): Loading sprite 'sprites/gamestart-spr.txt'
22:04:59   38 ResourceManager::loadSprite(): Loading sprite 'sprites/gameover-spr.txt'
22:04:59   38 ResourceManager::loadSprite(): Loading sprite 'sprites/character-walk_2.txt'
22:04:59   38 ResourceManager::loadSprite(): Loading sprite 'sprites/character-duck.txt'
22:04:59   38 ResourceManager::loadSprite(): Loading sprite 'sprites/platform.txt'
22:05:00   38 Pause::Pause(): Pause enabled.  Press any other key to resume.
22:05:07  212 GameManager::run(): Can't keep up! frame_time 33 ms, split 33 ms
22:05:07  217 GameManager::run(): Can't keep up! frame_time 33 ms, split 34 ms
22:05:07  218 GameManager::run(): Can't keep up! frame_time 33 ms, split 33 ms
22:05:08  219 GameManager::run(): Can't keep up! frame_time 33 ms, split 37 ms
22:05:08  236 GameManager::run(): Can't keep up! frame_time 33 ms, split 35 ms
22:05:08  237 GameManager::run(): Can't keep up! frame_time 33 ms, split 33 ms
22:05:08  242 GameManager::run(): Can't keep up! frame_time 33 ms, split 35 ms
22:05:09  272 GameManager::run(): Can't keep up! frame_time 33 ms, split 33 ms
22:05:10  289 GameManager::run(): Can't keep up! frame_time 33 ms, split 34 ms
22:05:10  290 GameManager::run(): Can't keep up! frame_time 33 ms, split 33 ms
22:05:10  291 GameManager::run(): Can't keep up! frame_time 33 ms, split 38 ms
22:05:10  292 GameManager::run(): Can't keep up! frame_time 33 ms, split 33 ms
22:05:11  328 GameManager::run(): Can't keep up! frame_time 33 ms, split 35 ms
22:05:11  329 GameManager::run(): Can't keep up! frame_time 33 ms, split 33 ms
22:05:11  330 GameManager::run(): Can't keep up! frame_time 33 ms, split 35 ms
22:05:11  331 GameManager::run(): Can't keep up! frame_time 33 ms, split 33 ms
22:05:11  332 GameManager::run(): Can't keep up! frame_time 33 ms, split 33 ms
22:05:12  350 GameManager::run(): Can't keep up! frame_time 33 ms, split 39 ms
22:05:12  351 GameManager::run(): Can't keep up! frame_time 33 ms, split 35 ms
22:05:12  352 GameManager::run(): Can't keep up! frame_time 33 ms, split 39 ms
22:05:12  353 GameManager::run(): Can't keep up! frame_time 33 ms, split 37 ms
22:05:12  354 GameManager::run(): Can't keep up! frame_time 33 ms, split 35 ms
22:05:12  355 GameManager::run(): Can't keep up! frame_time 33 ms, split 36 ms
22:05:12  356 GameManager::run(): Can't keep up! frame_time 33 ms, split 33 ms
22:05:12  357 GameManager::run(): Can't keep up! frame_time 33 ms, split 33 ms
22:05:14  412 GameManager::run(): Can't keep up! frame_time 33 ms, split 33 ms
22:05:14  413 GameManager::run(): Can't keep up! frame_time 33 ms, split 33 ms
22:05:14  414 GameManager::run(): Can't keep up! frame_time 33 ms, split 34 ms
22:05:15  457 GameManager::run(): Can't keep up! frame_time 33 ms, split 38 ms
22:05:15  458 GameManager::run(): Can't keep up! frame_time 33 ms, split 34 ms
22:05:15  459 GameManager::run(): Can't keep up! frame_time 33 ms, split 33 ms
22:05:16  461 GameManager::run(): Can't keep up! frame_time 33 ms, split 33 ms
22:05:16  462 GameManager::run(): Can't keep up! frame_time 33 ms, split 33 ms
22:05:18  538 GameManager::run(): Can't keep up! frame_time 33 ms, split 33 ms
22:05:18  539 GameManager::run(): Can't keep up! frame_time 33 ms, split 33 ms
22:05:18  542 GameManager::run(): Can't keep up! frame_time 33 ms, split 39 ms
22:05:18  543 GameManager::run(): Can't keep up! frame_time 33 ms, split 35 ms
22:05:18  544 GameManager::run(): Can't keep up! frame_time 33 ms, split 34 ms
22:05:18  545 GameManager::run(): Can't keep up! frame_time 33 ms, split 33 ms
22:05:18  546 GameManager::run(): Can't keep up! frame_time 33 ms, split 35 ms
22:05:18  547 GameManager::run(): Can't keep up! frame_time 33 ms, split 34 ms
22:05:18  548 GameManager::run(): Can't keep up! frame_time 33 ms, split 39 ms
22:05:18  549 GameManager::run(): Can't keep up! frame_time 33 ms, split 34 ms
22:05:19  561 GameManager::run(): Can't keep up! frame_time 33 ms, split 41 ms
22:05:19  562 GameManager::run(): Can't keep up! frame_time 33 ms, split 34 ms
22:05:19  563 GameManager::run(): Can't keep up! frame_time 33 ms, split 33 ms
22:05:19  564 GameManager::run(): Can't keep up! frame_time 33 ms, split 36 ms
22:05:19  565 GameManager::run(): Can't keep up! frame_time 33 ms, split 36 ms
22:05:19  566 GameManager::run(): Can't keep up! frame_time 33 ms, split 42 ms
22:05:20  585 GameManager::run(): Can't keep up! frame_time 33 ms, split 36 ms
22:05:20  586 GameManager::run(): Can't keep up! frame_time 33 ms, split 35 ms
22:05:20  587 GameManager::run(): Can't keep up! frame_time 33 ms, split 38 ms
22:05:20  588 GameManager::run(): Can't keep up! frame_time 33 ms, split 37 ms
22:05:20  589 GameManager::run(): Can't keep up! frame_time 33 ms, split 39 ms
22:05:20  590 GameManager::run(): Can't keep up! frame_time 33 ms, split 37 ms
22:05:27  790 GameManager::run(): Can't keep up! frame_time 33 ms, split 34 ms
22:05:28  849 GameManager::run(): Can't keep up! frame_time 33 ms, split 35 ms
22:05:32  941 GameManager::run(): Can't keep up! frame_time 33 ms, split 41 ms
22:05:33  972 GameManager::run(): Can't keep up! frame_time 33 ms, split 36 ms
22:05:38 1123 GameManager::run(): Can't keep up! frame_time 33 ms, split 35 ms
22:05:41 1217 GameManager::run(): Can't keep up! frame_time 33 ms, split 35 ms
22:05:42 1256 GameManager::run(): Can't keep up! frame_time 33 ms, split 34 ms
22:05:42 1257 GameManager::run(): Can't keep up! frame_time 33 ms, split 37 ms
22:05:43 1278 GameManager::run(): Can't keep up! frame_time 33 ms, split 33 ms
22:05:43 1279 GameManager::run(): Can't keep up! frame_time 33 ms, split 36 ms
22:05:48 1435 GameManager::run(): Can't keep up! frame_time 33 ms, split 33 ms
22:05:48 1436 GameManager::run(): Can't keep up! frame_time 33 ms, split 36 ms
22:05:56 1669 GameManager::run(): Can't keep up! frame_time 33 ms, split 43 ms
22:05:56 1670 GameManager::run(): Can't keep up! frame_time 33 ms, split 38 ms
22:05:56 1671 GameManager::run(): Can't keep up! frame_time 33 ms, split 42 ms
22:06:23 2500 WorldManager::shutDown(): Successfully stopped.
22:06:23 2500 ** Game stopped **
22:06:23 2500 ****************************************************
