16:42:15    0 ****************************************************
16:42:15    0 ** Dragonfly version 4.9 **
16:42:15    0 Hello, Network! (v1.2)
16:42:15    0 ResourceManager::loadSprite(): Loading sprite 'sprites/explosion-spr.txt'
16:42:15    0 ResourceManager::loadSprite(): Opened file 'sprites/explosion-spr.txt'
16:42:15    0 ResourceManager::loadSprite(): Sprite 'explosion' successfully loaded
16:42:15    0 ResourceManager::loadSprite(): Loading sprite 'sprites/level_select.txt'
16:42:15    0 ResourceManager::loadSprite(): Opened file 'sprites/level_select.txt'
16:42:15    0 ResourceManager::loadSprite(): Sprite 'level_select' successfully loaded
16:42:15    0 ResourceManager::loadSprite(): Loading sprite 'sprites/gamestart-spr.txt'
16:42:15    0 ResourceManager::loadSprite(): Opened file 'sprites/gamestart-spr.txt'
16:42:15    0 ResourceManager::loadSprite(): Sprite 'gamestart' successfully loaded
16:42:15    0 ResourceManager::loadSprite(): Loading sprite 'sprites/gameover-spr.txt'
16:42:15    0 ResourceManager::loadSprite(): Opened file 'sprites/gameover-spr.txt'
16:42:15    0 ResourceManager::loadSprite(): Sprite 'gameover' successfully loaded
16:42:15    0 ResourceManager::loadSprite(): Loading sprite 'sprites/level_won.txt'
16:42:15    0 ResourceManager::loadSprite(): Opened file 'sprites/level_won.txt'
16:42:15    0 ResourceManager::loadSprite(): Sprite 'level_won' successfully loaded
16:42:15    0 ResourceManager::loadSprite(): Loading sprite 'sprites/level_intro.txt'
16:42:15    0 ResourceManager::loadSprite(): Opened file 'sprites/level_intro.txt'
16:42:15    0 ResourceManager::loadSprite(): Sprite 'level_intro' successfully loaded
16:42:15    0 ResourceManager::loadSprite(): Loading sprite 'sprites/level_1.txt'
16:42:15    0 ResourceManager::loadSprite(): Opened file 'sprites/level_1.txt'
16:42:15    0 ResourceManager::loadSprite(): Sprite 'level_1' successfully loaded
16:42:15    0 ResourceManager::loadSprite(): Loading sprite 'sprites/saucer-spr.txt'
16:42:15    0 ResourceManager::loadSprite(): Opened file 'sprites/saucer-spr.txt'
16:42:15    0 ResourceManager::loadSprite(): Sprite 'saucer' successfully loaded
16:42:15    0 ResourceManager::loadSprite(): Loading sprite 'sprites/ship-spr.txt'
16:42:15    0 ResourceManager::loadSprite(): Opened file 'sprites/ship-spr.txt'
16:42:15    0 ResourceManager::loadSprite(): Sprite 'ship' successfully loaded
16:42:15    0 ResourceManager::loadSprite(): Loading sprite 'sprites/boss.txt'
16:42:15    0 ResourceManager::loadSprite(): Opened file 'sprites/boss.txt'
16:42:15    0 ResourceManager::loadSprite(): Sprite 'boss' successfully loaded
16:42:15    0 ResourceManager::loadSprite(): Loading sprite 'sprites/boss-weakpoint.txt'
16:42:15    0 ResourceManager::loadSprite(): Opened file 'sprites/boss-weakpoint.txt'
16:42:15    0 ResourceManager::loadSprite(): Sprite 'boss-weakpoint' successfully loaded
16:42:15    0 ResourceManager::loadSprite(): Loading sprite 'sprites/ak47_2.txt'
16:42:15    0 ResourceManager::loadSprite(): Opened file 'sprites/ak47_2.txt'
16:42:15    0 ResourceManager::loadSprite(): Sprite 'AK47' successfully loaded
16:42:15    0 ResourceManager::loadSprite(): Loading sprite 'sprites/awp.txt'
16:42:15    0 ResourceManager::loadSprite(): Opened file 'sprites/awp.txt'
16:42:15    0 ResourceManager::loadSprite(): Sprite 'AWP' successfully loaded
16:42:15    0 ResourceManager::loadSprite(): Loading sprite 'sprites/grenade-launcher.txt'
16:42:15    0 ResourceManager::loadSprite(): Opened file 'sprites/grenade-launcher.txt'
16:42:15    0 ResourceManager::loadSprite(): Sprite 'GrenadeLauncher' successfully loaded
16:42:15    0 ResourceManager::loadSprite(): Loading sprite 'sprites/ak47_bullet.txt'
16:42:15    0 ResourceManager::loadSprite(): Opened file 'sprites/ak47_bullet.txt'
16:42:15    0 ResourceManager::loadSprite(): Sprite 'AK47_bullet' successfully loaded
16:42:15    0 ResourceManager::loadSprite(): Loading sprite 'sprites/awp_bullet.txt'
16:42:15    0 ResourceManager::loadSprite(): Opened file 'sprites/awp_bullet.txt'
16:42:15    0 ResourceManager::loadSprite(): Sprite 'AWP_bullet' successfully loaded
16:42:15    0 ResourceManager::loadSprite(): Loading sprite 'sprites/grenade_bullet.txt'
16:42:15    0 ResourceManager::loadSprite(): Opened file 'sprites/grenade_bullet.txt'
16:42:15    0 ResourceManager::loadSprite(): Sprite 'GrenadeLauncher_bullet' successfully loaded
16:42:15    0 ResourceManager::loadSprite(): Loading sprite 'sprites/bullet_trail.txt'
16:42:15    0 ResourceManager::loadSprite(): Opened file 'sprites/bullet_trail.txt'
16:42:15    0 ResourceManager::loadSprite(): Sprite 'bullet_trail' successfully loaded
16:42:15    0 ResourceManager::loadSprite(): Loading sprite 'sprites/explosion-spr.txt'
16:42:15    0 ResourceManager::loadSprite(): Opened file 'sprites/explosion-spr.txt'
16:42:15    0 ResourceManager::loadSprite(): Sprite 'explosion' successfully loaded
16:42:15    0 ResourceManager::loadSprite(): Loading sprite 'sprites/nuke.txt'
16:42:15    0 ResourceManager::loadSprite(): Opened file 'sprites/nuke.txt'
16:42:15    0 ResourceManager::loadSprite(): Sprite 'nuke' successfully loaded
16:42:15    0 ResourceManager::loadSprite(): Loading sprite 'sprites/character-walk_2.txt'
16:42:15    0 ResourceManager::loadSprite(): Opened file 'sprites/character-walk_2.txt'
16:42:15    0 ResourceManager::loadSprite(): Sprite 'character-walk' successfully loaded
16:42:15    0 ResourceManager::loadSprite(): Loading sprite 'sprites/character-duck.txt'
16:42:15    0 ResourceManager::loadSprite(): Opened file 'sprites/character-duck.txt'
16:42:15    0 ResourceManager::loadSprite(): Sprite 'character-duck' successfully loaded
16:42:15    0 ResourceManager::loadSprite(): Loading sprite 'sprites/platform.txt'
16:42:15    0 ResourceManager::loadSprite(): Opened file 'sprites/platform.txt'
16:42:15    0 ResourceManager::loadSprite(): Sprite 'platform' successfully loaded
16:42:15    0 ResourceManager::loadSprite(): Loading sprite 'sprites/refill-ammo.txt'
16:42:15    0 ResourceManager::loadSprite(): Opened file 'sprites/refill-ammo.txt'
16:42:15    0 ResourceManager::loadSprite(): Sprite 'ammo-refill' successfully loaded
16:42:15    0 ResourceManager::loadSprite(): Loading sprite 'sprites/intro/1.txt'
16:42:15    0 ResourceManager::loadSprite(): Opened file 'sprites/intro/1.txt'
16:42:15    0 ResourceManager::loadSprite(): Sprite 'intro_1' successfully loaded
16:42:15    0 ResourceManager::loadSprite(): Loading sprite 'sprites/intro/2.txt'
16:42:15    0 ResourceManager::loadSprite(): Opened file 'sprites/intro/2.txt'
16:42:15    0 ResourceManager::loadSprite(): Sprite 'intro_2' successfully loaded
16:42:15    0 ResourceManager::loadSprite(): Loading sprite 'sprites/intro/3.txt'
16:42:15    0 ResourceManager::loadSprite(): Opened file 'sprites/intro/3.txt'
16:42:15    0 ResourceManager::loadSprite(): Sprite 'intro_3' successfully loaded
16:42:15    0 ResourceManager::loadSprite(): Loading sprite 'sprites/intro/4.txt'
16:42:15    0 ResourceManager::loadSprite(): Opened file 'sprites/intro/4.txt'
16:42:15    0 ResourceManager::loadSprite(): Sprite 'intro_4' successfully loaded
16:42:15    0 ResourceManager::loadSprite(): Loading sprite 'sprites/intro/5.txt'
16:42:15    0 ResourceManager::loadSprite(): Opened file 'sprites/intro/5.txt'
16:42:15    0 ResourceManager::loadSprite(): Sprite 'intro_5' successfully loaded
16:42:15    0 ResourceManager::loadSprite(): Loading sprite 'sprites/intro/6.txt'
16:42:15    0 ResourceManager::loadSprite(): Opened file 'sprites/intro/6.txt'
16:42:15    0 ResourceManager::loadSprite(): Sprite 'intro_6' successfully loaded
16:42:15    0 ResourceManager::loadSprite(): Loading sprite 'sprites/intro/7.txt'
16:42:15    0 ResourceManager::loadSprite(): Opened file 'sprites/intro/7.txt'
16:42:15    0 ResourceManager::loadSprite(): Sprite 'intro_7' successfully loaded
16:42:15    0 ResourceManager::loadSprite(): Loading sprite 'sprites/intro/small.txt'
16:42:15    0 ResourceManager::loadSprite(): Opened file 'sprites/intro/small.txt'
16:42:15    0 ResourceManager::loadSprite(): Sprite 'intro_small' successfully loaded
16:42:15    0 ResourceManager::loadSprite(): Loading sprite 'sprites/number_font/green_0.txt'
16:42:15    0 ResourceManager::loadSprite(): Opened file 'sprites/number_font/green_0.txt'
16:42:15    0 ResourceManager::loadSprite(): Sprite 'green_0' successfully loaded
16:42:15    0 ResourceManager::loadSprite(): Loading sprite 'sprites/number_font/green_1.txt'
16:42:15    0 ResourceManager::loadSprite(): Opened file 'sprites/number_font/green_1.txt'
16:42:15    0 ResourceManager::loadSprite(): Sprite 'green_1' successfully loaded
16:42:15    0 ResourceManager::loadSprite(): Loading sprite 'sprites/number_font/green_2.txt'
16:42:15    0 ResourceManager::loadSprite(): Opened file 'sprites/number_font/green_2.txt'
16:42:15    0 ResourceManager::loadSprite(): Sprite 'green_2' successfully loaded
16:42:15    0 ResourceManager::loadSprite(): Loading sprite 'sprites/number_font/green_3.txt'
16:42:15    0 ResourceManager::loadSprite(): Opened file 'sprites/number_font/green_3.txt'
16:42:15    0 ResourceManager::loadSprite(): Sprite 'green_3' successfully loaded
16:42:15    0 ResourceManager::loadSprite(): Loading sprite 'sprites/number_font/green_4.txt'
16:42:15    0 ResourceManager::loadSprite(): Opened file 'sprites/number_font/green_4.txt'
16:42:15    0 ResourceManager::loadSprite(): Sprite 'green_4' successfully loaded
16:42:15    0 ResourceManager::loadSprite(): Loading sprite 'sprites/number_font/green_5.txt'
16:42:15    0 ResourceManager::loadSprite(): Opened file 'sprites/number_font/green_5.txt'
16:42:15    0 ResourceManager::loadSprite(): Sprite 'green_5' successfully loaded
16:42:15    0 ResourceManager::loadSprite(): Loading sprite 'sprites/number_font/green_6.txt'
16:42:15    0 ResourceManager::loadSprite(): Opened file 'sprites/number_font/green_6.txt'
16:42:15    0 ResourceManager::loadSprite(): Sprite 'green_6' successfully loaded
16:42:15    0 ResourceManager::loadSprite(): Loading sprite 'sprites/number_font/green_7.txt'
16:42:15    0 ResourceManager::loadSprite(): Opened file 'sprites/number_font/green_7.txt'
16:42:15    0 ResourceManager::loadSprite(): Sprite 'green_7' successfully loaded
16:42:15    0 ResourceManager::loadSprite(): Loading sprite 'sprites/number_font/green_8.txt'
16:42:15    0 ResourceManager::loadSprite(): Opened file 'sprites/number_font/green_8.txt'
16:42:15    0 ResourceManager::loadSprite(): Sprite 'green_8' successfully loaded
16:42:15    0 ResourceManager::loadSprite(): Loading sprite 'sprites/number_font/green_9.txt'
16:42:15    0 ResourceManager::loadSprite(): Opened file 'sprites/number_font/green_9.txt'
16:42:15    0 ResourceManager::loadSprite(): Sprite 'green_9' successfully loaded
16:42:15    0 ResourceManager::loadSprite(): Loading sprite 'sprites/number_font/red_0.txt'
16:42:15    0 ResourceManager::loadSprite(): Opened file 'sprites/number_font/red_0.txt'
16:42:15    0 ResourceManager::loadSprite(): Sprite 'red_0' successfully loaded
16:42:15    0 ResourceManager::loadSprite(): Loading sprite 'sprites/number_font/red_1.txt'
16:42:15    0 ResourceManager::loadSprite(): Opened file 'sprites/number_font/red_1.txt'
16:42:15    0 ResourceManager::loadSprite(): Sprite 'red_1' successfully loaded
16:42:15    0 ResourceManager::loadSprite(): Loading sprite 'sprites/number_font/red_2.txt'
16:42:15    0 ResourceManager::loadSprite(): Opened file 'sprites/number_font/red_2.txt'
16:42:15    0 ResourceManager::loadSprite(): Sprite 'red_2' successfully loaded
16:42:15    0 ResourceManager::loadSprite(): Loading sprite 'sprites/number_font/red_3.txt'
16:42:15    0 ResourceManager::loadSprite(): Opened file 'sprites/number_font/red_3.txt'
16:42:15    0 ResourceManager::loadSprite(): Sprite 'red_3' successfully loaded
16:42:15    0 ResourceManager::loadSprite(): Loading sprite 'sprites/number_font/red_4.txt'
16:42:15    0 ResourceManager::loadSprite(): Opened file 'sprites/number_font/red_4.txt'
16:42:15    0 ResourceManager::loadSprite(): Sprite 'red_4' successfully loaded
16:42:15    0 ResourceManager::loadSprite(): Loading sprite 'sprites/number_font/red_5.txt'
16:42:15    0 ResourceManager::loadSprite(): Opened file 'sprites/number_font/red_5.txt'
16:42:15    0 ResourceManager::loadSprite(): Sprite 'red_5' successfully loaded
16:42:15    0 ResourceManager::loadSprite(): Loading sprite 'sprites/number_font/red_6.txt'
16:42:15    0 ResourceManager::loadSprite(): Opened file 'sprites/number_font/red_6.txt'
16:42:15    0 ResourceManager::loadSprite(): Sprite 'red_6' successfully loaded
16:42:15    0 ResourceManager::loadSprite(): Loading sprite 'sprites/number_font/red_7.txt'
16:42:15    0 ResourceManager::loadSprite(): Opened file 'sprites/number_font/red_7.txt'
16:42:15    0 ResourceManager::loadSprite(): Sprite 'red_7' successfully loaded
16:42:15    0 ResourceManager::loadSprite(): Loading sprite 'sprites/number_font/red_8.txt'
16:42:15    0 ResourceManager::loadSprite(): Opened file 'sprites/number_font/red_8.txt'
16:42:15    0 ResourceManager::loadSprite(): Sprite 'red_8' successfully loaded
16:42:15    0 ResourceManager::loadSprite(): Loading sprite 'sprites/number_font/red_9.txt'
16:42:15    0 ResourceManager::loadSprite(): Opened file 'sprites/number_font/red_9.txt'
16:42:15    0 ResourceManager::loadSprite(): Sprite 'red_9' successfully loaded
16:42:15    0 ResourceManager::loadSprite(): Loading sprite 'sprites/number_font/yellow_0.txt'
16:42:15    0 ResourceManager::loadSprite(): Opened file 'sprites/number_font/yellow_0.txt'
16:42:15    0 ResourceManager::loadSprite(): Sprite 'yellow_0' successfully loaded
16:42:15    0 ResourceManager::loadSprite(): Loading sprite 'sprites/number_font/yellow_1.txt'
16:42:15    0 ResourceManager::loadSprite(): Opened file 'sprites/number_font/yellow_1.txt'
16:42:15    0 ResourceManager::loadSprite(): Sprite 'yellow_1' successfully loaded
16:42:15    0 ResourceManager::loadSprite(): Loading sprite 'sprites/number_font/yellow_2.txt'
16:42:15    0 ResourceManager::loadSprite(): Opened file 'sprites/number_font/yellow_2.txt'
16:42:15    0 ResourceManager::loadSprite(): Sprite 'yellow_2' successfully loaded
16:42:15    0 ResourceManager::loadSprite(): Loading sprite 'sprites/number_font/yellow_3.txt'
16:42:15    0 ResourceManager::loadSprite(): Opened file 'sprites/number_font/yellow_3.txt'
16:42:15    0 ResourceManager::loadSprite(): Sprite 'yellow_3' successfully loaded
16:42:15    0 ResourceManager::loadSprite(): Loading sprite 'sprites/number_font/yellow_4.txt'
16:42:15    0 ResourceManager::loadSprite(): Opened file 'sprites/number_font/yellow_4.txt'
16:42:15    0 ResourceManager::loadSprite(): Sprite 'yellow_4' successfully loaded
16:42:15    0 ResourceManager::loadSprite(): Loading sprite 'sprites/number_font/yellow_5.txt'
16:42:15    0 ResourceManager::loadSprite(): Opened file 'sprites/number_font/yellow_5.txt'
16:42:15    0 ResourceManager::loadSprite(): Sprite 'yellow_5' successfully loaded
16:42:15    0 ResourceManager::loadSprite(): Loading sprite 'sprites/number_font/yellow_6.txt'
16:42:15    0 ResourceManager::loadSprite(): Opened file 'sprites/number_font/yellow_6.txt'
16:42:15    0 ResourceManager::loadSprite(): Sprite 'yellow_6' successfully loaded
16:42:15    0 ResourceManager::loadSprite(): Loading sprite 'sprites/number_font/yellow_7.txt'
16:42:15    0 ResourceManager::loadSprite(): Opened file 'sprites/number_font/yellow_7.txt'
16:42:15    0 ResourceManager::loadSprite(): Sprite 'yellow_7' successfully loaded
16:42:15    0 ResourceManager::loadSprite(): Loading sprite 'sprites/number_font/yellow_8.txt'
16:42:15    0 ResourceManager::loadSprite(): Opened file 'sprites/number_font/yellow_8.txt'
16:42:15    0 ResourceManager::loadSprite(): Sprite 'yellow_8' successfully loaded
16:42:15    0 ResourceManager::loadSprite(): Loading sprite 'sprites/number_font/yellow_9.txt'
16:42:15    0 ResourceManager::loadSprite(): Opened file 'sprites/number_font/yellow_9.txt'
16:42:15    0 ResourceManager::loadSprite(): Sprite 'yellow_9' successfully loaded
16:42:15    0 ResourceManager::loadSprite(): Loading sprite 'sprites/number_font/slash.txt'
16:42:15    0 ResourceManager::loadSprite(): Opened file 'sprites/number_font/slash.txt'
16:42:15    0 ResourceManager::loadSprite(): Sprite 'slash' successfully loaded
16:42:15    0 ResourceManager::loadSprite(): Loading sprite 'sprites/ammo_display.txt'
16:42:15    0 ResourceManager::loadSprite(): Opened file 'sprites/ammo_display.txt'
16:42:15    0 ResourceManager::loadSprite(): Sprite 'ammo_display' successfully loaded
16:42:16    0 ResourceManager::loadSound(): Sound 'AK47_fire' successfully loaded
16:42:16    0 ResourceManager::loadSound(): Sound 'AWP_fire' successfully loaded
16:42:16    0 ResourceManager::loadSound(): Sound 'GrenadeLauncher_fire' successfully loaded
16:42:16    0 ResourceManager::loadSound(): Sound 'ammo_empty' successfully loaded
16:42:17    0 ResourceManager::loadSound(): Sound 'AK47_reload' successfully loaded
16:42:17    0 ResourceManager::loadSound(): Sound 'AWP_reload' successfully loaded
16:42:17    0 ResourceManager::loadSound(): Sound 'GrenadeLauncher_reload' successfully loaded
16:42:17    0 ResourceManager::loadSound(): Sound 'awp_bolt' successfully loaded
16:42:17    0 ResourceManager::loadSound(): Sound 'pickup1' successfully loaded
16:42:17    0 ResourceManager::loadSound(): Sound 'pickup2' successfully loaded
16:42:17    0 ResourceManager::loadSound(): Sound 'explode' successfully loaded
16:42:17    0 ResourceManager::loadSound(): Sound 'nuke' successfully loaded
16:42:18    0 ResourceManager::loadSound(): Sound 'saucer_death' successfully loaded
16:42:18    0 ResourceManager::loadSound(): Sound 'game over' successfully loaded
16:42:18    0 ResourceManager::loadSound(): Sound 'level_won' successfully loaded
16:42:18    0 ResourceManager::loadMusic(): Music 'start music' successfully loaded
16:42:18    0 ResourceManager::loadMusic(): Music 'music_theme' successfully loaded
16:42:18    0 ResourceManager::loadMusic(): Music 'music_boss' successfully loaded
16:42:18    0 Client::Client(): Connecting to localhost at port 9876.
16:42:18    0 NetworkManager::connect(): Connecting to localhost, port 9876.
16:42:18    0 NetworkManager::connect(): Connection established.
16:42:18    0 Client::handleConnect(): Client connected!
16:42:18    0 Client::Client(): Client started.
16:42:18    0 GameManager::run(): starting game loop
16:42:18    0 Client::createObject(): creating object type 'Platform'
16:42:18    0 Client::createObject(): creating object type 'Platform'
16:42:18    0 Client::createObject(): creating object type 'Platform'
16:42:18    0 Client::createObject(): creating object type 'Platform'
16:42:18    0 Client::createObject(): creating object type 'Platform'
16:42:18    0 GameManager::run(): Warning! Residual network data.
16:42:18    1 Client::createObject(): creating object type 'Platform'
16:42:18    1 Client::createObject(): creating object type 'Platform'
16:42:18    1 Client::createObject(): creating object type 'Platform'
16:42:18    1 Client::createObject(): creating object type 'Platform'
16:42:18    1 Client::createObject(): creating object type 'Hero'
16:42:18    1 Hero::deserialize()
16:42:18    1 Hero::deserialize(): current health is 50
16:42:18    1 Hero::deserialize(): current weapon is 1
16:42:18    1 GameManager::run(): Warning! Residual network data.
16:42:19    1 GameManager::run(): Can't keep up! frame_time 33 ms, split 103 ms
16:42:19    2 Hero::deserialize()
16:42:19    2 Weapon::deserialize()
16:42:19    2 Weapon::deserialize(): fire_count_down is 0
16:42:19    2 Weapon::deserialize(): ammo_loaded is 30
16:42:19    2 Weapon::deserialize(): ammo_backup is 90
16:42:19    2 Weapon::deserialize(): is_scoping is false
16:42:19    2 Weapon::deserialize(): reloading is false
16:42:19    2 Weapon::deserialize()
16:42:19    2 SceneGraph::updateAltitude(): remove from old altitude (2) failed!
16:42:19    2 Weapon::deserialize(): fire_count_down is 0
16:42:19    2 Weapon::deserialize(): ammo_loaded is 10
16:42:19    2 Weapon::deserialize(): ammo_backup is 30
16:42:19    2 Weapon::deserialize(): is_scoping is false
16:42:19    2 Weapon::deserialize(): reloading is false
16:42:19    2 Weapon::deserialize()
16:42:19    2 SceneGraph::updateAltitude(): remove from old altitude (2) failed!
16:42:19    2 Weapon::deserialize(): fire_count_down is 0
16:42:19    2 Weapon::deserialize(): ammo_loaded is 1
16:42:19    2 Weapon::deserialize(): ammo_backup is 30
16:42:19    2 Weapon::deserialize(): is_scoping is false
16:42:19    2 Weapon::deserialize(): reloading is false
16:42:19    2 Hero::deserialize()
16:42:19    2 Weapon::deserialize()
16:42:19    2 Hero::deserialize()
16:42:19    2 Weapon::deserialize()
16:42:19    2 GameManager::run(): Warning! Residual network data.
16:42:19    2 GameManager::run(): Can't keep up! frame_time 33 ms, split 97 ms
16:42:19    3 Hero::deserialize()
16:42:19    3 Weapon::deserialize()
16:42:19    3 Hero::deserialize()
16:42:19    3 Weapon::deserialize()
16:42:19    3 Hero::deserialize()
16:42:19    3 Weapon::deserialize()
16:42:19    3 Hero::deserialize()
16:42:19    3 Weapon::deserialize()
16:42:19    3 Hero::deserialize()
16:42:19    3 Weapon::deserialize()
16:42:19    3 GameManager::run(): Warning! Residual network data.
16:42:19    3 GameManager::run(): Can't keep up! frame_time 33 ms, split 99 ms
16:42:20    4 Hero::deserialize()
16:42:20    4 Weapon::deserialize()
16:42:20    4 Hero::deserialize()
16:42:20    4 Weapon::deserialize()
16:42:20    4 Hero::deserialize()
16:42:20    4 Weapon::deserialize()
16:42:20    4 Hero::deserialize()
16:42:20    4 Weapon::deserialize()
16:42:20    4 Hero::deserialize()
16:42:20    4 Weapon::deserialize()
16:42:20    4 Hero::deserialize()
16:42:20    4 Weapon::deserialize()
16:42:20    4 Hero::deserialize()
16:42:20    4 Weapon::deserialize()
16:42:20    4 GameManager::run(): Warning! Residual network data.
16:42:20    4 GameManager::run(): Can't keep up! frame_time 33 ms, split 1362 ms
16:42:20    5 Hero::deserialize()
16:42:20    5 Weapon::deserialize()
16:42:20    5 Hero::deserialize()
16:42:20    5 Weapon::deserialize()
16:42:20    5 Hero::deserialize()
16:42:20    5 Weapon::deserialize()
16:42:20    5 Hero::deserialize()
16:42:20    5 Weapon::deserialize()
16:42:20    5 Hero::deserialize()
16:42:20    5 Weapon::deserialize()
16:42:20    5 Hero::deserialize()
16:42:20    5 GameManager::run(): Warning! Residual network data.
16:42:20    5 GameManager::run(): Can't keep up! frame_time 33 ms, split 103 ms
16:42:20    6 Client::eventHandler(): sending mouse input to server.
16:42:20    6 Weapon::deserialize()
16:42:20    6 Hero::deserialize()
16:42:20    6 Weapon::deserialize()
16:42:20    6 Hero::deserialize()
16:42:20    6 Weapon::deserialize()
16:42:20    6 Hero::deserialize()
16:42:20    6 Weapon::deserialize()
16:42:20    6 Hero::deserialize()
16:42:20    6 Weapon::deserialize()
16:42:20    6 Hero::deserialize()
16:42:20    6 Weapon::deserialize()
16:42:20    6 GameManager::run(): Warning! Residual network data.
16:42:20    6 GameManager::run(): Can't keep up! frame_time 33 ms, split 102 ms
16:42:20    7 Client::eventHandler(): sending mouse input to server.
16:42:20    7 Hero::deserialize()
16:42:20    7 Weapon::deserialize()
16:42:20    7 Hero::deserialize()
16:42:20    7 Weapon::deserialize()
16:42:20    7 Hero::deserialize()
16:42:20    7 Weapon::deserialize()
16:42:20    7 Hero::deserialize()
16:42:20    7 Weapon::deserialize()
16:42:20    7 Hero::deserialize()
16:42:20    7 Weapon::deserialize()
16:42:20    7 Hero::deserialize()
16:42:20    7 Weapon::deserialize()
16:42:20    7 GameManager::run(): Warning! Residual network data.
16:42:20    7 GameManager::run(): Can't keep up! frame_time 33 ms, split 103 ms
16:42:20    8 Client::eventHandler(): sending mouse input to server.
16:42:20    8 Hero::deserialize()
16:42:20    8 Weapon::deserialize()
16:42:20    8 Hero::deserialize()
16:42:20    8 Weapon::deserialize()
16:42:20    8 Hero::deserialize()
16:42:20    8 Weapon::deserialize()
16:42:20    8 Hero::deserialize()
16:42:20    8 Weapon::deserialize()
16:42:20    8 Hero::deserialize()
16:42:20    8 Weapon::deserialize()
16:42:20    8 Hero::deserialize()
16:42:20    8 Weapon::deserialize()
16:42:20    8 GameManager::run(): Warning! Residual network data.
16:42:20    8 GameManager::run(): Can't keep up! frame_time 33 ms, split 86 ms
16:42:20    9 Client::eventHandler(): sending mouse input to server.
16:42:20    9 Hero::deserialize()
16:42:20    9 Weapon::deserialize()
16:42:20    9 Hero::deserialize()
16:42:20    9 Weapon::deserialize()
16:42:20    9 Hero::deserialize()
16:42:20    9 Weapon::deserialize()
16:42:20    9 Hero::deserialize()
16:42:20    9 Weapon::deserialize()
16:42:20    9 Hero::deserialize()
16:42:20    9 Weapon::deserialize()
16:42:20    9 Hero::deserialize()
16:42:20    9 Weapon::deserialize()
16:42:20    9 Hero::deserialize()
16:42:20    9 GameManager::run(): Warning! Residual network data.
16:42:21    9 GameManager::run(): Can't keep up! frame_time 33 ms, split 87 ms
16:42:21   10 Client::eventHandler(): sending mouse input to server.
16:42:21   10 Weapon::deserialize()
16:42:21   10 Hero::deserialize()
16:42:21   10 Weapon::deserialize()
16:42:21   10 Hero::deserialize()
16:42:21   10 Weapon::deserialize()
16:42:21   10 Hero::deserialize()
16:42:21   10 Weapon::deserialize()
16:42:21   10 Hero::deserialize()
16:42:21   10 Weapon::deserialize()
16:42:21   10 Hero::deserialize()
16:42:21   10 Weapon::deserialize()
16:42:21   10 Hero::deserialize()
16:42:21   10 Weapon::deserialize()
16:42:21   10 GameManager::run(): Warning! Residual network data.
16:42:21   10 GameManager::run(): Can't keep up! frame_time 33 ms, split 33 ms
16:42:21   11 Client::eventHandler(): sending mouse input to server.
16:42:21   11 Hero::deserialize()
16:42:21   11 Weapon::deserialize()
16:42:21   11 Hero::deserialize()
16:42:21   11 Weapon::deserialize()
16:42:21   11 Hero::deserialize()
16:42:21   11 Weapon::deserialize()
16:42:21   11 Hero::deserialize()
16:42:21   11 Weapon::deserialize()
16:42:21   11 Hero::deserialize()
16:42:21   11 Weapon::deserialize()
16:42:21   11 Hero::deserialize()
16:42:21   11 Weapon::deserialize()
16:42:21   11 Hero::deserialize()
16:42:21   11 GameManager::run(): Warning! Residual network data.
16:42:21   12 Client::eventHandler(): sending mouse input to server.
16:42:21   12 Weapon::deserialize()
16:42:21   12 Hero::deserialize()
16:42:21   12 Weapon::deserialize()
16:42:21   12 Hero::deserialize()
16:42:21   12 Weapon::deserialize()
16:42:21   12 Hero::deserialize()
16:42:21   12 Weapon::deserialize()
16:42:21   12 Hero::deserialize()
16:42:21   12 Weapon::deserialize()
16:42:21   12 Hero::deserialize()
16:42:21   12 Weapon::deserialize()
16:42:21   12 Hero::deserialize()
16:42:21   12 Weapon::deserialize()
16:42:21   12 GameManager::run(): Warning! Residual network data.
16:42:21   13 Client::eventHandler(): sending mouse input to server.
16:42:21   13 Hero::deserialize()
16:42:21   13 Weapon::deserialize()
16:42:21   13 Hero::deserialize()
16:42:21   13 Weapon::deserialize()
16:42:21   13 Hero::deserialize()
16:42:21   13 Weapon::deserialize()
16:42:21   13 Hero::deserialize()
16:42:21   13 Weapon::deserialize()
16:42:21   13 Hero::deserialize()
16:42:21   13 Weapon::deserialize()
16:42:21   13 Hero::deserialize()
16:42:21   13 GameManager::run(): Warning! Residual network data.
16:42:21   13 GameManager::run(): Can't keep up! frame_time 33 ms, split 34 ms
16:42:21   14 Client::eventHandler(): sending mouse input to server.
16:42:21   14 Client::eventHandler(): sending mouse input to server.
16:42:21   14 Weapon::deserialize()
16:42:21   14 Hero::deserialize()
16:42:21   14 Weapon::deserialize()
16:42:21   14 Hero::deserialize()
16:42:21   14 Weapon::deserialize()
16:42:21   15 Client::eventHandler(): sending mouse input to server.
16:42:21   15 Hero::deserialize()
16:42:21   15 Weapon::deserialize()
16:42:21   16 Client::eventHandler(): sending mouse input to server.
16:42:21   16 Hero::deserialize()
16:42:21   16 Weapon::deserialize()
16:42:21   17 Client::eventHandler(): sending mouse input to server.
16:42:21   17 Hero::deserialize()
16:42:21   17 Weapon::deserialize()
16:42:21   18 Client::eventHandler(): sending mouse input to server.
16:42:21   18 Hero::deserialize()
16:42:21   18 Weapon::deserialize()
16:42:21   19 Client::eventHandler(): sending mouse input to server.
16:42:21   19 Hero::deserialize()
16:42:21   19 Weapon::deserialize()
16:42:21   20 Client::eventHandler(): sending mouse input to server.
16:42:21   20 Hero::deserialize()
16:42:21   20 Weapon::deserialize()
16:42:21   21 Client::eventHandler(): sending mouse input to server.
16:42:21   21 Hero::deserialize()
16:42:21   21 Weapon::deserialize()
16:42:21   22 Client::eventHandler(): sending mouse input to server.
16:42:21   22 Hero::deserialize()
16:42:21   22 Weapon::deserialize()
16:42:21   23 Hero::deserialize()
16:42:21   23 Weapon::deserialize()
16:42:21   24 Hero::deserialize()
16:42:21   24 Weapon::deserialize()
16:42:21   25 Client::eventHandler(): sending mouse input to server.
16:42:21   25 Hero::deserialize()
16:42:21   25 Weapon::deserialize()
16:42:21   26 Client::eventHandler(): sending mouse input to server.
16:42:21   26 Client::eventHandler(): sending keyboard input to server.
16:42:21   26 Client::eventHandler(): sending mouse input to server.
16:42:21   26 Client::eventHandler(): sending keyboard input to server.
16:42:21   26 Hero::deserialize()
16:42:21   26 Weapon::deserialize()
16:42:21   27 Client::eventHandler(): sending mouse input to server.
16:42:21   27 Client::eventHandler(): sending mouse input to server.
16:42:21   27 Client::eventHandler(): sending keyboard input to server.
16:42:21   27 Hero::deserialize()
16:42:21   27 Weapon::deserialize()
16:42:21   28 Client::eventHandler(): sending mouse input to server.
16:42:21   28 Client::eventHandler(): sending keyboard input to server.
16:42:21   28 Hero::deserialize()
16:42:21   28 Weapon::deserialize()
16:42:21   29 Client::eventHandler(): sending mouse input to server.
16:42:21   29 Client::eventHandler(): sending keyboard input to server.
16:42:21   29 Hero::deserialize()
16:42:21   29 Weapon::deserialize()
16:42:21   30 Client::eventHandler(): sending mouse input to server.
16:42:21   30 Client::eventHandler(): sending keyboard input to server.
16:42:21   30 Hero::deserialize()
16:42:21   30 Weapon::deserialize()
16:42:21   31 Client::eventHandler(): sending mouse input to server.
16:42:21   31 Client::eventHandler(): sending keyboard input to server.
16:42:21   31 Hero::deserialize()
16:42:21   31 Weapon::deserialize()
16:42:21   32 Client::eventHandler(): sending mouse input to server.
16:42:21   32 Client::eventHandler(): sending keyboard input to server.
16:42:21   32 Hero::deserialize()
16:42:21   32 Weapon::deserialize()
16:42:21   33 Client::eventHandler(): sending mouse input to server.
16:42:21   33 Client::eventHandler(): sending keyboard input to server.
16:42:21   33 Client::eventHandler(): sending mouse input to server.
16:42:21   33 Hero::deserialize()
16:42:21   33 Weapon::deserialize()
16:42:21   34 Client::eventHandler(): sending mouse input to server.
16:42:21   34 Hero::deserialize()
16:42:21   34 Weapon::deserialize()
16:42:21   34 GameManager::run(): Can't keep up! frame_time 33 ms, split 39 ms
16:42:21   35 Client::eventHandler(): sending mouse input to server.
16:42:21   35 Hero::deserialize()
16:42:21   35 Weapon::deserialize()
16:42:21   35 GameManager::run(): Can't keep up! frame_time 33 ms, split 36 ms
16:42:21   36 Client::eventHandler(): sending mouse input to server.
16:42:21   36 Hero::deserialize()
16:42:21   36 Weapon::deserialize()
16:42:21   36 GameManager::run(): Can't keep up! frame_time 33 ms, split 41 ms
16:42:21   37 Client::eventHandler(): sending mouse input to server.
16:42:21   37 Client::eventHandler(): sending keyboard input to server.
16:42:21   37 Client::eventHandler(): sending mouse input to server.
16:42:21   37 Client::eventHandler(): sending keyboard input to server.
16:42:21   37 Hero::deserialize()
16:42:21   37 Weapon::deserialize()
16:42:22   37 GameManager::run(): Can't keep up! frame_time 33 ms, split 38 ms
16:42:22   38 Client::eventHandler(): sending mouse input to server.
16:42:22   38 Client::eventHandler(): sending keyboard input to server.
16:42:22   38 Hero::deserialize()
16:42:22   38 Weapon::deserialize()
16:42:22   38 Hero::deserialize()
16:42:22   38 Weapon::deserialize()
16:42:22   38 GameManager::run(): Can't keep up! frame_time 33 ms, split 34 ms
16:42:22   39 Client::eventHandler(): sending mouse input to server.
16:42:22   39 Client::eventHandler(): sending keyboard input to server.
16:42:22   39 Hero::deserialize()
16:42:22   39 Weapon::deserialize()
16:42:22   40 Client::eventHandler(): sending mouse input to server.
16:42:22   40 Client::eventHandler(): sending keyboard input to server.
16:42:22   41 Client::eventHandler(): sending mouse input to server.
16:42:22   41 Client::eventHandler(): sending keyboard input to server.
16:42:22   41 Hero::deserialize()
16:42:22   41 Weapon::deserialize()
16:42:22   42 Client::eventHandler(): sending keyboard input to server.
16:42:22   42 Hero::deserialize()
16:42:22   42 Weapon::deserialize()
16:42:22   42 Hero::deserialize()
16:42:22   42 Weapon::deserialize()
16:42:22   42 GameManager::run(): Can't keep up! frame_time 33 ms, split 33 ms
16:42:22   43 Client::eventHandler(): sending mouse input to server.
16:42:22   43 Client::eventHandler(): sending keyboard input to server.
16:42:22   43 Client::eventHandler(): sending mouse input to server.
16:42:22   43 Hero::deserialize()
16:42:22   43 Weapon::deserialize()
16:42:22   44 Client::eventHandler(): sending mouse input to server.
16:42:22   44 Hero::deserialize()
16:42:22   44 Weapon::deserialize()
16:42:22   45 Client::eventHandler(): sending mouse input to server.
16:42:22   45 Hero::deserialize()
16:42:22   45 Weapon::deserialize()
16:42:22   46 Client::eventHandler(): sending mouse input to server.
16:42:22   46 Hero::deserialize()
16:42:22   46 Weapon::deserialize()
16:42:22   47 Client::eventHandler(): sending mouse input to server.
16:42:22   47 Hero::deserialize()
16:42:22   47 Weapon::deserialize()
16:42:22   47 GameManager::run(): Can't keep up! frame_time 33 ms, split 39 ms
16:42:22   48 Client::eventHandler(): sending mouse input to server.
16:42:22   48 Hero::deserialize()
16:42:22   48 Weapon::deserialize()
16:42:22   48 GameManager::run(): Can't keep up! frame_time 33 ms, split 37 ms
16:42:22   49 Client::eventHandler(): sending mouse input to server.
16:42:22   49 Hero::deserialize()
16:42:22   49 Weapon::deserialize()
16:42:22   50 Hero::deserialize()
16:42:22   50 Weapon::deserialize()
16:42:22   51 Client::eventHandler(): sending mouse input to server.
16:42:22   51 Hero::deserialize()
16:42:22   51 Weapon::deserialize()
16:42:22   52 Hero::deserialize()
16:42:22   52 Weapon::deserialize()
16:42:22   53 Hero::deserialize()
16:42:22   53 Weapon::deserialize()
16:42:22   54 Hero::deserialize()
16:42:22   54 Weapon::deserialize()
16:42:22   55 Hero::deserialize()
16:42:22   55 Weapon::deserialize()
16:42:22   56 Client::eventHandler(): sending mouse input to server.
16:42:22   56 Client::eventHandler(): sending mouse input to server.
16:42:22   56 Hero::deserialize()
16:42:22   56 Weapon::deserialize()
16:42:22   56 GameManager::run(): Can't keep up! frame_time 33 ms, split 44 ms
16:42:22   57 Hero::deserialize()
16:42:22   57 Weapon::deserialize()
16:42:22   57 GameManager::run(): Can't keep up! frame_time 33 ms, split 36 ms
16:42:22   58 GameManager::run(): Can't keep up! frame_time 33 ms, split 34 ms
16:42:22   59 GameManager::run(): Can't keep up! frame_time 33 ms, split 38 ms
16:42:22   60 Client::eventHandler(): sending mouse input to server.
16:42:22   60 GameManager::run(): Can't keep up! frame_time 33 ms, split 39 ms
16:42:22   61 Client::eventHandler(): sending mouse input to server.
16:42:22   62 Client::eventHandler(): sending mouse input to server.
16:42:22   63 Client::eventHandler(): sending mouse input to server.
16:42:22   64 Client::eventHandler(): sending mouse input to server.
16:42:22   65 Client::eventHandler(): sending mouse input to server.
16:42:23   66 Client::eventHandler(): sending mouse input to server.
16:42:23   67 Client::eventHandler(): sending mouse input to server.
16:42:23   68 Client::eventHandler(): sending mouse input to server.
16:42:23   68 GameManager::run(): Can't keep up! frame_time 33 ms, split 42 ms
16:42:23   69 Client::eventHandler(): sending mouse input to server.
16:42:23   70 Client::eventHandler(): sending mouse input to server.
16:42:23   71 Client::eventHandler(): sending mouse input to server.
16:42:23   71 Client::eventHandler(): sending mouse input to server.
16:42:23   71 GameManager::run(): Can't keep up! frame_time 33 ms, split 33 ms
16:42:23   72 Client::eventHandler(): sending mouse input to server.
16:42:23   72 Client::eventHandler(): sending mouse input to server.
16:42:23   73 Client::eventHandler(): sending mouse input to server.
16:42:23   74 Client::eventHandler(): sending mouse input to server.
16:42:23   75 Client::eventHandler(): sending mouse input to server.
16:42:23   76 Client::eventHandler(): sending mouse input to server.
16:42:23   76 Client::eventHandler(): sending mouse input to server.
16:42:23   77 Client::eventHandler(): sending mouse input to server.
16:42:23   77 GameManager::run(): Can't keep up! frame_time 33 ms, split 44 ms
16:42:23   78 Client::eventHandler(): sending mouse input to server.
16:42:23   79 Client::eventHandler(): sending mouse input to server.
16:42:23   79 Client::eventHandler(): sending mouse input to server.
16:42:23   80 Client::eventHandler(): sending mouse input to server.
16:42:23   80 GameManager::run(): Can't keep up! frame_time 33 ms, split 35 ms
16:42:23   81 Client::eventHandler(): sending mouse input to server.
16:42:23   82 Client::eventHandler(): sending mouse input to server.
16:42:23   83 Client::eventHandler(): sending mouse input to server.
16:42:23   85 Client::eventHandler(): sending mouse input to server.
16:42:23   85 GameManager::run(): Can't keep up! frame_time 33 ms, split 33 ms
16:42:23   86 Client::eventHandler(): sending mouse input to server.
16:42:23   87 Client::eventHandler(): sending mouse input to server.
16:42:23   87 Client::eventHandler(): sending mouse input to server.
16:42:23   88 Client::eventHandler(): sending mouse input to server.
16:42:23   89 Client::eventHandler(): sending mouse input to server.
16:42:23   89 GameManager::run(): Can't keep up! frame_time 33 ms, split 40 ms
16:42:23   90 Client::eventHandler(): sending mouse input to server.
16:42:23   90 Client::eventHandler(): sending mouse input to server.
16:42:23   90 GameManager::run(): Can't keep up! frame_time 33 ms, split 47 ms
16:42:23   91 Client::eventHandler(): sending mouse input to server.
16:42:23   91 GameManager::run(): Can't keep up! frame_time 33 ms, split 42 ms
16:42:23   92 Client::eventHandler(): sending mouse input to server.
16:42:24   92 GameManager::run(): Can't keep up! frame_time 33 ms, split 43 ms
16:42:24   93 Client::eventHandler(): sending mouse input to server.
16:42:24   93 GameManager::run(): Can't keep up! frame_time 33 ms, split 37 ms
16:42:24   94 GameManager::run(): Can't keep up! frame_time 33 ms, split 41 ms
16:42:24   95 Client::eventHandler(): sending mouse input to server.
16:42:24   95 GameManager::run(): Can't keep up! frame_time 33 ms, split 40 ms
16:42:24   96 GameManager::run(): Can't keep up! frame_time 33 ms, split 36 ms
16:42:24   97 Client::eventHandler(): sending mouse input to server.
16:42:24   97 NetworkManager::send(): Error! send() returned:
16:42:24   97 	Unknown error
16:42:24   97 NetworkNode::sendMessage(): Error sending!
16:42:24   99 Client::eventHandler(): sending mouse input to server.
16:42:24   99 NetworkManager::send(): Error! send() returned:
16:42:24   99 	Unknown error
16:42:24   99 NetworkNode::sendMessage(): Error sending!
16:42:24  100 Client::eventHandler(): sending mouse input to server.
16:42:24  100 NetworkManager::send(): Error! send() returned:
16:42:24  100 	Unknown error
16:42:24  100 NetworkNode::sendMessage(): Error sending!
16:42:24  101 Client::eventHandler(): sending mouse input to server.
16:42:24  101 NetworkManager::send(): Error! send() returned:
16:42:24  101 	Unknown error
16:42:24  101 NetworkNode::sendMessage(): Error sending!
16:42:24  102 Client::eventHandler(): sending mouse input to server.
16:42:24  102 NetworkManager::send(): Error! send() returned:
16:42:24  102 	Unknown error
16:42:24  102 NetworkNode::sendMessage(): Error sending!
16:42:24  103 Client::eventHandler(): sending mouse input to server.
16:42:24  103 NetworkManager::send(): Error! send() returned:
16:42:24  103 	Unknown error
16:42:24  103 NetworkNode::sendMessage(): Error sending!
16:42:24  104 Client::eventHandler(): sending mouse input to server.
16:42:24  104 NetworkManager::send(): Error! send() returned:
16:42:24  104 	Unknown error
16:42:24  104 NetworkNode::sendMessage(): Error sending!
16:42:24  105 Client::eventHandler(): sending mouse input to server.
16:42:24  105 NetworkManager::send(): Error! send() returned:
16:42:24  105 	Unknown error
16:42:24  105 NetworkNode::sendMessage(): Error sending!
16:42:24  106 Client::eventHandler(): sending mouse input to server.
16:42:24  106 NetworkManager::send(): Error! send() returned:
16:42:24  106 	Unknown error
16:42:24  106 NetworkNode::sendMessage(): Error sending!
16:42:24  107 Client::eventHandler(): sending mouse input to server.
16:42:24  107 NetworkManager::send(): Error! send() returned:
16:42:24  107 	Unknown error
16:42:24  107 NetworkNode::sendMessage(): Error sending!
16:42:24  109 Client::eventHandler(): sending mouse input to server.
16:42:24  109 NetworkManager::send(): Error! send() returned:
16:42:24  109 	Unknown error
16:42:24  109 NetworkNode::sendMessage(): Error sending!
16:42:24  110 Client::eventHandler(): sending mouse input to server.
16:42:24  110 NetworkManager::send(): Error! send() returned:
16:42:24  110 	Unknown error
16:42:24  110 NetworkNode::sendMessage(): Error sending!
16:42:24  111 Client::eventHandler(): sending mouse input to server.
16:42:24  111 NetworkManager::send(): Error! send() returned:
16:42:24  111 	Unknown error
16:42:24  111 NetworkNode::sendMessage(): Error sending!
16:42:24  112 Client::eventHandler(): sending mouse input to server.
16:42:24  112 NetworkManager::send(): Error! send() returned:
16:42:24  112 	Unknown error
16:42:24  112 NetworkNode::sendMessage(): Error sending!
16:42:24  113 Client::eventHandler(): sending mouse input to server.
16:42:24  113 NetworkManager::send(): Error! send() returned:
16:42:24  113 	Unknown error
16:42:24  113 NetworkNode::sendMessage(): Error sending!
16:42:24  114 Client::eventHandler(): sending mouse input to server.
16:42:24  114 NetworkManager::send(): Error! send() returned:
16:42:24  114 	Unknown error
16:42:24  114 NetworkNode::sendMessage(): Error sending!
16:42:24  115 Client::eventHandler(): sending mouse input to server.
16:42:24  115 NetworkManager::send(): Error! send() returned:
16:42:24  115 	Unknown error
16:42:24  115 NetworkNode::sendMessage(): Error sending!
16:42:24  117 Client::eventHandler(): sending mouse input to server.
16:42:24  117 NetworkManager::send(): Error! send() returned:
16:42:24  117 	Unknown error
16:42:24  117 NetworkNode::sendMessage(): Error sending!
16:42:24  118 Client::eventHandler(): sending mouse input to server.
16:42:24  118 NetworkManager::send(): Error! send() returned:
16:42:24  118 	Unknown error
16:42:24  118 NetworkNode::sendMessage(): Error sending!
16:42:24  120 Client::eventHandler(): sending mouse input to server.
16:42:24  120 NetworkManager::send(): Error! send() returned:
16:42:24  120 	Unknown error
16:42:24  120 NetworkNode::sendMessage(): Error sending!
16:42:24  121 Client::eventHandler(): sending mouse input to server.
16:42:24  121 NetworkManager::send(): Error! send() returned:
16:42:24  121 	Unknown error
16:42:24  121 NetworkNode::sendMessage(): Error sending!
16:42:24  122 Client::eventHandler(): sending mouse input to server.
16:42:24  122 NetworkManager::send(): Error! send() returned:
16:42:24  122 	Unknown error
16:42:24  122 NetworkNode::sendMessage(): Error sending!
16:42:24  122 Client::eventHandler(): sending mouse input to server.
16:42:24  122 NetworkManager::send(): Error! send() returned:
16:42:24  122 	Unknown error
16:42:24  122 NetworkNode::sendMessage(): Error sending!
16:42:25  123 Client::eventHandler(): sending mouse input to server.
16:42:25  123 NetworkManager::send(): Error! send() returned:
16:42:25  123 	Unknown error
16:42:25  123 NetworkNode::sendMessage(): Error sending!
16:42:25  124 Client::eventHandler(): sending mouse input to server.
16:42:25  124 NetworkManager::send(): Error! send() returned:
16:42:25  124 	Unknown error
16:42:25  124 NetworkNode::sendMessage(): Error sending!
16:42:25  125 Client::eventHandler(): sending mouse input to server.
16:42:25  125 NetworkManager::send(): Error! send() returned:
16:42:25  125 	Unknown error
16:42:25  125 NetworkNode::sendMessage(): Error sending!
16:42:25  126 Client::eventHandler(): sending mouse input to server.
16:42:25  126 NetworkManager::send(): Error! send() returned:
16:42:25  126 	Unknown error
16:42:25  126 NetworkNode::sendMessage(): Error sending!
16:42:25  127 Client::eventHandler(): sending mouse input to server.
16:42:25  127 NetworkManager::send(): Error! send() returned:
16:42:25  127 	Unknown error
16:42:25  127 NetworkNode::sendMessage(): Error sending!
16:42:25  130 Client::eventHandler(): sending mouse input to server.
16:42:25  130 NetworkManager::send(): Error! send() returned:
16:42:25  130 	Unknown error
16:42:25  130 NetworkNode::sendMessage(): Error sending!
16:42:25  131 Client::eventHandler(): sending mouse input to server.
16:42:25  131 NetworkManager::send(): Error! send() returned:
16:42:25  131 	Unknown error
16:42:25  131 NetworkNode::sendMessage(): Error sending!
16:42:25  133 Client::eventHandler(): sending mouse input to server.
16:42:25  133 NetworkManager::send(): Error! send() returned:
16:42:25  133 	Unknown error
16:42:25  133 NetworkNode::sendMessage(): Error sending!
16:42:25  134 Client::eventHandler(): sending mouse input to server.
16:42:25  134 NetworkManager::send(): Error! send() returned:
16:42:25  134 	Unknown error
16:42:25  134 NetworkNode::sendMessage(): Error sending!
16:42:25  135 Client::eventHandler(): sending mouse input to server.
16:42:25  135 NetworkManager::send(): Error! send() returned:
16:42:25  135 	Unknown error
16:42:25  135 NetworkNode::sendMessage(): Error sending!
16:42:25  136 Client::eventHandler(): sending mouse input to server.
16:42:25  136 NetworkManager::send(): Error! send() returned:
16:42:25  136 	Unknown error
16:42:25  136 NetworkNode::sendMessage(): Error sending!
16:42:25  137 Client::eventHandler(): sending mouse input to server.
16:42:25  137 NetworkManager::send(): Error! send() returned:
16:42:25  137 	Unknown error
16:42:25  137 NetworkNode::sendMessage(): Error sending!
16:42:25  138 Client::eventHandler(): sending mouse input to server.
16:42:25  138 NetworkManager::send(): Error! send() returned:
16:42:25  138 	Unknown error
16:42:25  138 NetworkNode::sendMessage(): Error sending!
16:42:25  139 Client::eventHandler(): sending mouse input to server.
16:42:25  139 NetworkManager::send(): Error! send() returned:
16:42:25  139 	Unknown error
16:42:25  139 NetworkNode::sendMessage(): Error sending!
16:42:25  141 Client::eventHandler(): sending mouse input to server.
16:42:25  141 NetworkManager::send(): Error! send() returned:
16:42:25  141 	Unknown error
16:42:25  141 NetworkNode::sendMessage(): Error sending!
16:42:25  141 GameManager::run(): Can't keep up! frame_time 33 ms, split 43 ms
16:42:25  143 Client::eventHandler(): sending mouse input to server.
16:42:25  143 NetworkManager::send(): Error! send() returned:
16:42:25  143 	Unknown error
16:42:25  143 NetworkNode::sendMessage(): Error sending!
16:42:25  144 Client::eventHandler(): sending mouse input to server.
16:42:25  144 NetworkManager::send(): Error! send() returned:
16:42:25  144 	Unknown error
16:42:25  144 NetworkNode::sendMessage(): Error sending!
16:42:25  145 Client::eventHandler(): sending mouse input to server.
16:42:25  145 NetworkManager::send(): Error! send() returned:
16:42:25  145 	Unknown error
16:42:25  145 NetworkNode::sendMessage(): Error sending!
16:42:25  148 Client::eventHandler(): sending mouse input to server.
16:42:25  148 NetworkManager::send(): Error! send() returned:
16:42:25  148 	Unknown error
16:42:25  148 NetworkNode::sendMessage(): Error sending!
16:42:25  149 Client::eventHandler(): sending mouse input to server.
16:42:25  149 NetworkManager::send(): Error! send() returned:
16:42:25  149 	Unknown error
16:42:25  149 NetworkNode::sendMessage(): Error sending!
16:42:25  150 Client::eventHandler(): sending mouse input to server.
16:42:25  150 NetworkManager::send(): Error! send() returned:
16:42:25  150 	Unknown error
16:42:25  150 NetworkNode::sendMessage(): Error sending!
16:42:25  151 Client::eventHandler(): sending mouse input to server.
16:42:25  151 NetworkManager::send(): Error! send() returned:
16:42:25  151 	Unknown error
16:42:25  151 NetworkNode::sendMessage(): Error sending!
16:42:26  152 Client::eventHandler(): sending mouse input to server.
16:42:26  152 NetworkManager::send(): Error! send() returned:
16:42:26  152 	Unknown error
16:42:26  152 NetworkNode::sendMessage(): Error sending!
16:42:26  153 Client::eventHandler(): sending mouse input to server.
16:42:26  153 NetworkManager::send(): Error! send() returned:
16:42:26  153 	Unknown error
16:42:26  153 NetworkNode::sendMessage(): Error sending!
16:42:26  154 Client::eventHandler(): sending mouse input to server.
16:42:26  154 NetworkManager::send(): Error! send() returned:
16:42:26  154 	Unknown error
16:42:26  154 NetworkNode::sendMessage(): Error sending!
16:42:26  155 Client::eventHandler(): sending mouse input to server.
16:42:26  155 NetworkManager::send(): Error! send() returned:
16:42:26  155 	Unknown error
16:42:26  155 NetworkNode::sendMessage(): Error sending!
16:42:26  156 Client::eventHandler(): sending mouse input to server.
16:42:26  156 NetworkManager::send(): Error! send() returned:
16:42:26  156 	Unknown error
16:42:26  156 NetworkNode::sendMessage(): Error sending!
16:42:26  157 Client::eventHandler(): sending mouse input to server.
16:42:26  157 NetworkManager::send(): Error! send() returned:
16:42:26  157 	Unknown error
16:42:26  157 NetworkNode::sendMessage(): Error sending!
16:42:26  157 Client::eventHandler(): sending mouse input to server.
16:42:26  157 NetworkManager::send(): Error! send() returned:
16:42:26  157 	Unknown error
16:42:26  157 NetworkNode::sendMessage(): Error sending!
16:42:26  158 Client::eventHandler(): sending mouse input to server.
16:42:26  158 NetworkManager::send(): Error! send() returned:
16:42:26  158 	Unknown error
16:42:26  158 NetworkNode::sendMessage(): Error sending!
16:42:26  158 Client::eventHandler(): sending mouse input to server.
16:42:26  158 NetworkManager::send(): Error! send() returned:
16:42:26  158 	Unknown error
16:42:26  158 NetworkNode::sendMessage(): Error sending!
16:42:26  159 Client::eventHandler(): sending mouse input to server.
16:42:26  159 NetworkManager::send(): Error! send() returned:
16:42:26  159 	Unknown error
16:42:26  159 NetworkNode::sendMessage(): Error sending!
16:42:26  160 Client::eventHandler(): sending mouse input to server.
16:42:26  160 NetworkManager::send(): Error! send() returned:
16:42:26  160 	Unknown error
16:42:26  160 NetworkNode::sendMessage(): Error sending!
16:42:26  161 Client::eventHandler(): sending mouse input to server.
16:42:26  161 NetworkManager::send(): Error! send() returned:
16:42:26  161 	Unknown error
16:42:26  161 NetworkNode::sendMessage(): Error sending!
16:42:26  162 Client::eventHandler(): sending mouse input to server.
16:42:26  162 NetworkManager::send(): Error! send() returned:
16:42:26  162 	Unknown error
16:42:26  162 NetworkNode::sendMessage(): Error sending!
16:42:27  182 InputManager::getInput(): Window close event. Setting game over.
16:42:27  183 GameManager::run(): end of game loop
16:42:27  183 NetworkManager::send(): Error! send() returned:
16:42:27  183 	Unknown error
16:42:27  183 NetworkNode::sendMessage(): Error sending!
16:42:27  183 PathManager::shutDown(): successfully stopped.
16:42:27  183 Path manager stopped
16:42:27  183 WorldManager::shutDown(): Successfully stopped.
16:42:27  183 World manager stopped
16:42:27  183 ResourceManager::shutDown(): successfully stopped.
16:42:27  183 Resource manager stopped
16:42:27  183 NetworkManager::shutDown(): successfully stopped.
16:42:27  183 Network manager stopped
16:42:27  183 InputManager::shutDown(): successfully stopped.
16:42:27  183 Input manager stopped
16:42:27  183 DisplayManager::shutDown(): successfully stopped.
16:42:27  183 Display manager stopped
16:42:27  183 ** Game stopped **
16:42:27  183 ****************************************************
16:42:27  183 LogManager::shutDown(): successfully stopped.
