12:23:43    0 ****************************************************
12:23:43    0 ** Dragonfly version 4.9 **
12:23:44    0 Hello, Network! (v1.2)
12:23:44    0 ResourceManager::loadSprite(): Loading sprite 'sprites/explosion-spr.txt'
12:23:44    0 ResourceManager::loadSprite(): Opened file 'sprites/explosion-spr.txt'
12:23:44    0 ResourceManager::loadSprite(): Sprite 'explosion' successfully loaded
12:23:44    0 ResourceManager::loadSprite(): Loading sprite 'sprites/character-walk_2.txt'
12:23:44    0 ResourceManager::loadSprite(): Opened file 'sprites/character-walk_2.txt'
12:23:44    0 ResourceManager::loadSprite(): Sprite 'character-walk' successfully loaded
12:23:44    0 ResourceManager::loadSprite(): Loading sprite 'sprites/character-duck.txt'
12:23:44    0 ResourceManager::loadSprite(): Opened file 'sprites/character-duck.txt'
12:23:44    0 ResourceManager::loadSprite(): Sprite 'character-duck' successfully loaded
12:23:44    0 ResourceManager::loadSprite(): Loading sprite 'sprites/platform.txt'
12:23:44    0 ResourceManager::loadSprite(): Opened file 'sprites/platform.txt'
12:23:44    0 ResourceManager::loadSprite(): Sprite 'platform' successfully loaded
12:23:44    0 Client::Client(): Connecting to localhost at port 9876.
12:23:44    0 NetworkManager::connect(): Connecting to localhost, port 9876.
12:23:44    0 NetworkManager::connect(): Connection established.
12:23:44    0 Client::handleConnect(): Client connected!
12:23:44    0 Client::Client(): Client started.
12:23:44    0 GameManager::run(): starting game loop
12:23:44    0 Client::createObject(): creating object type 'Platform'
12:23:44    0 Client::createObject(): creating object type 'Platform'
12:23:44    0 Client::createObject(): creating object type 'Platform'
12:23:44    0 Client::createObject(): creating object type 'Platform'
12:23:44    0 Client::createObject(): creating object type 'Platform'
12:23:44    0 Client::createObject(): creating object type 'Platform'
12:23:44    0 Client::createObject(): creating object type 'Platform'
12:23:44    0 GameManager::run(): Warning! Residual network data.
12:23:44    1 Client::createObject(): creating object type 'Platform'
12:23:44    1 Client::createObject(): creating object type 'Platform'
12:23:44    1 Client::createObject(): creating object type 'Hero'
12:23:44    1 GameManager::run(): Can't keep up! frame_time 33 ms, split 68 ms
12:23:44    2 GameManager::run(): Can't keep up! frame_time 33 ms, split 63 ms
12:23:44    3 GameManager::run(): Can't keep up! frame_time 33 ms, split 63 ms
12:23:44    4 GameManager::run(): Can't keep up! frame_time 33 ms, split 61 ms
12:23:44    5 GameManager::run(): Can't keep up! frame_time 33 ms, split 62 ms
12:23:44    6 GameManager::run(): Can't keep up! frame_time 33 ms, split 74 ms
12:23:44    7 GameManager::run(): Can't keep up! frame_time 33 ms, split 70 ms
12:23:44    8 Client::eventHandler(): sending mouse input to server.
12:23:45    8 GameManager::run(): Can't keep up! frame_time 33 ms, split 68 ms
12:23:45    9 Client::eventHandler(): sending mouse input to server.
12:23:45    9 GameManager::run(): Can't keep up! frame_time 33 ms, split 95 ms
12:23:45   10 Client::eventHandler(): sending mouse input to server.
12:23:45   11 Client::eventHandler(): sending mouse input to server.
12:23:45   12 Client::eventHandler(): sending mouse input to server.
12:23:45   12 Client::eventHandler(): sending mouse input to server.
12:23:45   18 Client::eventHandler(): sending mouse input to server.
12:23:45   19 Client::eventHandler(): sending mouse input to server.
12:23:45   20 Client::eventHandler(): sending mouse input to server.
12:23:45   21 Client::eventHandler(): sending mouse input to server.
12:23:45   22 Client::eventHandler(): sending mouse input to server.
12:23:45   23 Client::eventHandler(): sending mouse input to server.
12:23:45   24 Client::eventHandler(): sending mouse input to server.
12:23:45   29 Client::eventHandler(): sending mouse input to server.
12:23:45   30 Client::eventHandler(): sending mouse input to server.
12:23:45   31 Client::eventHandler(): sending mouse input to server.
12:23:45   33 Client::eventHandler(): sending mouse input to server.
12:23:45   33 Client::eventHandler(): sending mouse input to server.
12:23:45   33 Client::eventHandler(): sending mouse input to server.
12:23:45   34 Client::eventHandler(): sending mouse input to server.
12:23:45   35 Client::eventHandler(): sending mouse input to server.
12:23:46   36 Client::eventHandler(): sending mouse input to server.
12:23:46   36 Client::eventHandler(): sending mouse input to server.
12:23:46   37 Client::eventHandler(): sending mouse input to server.
12:23:46   37 Client::eventHandler(): sending mouse input to server.
12:23:46   38 Client::eventHandler(): sending mouse input to server.
12:23:46   38 Client::eventHandler(): sending mouse input to server.
12:23:46   39 Client::eventHandler(): sending mouse input to server.
12:23:46   39 Client::eventHandler(): sending mouse input to server.
12:23:46   40 Client::eventHandler(): sending mouse input to server.
12:23:46   40 Client::eventHandler(): sending mouse input to server.
12:23:46   41 Client::eventHandler(): sending mouse input to server.
12:23:46   41 Client::eventHandler(): sending mouse input to server.
12:23:46   42 Client::eventHandler(): sending mouse input to server.
12:23:46   42 Client::eventHandler(): sending mouse input to server.
12:23:46   43 Client::eventHandler(): sending mouse input to server.
12:23:46   43 Client::eventHandler(): sending mouse input to server.
12:23:46   44 Client::eventHandler(): sending mouse input to server.
12:23:46   44 Client::eventHandler(): sending mouse input to server.
12:23:46   45 Client::eventHandler(): sending mouse input to server.
12:23:46   45 Client::eventHandler(): sending mouse input to server.
12:23:46   46 Client::eventHandler(): sending mouse input to server.
12:23:46   47 Client::eventHandler(): sending mouse input to server.
12:23:46   48 Client::eventHandler(): sending mouse input to server.
12:23:46   48 Client::eventHandler(): sending mouse input to server.
12:23:46   49 Client::eventHandler(): sending mouse input to server.
12:23:46   49 Client::eventHandler(): sending mouse input to server.
12:23:46   49 Client::eventHandler(): sending mouse input to server.
12:23:46   50 Client::eventHandler(): sending mouse input to server.
12:23:46   50 Client::eventHandler(): sending mouse input to server.
12:23:46   51 Client::eventHandler(): sending mouse input to server.
12:23:46   61 Client::eventHandler(): sending mouse input to server.
12:23:46   62 Client::eventHandler(): sending mouse input to server.
12:23:46   63 GameManager::run(): Can't keep up! frame_time 33 ms, split 38 ms
12:23:46   64 Client::eventHandler(): sending mouse input to server.
12:23:47   68 Client::eventHandler(): sending mouse input to server.
12:23:47   68 Client::eventHandler(): sending mouse input to server.
12:23:47   69 Client::eventHandler(): sending mouse input to server.
12:23:47   70 Client::eventHandler(): sending mouse input to server.
12:23:47   70 Client::eventHandler(): sending mouse input to server.
12:23:47   70 Client::eventHandler(): sending mouse input to server.
12:23:47   71 Client::eventHandler(): sending mouse input to server.
12:23:47   71 Client::eventHandler(): sending mouse input to server.
12:23:47   72 Client::eventHandler(): sending mouse input to server.
12:23:47   72 Client::eventHandler(): sending mouse input to server.
12:23:47   72 Client::eventHandler(): sending mouse input to server.
12:23:47   73 Client::eventHandler(): sending mouse input to server.
12:23:47   73 Client::eventHandler(): sending mouse input to server.
12:23:47   73 GameManager::run(): Can't keep up! frame_time 33 ms, split 38 ms
12:23:47   74 Client::eventHandler(): sending mouse input to server.
12:23:47   74 Client::eventHandler(): sending mouse input to server.
12:23:47   75 Client::eventHandler(): sending mouse input to server.
12:23:47   75 Client::eventHandler(): sending mouse input to server.
12:23:47   76 Client::eventHandler(): sending mouse input to server.
12:23:47   76 Client::eventHandler(): sending mouse input to server.
12:23:47   77 Client::eventHandler(): sending mouse input to server.
12:23:47   77 Client::eventHandler(): sending mouse input to server.
12:23:47   77 Client::eventHandler(): sending mouse input to server.
12:23:47   77 Client::eventHandler(): sending mouse input to server.
12:23:47   78 Client::eventHandler(): sending mouse input to server.
12:23:47   78 Client::eventHandler(): sending mouse input to server.
12:23:47   79 Client::eventHandler(): sending mouse input to server.
12:23:47   79 Client::eventHandler(): sending mouse input to server.
12:23:47   80 Client::eventHandler(): sending mouse input to server.
12:23:47   80 GameManager::run(): Can't keep up! frame_time 33 ms, split 34 ms
12:23:47   81 Client::eventHandler(): sending mouse input to server.
12:23:47   82 Client::eventHandler(): sending mouse input to server.
12:23:49  112 Client::eventHandler(): sending mouse input to server.
12:23:49  112 Client::eventHandler(): sending mouse input to server.
12:23:49  113 Client::eventHandler(): sending mouse input to server.
12:23:49  114 Client::eventHandler(): sending mouse input to server.
12:23:49  115 Client::eventHandler(): sending mouse input to server.
12:23:49  116 Client::eventHandler(): sending mouse input to server.
12:23:49  119 Client::eventHandler(): sending mouse input to server.
12:23:49  119 Client::eventHandler(): sending mouse input to server.
12:23:49  120 Client::eventHandler(): sending mouse input to server.
12:23:49  120 Client::eventHandler(): sending mouse input to server.
12:23:49  121 Client::eventHandler(): sending mouse input to server.
12:23:50  124 Client::eventHandler(): sending mouse input to server.
12:23:50  125 Client::eventHandler(): sending mouse input to server.
12:23:50  126 Client::eventHandler(): sending mouse input to server.
12:23:50  128 Client::eventHandler(): sending mouse input to server.
12:23:50  129 Client::eventHandler(): sending mouse input to server.
12:23:50  130 Client::eventHandler(): sending mouse input to server.
12:23:50  131 Client::eventHandler(): sending mouse input to server.
12:23:50  132 Client::eventHandler(): sending mouse input to server.
12:23:50  133 Client::eventHandler(): sending mouse input to server.
12:23:50  133 Client::eventHandler(): sending keyboard input to server.
12:23:50  133 Client::eventHandler(): sending keyboard input to server.
12:23:50  134 Client::eventHandler(): sending mouse input to server.
12:23:50  134 Client::eventHandler(): sending keyboard input to server.
12:23:50  135 Client::eventHandler(): sending mouse input to server.
12:23:50  135 Client::eventHandler(): sending keyboard input to server.
12:23:50  136 Client::eventHandler(): sending mouse input to server.
12:23:50  136 Client::eventHandler(): sending keyboard input to server.
12:23:50  137 Client::eventHandler(): sending keyboard input to server.
12:23:50  138 Client::eventHandler(): sending keyboard input to server.
12:23:50  139 Client::eventHandler(): sending mouse input to server.
12:23:50  139 Client::eventHandler(): sending keyboard input to server.
12:23:50  140 Client::eventHandler(): sending mouse input to server.
12:23:50  140 Client::eventHandler(): sending keyboard input to server.
12:23:50  141 Client::eventHandler(): sending keyboard input to server.
12:23:50  141 Client::eventHandler(): sending mouse input to server.
12:23:50  142 Client::eventHandler(): sending mouse input to server.
12:23:50  143 Client::eventHandler(): sending mouse input to server.
12:23:50  144 Client::eventHandler(): sending mouse input to server.
12:23:50  144 Client::eventHandler(): sending mouse input to server.
12:23:50  144 Client::eventHandler(): sending mouse input to server.
12:23:50  144 Client::eventHandler(): sending mouse input to server.
12:23:50  145 Client::eventHandler(): sending mouse input to server.
12:23:50  146 Client::eventHandler(): sending mouse input to server.
12:23:50  146 Client::eventHandler(): sending mouse input to server.
12:23:50  147 Client::eventHandler(): sending mouse input to server.
12:23:50  148 Client::eventHandler(): sending mouse input to server.
12:23:50  149 Client::eventHandler(): sending mouse input to server.
12:23:50  150 Client::eventHandler(): sending mouse input to server.
12:23:50  151 Client::eventHandler(): sending keyboard input to server.
12:23:50  151 Client::eventHandler(): sending keyboard input to server.
12:23:50  152 Client::eventHandler(): sending mouse input to server.
12:23:50  152 Client::eventHandler(): sending mouse input to server.
12:23:50  152 Client::eventHandler(): sending mouse input to server.
12:23:50  152 Client::eventHandler(): sending keyboard input to server.
12:23:50  153 Client::eventHandler(): sending mouse input to server.
12:23:50  153 Client::eventHandler(): sending keyboard input to server.
12:23:51  154 Client::eventHandler(): sending mouse input to server.
12:23:51  154 Client::eventHandler(): sending keyboard input to server.
12:23:51  155 Client::eventHandler(): sending mouse input to server.
12:23:51  155 Client::eventHandler(): sending mouse input to server.
12:23:51  155 Client::eventHandler(): sending keyboard input to server.
12:23:51  156 Client::eventHandler(): sending mouse input to server.
12:23:51  156 Client::eventHandler(): sending keyboard input to server.
12:23:51  156 Client::eventHandler(): sending mouse input to server.
12:23:51  157 Client::eventHandler(): sending mouse input to server.
12:23:51  158 Client::eventHandler(): sending mouse input to server.
12:23:51  159 Client::eventHandler(): sending mouse input to server.
12:23:51  160 Client::eventHandler(): sending mouse input to server.
12:23:51  161 Client::eventHandler(): sending mouse input to server.
12:23:51  162 Client::eventHandler(): sending mouse input to server.
12:23:51  163 Client::eventHandler(): sending mouse input to server.
12:23:51  163 Client::eventHandler(): sending keyboard input to server.
12:23:51  163 Client::eventHandler(): sending mouse input to server.
12:23:51  163 Client::eventHandler(): sending keyboard input to server.
12:23:51  164 Client::eventHandler(): sending mouse input to server.
12:23:51  164 Client::eventHandler(): sending keyboard input to server.
12:23:51  165 Client::eventHandler(): sending mouse input to server.
12:23:51  165 Client::eventHandler(): sending keyboard input to server.
12:23:51  166 Client::eventHandler(): sending keyboard input to server.
12:23:51  167 Client::eventHandler(): sending keyboard input to server.
12:23:51  168 Client::eventHandler(): sending keyboard input to server.
12:23:51  169 Client::eventHandler(): sending keyboard input to server.
12:23:51  170 Client::eventHandler(): sending keyboard input to server.
12:23:51  171 Client::eventHandler(): sending keyboard input to server.
12:23:51  175 Client::eventHandler(): sending mouse input to server.
12:23:51  176 Client::eventHandler(): sending mouse input to server.
12:23:51  180 Client::eventHandler(): sending mouse input to server.
12:23:51  181 Client::eventHandler(): sending mouse input to server.
12:23:51  181 Client::eventHandler(): sending mouse input to server.
12:23:51  182 Client::eventHandler(): sending mouse input to server.
12:23:51  183 Client::eventHandler(): sending mouse input to server.
12:23:52  196 Client::eventHandler(): sending keyboard input to server.
12:23:52  196 Client::eventHandler(): sending keyboard input to server.
12:23:52  197 Client::eventHandler(): sending keyboard input to server.
12:23:52  198 Client::eventHandler(): sending keyboard input to server.
12:23:52  199 Client::eventHandler(): sending keyboard input to server.
12:23:52  200 Client::eventHandler(): sending keyboard input to server.
12:23:52  201 Client::eventHandler(): sending keyboard input to server.
12:23:52  202 Client::eventHandler(): sending keyboard input to server.
12:23:52  203 Client::eventHandler(): sending keyboard input to server.
12:23:52  204 Client::eventHandler(): sending keyboard input to server.
12:23:52  205 Client::eventHandler(): sending keyboard input to server.
12:23:53  222 Client::eventHandler(): sending mouse input to server.
12:23:53  222 Client::eventHandler(): sending mouse input to server.
12:23:53  223 Client::eventHandler(): sending mouse input to server.
12:23:53  224 Client::eventHandler(): sending mouse input to server.
12:23:53  225 Client::eventHandler(): sending mouse input to server.
12:23:53  226 Client::eventHandler(): sending mouse input to server.
12:23:53  227 Client::eventHandler(): sending mouse input to server.
12:23:53  228 Client::eventHandler(): sending mouse input to server.
12:23:53  228 Client::eventHandler(): sending mouse input to server.
12:23:53  229 Client::eventHandler(): sending mouse input to server.
12:23:53  230 Client::eventHandler(): sending mouse input to server.
12:23:53  230 Client::eventHandler(): sending mouse input to server.
12:23:53  231 Client::eventHandler(): sending mouse input to server.
12:23:53  231 Client::eventHandler(): sending keyboard input to server.
12:23:53  231 Client::eventHandler(): sending mouse input to server.
12:23:53  231 Client::eventHandler(): sending keyboard input to server.
12:23:53  232 Client::eventHandler(): sending mouse input to server.
12:23:53  232 Client::eventHandler(): sending keyboard input to server.
12:23:53  233 Client::eventHandler(): sending mouse input to server.
12:23:53  233 Client::eventHandler(): sending keyboard input to server.
12:23:53  234 Client::eventHandler(): sending keyboard input to server.
12:23:53  235 Client::eventHandler(): sending keyboard input to server.
12:23:53  238 Client::eventHandler(): sending mouse input to server.
12:23:53  240 Client::eventHandler(): sending mouse input to server.
12:23:53  240 Client::eventHandler(): sending keyboard input to server.
12:23:53  240 Client::eventHandler(): sending mouse input to server.
12:23:53  240 Client::eventHandler(): sending mouse input to server.
12:23:53  240 Client::eventHandler(): sending keyboard input to server.
12:23:53  241 Client::eventHandler(): sending mouse input to server.
12:23:53  241 Client::eventHandler(): sending keyboard input to server.
12:23:53  242 Client::eventHandler(): sending mouse input to server.
12:23:53  242 Client::eventHandler(): sending keyboard input to server.
12:23:53  243 Client::eventHandler(): sending mouse input to server.
12:23:53  243 Client::eventHandler(): sending keyboard input to server.
12:23:53  244 Client::eventHandler(): sending mouse input to server.
12:23:53  244 Client::eventHandler(): sending keyboard input to server.
12:23:54  245 Client::eventHandler(): sending mouse input to server.
12:23:54  245 Client::eventHandler(): sending keyboard input to server.
12:23:54  246 Client::eventHandler(): sending keyboard input to server.
12:23:54  249 Client::eventHandler(): sending mouse input to server.
12:23:54  250 Client::eventHandler(): sending mouse input to server.
12:23:54  251 Client::eventHandler(): sending mouse input to server.
12:23:54  252 Client::eventHandler(): sending mouse input to server.
12:23:54  253 Client::eventHandler(): sending mouse input to server.
12:23:54  255 Client::eventHandler(): sending mouse input to server.
12:23:54  256 Client::eventHandler(): sending mouse input to server.
12:23:54  257 Client::eventHandler(): sending mouse input to server.
12:23:54  258 Client::eventHandler(): sending mouse input to server.
12:23:54  262 Client::eventHandler(): sending keyboard input to server.
12:23:54  262 Client::eventHandler(): sending keyboard input to server.
12:23:54  263 Client::eventHandler(): sending mouse input to server.
12:23:54  263 Client::eventHandler(): sending keyboard input to server.
12:23:54  264 Client::eventHandler(): sending mouse input to server.
12:23:54  264 Client::eventHandler(): sending keyboard input to server.
12:23:54  265 Client::eventHandler(): sending mouse input to server.
12:23:54  265 Client::eventHandler(): sending keyboard input to server.
12:23:54  266 Client::eventHandler(): sending keyboard input to server.
12:23:54  267 Client::eventHandler(): sending keyboard input to server.
12:23:54  268 Client::eventHandler(): sending keyboard input to server.
12:23:54  270 Client::eventHandler(): sending mouse input to server.
12:23:54  271 Client::eventHandler(): sending mouse input to server.
12:23:54  274 Client::eventHandler(): sending keyboard input to server.
12:23:54  274 Client::eventHandler(): sending keyboard input to server.
12:23:55  275 Client::eventHandler(): sending keyboard input to server.
12:23:55  276 Client::eventHandler(): sending keyboard input to server.
12:23:55  277 Client::eventHandler(): sending keyboard input to server.
12:23:55  278 Client::eventHandler(): sending keyboard input to server.
12:23:55  279 Client::eventHandler(): sending keyboard input to server.
12:23:55  280 Client::eventHandler(): sending keyboard input to server.
12:23:55  281 Client::eventHandler(): sending keyboard input to server.
12:23:55  282 Client::eventHandler(): sending keyboard input to server.
12:23:55  283 Client::eventHandler(): sending mouse input to server.
12:23:55  298 Client::eventHandler(): sending keyboard input to server.
12:23:55  298 Client::eventHandler(): sending keyboard input to server.
12:23:55  299 Client::eventHandler(): sending keyboard input to server.
12:23:55  300 Client::eventHandler(): sending keyboard input to server.
12:23:55  301 Client::eventHandler(): sending keyboard input to server.
12:23:55  302 Client::eventHandler(): sending keyboard input to server.
12:23:55  303 Client::eventHandler(): sending keyboard input to server.
12:23:55  304 Client::eventHandler(): sending keyboard input to server.
12:23:56  305 Client::eventHandler(): sending keyboard input to server.
12:23:56  306 Client::eventHandler(): sending keyboard input to server.
12:23:56  307 Client::eventHandler(): sending keyboard input to server.
12:23:56  308 Client::eventHandler(): sending keyboard input to server.
12:23:56  308 Client::eventHandler(): sending keyboard input to server.
12:23:56  309 Client::eventHandler(): sending keyboard input to server.
12:23:56  310 Client::eventHandler(): sending keyboard input to server.
12:23:56  311 Client::eventHandler(): sending keyboard input to server.
12:23:56  312 Client::eventHandler(): sending keyboard input to server.
12:23:56  313 Client::eventHandler(): sending keyboard input to server.
12:23:56  314 Client::eventHandler(): sending keyboard input to server.
12:23:56  315 Client::eventHandler(): sending keyboard input to server.
12:23:56  318 Client::eventHandler(): sending keyboard input to server.
12:23:56  318 Client::eventHandler(): sending keyboard input to server.
12:23:56  319 Client::eventHandler(): sending keyboard input to server.
12:23:56  320 Client::eventHandler(): sending keyboard input to server.
12:23:56  321 Client::eventHandler(): sending keyboard input to server.
12:23:56  322 Client::eventHandler(): sending keyboard input to server.
12:23:56  323 Client::eventHandler(): sending keyboard input to server.
12:23:56  324 Client::eventHandler(): sending keyboard input to server.
12:23:56  325 Client::eventHandler(): sending keyboard input to server.
12:23:56  326 Client::eventHandler(): sending keyboard input to server.
12:23:56  327 Client::eventHandler(): sending keyboard input to server.
12:23:57  351 Client::eventHandler(): sending keyboard input to server.
12:23:57  351 Client::eventHandler(): sending keyboard input to server.
12:23:57  352 Client::eventHandler(): sending keyboard input to server.
12:23:57  353 Client::eventHandler(): sending keyboard input to server.
12:23:57  354 Client::eventHandler(): sending keyboard input to server.
12:23:57  355 Client::eventHandler(): sending keyboard input to server.
12:23:57  356 Client::eventHandler(): sending keyboard input to server.
12:23:57  357 Client::eventHandler(): sending keyboard input to server.
12:23:57  358 Client::eventHandler(): sending keyboard input to server.
12:23:57  359 Client::eventHandler(): sending keyboard input to server.
12:23:57  360 Client::eventHandler(): sending keyboard input to server.
12:23:58  390 Client::eventHandler(): sending keyboard input to server.
12:23:58  390 Client::eventHandler(): sending keyboard input to server.
12:23:58  391 Client::eventHandler(): sending keyboard input to server.
12:23:58  392 Client::eventHandler(): sending keyboard input to server.
12:23:58  393 Client::eventHandler(): sending keyboard input to server.
12:23:58  394 Client::eventHandler(): sending keyboard input to server.
12:23:58  395 Client::eventHandler(): sending keyboard input to server.
12:23:59  396 Client::eventHandler(): sending keyboard input to server.
12:23:59  397 Client::eventHandler(): sending keyboard input to server.
12:23:59  398 Client::eventHandler(): sending keyboard input to server.
12:23:59  399 Client::eventHandler(): sending keyboard input to server.
12:23:59  400 Client::eventHandler(): sending keyboard input to server.
12:23:59  401 Client::eventHandler(): sending keyboard input to server.
12:23:59  408 GameManager::run(): Can't keep up! frame_time 33 ms, split 35 ms
12:23:59  423 Client::eventHandler(): sending keyboard input to server.
12:23:59  423 Client::eventHandler(): sending keyboard input to server.
12:23:59  424 Client::eventHandler(): sending keyboard input to server.
12:23:59  425 Client::eventHandler(): sending keyboard input to server.
12:24:00  426 Client::eventHandler(): sending keyboard input to server.
12:24:00  427 Client::eventHandler(): sending keyboard input to server.
12:24:00  428 Client::eventHandler(): sending keyboard input to server.
12:24:00  429 Client::eventHandler(): sending keyboard input to server.
12:24:00  430 Client::eventHandler(): sending keyboard input to server.
12:24:00  431 Client::eventHandler(): sending keyboard input to server.
12:24:00  432 Client::eventHandler(): sending keyboard input to server.
12:24:00  433 Client::eventHandler(): sending keyboard input to server.
12:24:01  473 Client::eventHandler(): sending keyboard input to server.
12:24:01  473 Client::eventHandler(): sending keyboard input to server.
12:24:01  474 Client::eventHandler(): sending keyboard input to server.
12:24:01  475 Client::eventHandler(): sending keyboard input to server.
12:24:01  476 Client::eventHandler(): sending keyboard input to server.
12:24:01  477 Client::eventHandler(): sending keyboard input to server.
12:24:01  478 Client::eventHandler(): sending keyboard input to server.
12:24:01  479 Client::eventHandler(): sending keyboard input to server.
12:24:01  480 Client::eventHandler(): sending keyboard input to server.
12:24:01  481 Client::eventHandler(): sending keyboard input to server.
12:24:01  482 Client::eventHandler(): sending keyboard input to server.
12:24:01  483 Client::eventHandler(): sending keyboard input to server.
12:24:01  484 Client::eventHandler(): sending keyboard input to server.
12:24:01  485 Client::eventHandler(): sending keyboard input to server.
12:24:03  526 Client::eventHandler(): sending keyboard input to server.
12:24:03  526 Client::eventHandler(): sending keyboard input to server.
12:24:03  527 Client::eventHandler(): sending keyboard input to server.
12:24:03  528 Client::eventHandler(): sending keyboard input to server.
12:24:03  529 Client::eventHandler(): sending keyboard input to server.
12:24:03  530 Client::eventHandler(): sending keyboard input to server.
12:24:03  531 Client::eventHandler(): sending keyboard input to server.
12:24:03  532 Client::eventHandler(): sending keyboard input to server.
12:24:03  533 Client::eventHandler(): sending keyboard input to server.
12:24:03  534 Client::eventHandler(): sending keyboard input to server.
12:24:03  535 Client::eventHandler(): sending keyboard input to server.
12:24:03  536 Client::eventHandler(): sending keyboard input to server.
12:24:03  537 Client::eventHandler(): sending keyboard input to server.
12:24:03  538 Client::eventHandler(): sending keyboard input to server.
12:24:04  564 Client::eventHandler(): sending keyboard input to server.
12:24:04  564 Client::eventHandler(): sending keyboard input to server.
12:24:04  565 Client::eventHandler(): sending keyboard input to server.
12:24:04  566 Client::eventHandler(): sending keyboard input to server.
12:24:04  567 Client::eventHandler(): sending keyboard input to server.
12:24:04  568 Client::eventHandler(): sending keyboard input to server.
12:24:04  569 Client::eventHandler(): sending keyboard input to server.
12:24:04  570 Client::eventHandler(): sending keyboard input to server.
12:24:04  571 Client::eventHandler(): sending keyboard input to server.
12:24:04  572 Client::eventHandler(): sending keyboard input to server.
12:24:04  573 Client::eventHandler(): sending keyboard input to server.
12:24:04  574 Client::eventHandler(): sending keyboard input to server.
12:24:04  575 Client::eventHandler(): sending keyboard input to server.
12:24:04  576 Client::eventHandler(): sending keyboard input to server.
12:24:04  577 Client::eventHandler(): sending keyboard input to server.
12:24:05  578 Client::eventHandler(): sending keyboard input to server.
12:24:05  579 Client::eventHandler(): sending keyboard input to server.
12:24:05  580 Client::eventHandler(): sending keyboard input to server.
12:24:05  581 Client::eventHandler(): sending keyboard input to server.
12:24:05  582 Client::eventHandler(): sending keyboard input to server.
12:24:05  591 Client::eventHandler(): sending keyboard input to server.
12:24:05  591 Client::eventHandler(): sending keyboard input to server.
12:24:05  592 Client::eventHandler(): sending keyboard input to server.
12:24:05  593 Client::eventHandler(): sending keyboard input to server.
12:24:05  594 Client::eventHandler(): sending keyboard input to server.
12:24:06  611 Client::eventHandler(): sending keyboard input to server.
12:24:06  611 Client::eventHandler(): sending keyboard input to server.
12:24:06  612 Client::eventHandler(): sending keyboard input to server.
12:24:06  613 Client::eventHandler(): sending keyboard input to server.
12:24:06  630 Client::eventHandler(): sending keyboard input to server.
12:24:06  630 Client::eventHandler(): sending keyboard input to server.
12:24:06  631 Client::eventHandler(): sending keyboard input to server.
12:24:06  632 Client::eventHandler(): sending keyboard input to server.
12:24:07  660 Client::eventHandler(): sending keyboard input to server.
12:24:07  660 Client::eventHandler(): sending keyboard input to server.
12:24:07  661 Client::eventHandler(): sending keyboard input to server.
12:24:07  662 Client::eventHandler(): sending keyboard input to server.
12:24:08  680 Client::eventHandler(): sending keyboard input to server.
12:24:08  680 Client::eventHandler(): sending keyboard input to server.
12:24:08  681 Client::eventHandler(): sending keyboard input to server.
12:24:09  703 Client::eventHandler(): sending keyboard input to server.
12:24:09  703 Client::eventHandler(): sending keyboard input to server.
12:24:09  704 Client::eventHandler(): sending keyboard input to server.
12:24:09  705 Client::eventHandler(): sending keyboard input to server.
12:24:10  729 Client::eventHandler(): sending keyboard input to server.
12:24:10  729 Client::eventHandler(): sending keyboard input to server.
12:24:10  730 Client::eventHandler(): sending keyboard input to server.
12:24:10  731 Client::eventHandler(): sending keyboard input to server.
12:24:11  772 Client::eventHandler(): sending mouse input to server.
12:24:11  773 Client::eventHandler(): sending mouse input to server.
12:24:11  774 Client::eventHandler(): sending mouse input to server.
12:24:11  775 Client::eventHandler(): sending mouse input to server.
12:24:11  776 Client::eventHandler(): sending mouse input to server.
12:24:11  777 Client::eventHandler(): sending mouse input to server.
12:24:11  778 Client::eventHandler(): sending mouse input to server.
12:24:11  779 Client::eventHandler(): sending mouse input to server.
12:24:11  780 Client::eventHandler(): sending mouse input to server.
12:24:18  807 GameManager::run(): Can't keep up! frame_time 33 ms, split 5704 ms
12:24:18  814 Client::eventHandler(): sending keyboard input to server.
12:24:18  814 Client::eventHandler(): sending keyboard input to server.
12:24:18  815 Client::eventHandler(): sending keyboard input to server.
12:24:18  816 Client::eventHandler(): sending keyboard input to server.
12:24:18  817 Client::eventHandler(): sending keyboard input to server.
12:24:18  818 Client::eventHandler(): sending keyboard input to server.
12:24:18  819 Client::eventHandler(): sending keyboard input to server.
12:24:18  820 Client::eventHandler(): sending keyboard input to server.
12:24:18  821 Client::eventHandler(): sending keyboard input to server.
12:24:18  822 Client::eventHandler(): sending keyboard input to server.
12:24:18  823 Client::eventHandler(): sending keyboard input to server.
12:24:18  824 Client::eventHandler(): sending keyboard input to server.
12:24:18  825 Client::eventHandler(): sending mouse input to server.
12:24:18  825 Client::eventHandler(): sending keyboard input to server.
12:24:18  826 Client::eventHandler(): sending mouse input to server.
12:24:18  826 Client::eventHandler(): sending keyboard input to server.
12:24:18  827 Client::eventHandler(): sending mouse input to server.
12:24:18  827 Client::eventHandler(): sending keyboard input to server.
12:24:18  828 Client::eventHandler(): sending mouse input to server.
12:24:18  828 Client::eventHandler(): sending keyboard input to server.
12:24:19  829 Client::eventHandler(): sending mouse input to server.
12:24:19  829 Client::eventHandler(): sending mouse input to server.
12:24:19  829 Client::eventHandler(): sending mouse input to server.
12:24:19  829 Client::eventHandler(): sending keyboard input to server.
12:24:19  830 Client::eventHandler(): sending mouse input to server.
12:24:19  830 Client::eventHandler(): sending mouse input to server.
12:24:19  830 Client::eventHandler(): sending keyboard input to server.
12:24:19  831 Client::eventHandler(): sending mouse input to server.
12:24:19  831 Client::eventHandler(): sending mouse input to server.
12:24:19  831 Client::eventHandler(): sending keyboard input to server.
12:24:19  832 Client::eventHandler(): sending mouse input to server.
12:24:19  832 Client::eventHandler(): sending mouse input to server.
12:24:19  832 Client::eventHandler(): sending keyboard input to server.
12:24:19  833 Client::eventHandler(): sending mouse input to server.
12:24:19  833 Client::eventHandler(): sending keyboard input to server.
12:24:19  833 Client::eventHandler(): sending mouse input to server.
12:24:19  834 Client::eventHandler(): sending mouse input to server.
12:24:19  834 Client::eventHandler(): sending mouse input to server.
12:24:19  835 Client::eventHandler(): sending mouse input to server.
12:24:19  836 Client::eventHandler(): sending mouse input to server.
12:24:19  837 Client::eventHandler(): sending mouse input to server.
12:24:19  838 Client::eventHandler(): sending mouse input to server.
12:24:19  844 Client::eventHandler(): sending keyboard input to server.
12:24:19  844 Client::eventHandler(): sending keyboard input to server.
12:24:19  845 Client::eventHandler(): sending keyboard input to server.
12:24:19  846 Client::eventHandler(): sending keyboard input to server.
12:24:19  847 Client::eventHandler(): sending keyboard input to server.
12:24:19  858 Client::eventHandler(): sending keyboard input to server.
12:24:19  858 Client::eventHandler(): sending keyboard input to server.
12:24:19  859 Client::eventHandler(): sending keyboard input to server.
12:24:20  860 Client::eventHandler(): sending keyboard input to server.
12:24:20  870 Client::eventHandler(): sending mouse input to server.
12:24:20  871 Client::eventHandler(): sending mouse input to server.
12:24:20  872 Client::eventHandler(): sending mouse input to server.
12:24:20  873 Client::eventHandler(): sending mouse input to server.
12:24:20  874 Client::eventHandler(): sending mouse input to server.
12:24:20  881 Client::eventHandler(): sending mouse input to server.
12:24:20  882 Client::eventHandler(): sending mouse input to server.
12:24:20  887 Client::eventHandler(): sending mouse input to server.
12:24:20  888 Client::eventHandler(): sending mouse input to server.
12:24:20  889 Client::eventHandler(): sending mouse input to server.
12:24:21  890 Client::eventHandler(): sending mouse input to server.
12:24:21  891 Client::eventHandler(): sending mouse input to server.
12:24:21  892 Client::eventHandler(): sending mouse input to server.
12:24:21  893 Client::eventHandler(): sending mouse input to server.
12:24:21  894 Client::eventHandler(): sending mouse input to server.
12:24:21  895 Client::eventHandler(): sending mouse input to server.
12:24:21  896 Client::eventHandler(): sending mouse input to server.
12:24:21  897 Client::eventHandler(): sending mouse input to server.
12:24:21  900 Client::eventHandler(): sending mouse input to server.
12:24:21  901 Client::eventHandler(): sending mouse input to server.
12:24:21  902 Client::eventHandler(): sending mouse input to server.
12:24:21  903 Client::eventHandler(): sending mouse input to server.
12:24:21  904 Client::eventHandler(): sending mouse input to server.
12:24:21  905 Client::eventHandler(): sending mouse input to server.
12:24:21  907 Client::eventHandler(): sending mouse input to server.
12:24:21  908 Client::eventHandler(): sending mouse input to server.
12:24:21  909 Client::eventHandler(): sending mouse input to server.
12:24:21  910 Client::eventHandler(): sending mouse input to server.
12:24:21  911 Client::eventHandler(): sending mouse input to server.
12:24:21  912 Client::eventHandler(): sending mouse input to server.
12:24:21  913 Client::eventHandler(): sending mouse input to server.
12:24:21  914 Client::eventHandler(): sending mouse input to server.
12:24:21  915 Client::eventHandler(): sending mouse input to server.
12:24:22  921 Client::eventHandler(): sending mouse input to server.
12:24:22  921 Client::eventHandler(): sending mouse input to server.
12:24:22  922 Client::eventHandler(): sending mouse input to server.
12:24:22  923 Client::eventHandler(): sending mouse input to server.
12:24:22  924 Client::eventHandler(): sending mouse input to server.
12:24:22  925 Client::eventHandler(): sending mouse input to server.
12:24:22  925 Client::eventHandler(): sending mouse input to server.
12:24:22  926 Client::eventHandler(): sending mouse input to server.
12:24:22  926 Client::eventHandler(): sending mouse input to server.
12:24:22  927 Client::eventHandler(): sending mouse input to server.
12:24:22  927 Client::eventHandler(): sending mouse input to server.
12:24:22  928 Client::eventHandler(): sending mouse input to server.
12:24:22  928 Client::eventHandler(): sending mouse input to server.
12:24:22  929 Client::eventHandler(): sending mouse input to server.
12:24:22  929 Client::eventHandler(): sending mouse input to server.
12:24:22  930 Client::eventHandler(): sending mouse input to server.
12:24:22  930 Client::eventHandler(): sending mouse input to server.
12:24:22  931 Client::eventHandler(): sending mouse input to server.
12:24:22  931 Client::eventHandler(): sending mouse input to server.
12:24:22  932 Client::eventHandler(): sending mouse input to server.
12:24:22  932 Client::eventHandler(): sending mouse input to server.
12:24:22  933 Client::eventHandler(): sending mouse input to server.
12:24:22  933 Client::eventHandler(): sending mouse input to server.
12:24:22  934 Client::eventHandler(): sending mouse input to server.
12:24:22  934 Client::eventHandler(): sending mouse input to server.
12:24:22  935 Client::eventHandler(): sending mouse input to server.
12:24:22  935 Client::eventHandler(): sending mouse input to server.
12:24:22  936 Client::eventHandler(): sending mouse input to server.
12:24:22  936 Client::eventHandler(): sending mouse input to server.
12:24:22  937 Client::eventHandler(): sending mouse input to server.
12:24:22  937 Client::eventHandler(): sending mouse input to server.
12:24:22  938 Client::eventHandler(): sending mouse input to server.
12:24:22  938 Client::eventHandler(): sending mouse input to server.
12:24:22  939 Client::eventHandler(): sending mouse input to server.
12:24:22  940 Client::eventHandler(): sending mouse input to server.
12:24:22  941 Client::eventHandler(): sending mouse input to server.
12:24:22  942 Client::eventHandler(): sending mouse input to server.
12:24:22  943 Client::eventHandler(): sending mouse input to server.
12:24:22  944 Client::eventHandler(): sending mouse input to server.
12:24:22  945 Client::eventHandler(): sending mouse input to server.
12:24:22  946 Client::eventHandler(): sending mouse input to server.
12:24:22  946 Client::eventHandler(): sending mouse input to server.
12:24:22  947 Client::eventHandler(): sending mouse input to server.
12:24:22  947 Client::eventHandler(): sending mouse input to server.
12:24:22  948 Client::eventHandler(): sending mouse input to server.
12:24:22  948 Client::eventHandler(): sending mouse input to server.
12:24:22  949 Client::eventHandler(): sending mouse input to server.
12:24:22  949 Client::eventHandler(): sending mouse input to server.
12:24:22  950 Client::eventHandler(): sending mouse input to server.
12:24:23  951 Client::eventHandler(): sending mouse input to server.
12:24:23  952 Client::eventHandler(): sending mouse input to server.
12:24:23  952 Client::eventHandler(): sending mouse input to server.
12:24:23  952 Client::eventHandler(): sending mouse input to server.
12:24:23  953 Client::eventHandler(): sending mouse input to server.
12:24:23  953 Client::eventHandler(): sending mouse input to server.
12:24:23  954 Client::eventHandler(): sending mouse input to server.
12:24:23  954 Client::eventHandler(): sending mouse input to server.
12:24:23  955 Client::eventHandler(): sending mouse input to server.
12:24:23  955 Client::eventHandler(): sending mouse input to server.
12:24:23  955 Client::eventHandler(): sending mouse input to server.
12:24:23  956 Client::eventHandler(): sending mouse input to server.
12:24:23  956 Client::eventHandler(): sending mouse input to server.
12:24:23  957 Client::eventHandler(): sending mouse input to server.
12:24:23  957 Client::eventHandler(): sending mouse input to server.
12:24:23  958 Client::eventHandler(): sending mouse input to server.
12:24:23  959 Client::eventHandler(): sending mouse input to server.
12:24:23  959 Client::eventHandler(): sending mouse input to server.
12:24:23  960 Client::eventHandler(): sending mouse input to server.
12:24:23  961 Client::eventHandler(): sending mouse input to server.
12:24:23  961 Client::eventHandler(): sending mouse input to server.
12:24:23  962 Client::eventHandler(): sending mouse input to server.
12:24:23  962 Client::eventHandler(): sending mouse input to server.
12:24:25  999 Client::eventHandler(): sending mouse input to server.
12:24:25 1000 Client::eventHandler(): sending mouse input to server.
12:24:25 1000 Client::eventHandler(): sending mouse input to server.
12:24:25 1001 Client::eventHandler(): sending mouse input to server.
12:24:25 1002 Client::eventHandler(): sending mouse input to server.
12:24:25 1003 Client::eventHandler(): sending mouse input to server.
12:24:26 1004 Client::eventHandler(): sending mouse input to server.
12:24:26 1005 Client::eventHandler(): sending mouse input to server.
12:24:26 1006 Client::eventHandler(): sending mouse input to server.
12:24:26 1006 Client::eventHandler(): sending mouse input to server.
12:24:26 1007 Client::eventHandler(): sending mouse input to server.
12:24:26 1008 Client::eventHandler(): sending mouse input to server.
12:24:26 1009 Client::eventHandler(): sending mouse input to server.
12:24:26 1010 Client::eventHandler(): sending mouse input to server.
12:24:26 1032 GameManager::run(): Can't keep up! frame_time 33 ms, split 33 ms
12:24:27 1053 Client::eventHandler(): sending mouse input to server.
12:24:27 1054 Client::eventHandler(): sending mouse input to server.
12:24:27 1055 Client::eventHandler(): sending mouse input to server.
12:24:27 1056 Client::eventHandler(): sending mouse input to server.
12:24:27 1057 Client::eventHandler(): sending mouse input to server.
12:24:27 1057 Client::eventHandler(): sending mouse input to server.
12:24:27 1058 Client::eventHandler(): sending mouse input to server.
12:24:27 1058 Client::eventHandler(): sending mouse input to server.
12:24:27 1059 Client::eventHandler(): sending mouse input to server.
12:24:27 1059 Client::eventHandler(): sending mouse input to server.
12:24:27 1060 Client::eventHandler(): sending mouse input to server.
12:24:27 1060 Client::eventHandler(): sending mouse input to server.
12:24:27 1061 Client::eventHandler(): sending mouse input to server.
12:24:27 1062 Client::eventHandler(): sending mouse input to server.
12:24:27 1063 Client::eventHandler(): sending mouse input to server.
12:24:34 1095 Client::eventHandler(): sending mouse input to server.
12:24:34 1096 Client::eventHandler(): sending mouse input to server.
12:24:34 1097 Client::eventHandler(): sending mouse input to server.
12:24:34 1098 Client::eventHandler(): sending mouse input to server.
12:24:34 1099 Client::eventHandler(): sending mouse input to server.
12:24:34 1100 Client::eventHandler(): sending mouse input to server.
12:24:34 1101 Client::eventHandler(): sending mouse input to server.
12:24:34 1102 Client::eventHandler(): sending mouse input to server.
12:24:34 1103 Client::eventHandler(): sending mouse input to server.
12:24:34 1104 Client::eventHandler(): sending mouse input to server.
12:24:34 1105 Client::eventHandler(): sending mouse input to server.
12:24:34 1106 Client::eventHandler(): sending mouse input to server.
12:24:34 1107 Client::eventHandler(): sending mouse input to server.
12:24:34 1107 Client::eventHandler(): sending keyboard input to server.
12:24:34 1107 Client::eventHandler(): sending mouse input to server.
12:24:34 1107 Client::eventHandler(): sending keyboard input to server.
12:24:34 1108 Client::eventHandler(): sending mouse input to server.
12:24:34 1108 Client::eventHandler(): sending keyboard input to server.
12:24:34 1109 Client::eventHandler(): sending mouse input to server.
12:24:34 1109 Client::eventHandler(): sending keyboard input to server.
12:24:34 1110 Client::eventHandler(): sending mouse input to server.
12:24:34 1110 Client::eventHandler(): sending keyboard input to server.
12:24:34 1111 Client::eventHandler(): sending mouse input to server.
12:24:34 1111 Client::eventHandler(): sending keyboard input to server.
12:24:34 1112 Client::eventHandler(): sending mouse input to server.
12:24:34 1112 Client::eventHandler(): sending mouse input to server.
12:24:34 1112 Client::eventHandler(): sending keyboard input to server.
12:24:34 1113 Client::eventHandler(): sending mouse input to server.
12:24:34 1113 Client::eventHandler(): sending keyboard input to server.
12:24:34 1114 Client::eventHandler(): sending mouse input to server.
12:24:34 1114 Client::eventHandler(): sending keyboard input to server.
12:24:34 1115 Client::eventHandler(): sending mouse input to server.
12:24:34 1115 Client::eventHandler(): sending keyboard input to server.
12:24:34 1115 Client::eventHandler(): sending mouse input to server.
12:24:34 1116 Client::eventHandler(): sending mouse input to server.
12:24:34 1120 Client::eventHandler(): sending mouse input to server.
12:24:34 1121 Client::eventHandler(): sending mouse input to server.
12:24:35 1122 Client::eventHandler(): sending mouse input to server.
12:24:35 1123 Client::eventHandler(): sending mouse input to server.
12:24:35 1124 Client::eventHandler(): sending mouse input to server.
12:24:35 1125 Client::eventHandler(): sending mouse input to server.
12:24:35 1126 Client::eventHandler(): sending mouse input to server.
12:24:35 1127 Client::eventHandler(): sending mouse input to server.
12:24:35 1128 Client::eventHandler(): sending mouse input to server.
12:24:35 1134 Client::eventHandler(): sending keyboard input to server.
12:24:35 1134 Client::eventHandler(): sending keyboard input to server.
12:24:35 1135 Client::eventHandler(): sending keyboard input to server.
12:24:35 1136 Client::eventHandler(): sending mouse input to server.
12:24:35 1136 Client::eventHandler(): sending keyboard input to server.
12:24:35 1137 Client::eventHandler(): sending mouse input to server.
12:24:35 1137 Client::eventHandler(): sending keyboard input to server.
12:24:35 1138 Client::eventHandler(): sending keyboard input to server.
12:24:35 1139 Client::eventHandler(): sending keyboard input to server.
12:24:36 1152 Client::eventHandler(): sending keyboard input to server.
12:24:36 1152 Client::eventHandler(): sending keyboard input to server.
12:24:36 1153 Client::eventHandler(): sending keyboard input to server.
12:24:36 1154 Client::eventHandler(): sending keyboard input to server.
12:24:36 1155 Client::eventHandler(): sending keyboard input to server.
12:24:36 1156 Client::eventHandler(): sending keyboard input to server.
12:24:36 1157 Client::eventHandler(): sending keyboard input to server.
12:24:36 1162 Client::eventHandler(): sending keyboard input to server.
12:24:36 1162 Client::eventHandler(): sending keyboard input to server.
12:24:36 1163 Client::eventHandler(): sending keyboard input to server.
12:24:36 1164 Client::eventHandler(): sending keyboard input to server.
12:24:36 1165 Client::eventHandler(): sending keyboard input to server.
12:24:36 1166 Client::eventHandler(): sending keyboard input to server.
12:24:36 1167 Client::eventHandler(): sending keyboard input to server.
12:24:36 1168 Client::eventHandler(): sending keyboard input to server.
12:24:37 1187 Client::eventHandler(): sending keyboard input to server.
12:24:37 1187 Client::eventHandler(): sending keyboard input to server.
12:24:37 1188 Client::eventHandler(): sending keyboard input to server.
12:24:37 1189 Client::eventHandler(): sending keyboard input to server.
12:24:37 1190 Client::eventHandler(): sending keyboard input to server.
12:24:37 1207 Client::eventHandler(): sending keyboard input to server.
12:24:37 1207 Client::eventHandler(): sending keyboard input to server.
12:24:37 1208 Client::eventHandler(): sending keyboard input to server.
12:24:37 1209 Client::eventHandler(): sending keyboard input to server.
12:24:37 1210 Client::eventHandler(): sending keyboard input to server.
12:24:38 1228 Client::eventHandler(): sending keyboard input to server.
12:24:38 1228 Client::eventHandler(): sending keyboard input to server.
12:24:38 1229 Client::eventHandler(): sending keyboard input to server.
12:24:38 1230 Client::eventHandler(): sending keyboard input to server.
12:24:39 1248 Client::eventHandler(): sending keyboard input to server.
12:24:39 1248 Client::eventHandler(): sending keyboard input to server.
12:24:39 1249 Client::eventHandler(): sending keyboard input to server.
12:24:39 1250 Client::eventHandler(): sending keyboard input to server.
12:24:39 1269 Client::eventHandler(): sending keyboard input to server.
12:24:39 1269 Client::eventHandler(): sending keyboard input to server.
12:24:39 1270 Client::eventHandler(): sending keyboard input to server.
12:24:39 1271 Client::eventHandler(): sending keyboard input to server.
12:24:40 1288 Client::eventHandler(): sending keyboard input to server.
12:24:40 1288 Client::eventHandler(): sending keyboard input to server.
12:24:40 1289 Client::eventHandler(): sending keyboard input to server.
12:24:40 1290 Client::eventHandler(): sending keyboard input to server.
12:24:41 1306 Client::eventHandler(): sending keyboard input to server.
12:24:41 1306 Client::eventHandler(): sending keyboard input to server.
12:24:41 1307 Client::eventHandler(): sending keyboard input to server.
12:24:41 1308 Client::eventHandler(): sending keyboard input to server.
12:24:41 1309 Client::eventHandler(): sending keyboard input to server.
12:24:41 1326 Client::eventHandler(): sending keyboard input to server.
12:24:41 1326 Client::eventHandler(): sending keyboard input to server.
12:24:41 1327 Client::eventHandler(): sending keyboard input to server.
12:24:41 1328 Client::eventHandler(): sending keyboard input to server.
12:24:41 1329 Client::eventHandler(): sending keyboard input to server.
12:24:42 1343 Client::eventHandler(): sending keyboard input to server.
12:24:42 1343 Client::eventHandler(): sending keyboard input to server.
12:24:42 1344 Client::eventHandler(): sending keyboard input to server.
12:24:42 1360 Client::eventHandler(): sending keyboard input to server.
12:24:42 1360 Client::eventHandler(): sending keyboard input to server.
12:24:42 1361 Client::eventHandler(): sending keyboard input to server.
12:24:42 1362 Client::eventHandler(): sending keyboard input to server.
12:24:43 1382 Client::eventHandler(): sending mouse input to server.
12:24:43 1383 Client::eventHandler(): sending mouse input to server.
12:24:43 1388 Client::eventHandler(): sending mouse input to server.
12:24:43 1389 Client::eventHandler(): sending mouse input to server.
12:24:43 1389 Client::eventHandler(): sending mouse input to server.
12:24:44 1396 Client::eventHandler(): sending mouse input to server.
12:24:44 1398 Client::eventHandler(): sending mouse input to server.
12:24:44 1400 Client::eventHandler(): sending mouse input to server.
12:24:44 1402 Client::eventHandler(): sending mouse input to server.
12:24:44 1403 Client::eventHandler(): sending mouse input to server.
12:24:44 1410 Client::eventHandler(): sending mouse input to server.
12:24:44 1413 Client::eventHandler(): sending mouse input to server.
12:24:44 1416 Client::eventHandler(): sending mouse input to server.
12:24:44 1417 Client::eventHandler(): sending mouse input to server.
12:24:44 1418 Client::eventHandler(): sending mouse input to server.
12:24:45 1430 Client::eventHandler(): sending mouse input to server.
12:24:45 1431 Client::eventHandler(): sending mouse input to server.
12:24:45 1433 Client::eventHandler(): sending mouse input to server.
12:24:45 1435 Client::eventHandler(): sending mouse input to server.
12:24:45 1435 Client::eventHandler(): sending mouse input to server.
12:24:45 1436 Client::eventHandler(): sending mouse input to server.
12:24:45 1437 Client::eventHandler(): sending mouse input to server.
12:24:45 1444 Client::eventHandler(): sending mouse input to server.
12:24:45 1446 Client::eventHandler(): sending mouse input to server.
12:24:45 1447 Client::eventHandler(): sending mouse input to server.
12:24:45 1448 Client::eventHandler(): sending mouse input to server.
12:24:45 1453 Client::eventHandler(): sending mouse input to server.
12:24:45 1454 Client::eventHandler(): sending mouse input to server.
12:24:46 1455 Client::eventHandler(): sending mouse input to server.
12:24:46 1459 Client::eventHandler(): sending mouse input to server.
12:24:46 1467 Client::eventHandler(): sending mouse input to server.
12:24:46 1468 Client::eventHandler(): sending mouse input to server.
12:24:46 1469 Client::eventHandler(): sending mouse input to server.
12:24:46 1470 Client::eventHandler(): sending mouse input to server.
12:24:47 1493 Client::eventHandler(): sending mouse input to server.
12:24:47 1494 Client::eventHandler(): sending mouse input to server.
12:24:47 1495 Client::eventHandler(): sending mouse input to server.
12:24:47 1496 Client::eventHandler(): sending mouse input to server.
12:24:47 1499 Client::eventHandler(): sending mouse input to server.
12:24:47 1500 Client::eventHandler(): sending mouse input to server.
12:24:47 1501 Client::eventHandler(): sending mouse input to server.
12:24:47 1502 Client::eventHandler(): sending mouse input to server.
12:24:47 1503 Client::eventHandler(): sending mouse input to server.
12:24:47 1504 Client::eventHandler(): sending mouse input to server.
12:24:47 1505 Client::eventHandler(): sending mouse input to server.
12:24:47 1506 Client::eventHandler(): sending mouse input to server.
12:24:47 1507 Client::eventHandler(): sending mouse input to server.
12:24:47 1508 Client::eventHandler(): sending mouse input to server.
12:24:47 1509 Client::eventHandler(): sending mouse input to server.
12:24:47 1513 Client::eventHandler(): sending mouse input to server.
12:24:47 1514 Client::eventHandler(): sending mouse input to server.
12:24:48 1516 Client::eventHandler(): sending mouse input to server.
12:24:48 1517 Client::eventHandler(): sending mouse input to server.
12:24:48 1518 Client::eventHandler(): sending mouse input to server.
12:24:48 1519 Client::eventHandler(): sending mouse input to server.
12:24:48 1519 Client::eventHandler(): sending mouse input to server.
12:24:48 1520 Client::eventHandler(): sending mouse input to server.
12:24:48 1521 Client::eventHandler(): sending mouse input to server.
12:24:48 1524 Client::eventHandler(): sending mouse input to server.
12:24:48 1525 Client::eventHandler(): sending mouse input to server.
12:24:48 1526 Client::eventHandler(): sending mouse input to server.
12:24:48 1527 Client::eventHandler(): sending mouse input to server.
12:24:48 1528 Client::eventHandler(): sending mouse input to server.
12:24:48 1528 Client::eventHandler(): sending mouse input to server.
12:24:48 1529 Client::eventHandler(): sending mouse input to server.
12:24:48 1530 Client::eventHandler(): sending mouse input to server.
12:24:48 1531 Client::eventHandler(): sending mouse input to server.
12:24:48 1543 Client::eventHandler(): sending mouse input to server.
12:24:48 1544 Client::eventHandler(): sending mouse input to server.
12:24:49 1552 Client::eventHandler(): sending mouse input to server.
12:24:49 1553 Client::eventHandler(): sending mouse input to server.
12:24:52 1653 Client::eventHandler(): sending mouse input to server.
12:24:52 1654 Client::eventHandler(): sending mouse input to server.
12:24:53 1671 Client::eventHandler(): sending mouse input to server.
12:24:55 1737 InputManager::getInput(): Window close event. Setting game over.
12:24:55 1738 GameManager::run(): end of game loop
12:24:55 1738 PathManager::shutDown(): successfully stopped.
12:24:55 1738 Path manager stopped
12:24:55 1738 WorldManager::shutDown(): Successfully stopped.
12:24:55 1738 World manager stopped
12:24:55 1738 ResourceManager::shutDown(): successfully stopped.
12:24:55 1738 Resource manager stopped
12:24:55 1738 NetworkManager::shutDown(): successfully stopped.
12:24:55 1738 Network manager stopped
12:24:55 1738 InputManager::shutDown(): successfully stopped.
12:24:55 1738 Input manager stopped
12:24:55 1738 DisplayManager::shutDown(): successfully stopped.
12:24:55 1738 Display manager stopped
12:24:55 1738 ** Game stopped **
12:24:55 1738 ****************************************************
12:24:55 1738 LogManager::shutDown(): successfully stopped.
