c:\users\vuxua\documents\github\ms_game\online_directory\vs-2017\x64\debug\vc141.pdb
c:\users\vuxua\documents\github\ms_game\online_directory\vs-2017\x64\debug\vc141.idb
c:\users\vuxua\documents\github\ms_game\online_directory\vs-2017\x64\debug\weapon.obj
c:\users\vuxua\documents\github\ms_game\online_directory\vs-2017\x64\debug\server.obj
c:\users\vuxua\documents\github\ms_game\online_directory\vs-2017\x64\debug\reticle.obj
c:\users\vuxua\documents\github\ms_game\online_directory\vs-2017\x64\debug\platform.obj
c:\users\vuxua\documents\github\ms_game\online_directory\vs-2017\x64\debug\hero.obj
c:\users\vuxua\documents\github\ms_game\online_directory\vs-2017\x64\debug\game.obj
c:\users\vuxua\documents\github\ms_game\online_directory\vs-2017\x64\debug\explosion.obj
c:\users\vuxua\documents\github\ms_game\online_directory\vs-2017\x64\debug\client.obj
c:\users\vuxua\documents\github\ms_game\online_directory\vs-2017\x64\debug\ammodisplay.obj
c:\users\vuxua\documents\github\ms_game\online_directory\vs-2017\x64\debug\game.ilk
c:\users\vuxua\documents\github\ms_game\online_directory\vs-2017\x64\debug\game.exe
c:\users\vuxua\documents\github\ms_game\online_directory\vs-2017\x64\debug\game.pdb
c:\users\vuxua\documents\github\ms_game\online_directory\vs-2017\x64\debug\game.tlog\cl.command.1.tlog
c:\users\vuxua\documents\github\ms_game\online_directory\vs-2017\x64\debug\game.tlog\cl.read.1.tlog
c:\users\vuxua\documents\github\ms_game\online_directory\vs-2017\x64\debug\game.tlog\cl.write.1.tlog
c:\users\vuxua\documents\github\ms_game\online_directory\vs-2017\x64\debug\game.tlog\link.command.1.tlog
c:\users\vuxua\documents\github\ms_game\online_directory\vs-2017\x64\debug\game.tlog\link.read.1.tlog
c:\users\vuxua\documents\github\ms_game\online_directory\vs-2017\x64\debug\game.tlog\link.write.1.tlog
