  AmmoDisplay.cpp
c:\users\vuxua\documents\github\ms_game\online_directory\ammodisplay.cpp(154): warning C4244: 'argument': conversion from 'int' to 'float', possible loss of data
c:\users\vuxua\documents\github\ms_game\online_directory\ammodisplay.cpp(164): warning C4244: 'argument': conversion from 'int' to 'float', possible loss of data
c:\users\vuxua\documents\github\ms_game\online_directory\ammodisplay.cpp(166): warning C4244: 'initializing': conversion from 'int' to 'float', possible loss of data
c:\users\vuxua\documents\github\ms_game\online_directory\ammodisplay.cpp(167): warning C4244: 'initializing': conversion from 'int' to 'float', possible loss of data
  Client.cpp
  Explosion.cpp
  game.cpp
  Hero.cpp
c:\users\vuxua\documents\github\ms_game\online_directory\hero.cpp(123): warning C4244: 'argument': conversion from 'double' to 'float', possible loss of data
c:\users\vuxua\documents\github\ms_game\online_directory\hero.cpp(129): warning C4244: 'argument': conversion from 'double' to 'float', possible loss of data
c:\users\vuxua\documents\github\ms_game\online_directory\hero.cpp(273): warning C4244: 'argument': conversion from 'float' to 'int', possible loss of data
c:\users\vuxua\documents\github\ms_game\online_directory\hero.cpp(277): warning C4244: 'argument': conversion from 'float' to 'int', possible loss of data
c:\users\vuxua\documents\github\ms_game\online_directory\hero.cpp(443): warning C4244: 'argument': conversion from 'int' to 'float', possible loss of data
  Platform.cpp
  Reticle.cpp
c:\users\vuxua\documents\github\ms_game\online_directory\reticle.cpp(78): warning C4305: 'argument': truncation from 'double' to 'float'
c:\users\vuxua\documents\github\ms_game\online_directory\reticle.cpp(79): warning C4305: 'argument': truncation from 'double' to 'float'
c:\users\vuxua\documents\github\ms_game\online_directory\reticle.cpp(85): warning C4244: 'argument': conversion from 'double' to 'float', possible loss of data
c:\users\vuxua\documents\github\ms_game\online_directory\reticle.cpp(86): warning C4244: 'argument': conversion from 'double' to 'float', possible loss of data
c:\users\vuxua\documents\github\ms_game\online_directory\reticle.cpp(87): warning C4244: 'argument': conversion from 'double' to 'float', possible loss of data
c:\users\vuxua\documents\github\ms_game\online_directory\reticle.cpp(88): warning C4244: 'argument': conversion from 'double' to 'float', possible loss of data
c:\users\vuxua\documents\github\ms_game\online_directory\reticle.cpp(92): warning C4244: 'argument': conversion from 'int' to 'float', possible loss of data
c:\users\vuxua\documents\github\ms_game\online_directory\reticle.cpp(114): warning C4244: 'initializing': conversion from 'float' to 'int', possible loss of data
c:\users\vuxua\documents\github\ms_game\online_directory\reticle.cpp(115): warning C4244: 'initializing': conversion from 'float' to 'int', possible loss of data
c:\users\vuxua\documents\github\ms_game\online_directory\reticle.cpp(116): warning C4244: 'argument': conversion from 'int' to 'float', possible loss of data
c:\users\vuxua\documents\github\ms_game\online_directory\reticle.cpp(117): warning C4244: 'argument': conversion from 'int' to 'float', possible loss of data
c:\users\vuxua\documents\github\ms_game\online_directory\reticle.cpp(118): warning C4244: 'argument': conversion from 'int' to 'float', possible loss of data
c:\users\vuxua\documents\github\ms_game\online_directory\reticle.cpp(119): warning C4244: 'argument': conversion from 'int' to 'float', possible loss of data
c:\users\vuxua\documents\github\ms_game\online_directory\reticle.cpp(143): warning C4244: 'argument': conversion from 'int' to 'float', possible loss of data
c:\users\vuxua\documents\github\ms_game\online_directory\reticle.cpp(182): warning C4305: 'argument': truncation from 'double' to 'float'
c:\users\vuxua\documents\github\ms_game\online_directory\reticle.cpp(183): warning C4305: 'argument': truncation from 'double' to 'float'
  Server.cpp
  Weapon.cpp
c:\users\vuxua\documents\github\ms_game\online_directory\weapon.cpp(92): warning C4244: 'initializing': conversion from 'float' to 'int', possible loss of data
c:\users\vuxua\documents\github\ms_game\online_directory\weapon.cpp(96): warning C4244: 'argument': conversion from 'int' to 'float', possible loss of data
c:\users\vuxua\documents\github\ms_game\online_directory\weapon.cpp(198): warning C4244: 'argument': conversion from 'int' to 'float', possible loss of data
  Generating Code...
  game.vcxproj -> C:\Users\vuxua\Documents\GitHub\MS_Game\online_directory\vs-2017\x64\Debug\game.exe
