14:51:38    0 ****************************************************
14:51:38    0 ** Dragonfly version 4.8 **
14:51:43   86 ResourceManager::loadSprite(): Loading sprite 'sprites/level_select.txt'
14:51:43   86 ResourceManager::loadSprite(): Loading sprite 'sprites/gamestart-spr.txt'
14:51:43   86 ResourceManager::loadSprite(): Loading sprite 'sprites/gameover-spr.txt'
14:51:43   86 ResourceManager::loadSprite(): Loading sprite 'sprites/level_won.txt'
14:51:43   86 ResourceManager::loadSprite(): Loading sprite 'sprites/level_intro.txt'
14:51:43   86 ResourceManager::loadSprite(): Loading sprite 'sprites/level_1.txt'
14:51:43   86 ResourceManager::loadSprite(): Loading sprite 'sprites/saucer-spr.txt'
14:51:43   86 ResourceManager::loadSprite(): Loading sprite 'sprites/ship-spr.txt'
14:51:43   86 ResourceManager::loadSprite(): Loading sprite 'sprites/boss.txt'
14:51:43   86 ResourceManager::loadSprite(): Loading sprite 'sprites/boss-weakpoint.txt'
14:51:43   86 ResourceManager::loadSprite(): Loading sprite 'sprites/ak47_2.txt'
14:51:43   86 ResourceManager::loadSprite(): Loading sprite 'sprites/awp.txt'
14:51:43   86 ResourceManager::loadSprite(): Loading sprite 'sprites/grenade-launcher.txt'
14:51:43   86 ResourceManager::loadSprite(): Loading sprite 'sprites/ak47_bullet.txt'
14:51:43   86 ResourceManager::loadSprite(): Loading sprite 'sprites/awp_bullet.txt'
14:51:43   86 ResourceManager::loadSprite(): Loading sprite 'sprites/grenade_bullet.txt'
14:51:43   86 ResourceManager::loadSprite(): Loading sprite 'sprites/bullet_trail.txt'
14:51:43   86 ResourceManager::loadSprite(): Loading sprite 'sprites/explosion-spr.txt'
14:51:43   86 ResourceManager::loadSprite(): Loading sprite 'sprites/nuke.txt'
14:51:43   86 ResourceManager::loadSprite(): Loading sprite 'sprites/character-walk_2.txt'
14:51:43   86 ResourceManager::loadSprite(): Loading sprite 'sprites/character-duck.txt'
14:51:43   86 ResourceManager::loadSprite(): Loading sprite 'sprites/platform.txt'
14:51:43   86 ResourceManager::loadSprite(): Loading sprite 'sprites/refill-ammo.txt'
14:51:43   86 ResourceManager::loadSprite(): Loading sprite 'sprites/intro/1.txt'
14:51:43   86 ResourceManager::loadSprite(): Loading sprite 'sprites/intro/2.txt'
14:51:43   86 ResourceManager::loadSprite(): Loading sprite 'sprites/intro/3.txt'
14:51:43   86 ResourceManager::loadSprite(): Loading sprite 'sprites/intro/4.txt'
14:51:43   86 ResourceManager::loadSprite(): Loading sprite 'sprites/intro/5.txt'
14:51:43   86 ResourceManager::loadSprite(): Loading sprite 'sprites/intro/6.txt'
14:51:43   86 ResourceManager::loadSprite(): Loading sprite 'sprites/intro/7.txt'
14:51:43   86 ResourceManager::loadSprite(): Loading sprite 'sprites/intro/small.txt'
14:51:43   86 ResourceManager::loadSprite(): Loading sprite 'sprites/number_font/green_0.txt'
14:51:43   86 ResourceManager::loadSprite(): Loading sprite 'sprites/number_font/green_1.txt'
14:51:43   86 ResourceManager::loadSprite(): Loading sprite 'sprites/number_font/green_2.txt'
14:51:43   86 ResourceManager::loadSprite(): Loading sprite 'sprites/number_font/green_3.txt'
14:51:43   86 ResourceManager::loadSprite(): Loading sprite 'sprites/number_font/green_4.txt'
14:51:43   86 ResourceManager::loadSprite(): Loading sprite 'sprites/number_font/green_5.txt'
14:51:43   86 ResourceManager::loadSprite(): Loading sprite 'sprites/number_font/green_6.txt'
14:51:43   86 ResourceManager::loadSprite(): Loading sprite 'sprites/number_font/green_7.txt'
14:51:43   86 ResourceManager::loadSprite(): Loading sprite 'sprites/number_font/green_8.txt'
14:51:43   86 ResourceManager::loadSprite(): Loading sprite 'sprites/number_font/green_9.txt'
14:51:43   86 ResourceManager::loadSprite(): Loading sprite 'sprites/number_font/red_0.txt'
14:51:43   86 ResourceManager::loadSprite(): Loading sprite 'sprites/number_font/red_1.txt'
14:51:43   86 ResourceManager::loadSprite(): Loading sprite 'sprites/number_font/red_2.txt'
14:51:43   86 ResourceManager::loadSprite(): Loading sprite 'sprites/number_font/red_3.txt'
14:51:43   86 ResourceManager::loadSprite(): Loading sprite 'sprites/number_font/red_4.txt'
14:51:43   86 ResourceManager::loadSprite(): Loading sprite 'sprites/number_font/red_5.txt'
14:51:43   86 ResourceManager::loadSprite(): Loading sprite 'sprites/number_font/red_6.txt'
14:51:43   86 ResourceManager::loadSprite(): Loading sprite 'sprites/number_font/red_7.txt'
14:51:43   86 ResourceManager::loadSprite(): Loading sprite 'sprites/number_font/red_8.txt'
14:51:43   86 ResourceManager::loadSprite(): Loading sprite 'sprites/number_font/red_9.txt'
14:51:43   86 ResourceManager::loadSprite(): Loading sprite 'sprites/number_font/yellow_0.txt'
14:51:43   86 ResourceManager::loadSprite(): Loading sprite 'sprites/number_font/yellow_1.txt'
14:51:43   86 ResourceManager::loadSprite(): Loading sprite 'sprites/number_font/yellow_2.txt'
14:51:43   86 ResourceManager::loadSprite(): Loading sprite 'sprites/number_font/yellow_3.txt'
14:51:43   86 ResourceManager::loadSprite(): Loading sprite 'sprites/number_font/yellow_4.txt'
14:51:43   86 ResourceManager::loadSprite(): Loading sprite 'sprites/number_font/yellow_5.txt'
14:51:43   86 ResourceManager::loadSprite(): Loading sprite 'sprites/number_font/yellow_6.txt'
14:51:43   86 ResourceManager::loadSprite(): Loading sprite 'sprites/number_font/yellow_7.txt'
14:51:43   86 ResourceManager::loadSprite(): Loading sprite 'sprites/number_font/yellow_8.txt'
14:51:43   86 ResourceManager::loadSprite(): Loading sprite 'sprites/number_font/yellow_9.txt'
14:51:43   86 ResourceManager::loadSprite(): Loading sprite 'sprites/number_font/slash.txt'
14:51:43   86 ResourceManager::loadSprite(): Loading sprite 'sprites/ammo_display.txt'
14:51:45   86 Fraps::Fraps(): Fraps module loaded.
14:51:45   86 Pause::Pause(): Pause enabled.  Press any other key to resume.
14:51:52  210 Fraps::Fraps(): Fraps module unloaded
14:51:52  210 WorldManager::shutDown(): Successfully stopped.
14:51:52  210 ** Game stopped **
14:51:52  210 ****************************************************
